++ opam install flow -e ubuntu
+ depext=libssl-dev
Ubuntu depexts: libssl-dev
+ echo Ubuntu depexts: libssl-dev
+ '[' libssl-dev '!=' '' ']'
+ sudo apt-get install -qq -y build-essential m4
+ sudo apt-get install -qq -y libssl-dev
debconf: unable to initialize frontend: Dialog
debconf: (Dialog frontend will not work on a dumb terminal, an emacs shell buffer, or without a controlling terminal.)
debconf: falling back to frontend: Readline
debconf: unable to initialize frontend: Readline
debconf: (This frontend requires a controlling tty.)
debconf: falling back to frontend: Teletype
dpkg-preconfigure: unable to re-open stdin: 
Selecting previously unselected package zlib1g-dev:amd64.
(Reading database ... 22248 files and directories currently installed.)
Preparing to unpack .../zlib1g-dev_1%3a1.2.8.dfsg-1ubuntu1_amd64.deb ...
Unpacking zlib1g-dev:amd64 (1:1.2.8.dfsg-1ubuntu1) ...
Selecting previously unselected package libssl-dev:amd64.
Preparing to unpack .../libssl-dev_1.0.1f-1ubuntu2_amd64.deb ...
Unpacking libssl-dev:amd64 (1.0.1f-1ubuntu2) ...
Selecting previously unselected package libssl-doc.
Preparing to unpack .../libssl-doc_1.0.1f-1ubuntu2_all.deb ...
Unpacking libssl-doc (1.0.1f-1ubuntu2) ...
Setting up zlib1g-dev:amd64 (1:1.2.8.dfsg-1ubuntu1) ...
Setting up libssl-dev:amd64 (1.0.1f-1ubuntu2) ...
Setting up libssl-doc (1.0.1f-1ubuntu2) ...
++ opam install -e source,linux
+ srcext=
Ubuntu srcexts:
+ echo Ubuntu srcexts:
+ '[' '' '!=' '' ']'
+ opam install flow
The following actions will be performed:
 - install omake.0.9.8.6-0.rc1 [required by flow]
 - install type_conv.109.60.01 [required by flow]
 - install ounit.2.0.0 [required by flow]
 - install pipebang.110.01.00 [required by flow]
 - install ssl.0.4.7 [required by flow]
 - install herelib.109.35.02 [required by flow]
 - install variantslib.109.15.03 [required by flow]
 - install sexplib.111.11.00 [required by flow]
 - install fieldslib.109.20.03 [required by flow]
 - install enumerate.111.08.00 [required by flow]
 - install comparelib.109.60.00 [required by flow]
 - install bin_prot.111.03.00 [required by flow]
 - install pa_ounit.109.53.02 [required by flow]
 - install lwt.2.4.5 [required by flow]
 - install pa_test.111.08.00 [required by flow]
 - install typerep.111.06.00 [required by flow]
 - install pa_bench.109.55.02 [required by flow]
 - install custom_printf.111.03.00 [required by flow]
 - install core_kernel.111.11.00 [required by flow]
 - install core.111.11.00 [required by flow]
 - install flow.0.3
21 to install | 0 to reinstall | 0 to upgrade | 0 to downgrade | 0 to remove

=-=-= Installing herelib.109.35.02 =-=-=
default    Downloading https://opam.ocaml.org/archives/herelib.109.35.02+opam.tar.gz
Downloading https://opam.ocaml.org/archives/herelib.109.35.02+opam.tar.gz
--2014-05-05 02:41:25--  https://opam.ocaml.org/archives/herelib.109.35.02+opam.tar.gz
Resolving opam.ocaml.org (opam.ocaml.org)... 192.237.250.17, 2001:4801:7823:76:bb74:1f8e:ff10:627
Connecting to opam.ocaml.org (opam.ocaml.org)|192.237.250.17|:443... connected.
HTTP request sent, awaiting response... 200 OK
Length: 47965 (47K) [application/octet-stream]
Saving to: 'herelib.109.35.02+opam.tar.gz'

     0K .......... .......... .......... .......... ......    100%  236K=0.2s

2014-05-05 02:41:26 (236 KB/s) - 'herelib.109.35.02+opam.tar.gz' saved [47965/47965]

Building herelib.109.35.02:
  make
  make install
ocamlopt.opt -o setup.exe setup.ml || ocamlopt -o setup.exe setup.ml || ocamlc -o setup.exe setup.ml
File "setup.ml", line 232, characters 8-26:
Warning 3: deprecated feature: String.set
rm -f setup.cmx setup.cmi setup.o setup.obj setup.cmo
./setup.exe -configure 
W: Field 'pkg_camlp4_lib' is not set: When looking for findlib package camlp4.lib, directory /home/opam/.opam/4.02.0dev+trunk/lib/ocaml/camlp4 return doesn't exist
W: Field 'pkg_camlp4_quotations' is not set: When looking for findlib package camlp4.quotations, directory /home/opam/.opam/4.02.0dev+trunk/lib/ocaml/camlp4 return doesn't exist
W: Field 'pkg_camlp4_extend' is not set: When looking for findlib package camlp4.extend, directory /home/opam/.opam/4.02.0dev+trunk/lib/ocaml/camlp4 return doesn't exist
E: Cannot find findlib package camlp4.extend
E: Cannot find findlib package camlp4.lib
E: Cannot find findlib package camlp4.quotations
E: Failure("3 configuration errors")
make: *** [setup.data] Error 1
[ERROR] The compilation of herelib.109.35.02 failed.
Removing herelib.109.35.02.
  ocamlfind remove herelib
ocamlfind: [WARNING] No such directory: /home/opam/.opam/4.02.0dev+trunk/lib/herelib

=-=-= Installing omake.0.9.8.6-0.rc1 =-=-=
default    Downloading https://opam.ocaml.org/archives/omake.0.9.8.6-0.rc1+opam.tar.gz
Downloading https://opam.ocaml.org/archives/omake.0.9.8.6-0.rc1+opam.tar.gz
--2014-05-05 02:41:33--  https://opam.ocaml.org/archives/omake.0.9.8.6-0.rc1+opam.tar.gz
Resolving opam.ocaml.org (opam.ocaml.org)... 192.237.250.17, 2001:4801:7823:76:bb74:1f8e:ff10:627
Connecting to opam.ocaml.org (opam.ocaml.org)|192.237.250.17|:443... connected.
HTTP request sent, awaiting response... 200 OK
Length: 3243729 (3.1M) [application/octet-stream]
Saving to: 'omake.0.9.8.6-0.rc1+opam.tar.gz'

     0K .......... .......... .......... .......... ..........  1%  203K 15s
    50K .......... .......... .......... .......... ..........  3%  411K 11s
   100K .......... .......... .......... .......... ..........  4% 1.26M 8s
   150K .......... .......... .......... .......... ..........  6%  574K 7s
   200K .......... .......... .......... .......... ..........  7% 11.7M 6s
   250K .......... .......... .......... .......... ..........  9% 1.39M 5s
   300K .......... .......... .......... .......... .......... 11%  572K 5s
   350K .......... .......... .......... .......... .......... 12% 9.12M 4s
   400K .......... .......... .......... .......... .......... 14% 11.7M 4s
   450K .......... .......... .......... .......... .......... 15% 1.72M 4s
   500K .......... .......... .......... .......... .......... 17%  593K 4s
   550K .......... .......... .......... .......... .......... 18% 11.4M 3s
   600K .......... .......... .......... .......... .......... 20% 11.7M 3s
   650K .......... .......... .......... .......... .......... 22% 11.7M 3s
   700K .......... .......... .......... .......... .......... 23% 11.6M 2s
   750K .......... .......... .......... .......... .......... 25% 9.05M 2s
   800K .......... .......... .......... .......... .......... 26%  519K 2s
   850K .......... .......... .......... .......... .......... 28% 7.60M 2s
   900K .......... .......... .......... .......... .......... 29% 11.7M 2s
   950K .......... .......... .......... .......... .......... 31% 11.4M 2s
  1000K .......... .......... .......... .......... .......... 33% 11.7M 2s
  1050K .......... .......... .......... .......... .......... 34% 11.7M 2s
  1100K .......... .......... .......... .......... .......... 36% 2.98M 2s
  1150K .......... .......... .......... .......... .......... 37%  605K 2s
  1200K .......... .......... .......... .......... .......... 39% 5.10M 2s
  1250K .......... .......... .......... .......... .......... 41% 11.7M 1s
  1300K .......... .......... .......... .......... .......... 42% 11.7M 1s
  1350K .......... .......... .......... .......... .......... 44% 11.4M 1s
  1400K .......... .......... .......... .......... .......... 45% 11.7M 1s
  1450K .......... .......... .......... .......... .......... 47% 11.5M 1s
  1500K .......... .......... .......... .......... .......... 48%  939K 1s
  1550K .......... .......... .......... .......... .......... 50% 1.02M 1s
  1600K .......... .......... .......... .......... .......... 52% 7.52M 1s
  1650K .......... .......... .......... .......... .......... 53% 8.72M 1s
  1700K .......... .......... .......... .......... .......... 55% 11.7M 1s
  1750K .......... .......... .......... .......... .......... 56% 11.4M 1s
  1800K .......... .......... .......... .......... .......... 58% 10.6M 1s
  1850K .......... .......... .......... .......... .......... 59% 1.27M 1s
  1900K .......... .......... .......... .......... .......... 61% 2.80M 1s
  1950K .......... .......... .......... .......... .......... 63% 1.00M 1s
  2000K .......... .......... .......... .......... .......... 64% 7.50M 1s
  2050K .......... .......... .......... .......... .......... 66% 7.27M 1s
  2100K .......... .......... .......... .......... .......... 67% 10.4M 1s
  2150K .......... .......... .......... .......... .......... 69% 11.4M 1s
  2200K .......... .......... .......... .......... .......... 71% 11.6M 1s
  2250K .......... .......... .......... .......... .......... 72% 1.40M 0s
  2300K .......... .......... .......... .......... .......... 74%  939K 0s
  2350K .......... .......... .......... .......... .......... 75% 2.80M 0s
  2400K .......... .......... .......... .......... .......... 77% 11.7M 0s
  2450K .......... .......... .......... .......... .......... 78% 7.40M 0s
  2500K .......... .......... .......... .......... .......... 80% 8.16M 0s
  2550K .......... .......... .......... .......... .......... 82% 11.3M 0s
  2600K .......... .......... .......... .......... .......... 83% 11.7M 0s
  2650K .......... .......... .......... .......... .......... 85% 1.38M 0s
  2700K .......... .......... .......... .......... .......... 86% 3.59M 0s
  2750K .......... .......... .......... .......... .......... 88% 1.03M 0s
  2800K .......... .......... .......... .......... .......... 89% 4.53M 0s
  2850K .......... .......... .......... .......... .......... 91% 11.7M 0s
  2900K .......... .......... .......... .......... .......... 93% 7.55M 0s
  2950K .......... .......... .......... .......... .......... 94% 7.20M 0s
  3000K .......... .......... .......... .......... .......... 96% 11.5M 0s
  3050K .......... .......... .......... .......... .......... 97% 11.7M 0s
  3100K .......... .......... .......... .......... .......... 99% 1.39M 0s
  3150K .......... .......                                    100% 12.8M=1.6s

2014-05-05 02:41:35 (1.97 MB/s) - 'omake.0.9.8.6-0.rc1+opam.tar.gz' saved [3243729/3243729]

Applying opam.patch.
patching file OMakefile
Applying fam.patch.
patching file lib/configure/Configure.om
Applying readline.patch.
patching file lib/configure/readline.om
Building omake.0.9.8.6-0.rc1:
  make bootstrap PREFIX=/home/opam/.opam/4.02.0dev+trunk
  make all PREFIX=/home/opam/.opam/4.02.0dev+trunk
  make install PREFIX=/home/opam/.opam/4.02.0dev+trunk
mkdir -p boot
ln -sf ../src/Makefile boot/Makefile
make[1]: Entering directory `/home/opam/.opam/4.02.0dev+trunk/build/omake.0.9.8.6-0.rc1/boot'
ln -sf ../src/clib/omake_shell_sys.c omake_shell_sys.c
ln -sf ../src/clib/readline.c readline.c
ln -sf ../src/clib/../libmojave-external/cutil/lm_heap.c lm_heap.c
ln -sf ../src/clib/../libmojave-external/cutil/lm_heap.h lm_heap.h
ln -sf ../src/clib/../libmojave-external/cutil/lm_channel.c lm_channel.c
ln -sf ../src/clib/../libmojave-external/cutil/lm_compat_win32.c lm_compat_win32.c
ln -sf ../src/clib/../libmojave-external/cutil/lm_compat_win32.h lm_compat_win32.h
ln -sf ../src/clib/../libmojave-external/cutil/lm_ctype.c lm_ctype.c
ln -sf ../src/clib/../libmojave-external/cutil/lm_printf.c lm_printf.c
ln -sf ../src/clib/../libmojave-external/cutil/lm_uname_ext.c lm_uname_ext.c
ln -sf ../src/clib/../libmojave-external/cutil/lm_unix_cutil.c lm_unix_cutil.c
ln -sf ../src/clib/../libmojave-external/cutil/unixsupport.h unixsupport.h
ln -sf ../src/clib/../libmojave-external/cutil/fam_win32.c fam_win32.c
ln -sf ../src/clib/../libmojave-external/cutil/fam_kqueue.c fam_kqueue.c
ln -sf ../src/clib/../libmojave-external/cutil/fam_inotify.c fam_inotify.c
ln -sf ../src/clib/../libmojave-external/cutil/fam_pseudo.h fam_pseudo.h
ln -sf ../src/clib/../libmojave-external/cutil/lm_notify.c lm_notify.c
ln -sf ../src/clib/../libmojave-external/cutil/inotify.h inotify.h
ln -sf ../src/clib/../libmojave-external/cutil/inotify-syscalls.h inotify-syscalls.h
ln -sf ../src/clib/../libmojave-external/cutil/inotify.om inotify.om
ln -sf ../src/clib/../libmojave-external/cutil/lm_termsize.c lm_termsize.c
ln -sf ../src/clib/../libmojave-external/cutil/lm_terminfo.c lm_terminfo.c
ln -sf ../src/clib/../libmojave-external/cutil/lm_fs_case_sensitive.c lm_fs_case_sensitive.c
ln -sf ../src/libmojave/../libmojave-external/stdlib/lm_printf.ml lm_printf.ml
ln -sf ../src/libmojave/../libmojave-external/stdlib/lm_debug.ml lm_debug.ml
ln -sf ../src/libmojave/../libmojave-external/stdlib/lm_heap.ml lm_heap.ml
ln -sf ../src/libmojave/../libmojave-external/stdlib/lm_list_util.ml lm_list_util.ml
ln -sf ../src/libmojave/../libmojave-external/stdlib/lm_array_util.ml lm_array_util.ml
ln -sf ../src/libmojave/../libmojave-external/stdlib/lm_set_sig.ml lm_set_sig.ml
ln -sf ../src/libmojave/../libmojave-external/stdlib/lm_set.ml lm_set.ml
ln -sf ../src/libmojave/../libmojave-external/stdlib/lm_map_sig.ml lm_map_sig.ml
ln -sf ../src/libmojave/../libmojave-external/stdlib/lm_map.ml lm_map.ml
ln -sf ../src/libmojave/../libmojave-external/stdlib/lm_int_set.ml lm_int_set.ml
ln -sf ../src/libmojave/../libmojave-external/stdlib/lm_index.ml lm_index.ml
ln -sf ../src/libmojave/../libmojave-external/stdlib/lm_thread_sig.ml lm_thread_sig.ml
ln -sf ../src/libmojave/../libmojave-external/stdlib/lm_thread.ml lm_thread.ml
ln -sf ../src/libmojave/../libmojave-external/stdlib/lm_string_util.ml lm_string_util.ml
ln -sf ../src/libmojave/../libmojave-external/stdlib/lm_string_set.ml lm_string_set.ml
ln -sf ../src/libmojave/../libmojave-external/stdlib/lm_printf.mli lm_printf.mli
ln -sf ../src/libmojave/../libmojave-external/stdlib/lm_debug.mli lm_debug.mli
ln -sf ../src/libmojave/../libmojave-external/stdlib/lm_list_util.mli lm_list_util.mli
ln -sf ../src/libmojave/../libmojave-external/stdlib/lm_array_util.mli lm_array_util.mli
ln -sf ../src/libmojave/../libmojave-external/stdlib/lm_set.mli lm_set.mli
ln -sf ../src/libmojave/../libmojave-external/stdlib/lm_map.mli lm_map.mli
ln -sf ../src/libmojave/../libmojave-external/stdlib/lm_int_set.mli lm_int_set.mli
ln -sf ../src/libmojave/../libmojave-external/stdlib/lm_index.mli lm_index.mli
ln -sf ../src/libmojave/../libmojave-external/stdlib/lm_thread_core.mli lm_thread_core.mli
ln -sf ../src/libmojave/../libmojave-external/stdlib/lm_thread.mli lm_thread.mli
ln -sf ../src/libmojave/../libmojave-external/stdlib/lm_string_util.mli lm_string_util.mli
ln -sf ../src/libmojave/../libmojave-external/stdlib/lm_string_set.mli lm_string_set.mli
ln -sf ../src/libmojave/../libmojave-external/stdlib/lm_thread_pool.mli lm_thread_pool.mli
ln -sf ../src/libmojave/../libmojave-external/util/lm_arg.ml lm_arg.ml
ln -sf ../src/libmojave/../libmojave-external/util/lm_hash_sig.ml lm_hash_sig.ml
ln -sf ../src/libmojave/../libmojave-external/util/lm_hash.ml lm_hash.ml
ln -sf ../src/libmojave/../libmojave-external/util/lm_location.ml lm_location.ml
ln -sf ../src/libmojave/../libmojave-external/util/lm_position.ml lm_position.ml
ln -sf ../src/libmojave/../libmojave-external/util/lm_channel.ml lm_channel.ml
ln -sf ../src/libmojave/../libmojave-external/util/lm_lexer.ml lm_lexer.ml
ln -sf ../src/libmojave/../libmojave-external/util/lm_parser.ml lm_parser.ml
ln -sf ../src/libmojave/../libmojave-external/util/lm_glob.ml lm_glob.ml
ln -sf ../src/libmojave/../libmojave-external/util/lm_db.ml lm_db.ml
ln -sf ../src/libmojave/../libmojave-external/util/lm_arg.mli lm_arg.mli
ln -sf ../src/libmojave/../libmojave-external/util/lm_hash.mli lm_hash.mli
ln -sf ../src/libmojave/../libmojave-external/util/lm_location.mli lm_location.mli
ln -sf ../src/libmojave/../libmojave-external/util/lm_position.mli lm_position.mli
ln -sf ../src/libmojave/../libmojave-external/util/lm_channel.mli lm_channel.mli
ln -sf ../src/libmojave/../libmojave-external/util/lm_lexer.mli lm_lexer.mli
ln -sf ../src/libmojave/../libmojave-external/util/lm_parser.mli lm_parser.mli
ln -sf ../src/libmojave/../libmojave-external/util/lm_glob.mli lm_glob.mli
ln -sf ../src/libmojave/../libmojave-external/util/lm_db.mli lm_db.mli
ln -sf ../src/libmojave/../libmojave-external/util/lm_termsize.ml lm_termsize.ml
ln -sf ../src/libmojave/../libmojave-external/util/lm_termsize.mli lm_termsize.mli
ln -sf ../src/libmojave/../libmojave-external/util/lm_terminfo.ml lm_terminfo.ml
ln -sf ../src/libmojave/../libmojave-external/util/lm_terminfo.mli lm_terminfo.mli
ln -sf ../src/libmojave/../libmojave-external/util/lm_filename_util.ml lm_filename_util.ml
ln -sf ../src/libmojave/../libmojave-external/util/lm_filename_util.mli lm_filename_util.mli
ln -sf ../src/libmojave/../libmojave-external/unix/lm_uname.ml lm_uname.ml
ln -sf ../src/libmojave/../libmojave-external/unix/lm_unix_util.ml lm_unix_util.ml
ln -sf ../src/libmojave/../libmojave-external/unix/lm_uname.mli lm_uname.mli
ln -sf ../src/libmojave/../libmojave-external/unix/lm_unix_util.mli lm_unix_util.mli
ln -sf ../src/libmojave/../libmojave-external/unix/lm_notify.ml lm_notify.ml
ln -sf ../src/libmojave/../libmojave-external/unix/lm_notify.mli lm_notify.mli
ln -sf ../src/libmojave/../libmojave-external/unix/lm_fs_case_sensitive.ml lm_fs_case_sensitive.ml
ln -sf ../src/libmojave/../libmojave-external/unix/lm_fs_case_sensitive.mli lm_fs_case_sensitive.mli
ln -sf ../src/libmojave/../libmojave-external/util/lm_symbol_hash.ml lm_symbol.ml
ln -sf ../src/libmojave/../libmojave-external/util/lm_symbol_hash.mli lm_symbol.mli
ln -sf ../src/libmojave/../libmojave-external/stdlib/lm_thread_pool_null.ml lm_thread_pool.ml
ln -sf ../src/libmojave/../libmojave-external/stdlib/lm_thread_core_null.ml lm_thread_core.ml
ln -sf ../src/util/fmarshal.ml fmarshal.ml
ln -sf ../src/util/ocaml_patch.mli ocaml_patch.mli
ln -sf ../src/util/omake_handle_table.ml omake_handle_table.ml
ln -sf ../src/util/omake_marshal.ml omake_marshal.ml
ln -sf ../src/util/omake_print_util.ml omake_print_util.ml
ln -sf ../src/util/omake_print_util.mli omake_print_util.mli
ln -sf ../src/util/omake_printf.ml omake_printf.ml
ln -sf ../src/util/omake_readline.ml omake_readline.ml
ln -sf ../src/util/omake_readline.mli omake_readline.mli
ln -sf ../src/util/omake_util.ml omake_util.ml
ln -sf ../src/util/omake_util.mli omake_util.mli
ln -sf ../src/util/omake_wild.ml omake_wild.ml
ln -sf ../src/util/omake_wild.mli omake_wild.mli
ln -sf ../src/util/ocaml_patch_unix.ml ocaml_patch.ml
ln -sf ../src/magic/omake_gen_magic.ml omake_gen_magic.ml
ln -sf ../src/ir/omake_cache.ml omake_cache.ml
ln -sf ../src/ir/omake_cache.mli omake_cache.mli
ln -sf ../src/ir/omake_cache_type.ml omake_cache_type.ml
ln -sf ../src/ir/omake_command.ml omake_command.ml
ln -sf ../src/ir/omake_command.mli omake_command.mli
ln -sf ../src/ir/omake_command_type.ml omake_command_type.ml
ln -sf ../src/ir/omake_install.ml omake_install.ml
ln -sf ../src/ir/omake_install.mli omake_install.mli
ln -sf ../src/ir/omake_ir.ml omake_ir.ml
ln -sf ../src/ir/omake_ir_free_vars.ml omake_ir_free_vars.ml
ln -sf ../src/ir/omake_ir_free_vars.mli omake_ir_free_vars.mli
ln -sf ../src/ir/omake_ir_print.ml omake_ir_print.ml
ln -sf ../src/ir/omake_ir_print.mli omake_ir_print.mli
ln -sf ../src/ir/omake_ir_util.ml omake_ir_util.ml
ln -sf ../src/ir/omake_ir_util.mli omake_ir_util.mli
ln -sf ../src/ir/omake_lexer.ml omake_lexer.ml
ln -sf ../src/ir/omake_node.ml omake_node.ml
ln -sf ../src/ir/omake_node.mli omake_node.mli
ln -sf ../src/ir/omake_node_sig.ml omake_node_sig.ml
ln -sf ../src/ir/omake_node_type.ml omake_node_type.ml
ln -sf ../src/ir/omake_options.ml omake_options.ml
ln -sf ../src/ir/omake_options.mli omake_options.mli
ln -sf ../src/ir/omake_parser.ml omake_parser.ml
ln -sf ../src/ir/omake_pos.ml omake_pos.ml
ln -sf ../src/ir/omake_pos.mli omake_pos.mli
ln -sf ../src/ir/omake_shell_type.ml omake_shell_type.ml
ln -sf ../src/ir/omake_state.ml omake_state.ml
ln -sf ../src/ir/omake_state.mli omake_state.mli
ln -sf ../src/ir/omake_symbol.ml omake_symbol.ml
ln -sf ../src/ir/omake_value_print.ml omake_value_print.ml
ln -sf ../src/ir/omake_value_print.mli omake_value_print.mli
ln -sf ../src/ir/omake_value_type.ml omake_value_type.ml
ln -sf ../src/ir/omake_var.ml omake_var.ml
ln -sf ../src/ir/omake_var.mli omake_var.mli
ln -sf ../src/ir/omake_virtual_id.ml omake_virtual_id.ml
ln -sf ../src/ir/omake_virtual_id.mli omake_virtual_id.mli
ln -sf ../src/exec/omake_exec.ml omake_exec.ml
ln -sf ../src/exec/omake_exec.mli omake_exec.mli
ln -sf ../src/exec/omake_exec_id.ml omake_exec_id.ml
ln -sf ../src/exec/omake_exec_id.mli omake_exec_id.mli
ln -sf ../src/exec/omake_exec_local.ml omake_exec_local.ml
ln -sf ../src/exec/omake_exec_local.mli omake_exec_local.mli
ln -sf ../src/exec/omake_exec_notify.ml omake_exec_notify.ml
ln -sf ../src/exec/omake_exec_notify.mli omake_exec_notify.mli
ln -sf ../src/exec/omake_exec_print.ml omake_exec_print.ml
ln -sf ../src/exec/omake_exec_print.mli omake_exec_print.mli
ln -sf ../src/exec/omake_exec_remote.ml omake_exec_remote.ml
ln -sf ../src/exec/omake_exec_remote.mli omake_exec_remote.mli
ln -sf ../src/exec/omake_exec_type.ml omake_exec_type.ml
ln -sf ../src/exec/omake_exec_util.ml omake_exec_util.ml
ln -sf ../src/exec/omake_exec_util.mli omake_exec_util.mli
ln -sf ../src/ast/omake_ast.ml omake_ast.ml
ln -sf ../src/ast/omake_ast_print.ml omake_ast_print.ml
ln -sf ../src/ast/omake_ast_print.mli omake_ast_print.mli
ln -sf ../src/ast/omake_ast_util.ml omake_ast_util.ml
ln -sf ../src/ast/omake_ast_util.mli omake_ast_util.mli
ln -sf ../src/env/omake_ast_lex.mli omake_ast_lex.mli
ln -sf ../src/env/omake_command_digest.ml omake_command_digest.ml
ln -sf ../src/env/omake_command_digest.mli omake_command_digest.mli
ln -sf ../src/env/omake_env.ml omake_env.ml
ln -sf ../src/env/omake_env.mli omake_env.mli
ln -sf ../src/env/omake_exn_print.ml omake_exn_print.ml
ln -sf ../src/env/omake_exn_print.mli omake_exn_print.mli
ln -sf ../src/env/omake_exp_lex.ml omake_exp_lex.ml
ln -sf ../src/env/omake_exp_lex.mli omake_exp_lex.mli
ln -sf ../src/env/omake_gen_parse.ml omake_gen_parse.ml
ln -sf ../src/env/omake_ir_ast.ml omake_ir_ast.ml
ln -sf ../src/env/omake_ir_ast.mli omake_ir_ast.mli
ln -sf ../src/env/omake_ir_semant.ml omake_ir_semant.ml
ln -sf ../src/env/omake_ir_semant.mli omake_ir_semant.mli
ln -sf ../src/env/omake_ast_lex.mll omake_ast_lex.mll
ln -sf ../src/env/omake_ast_parse.input omake_ast_parse.input
ln -sf ../src/env/omake_exp_parse.mly omake_exp_parse.mly
ln -sf ../src/shell/omake_shell_completion.ml omake_shell_completion.ml
ln -sf ../src/shell/omake_shell_completion.mli omake_shell_completion.mli
ln -sf ../src/shell/omake_shell_job.ml omake_shell_job.ml
ln -sf ../src/shell/omake_shell_job.mli omake_shell_job.mli
ln -sf ../src/shell/omake_shell_lex.ml omake_shell_lex.ml
ln -sf ../src/shell/omake_shell_lex.mli omake_shell_lex.mli
ln -sf ../src/shell/omake_shell_sys.mli omake_shell_sys.mli
ln -sf ../src/shell/omake_shell_sys_type.ml omake_shell_sys_type.ml
ln -sf ../src/shell/omake_shell_parse.mly omake_shell_parse.mly
ln -sf ../src/shell/omake_shell_sys_unix.ml omake_shell_sys.ml
ln -sf ../src/eval/omake_eval.ml omake_eval.ml
ln -sf ../src/eval/omake_eval.mli omake_eval.mli
ln -sf ../src/eval/omake_value.ml omake_value.ml
ln -sf ../src/eval/omake_value.mli omake_value.mli
ln -sf ../src/build/omake_build.ml omake_build.ml
ln -sf ../src/build/omake_build.mli omake_build.mli
ln -sf ../src/build/omake_build_tee.ml omake_build_tee.ml
ln -sf ../src/build/omake_build_tee.mli omake_build_tee.mli
ln -sf ../src/build/omake_build_type.ml omake_build_type.ml
ln -sf ../src/build/omake_build_util.ml omake_build_util.ml
ln -sf ../src/build/omake_build_util.mli omake_build_util.mli
ln -sf ../src/build/omake_builtin.ml omake_builtin.ml
ln -sf ../src/build/omake_builtin.mli omake_builtin.mli
ln -sf ../src/build/omake_builtin_type.ml omake_builtin_type.ml
ln -sf ../src/build/omake_builtin_util.ml omake_builtin_util.ml
ln -sf ../src/build/omake_builtin_util.mli omake_builtin_util.mli
ln -sf ../src/build/omake_rule.ml omake_rule.ml
ln -sf ../src/build/omake_rule.mli omake_rule.mli
ln -sf ../src/build/omake_target.ml omake_target.ml
ln -sf ../src/build/omake_target.mli omake_target.mli
ln -sf ../src/builtin/omake_builtin_arith.ml omake_builtin_arith.ml
ln -sf ../src/builtin/omake_builtin_arith.mli omake_builtin_arith.mli
ln -sf ../src/builtin/omake_builtin_base.ml omake_builtin_base.ml
ln -sf ../src/builtin/omake_builtin_base.mli omake_builtin_base.mli
ln -sf ../src/builtin/omake_builtin_file.ml omake_builtin_file.ml
ln -sf ../src/builtin/omake_builtin_file.mli omake_builtin_file.mli
ln -sf ../src/builtin/omake_builtin_fun.ml omake_builtin_fun.ml
ln -sf ../src/builtin/omake_builtin_fun.mli omake_builtin_fun.mli
ln -sf ../src/builtin/omake_builtin_io.ml omake_builtin_io.ml
ln -sf ../src/builtin/omake_builtin_io.mli omake_builtin_io.mli
ln -sf ../src/builtin/omake_builtin_io_fun.ml omake_builtin_io_fun.ml
ln -sf ../src/builtin/omake_builtin_io_fun.mli omake_builtin_io_fun.mli
ln -sf ../src/builtin/omake_builtin_object.ml omake_builtin_object.ml
ln -sf ../src/builtin/omake_builtin_object.mli omake_builtin_object.mli
ln -sf ../src/builtin/omake_builtin_rule.ml omake_builtin_rule.ml
ln -sf ../src/builtin/omake_builtin_rule.mli omake_builtin_rule.mli
ln -sf ../src/builtin/omake_builtin_shell.ml omake_builtin_shell.ml
ln -sf ../src/builtin/omake_builtin_shell.mli omake_builtin_shell.mli
ln -sf ../src/builtin/omake_builtin_sys.ml omake_builtin_sys.ml
ln -sf ../src/builtin/omake_builtin_sys.mli omake_builtin_sys.mli
ln -sf ../src/builtin/omake_builtin_target.ml omake_builtin_target.ml
ln -sf ../src/builtin/omake_builtin_target.mli omake_builtin_target.mli
ln -sf ../src/builtin/omake_builtin_test.ml omake_builtin_test.ml
ln -sf ../src/builtin/omake_builtin_test.mli omake_builtin_test.mli
ln -sf ../src/main/cvs_realclean.ml cvs_realclean.ml
ln -sf ../src/main/omake_main.ml omake_main.ml
ln -sf ../src/main/omake_main.mli omake_main.mli
ln -sf ../src/main/omake_shell.ml omake_shell.ml
ln -sf ../src/main/omake_shell.mli omake_shell.mli
ocamllex omake_ast_lex.mll
143 states, 3100 transitions, table size 13258 bytes
ocamlc -g -c omake_gen_parse.ml
ocamlc -g -custom -o omake_gen_parse  unix.cma   omake_gen_parse.cmo
./omake_gen_parse -o omake_ast_parse.mly omake_ast_parse.input
ocamlyacc omake_ast_parse.mly
ocamlyacc omake_exp_parse.mly
ocamlyacc omake_shell_parse.mly
ocamldep  *.ml *.mli > Makefile.dep
make[1]: Leaving directory `/home/opam/.opam/4.02.0dev+trunk/build/omake.0.9.8.6-0.rc1/boot'
make[1]: Entering directory `/home/opam/.opam/4.02.0dev+trunk/build/omake.0.9.8.6-0.rc1/boot'
make[1]: `Makefile.dep' is up to date.
make[1]: Leaving directory `/home/opam/.opam/4.02.0dev+trunk/build/omake.0.9.8.6-0.rc1/boot'
make[1]: Entering directory `/home/opam/.opam/4.02.0dev+trunk/build/omake.0.9.8.6-0.rc1/boot'
ocamlc -g -c lm_string_util.mli
ocamlc -g -c omake_gen_magic.ml
ocamlc -g -c lm_printf.mli
ocamlc -g -c lm_printf.ml
ocamlc -g -c lm_debug.mli
ocamlc -g -c lm_debug.ml
ocamlc -g -c lm_heap.ml
ocamlc -g -c lm_list_util.mli
ocamlc -g -c lm_list_util.ml
File "lm_list_util.ml", line 825, characters 14-16:
Warning 3: deprecated feature: operator (or); you should use (||) instead
File "lm_list_util.ml", line 816, characters 32-33:
Warning 3: deprecated feature: operator (&); you should use (&&) instead
File "lm_list_util.ml", line 766, characters 18-19:
Warning 3: deprecated feature: operator (&); you should use (&&) instead
File "lm_list_util.ml", line 579, characters 19-21:
Warning 3: deprecated feature: operator (or); you should use (||) instead
ocamlc -g -c lm_array_util.mli
ocamlc -g -c lm_array_util.ml
File "lm_array_util.ml", line 115, characters 24-26:
Warning 3: deprecated feature: operator (or); you should use (||) instead
File "lm_array_util.ml", line 115, characters 12-13:
Warning 3: deprecated feature: operator (&); you should use (&&) instead
File "lm_array_util.ml", line 88, characters 26-28:
Warning 3: deprecated feature: operator (or); you should use (||) instead
File "lm_array_util.ml", line 88, characters 12-13:
Warning 3: deprecated feature: operator (&); you should use (&&) instead
ocamlc -g -c lm_set_sig.ml
ocamlc -g -c lm_set.mli
ocamlc -g -c lm_set.ml
ocamlc -g -c lm_map_sig.ml
ocamlc -g -c lm_map.mli
ocamlc -g -c lm_map.ml
ocamlc -g -c lm_int_set.mli
ocamlc -g -c lm_int_set.ml
ocamlc -g -c lm_termsize.mli
ocamlc -g -c lm_termsize.ml
ocamlc -g -c lm_terminfo.mli
ocamlc -g -c lm_terminfo.ml
ocamlc -g -c lm_arg.mli
ocamlc -g -c lm_arg.ml
File "lm_arg.ml", line 401, characters 12-30:
Warning 3: deprecated feature: String.set
File "lm_arg.ml", line 532, characters 12-24:
Warning 3: deprecated feature: String.set
ocamlc -g -c lm_index.mli
ocamlc -g -c lm_index.ml
ocamlc -g -c lm_thread_sig.ml
ocamlc -g -c lm_thread_core.mli
ocamlc -g -c lm_thread_core.ml
ocamlc -g -c lm_thread.mli
ocamlc -g -c lm_thread.ml
ocamlc -g -c lm_string_util.ml
File "lm_string_util.ml", line 1094, characters 13-26:
Warning 3: deprecated feature: String.create
File "lm_string_util.ml", line 1136, characters 15-27:
Warning 3: deprecated feature: String.set
File "lm_string_util.ml", line 1156, characters 12-24:
Warning 3: deprecated feature: String.set
File "lm_string_util.ml", line 1222, characters 3-16:
Warning 3: deprecated feature: String.create
File "lm_string_util.ml", line 1270, characters 12-22:
Warning 3: deprecated feature: String.set
File "lm_string_util.ml", line 1277, characters 6-16:
Warning 3: deprecated feature: String.set
File "lm_string_util.ml", line 1309, characters 13-26:
Warning 3: deprecated feature: String.create
File "lm_string_util.ml", line 1312, characters 12-58:
Warning 3: deprecated feature: String.set
File "lm_string_util.ml", line 1313, characters 12-54:
Warning 3: deprecated feature: String.set
File "lm_string_util.ml", line 1318, characters 13-26:
Warning 3: deprecated feature: String.create
File "lm_string_util.ml", line 1321, characters 12-58:
Warning 3: deprecated feature: String.set
File "lm_string_util.ml", line 1322, characters 12-54:
Warning 3: deprecated feature: String.set
File "lm_string_util.ml", line 1344, characters 18-79:
Warning 3: deprecated feature: String.set
File "lm_string_util.ml", line 1525, characters 13-26:
Warning 3: deprecated feature: String.create
File "lm_string_util.ml", line 1534, characters 12-26:
Warning 3: deprecated feature: String.set
File "lm_string_util.ml", line 1539, characters 12-57:
Warning 3: deprecated feature: String.set
File "lm_string_util.ml", line 1544, characters 12-30:
Warning 3: deprecated feature: String.set
File "lm_string_util.ml", line 1561, characters 13-26:
Warning 3: deprecated feature: String.create
File "lm_string_util.ml", line 1568, characters 15-27:
Warning 3: deprecated feature: String.set
File "lm_string_util.ml", line 1572, characters 18-32:
Warning 3: deprecated feature: String.set
File "lm_string_util.ml", line 1573, characters 18-64:
Warning 3: deprecated feature: String.set
File "lm_string_util.ml", line 1574, characters 18-56:
Warning 3: deprecated feature: String.set
File "lm_string_util.ml", line 1537, characters 28-29:
Warning 3: deprecated feature: operator (&); you should use (&&) instead
File "lm_string_util.ml", line 1281, characters 16-17:
Warning 3: deprecated feature: operator (&); you should use (&&) instead
File "lm_string_util.ml", line 1269, characters 19-20:
Warning 3: deprecated feature: operator (&); you should use (&&) instead
File "lm_string_util.ml", line 1256, characters 60-61:
Warning 3: deprecated feature: operator (&); you should use (&&) instead
File "lm_string_util.ml", line 1256, characters 39-40:
Warning 3: deprecated feature: operator (&); you should use (&&) instead
File "lm_string_util.ml", line 1256, characters 28-29:
Warning 3: deprecated feature: operator (&); you should use (&&) instead
File "lm_string_util.ml", line 1256, characters 19-20:
Warning 3: deprecated feature: operator (&); you should use (&&) instead
File "lm_string_util.ml", line 1242, characters 30-31:
Warning 3: deprecated feature: operator (&); you should use (&&) instead
File "lm_string_util.ml", line 1242, characters 19-20:
Warning 3: deprecated feature: operator (&); you should use (&&) instead
File "lm_string_util.ml", line 100, characters 28-29:
Warning 3: deprecated feature: operator (&); you should use (&&) instead
File "lm_string_util.ml", line 100, characters 16-18:
Warning 3: deprecated feature: operator (or); you should use (||) instead
ocamlc -g -c lm_string_set.mli
ocamlc -g -c lm_string_set.ml
ocamlc -g -c lm_hash_sig.ml
ocamlc -g -c lm_hash.mli
ocamlc -g -c lm_hash.ml
File "lm_hash.ml", line 1440, characters 14-27:
Warning 3: deprecated feature: String.create
File "lm_hash.ml", line 1442, characters 12-52:
Warning 3: deprecated feature: String.set
ocamlc -g -c lm_symbol.mli
ocamlc -g -c lm_symbol.ml
ocamlc -g -c lm_location.mli
ocamlc -g -c lm_location.ml
ocamlc -g -c lm_position.mli
ocamlc -g -c lm_position.ml
ocamlc -g -c lm_filename_util.mli
ocamlc -g -c lm_filename_util.ml
File "lm_filename_util.ml", line 181, characters 9-21:
Warning 3: deprecated feature: String.set
File "lm_filename_util.ml", line 182, characters 9-32:
Warning 3: deprecated feature: String.set
File "lm_filename_util.ml", line 415, characters 21-23:
Warning 3: deprecated feature: operator (or); you should use (||) instead
ocamlc -g -c lm_uname.mli
ocamlc -g -c lm_uname.ml
ocamlc -g -c lm_thread_pool.mli
ocamlc -g -c lm_thread_pool.ml
ocamlc -g -c lm_channel.mli
ocamlc -g -c lm_channel.ml
File "lm_channel.ml", line 223, characters 20-33:
Warning 3: deprecated feature: String.create
File "lm_channel.ml", line 228, characters 9-22:
Warning 3: deprecated feature: String.create
File "lm_channel.ml", line 245, characters 25-38:
Warning 3: deprecated feature: String.create
File "lm_channel.ml", line 298, characters 20-33:
Warning 3: deprecated feature: String.create
File "lm_channel.ml", line 314, characters 20-33:
Warning 3: deprecated feature: String.create
File "lm_channel.ml", line 369, characters 20-33:
Warning 3: deprecated feature: String.create
File "lm_channel.ml", line 416, characters 3-13:
Warning 3: deprecated feature: String.set
File "lm_channel.ml", line 419, characters 17-34:
Warning 3: deprecated feature: String.unsafe_set
File "lm_channel.ml", line 570, characters 23-36:
Warning 3: deprecated feature: String.create
File "lm_channel.ml", line 716, characters 12-29:
Warning 3: deprecated feature: String.set
File "lm_channel.ml", line 1239, characters 29-42:
Warning 3: deprecated feature: String.create
ocamlc -g -c lm_lexer.mli
ocamlc -g -c lm_lexer.ml
ocamlc -g -c lm_parser.mli
ocamlc -g -c lm_parser.ml
ocamlc -g -c lm_unix_util.mli
ocamlc -g -c lm_unix_util.ml
File "lm_unix_util.ml", line 91, characters 29-42:
Warning 3: deprecated feature: String.create
ocamlc -g -c lm_glob.mli
ocamlc -g -c lm_glob.ml
File "lm_glob.ml", line 128, characters 18-30:
Warning 3: deprecated feature: String.set
ocamlc -g -c lm_db.mli
ocamlc -g -c lm_db.ml
File "lm_db.ml", line 129, characters 13-26:
Warning 3: deprecated feature: String.create
File "lm_db.ml", line 165, characters 11-24:
Warning 3: deprecated feature: String.create
File "lm_db.ml", line 174, characters 17-30:
Warning 3: deprecated feature: String.create
File "lm_db.ml", line 214, characters 14-27:
Warning 3: deprecated feature: String.create
File "lm_db.ml", line 294, characters 14-27:
Warning 3: deprecated feature: String.create
ocamlc -g -c lm_notify.mli
ocamlc -g -c lm_notify.ml
ocamlc -g -c lm_fs_case_sensitive.mli
ocamlc -g -c lm_fs_case_sensitive.ml
ocamlc -g  -a -o lm.cma lm_printf.cmo lm_debug.cmo lm_heap.cmo lm_list_util.cmo lm_array_util.cmo lm_set_sig.cmo lm_set.cmo lm_map_sig.cmo lm_map.cmo lm_int_set.cmo lm_termsize.cmo lm_terminfo.cmo lm_arg.cmo lm_index.cmo lm_thread_sig.cmo lm_thread_core.cmo lm_thread.cmo lm_string_util.cmo lm_string_set.cmo lm_hash_sig.cmo lm_hash.cmo lm_symbol.cmo lm_location.cmo lm_position.cmo lm_filename_util.cmo lm_uname.cmo lm_thread_pool.cmo lm_channel.cmo lm_lexer.cmo lm_parser.cmo lm_unix_util.cmo lm_glob.cmo lm_db.cmo lm_notify.cmo lm_fs_case_sensitive.cmo
ocamlc -g -custom -o omake_gen_magic  unix.cma  lm.cma omake_gen_magic.cmo
./omake_gen_magic -o omake_magic.ml --version version.txt --magic --cache-files lm_filename_util.ml lm_hash.ml lm_location.ml lm_map.ml lm_position.ml lm_set.ml lm_symbol.ml omake_value_type.ml omake_cache.ml omake_cache_type.ml omake_node.ml omake_command_digest.ml    --omc-files lm_filename_util.ml lm_hash.ml lm_location.ml lm_symbol.ml lm_map.ml lm_set.ml omake_node.ml omake_ir.ml    --omo-files lm_filename_util.ml lm_hash.ml lm_lexer.ml lm_location.ml lm_map.ml lm_parser.ml lm_position.ml lm_set.ml lm_symbol.ml omake_value_type.ml omake_cache_type.ml omake_ir.ml omake_node.ml omake_env.ml
ocamlc -g -c omake_magic.ml
ocamlc -g  -a -o magic.cma omake_magic.cmo
ocamlc -g -c fmarshal.ml
File "fmarshal.ml", line 363, characters 14-27:
Warning 3: deprecated feature: String.create
ocamlc -g -c omake_marshal.ml
ocamlc -g -c omake_node_sig.ml
ocamlc -g -c omake_node.mli
ocamlc -g -c omake_ir.ml
ocamlc -g -c omake_var.mli
ocamlc -g -c omake_wild.mli
ocamlc -g -c omake_symbol.ml
ocamlc -g -c omake_lexer.ml
ocamlc -g -c omake_parser.ml
ocamlc -g -c omake_ir_free_vars.mli
ocamlc -g -c omake_handle_table.ml
ocamlc -g -c omake_ast.ml
ocamlc -g -c omake_value_type.ml
ocamlc -g -c omake_value_print.mli
ocamlc -g -c omake_pos.mli
ocamlc -g -c omake_shell_type.ml
ocamlc -g -c omake_options.mli
ocamlc -g -c omake_exec_id.mli
ocamlc -g -c omake_ir_print.mli
ocamlc -g -c omake_command_type.ml
ocamlc -g -c omake_exec_type.ml
ocamlc -g -c omake_cache_type.ml
ocamlc -g -c omake_exec_util.mli
ocamlc -g -c omake_exec.mli
ocamlc -g -c omake_cache.mli
ocamlc -g -c omake_env.mli
ocamlc -g -c omake_value.mli
ocamlc -g -c omake_state.mli
ocamlc -g -c omake_shell_sys_type.ml
ocamlc -g -c omake_shell_sys.mli
ocamlc -g -c omake_shell_job.mli
ocamlc -g -c omake_shell_completion.mli
ocamlc -g -c omake_readline.mli
ocamlc -g -c omake_ir_ast.mli
ocamlc -g -c omake_exn_print.mli
ocamlc -g -c omake_eval.mli
ocamlc -g -c omake_build_type.ml
ocamlc -g -c omake_builtin_type.ml
ocamlc -g -c omake_builtin.mli
ocamlc -g -c omake_ast_print.mli
ocamlc -g -c omake_ast_lex.mli
ocamlc -g -c omake_shell.mli
ocamlc -g -c omake_shell.ml
ocamlc -g -c omake_rule.mli
ocamlc -g -c omake_install.mli
ocamlc -g -c omake_exec_remote.mli
ocamlc -g -c omake_builtin_io_fun.mli
ocamlc -g -c omake_build.mli
ocamlc -g -c omake_main.mli
ocamlc -g -c omake_main.ml
ocamlc -g -c ocaml_patch.mli
ocamlc -g -c ocaml_patch.ml
ocamlc -g -c omake_util.mli
ocamlc -g -c omake_util.ml
ocamlc -g -c omake_wild.ml
File "omake_wild.ml", line 126, characters 13-26:
Warning 3: deprecated feature: String.create
ocamlc -g -c omake_print_util.mli
ocamlc -g -c omake_print_util.ml
ocamlc -g -c omake_readline.ml
ocamlc -g -c omake_printf.ml
ocamlc -g  -a -o util.cma fmarshal.cmo ocaml_patch.cmo omake_util.cmo omake_wild.cmo omake_print_util.cmo omake_readline.cmo omake_printf.cmo omake_marshal.cmo omake_handle_table.cmo
ocamlc -g -c omake_ast_util.mli
ocamlc -g -c omake_ast_util.ml
ocamlc -g -c omake_ast_print.ml
ocamlc -g  -a -o ast.cma omake_ast.cmo omake_ast_util.cmo omake_ast_print.cmo
ocamlc -g -c omake_options.ml
ocamlc -g -c omake_state.ml
ocamlc -g -c omake_node_type.ml
ocamlc -g -c omake_node.ml
ocamlc -g -c omake_virtual_id.mli
ocamlc -g -c omake_virtual_id.ml
ocamlc -g -c omake_install.ml
ocamlc -g -c omake_var.ml
ocamlc -g -c omake_ir_util.mli
ocamlc -g -c omake_ir_util.ml
ocamlc -g -c omake_ir_print.ml
ocamlc -g -c omake_ir_free_vars.ml
ocamlc -g -c omake_value_print.ml
ocamlc -g -c omake_pos.ml
ocamlc -g -c omake_command.mli
ocamlc -g -c omake_command.ml
ocamlc -g -c omake_cache.ml
File "omake_cache.ml", line 483, characters 16-29:
Warning 3: deprecated feature: String.create
File "omake_cache.ml", line 485, characters 6-91:
Warning 3: deprecated feature: String.set
File "omake_cache.ml", line 486, characters 6-91:
Warning 3: deprecated feature: String.set
File "omake_cache.ml", line 487, characters 6-91:
Warning 3: deprecated feature: String.set
File "omake_cache.ml", line 488, characters 6-91:
Warning 3: deprecated feature: String.set
File "omake_cache.ml", line 489, characters 6-91:
Warning 3: deprecated feature: String.set
File "omake_cache.ml", line 490, characters 6-91:
Warning 3: deprecated feature: String.set
File "omake_cache.ml", line 491, characters 6-90:
Warning 3: deprecated feature: String.set
File "omake_cache.ml", line 492, characters 6-60:
Warning 3: deprecated feature: String.set
ocamlc -g  -a -o ir.cma omake_options.cmo omake_symbol.cmo omake_state.cmo omake_node_type.cmo omake_node_sig.cmo omake_node.cmo omake_virtual_id.cmo omake_install.cmo omake_ir.cmo omake_var.cmo omake_ir_util.cmo omake_ir_print.cmo omake_ir_free_vars.cmo omake_lexer.cmo omake_parser.cmo omake_value_type.cmo omake_command_type.cmo omake_value_print.cmo omake_pos.cmo omake_shell_type.cmo omake_command.cmo omake_cache_type.cmo omake_cache.cmo
ocamlc -g -c omake_env.ml
ocamlc -g -c omake_exn_print.ml
ocamlc -g -c omake_ast_parse.mli
ocamlc -g -c omake_ast_parse.ml
ocamlc -g -c omake_ast_lex.ml
File "omake_ast_lex.mll", line 1035, characters 12-30:
Warning 3: deprecated feature: String.set
ocamlc -g -c omake_exp_parse.mli
ocamlc -g -c omake_exp_parse.ml
ocamlc -g -c omake_exp_lex.mli
ocamlc -g -c omake_exp_lex.ml
ocamlc -g -c omake_ir_ast.ml
ocamlc -g -c omake_ir_semant.mli
ocamlc -g -c omake_ir_semant.ml
ocamlc -g -c omake_command_digest.mli
ocamlc -g -c omake_command_digest.ml
ocamlc -g  -a -o env.cma omake_env.cmo omake_exn_print.cmo omake_ast_parse.cmo omake_ast_lex.cmo omake_exp_parse.cmo omake_exp_lex.cmo omake_ir_ast.cmo omake_ir_semant.cmo omake_command_digest.cmo
ocamlc -g -c omake_exec_id.ml
ocamlc -g -c omake_exec_print.mli
ocamlc -g -c omake_exec_print.ml
ocamlc -g -c omake_exec_util.ml
ocamlc -g -c omake_exec_local.mli
ocamlc -g -c omake_exec_local.ml
File "omake_exec_local.ml", line 209, characters 33-46:
Warning 3: deprecated feature: String.create
File "omake_exec_local.ml", line 209, characters 53-66:
Warning 3: deprecated feature: String.create
ocamlc -g -c omake_exec_remote.ml
ocamlc -g -c omake_exec_notify.mli
ocamlc -g -c omake_exec_notify.ml
ocamlc -g -c omake_exec.ml
ocamlc -g  -a -o exec.cma omake_exec_id.cmo omake_exec_type.cmo omake_exec_print.cmo omake_exec_util.cmo omake_exec_local.cmo omake_exec_remote.cmo omake_exec_notify.cmo omake_exec.cmo
ocamlc -g -c omake_eval.ml
ocamlc -g -c omake_value.ml
ocamlc -g  -a -o eval.cma omake_eval.cmo omake_value.cmo
ocamlc -g -c omake_shell_parse.mli
ocamlc -g -c omake_shell_parse.ml
ocamlc -g -c omake_shell_lex.mli
ocamlc -g -c omake_shell_lex.ml
ocamlc -g -c omake_shell_sys.ml
ocamlc -g -c omake_shell_job.ml
ocamlc -g -c omake_shell_completion.ml
ocamlc -g  -a -o shell.cma omake_shell_parse.cmo omake_shell_lex.cmo omake_shell_sys_type.cmo omake_shell_sys.cmo omake_shell_job.cmo omake_shell_completion.cmo
ocamlc -g -c omake_rule.ml
File "omake_rule.ml", line 1279, characters 20-33:
Warning 3: deprecated feature: String.create
ocamlc -g -c omake_build_util.mli
ocamlc -g -c omake_build_util.ml
ocamlc -g -c omake_builtin_util.mli
ocamlc -g -c omake_builtin_util.ml
ocamlc -g -c omake_target.mli
ocamlc -g -c omake_target.ml
ocamlc -g -c omake_builtin.ml
ocamlc -g -c omake_build_tee.mli
ocamlc -g -c omake_build_tee.ml
File "omake_build_tee.ml", line 70, characters 13-26:
Warning 3: deprecated feature: String.create
ocamlc -g -c omake_build.ml
File "omake_build.ml", line 2789, characters 16-29:
Warning 3: deprecated feature: String.create
ocamlc -g  -a -o build.cma omake_rule.cmo omake_build_type.cmo omake_build_util.cmo omake_builtin_type.cmo omake_builtin_util.cmo omake_target.cmo omake_builtin.cmo omake_build_tee.cmo omake_build.cmo
ocamlc -g -c omake_builtin_base.mli
ocamlc -g -c omake_builtin_base.ml
File "omake_builtin_base.ml", line 1008, characters 12-27:
Warning 3: deprecated feature: String.set
File "omake_builtin_base.ml", line 1580, characters 20-33:
Warning 3: deprecated feature: String.create
File "omake_builtin_base.ml", line 1589, characters 15-42:
Warning 3: deprecated feature: String.set
File "omake_builtin_base.ml", line 1619, characters 3-16:
Warning 3: deprecated feature: String.set
File "omake_builtin_base.ml", line 1620, characters 3-17:
Warning 3: deprecated feature: String.set
File "omake_builtin_base.ml", line 1650, characters 3-15:
Warning 3: deprecated feature: String.set
File "omake_builtin_base.ml", line 1651, characters 3-45:
Warning 3: deprecated feature: String.set
File "omake_builtin_base.ml", line 1652, characters 3-49:
Warning 3: deprecated feature: String.set
ocamlc -g -c omake_builtin_arith.mli
ocamlc -g -c omake_builtin_arith.ml
ocamlc -g -c omake_builtin_file.mli
ocamlc -g -c omake_builtin_file.ml
File "omake_builtin_file.ml", line 2257, characters 25-38:
Warning 3: deprecated feature: String.create
ocamlc -g -c omake_builtin_fun.mli
ocamlc -g -c omake_builtin_fun.ml
ocamlc -g -c omake_builtin_io.mli
ocamlc -g -c omake_builtin_io.ml
ocamlc -g -c omake_builtin_io_fun.ml
ocamlc -g -c omake_builtin_sys.mli
ocamlc -g -c omake_builtin_sys.ml
ocamlc -g -c omake_builtin_target.mli
ocamlc -g -c omake_builtin_target.ml
ocamlc -g -c omake_builtin_shell.mli
ocamlc -g -c omake_builtin_shell.ml
ocamlc -g -c omake_builtin_rule.mli
ocamlc -g -c omake_builtin_rule.ml
ocamlc -g -c omake_builtin_test.mli
ocamlc -g -c omake_builtin_test.ml
ocamlc -g -c omake_builtin_object.mli
ocamlc -g -c omake_builtin_object.ml
File "omake_builtin_object.ml", line 761, characters 31-44:
Warning 3: deprecated feature: String.create
File "omake_builtin_object.ml", line 763, characters 28-54:
Warning 3: deprecated feature: String.set
File "omake_builtin_object.ml", line 769, characters 31-44:
Warning 3: deprecated feature: String.create
File "omake_builtin_object.ml", line 771, characters 28-54:
Warning 3: deprecated feature: String.set
File "omake_builtin_object.ml", line 777, characters 31-44:
Warning 3: deprecated feature: String.create
File "omake_builtin_object.ml", line 779, characters 28-54:
Warning 3: deprecated feature: String.set
ocamlc -g -linkall -a -o builtin.cma omake_builtin_base.cmo omake_builtin_arith.cmo omake_builtin_file.cmo omake_builtin_fun.cmo omake_builtin_io.cmo omake_builtin_io_fun.cmo omake_builtin_sys.cmo omake_builtin_target.cmo omake_builtin_shell.cmo omake_builtin_rule.cmo omake_builtin_test.cmo omake_builtin_object.cmo
cc  -I"`ocamlc -where`" -c lm_heap.c
cc  -I"`ocamlc -where`" -c lm_channel.c
cc  -I"`ocamlc -where`" -c lm_printf.c
cc  -I"`ocamlc -where`" -c lm_ctype.c
cc  -I"`ocamlc -where`" -c lm_uname_ext.c
cc  -I"`ocamlc -where`" -c lm_unix_cutil.c
cc  -I"`ocamlc -where`" -c lm_compat_win32.c
cc  -I"`ocamlc -where`" -c readline.c
cc  -I"`ocamlc -where`" -c omake_shell_sys.c
cc  -I"`ocamlc -where`" -c fam_win32.c
cc  -I"`ocamlc -where`" -c fam_kqueue.c
cc  -I"`ocamlc -where`" -c fam_inotify.c
cc  -I"`ocamlc -where`" -c lm_notify.c
cc  -I"`ocamlc -where`" -c lm_termsize.c
cc  -I"`ocamlc -where`" -c lm_terminfo.c
cc  -I"`ocamlc -where`" -c lm_fs_case_sensitive.c
rm -f clib.a
ar cq clib.a lm_heap.o lm_channel.o lm_printf.o lm_ctype.o lm_uname_ext.o lm_unix_cutil.o lm_compat_win32.o readline.o omake_shell_sys.o fam_win32.o fam_kqueue.o fam_inotify.o lm_notify.o lm_termsize.o lm_terminfo.o lm_fs_case_sensitive.o
ocamlc -g -custom -o omake -cclib clib.a unix.cma  lm.cma util.cma magic.cma ast.cma ir.cma env.cma exec.cma eval.cma shell.cma build.cma builtin.cma omake_shell.cmo omake_main.cmo
make[1]: Leaving directory `/home/opam/.opam/4.02.0dev+trunk/build/omake.0.9.8.6-0.rc1/boot'
make[1]: Entering directory `/home/opam/.opam/4.02.0dev+trunk/build/omake.0.9.8.6-0.rc1/boot'
make[1]: `Makefile.dep' is up to date.
make[1]: Leaving directory `/home/opam/.opam/4.02.0dev+trunk/build/omake.0.9.8.6-0.rc1/boot'
make[1]: Entering directory `/home/opam/.opam/4.02.0dev+trunk/build/omake.0.9.8.6-0.rc1/boot'
make[1]: `omake' is up to date.
make[1]: Leaving directory `/home/opam/.opam/4.02.0dev+trunk/build/omake.0.9.8.6-0.rc1/boot'
touch .config
OMAKEFLAGS= OMAKEPATH=lib ./omake-boot --dotomake .omake --force-dotomake -j2 main
*** omake: reading OMakefiles
--- Checking for gcc... (found /usr/bin/gcc)
--- Checking for g++... (found /usr/bin/g++)
--- Checking for ocamlfind... (found /home/opam/.opam/4.02.0dev+trunk/bin/ocamlfind)
--- Checking for ocamlc.opt... (found /home/opam/.opam/4.02.0dev+trunk/bin/ocamlc.opt)
--- Checking for ocamlopt.opt... (found /home/opam/.opam/4.02.0dev+trunk/bin/ocamlopt.opt)
--- Checking whether ocamlc understands the "z" warnings... (yes)
--- Checking for ncurses... (found)
--- Checking for readline... (NOT found)
--- Checking for FAM... (NOT found)
--- Checking if ocamldep understands -modules... (yes)
Updating the .config file.
--- Checking for ocamlfind... (found /home/opam/.opam/4.02.0dev+trunk/bin/ocamlfind)
--- Checking for ocamlc.opt... (found /home/opam/.opam/4.02.0dev+trunk/bin/ocamlc.opt)
--- Checking for ocamlopt.opt... (found /home/opam/.opam/4.02.0dev+trunk/bin/ocamlopt.opt)
--- Checking whether ocamlc understands the "z" warnings... (yes)
--- Checking for OCaml library location... (/home/opam/.opam/4.02.0dev+trunk/lib/ocaml)
--- Checking for ncurses... (found)
--- Checking for readline... (NOT found)
--- Checking for FAM... (NOT found)
--- Checking for function snprintf... (found)
--- Checking for optimal filesystem case-sensitivity test... (Generic)
--- Checking if ocamldep understands -modules... (yes)
--- Checking for hevea... (FAILED - no hevea found)
--- Checking for date... (found /bin/date)
--- Checking for date... (found /bin/date)
*** omake: finished reading OMakefiles (2.06 sec)
*** omake: warning: stdout is not a tty, disabling the progress bar
   (use --progress to override).
*** omake: saved .omakedb
*** omake: done (28.58 sec, 234/234 scans, 343/505 rules, 788/2307 digests)
OMAKEFLAGS= OMAKEPATH=lib src/main/omake --dotomake .omake --force-dotomake -j2 all
*** omake: reading OMakefiles
*** omake: finished reading OMakefiles (0.05 sec)
*** omake: warning: stdout is not a tty, disabling the progress bar
   (use --progress to override).
*** omake: done (6.87 sec, 219/235 scans, 27/534 rules, 39/1843 digests)
make[1]: Entering directory `/home/opam/.opam/4.02.0dev+trunk/build/omake.0.9.8.6-0.rc1/boot'
make[1]: `Makefile.dep' is up to date.
make[1]: Leaving directory `/home/opam/.opam/4.02.0dev+trunk/build/omake.0.9.8.6-0.rc1/boot'
make[1]: Entering directory `/home/opam/.opam/4.02.0dev+trunk/build/omake.0.9.8.6-0.rc1/boot'
make[1]: `omake' is up to date.
make[1]: Leaving directory `/home/opam/.opam/4.02.0dev+trunk/build/omake.0.9.8.6-0.rc1/boot'
touch .config
OMAKEFLAGS= OMAKEPATH=lib ./omake-boot --dotomake .omake --force-dotomake -j2 main
*** omake: reading OMakefiles
*** omake: finished reading OMakefiles (0.26 sec)
*** omake: warning: stdout is not a tty, disabling the progress bar
   (use --progress to override).
*** omake: done (3.08 sec, 0/234 scans, 0/505 rules, 1/1762 digests)
OMAKEFLAGS= OMAKEPATH=lib src/main/omake --dotomake .omake --force-dotomake -j2 all
*** omake: reading OMakefiles
*** omake: finished reading OMakefiles (0.05 sec)
*** omake: done (0.33 sec, 0/235 scans, 0/534 rules, 0/1821 digests)
OMAKEFLAGS= OMAKEPATH=lib src/main/omake --dotomake .omake --force-dotomake -j2 install
*** omake: reading OMakefiles
*** omake: finished reading OMakefiles (0.05 sec)
*** omake: done (0.46 sec, 0/235 scans, 2/536 rules, 0/1821 digests)
Installing omake.0.9.8.6-0.rc1.

=-=-= Installing ounit.2.0.0 =-=-=
default    Downloading https://opam.ocaml.org/archives/ounit.2.0.0+opam.tar.gz
Downloading https://opam.ocaml.org/archives/ounit.2.0.0+opam.tar.gz
--2014-05-05 02:42:44--  https://opam.ocaml.org/archives/ounit.2.0.0+opam.tar.gz
Resolving opam.ocaml.org (opam.ocaml.org)... 192.237.250.17, 2001:4801:7823:76:bb74:1f8e:ff10:627
Connecting to opam.ocaml.org (opam.ocaml.org)|192.237.250.17|:443... connected.
HTTP request sent, awaiting response... 200 OK
Length: 105698 (103K) [application/octet-stream]
Saving to: 'ounit.2.0.0+opam.tar.gz'

     0K .......... .......... .......... .......... .......... 48%  195K 0s
    50K .......... .......... .......... .......... .......... 96%  408K 0s
   100K ...                                                   100% 6143G=0.4s

2014-05-05 02:42:45 (272 KB/s) - 'ounit.2.0.0+opam.tar.gz' saved [105698/105698]

Building ounit.2.0.0:
  make build
  make install
ocaml setup.ml -configure 
File "/home/gildor/programmation/oasis/src/oasis/OASISString.ml", line 118, characters 8-26:
Warning 3: deprecated feature: String.set

Configuration: 
ocamlfind: ........................................... /home/opam/.opam/4.02.0dev+trunk/bin/ocamlfind
ocamlc: .............................................. /home/opam/.opam/4.02.0dev+trunk/bin/ocamlc.opt
ocamlopt: ............................................ /home/opam/.opam/4.02.0dev+trunk/bin/ocamlopt.opt
ocamlbuild: .......................................... /home/opam/.opam/4.02.0dev+trunk/bin/ocamlbuild
Package name: ........................................ ounit
Package version: ..................................... 2.0.0
os_type: ............................................. Unix
system: .............................................. linux
architecture: ........................................ amd64
ccomp_type: .......................................... cc
ocaml_version: ....................................... 4.02.0
standard_library_default: ............................ /home/opam/.opam/4.02.0dev+trunk/lib/ocaml
standard_library: .................................... /home/opam/.opam/4.02.0dev+trunk/lib/ocaml
standard_runtime: .................................... /home/opam/.opam/4.02.0dev+trunk/bin/ocamlrun
bytecomp_c_compiler: ................................. gcc -fno-defer-pop -Wall -D_FILE_OFFSET_BITS=64 -D_REENTRANT -fPIC
native_c_compiler: ................................... gcc -Wall -D_FILE_OFFSET_BITS=64 -D_REENTRANT
model: ............................................... default
ext_obj: ............................................. .o
ext_asm: ............................................. .s
ext_lib: ............................................. .a
ext_dll: ............................................. .so
default_executable_name: ............................. a.out
systhread_supported: ................................. true
Install architecture-independent files dir: .......... /usr/local
Install architecture-dependent files in dir: ......... $prefix
User executables: .................................... $exec_prefix/bin
System admin executables: ............................ $exec_prefix/sbin
Program executables: ................................. $exec_prefix/libexec
Read-only single-machine data: ....................... $prefix/etc
Modifiable architecture-independent data: ............ $prefix/com
Modifiable single-machine data: ...................... $prefix/var
Object code libraries: ............................... $exec_prefix/lib
Read-only arch-independent data root: ................ $prefix/share
Read-only architecture-independent data: ............. $datarootdir
Info documentation: .................................. $datarootdir/info
Locale-dependent data: ............................... $datarootdir/locale
Man documentation: ................................... $datarootdir/man
Documentation root: .................................. $datarootdir/doc/$pkg_name
HTML documentation: .................................. $docdir
DVI documentation: ................................... $docdir
PDF documentation: ................................... $docdir
PS documentation: .................................... $docdir
findlib_version: ..................................... 1.4
is_native: ........................................... true
suffix_program: ...................................... 
Remove a file.: ...................................... rm -f
Remove a directory.: ................................. rm -rf
Turn ocaml debug flag on: ............................ true
Turn ocaml profile flag on: .......................... false
Compiler support generation of .cmxs.: ............... true
OCamlbuild additional flags: ......................... 
Create documentations: ............................... true
Compile tests executable and library and run them: ... false
pkg_unix: ............................................ /home/opam/.opam/4.02.0dev+trunk/lib/ocaml
pkg_threads: ......................................... /home/opam/.opam/4.02.0dev+trunk/lib/ocaml
ocamldoc: ............................................ /home/opam/.opam/4.02.0dev+trunk/bin/ocamldoc

ocaml setup.ml -build 
File "/home/gildor/programmation/oasis/src/oasis/OASISString.ml", line 118, characters 8-26:
Warning 3: deprecated feature: String.set
W: Cannot find source file matching module 'OUnitLoggerHTMLData' in library oUnitAdvanced
W: Cannot find source file matching module 'OUnitLoggerHTMLData' in library oUnitAdvanced
ocamlfind ocamlopt unix.cmxa -I /home/opam/.opam/4.02.0dev+trunk/lib/ocaml/ocamlbuild /home/opam/.opam/4.02.0dev+trunk/lib/ocaml/ocamlbuild/ocamlbuildlib.cmxa -linkpkg myocamlbuild.ml /home/opam/.opam/4.02.0dev+trunk/lib/ocaml/ocamlbuild/ocamlbuild.cmx -o myocamlbuild
ocamlfind ocamldep -package threads -package unix -modules src/oUnitUtils.ml > src/oUnitUtils.ml.depends
ocamlfind ocamldep -package threads -package unix -modules src/oUnitPropList.ml > src/oUnitPropList.ml.depends
ocamlfind ocamldep -package threads -package unix -modules src/oUnitPlugin.ml > src/oUnitPlugin.ml.depends
ocamlfind ocamldep -package threads -package unix -modules src/oUnitConf.ml > src/oUnitConf.ml.depends
ocamlfind ocamlc -c -g -I src -I src -package threads -package unix -thread -I src -o src/oUnitPropList.cmo src/oUnitPropList.ml
ocamlfind ocamlc -c -g -I src -I src -package threads -package unix -thread -I src -o src/oUnitUtils.cmo src/oUnitUtils.ml
ocamlfind ocamlc -c -g -I src -I src -package threads -package unix -thread -I src -o src/oUnitConf.cmo src/oUnitConf.ml
+ ocamlfind ocamlc -c -g -I src -I src -package threads -package unix -thread -I src -o src/oUnitConf.cmo src/oUnitConf.ml
File "src/oUnitConf.ml", line 77, characters 16-35:
Warning 3: deprecated feature: String.set
ocamlfind ocamldep -package threads -package unix -modules src/oUnitChooser.ml > src/oUnitChooser.ml.depends
ocamlfind ocamldep -package threads -package unix -modules src/oUnitCache.ml > src/oUnitCache.ml.depends
ocamlfind ocamldep -package threads -package unix -modules src/oUnitTest.ml > src/oUnitTest.ml.depends
ocamlfind ocamldep -package threads -package unix -modules src/oUnitLogger.ml > src/oUnitLogger.ml.depends
ocamlfind ocamldep -package threads -package unix -modules src/oUnitShared.ml > src/oUnitShared.ml.depends
ocamlfind ocamlc -c -g -I src -I src -package threads -package unix -thread -I src -o src/oUnitLogger.cmo src/oUnitLogger.ml
ocamlfind ocamlc -c -g -I src -I src -package threads -package unix -thread -I src -o src/oUnitShared.cmo src/oUnitShared.ml
ocamlfind ocamlc -c -g -I src -I src -package threads -package unix -thread -I src -o src/oUnitTest.cmo src/oUnitTest.ml
ocamlfind ocamlc -c -g -I src -I src -package threads -package unix -thread -I src -o src/oUnitPlugin.cmo src/oUnitPlugin.ml
ocamlfind ocamldep -package threads -package unix -modules src/oUnitResultSummary.ml > src/oUnitResultSummary.ml.depends
ocamlfind ocamlc -c -g -I src -I src -package threads -package unix -thread -I src -o src/oUnitCache.cmo src/oUnitCache.ml
ocamlfind ocamlc -c -g -I src -I src -package threads -package unix -thread -I src -o src/oUnitResultSummary.cmo src/oUnitResultSummary.ml
ocamlfind ocamldep -package threads -package unix -modules src/oUnitLoggerStd.ml > src/oUnitLoggerStd.ml.depends
ocamlfind ocamldep -package threads -package unix -modules src/oUnitLoggerHTML.ml > src/oUnitLoggerHTML.ml.depends
ocamlfind ocamldep -package threads -package unix -modules src/oUnitLoggerHTMLData.ml > src/oUnitLoggerHTMLData.ml.depends
ocamlfind ocamlc -c -g -I src -I src -package threads -package unix -thread -I src -o src/oUnitLoggerHTMLData.cmo src/oUnitLoggerHTMLData.ml
ocamlfind ocamldep -package threads -package unix -modules src/oUnitLoggerJUnit.ml > src/oUnitLoggerJUnit.ml.depends
ocamlfind ocamlc -c -g -I src -I src -package threads -package unix -thread -I src -o src/oUnitLoggerHTML.cmo src/oUnitLoggerHTML.ml
ocamlfind ocamlc -c -g -I src -I src -package threads -package unix -thread -I src -o src/oUnitLoggerStd.cmo src/oUnitLoggerStd.ml
+ ocamlfind ocamlc -c -g -I src -I src -package threads -package unix -thread -I src -o src/oUnitLoggerStd.cmo src/oUnitLoggerStd.ml
File "src/oUnitLoggerStd.ml", line 161, characters 21-22:
Warning 28: wildcard pattern given as argument to a constant constructor
File "src/oUnitLoggerStd.ml", line 161, characters 30-31:
Warning 28: wildcard pattern given as argument to a constant constructor
ocamlfind ocamldep -package threads -package unix -modules src/oUnitAssert.ml > src/oUnitAssert.ml.depends
ocamlfind ocamldep -package threads -package unix -modules src/oUnitBracket.ml > src/oUnitBracket.ml.depends
ocamlfind ocamlc -c -g -I src -I src -package threads -package unix -thread -I src -o src/oUnitBracket.cmo src/oUnitBracket.ml
ocamlfind ocamldep -package threads -package unix -modules src/oUnitState.ml > src/oUnitState.ml.depends
ocamlfind ocamlc -c -g -I src -I src -package threads -package unix -thread -I src -o src/oUnitChooser.cmo src/oUnitChooser.ml
ocamlfind ocamldep -package threads -package unix -modules src/oUnitRunner.ml > src/oUnitRunner.ml.depends
ocamlfind ocamldep -package threads -package unix -modules src/oUnitCheckEnv.ml > src/oUnitCheckEnv.ml.depends
ocamlfind ocamlc -c -g -I src -I src -package threads -package unix -thread -I src -o src/oUnitAssert.cmo src/oUnitAssert.ml
+ ocamlfind ocamlc -c -g -I src -I src -package threads -package unix -thread -I src -o src/oUnitAssert.cmo src/oUnitAssert.ml
File "src/oUnitAssert.ml", line 243, characters 20-33:
Warning 3: deprecated feature: String.set
ocamlfind ocamldep -package threads -package unix -modules src/oUnitDiff.mli > src/oUnitDiff.mli.depends
ocamlfind ocamlc -c -g -I src -I src -package threads -package unix -thread -I src -o src/oUnitDiff.cmi src/oUnitDiff.mli
ocamlfind ocamlc -c -g -I src -I src -package threads -package unix -thread -I src -o src/oUnitState.cmo src/oUnitState.ml
ocamlfind ocamlc -c -g -I src -I src -package threads -package unix -thread -I src -o src/oUnitCheckEnv.cmo src/oUnitCheckEnv.ml
ocamlfind ocamldep -package threads -package unix -modules src/oUnitRunnerProcesses.ml > src/oUnitRunnerProcesses.ml.depends
ocamlfind ocamlc -c -g -I src -I src -package threads -package unix -thread -I src -o src/oUnitRunner.cmo src/oUnitRunner.ml
ocamlfind ocamldep -package threads -package unix -modules src/oUnitCore.ml > src/oUnitCore.ml.depends
ocamlfind ocamlc -c -g -I src -I src -package threads -package unix -thread -I src -o src/oUnitLoggerJUnit.cmo src/oUnitLoggerJUnit.ml
ocamlfind ocamlc -c -g -I src -I src -package threads -package unix -thread -I src -o src/oUnitRunnerProcesses.cmo src/oUnitRunnerProcesses.ml
+ ocamlfind ocamlc -c -g -I src -I src -package threads -package unix -thread -I src -o src/oUnitRunnerProcesses.cmo src/oUnitRunnerProcesses.ml
File "src/oUnitRunnerProcesses.ml", line 80, characters 19-32:
Warning 3: deprecated feature: String.create
File "src/oUnitRunnerProcesses.ml", line 90, characters 42-55:
Warning 3: deprecated feature: String.create
ocamlfind ocamldep -package threads -package unix -modules src/oUnitTestData.ml > src/oUnitTestData.ml.depends
ocamlfind ocamldep -package threads -package unix -modules src/oUnitDiff.ml > src/oUnitDiff.ml.depends
ocamlfind ocamlc -c -g -I src -I src -package threads -package unix -thread -I src -o src/oUnitCore.cmo src/oUnitCore.ml
ocamlfind ocamlc -c -g -I src -I src -package threads -package unix -thread -I src -o src/oUnitTestData.cmo src/oUnitTestData.ml
ocamlfind ocamlc -c -g -I src -I src -package threads -package unix -thread -I src -o src/oUnitDiff.cmo src/oUnitDiff.ml
ocamlfind ocamlc -a src/oUnitUtils.cmo src/oUnitPropList.cmo src/oUnitConf.cmo src/oUnitPlugin.cmo src/oUnitLogger.cmo src/oUnitShared.cmo src/oUnitTest.cmo src/oUnitCache.cmo src/oUnitResultSummary.cmo src/oUnitChooser.cmo src/oUnitLoggerStd.cmo src/oUnitLoggerHTMLData.cmo src/oUnitLoggerHTML.cmo src/oUnitLoggerJUnit.cmo src/oUnitBracket.cmo src/oUnitAssert.cmo src/oUnitState.cmo src/oUnitDiff.cmo src/oUnitCheckEnv.cmo src/oUnitRunner.cmo src/oUnitRunnerProcesses.cmo src/oUnitCore.cmo src/oUnitTestData.cmo -o src/oUnitAdvanced.cma
ocamlfind ocamlopt -c -g -I src -I src -package threads -package unix -thread -I src -o src/oUnitPropList.cmx src/oUnitPropList.ml
ocamlfind ocamlopt -c -g -I src -I src -package threads -package unix -thread -I src -o src/oUnitUtils.cmx src/oUnitUtils.ml
ocamlfind ocamlopt -c -g -I src -I src -package threads -package unix -thread -I src -o src/oUnitConf.cmx src/oUnitConf.ml
+ ocamlfind ocamlopt -c -g -I src -I src -package threads -package unix -thread -I src -o src/oUnitConf.cmx src/oUnitConf.ml
File "src/oUnitConf.ml", line 77, characters 16-35:
Warning 3: deprecated feature: String.set
ocamlfind ocamlopt -c -g -I src -I src -package threads -package unix -thread -I src -o src/oUnitLogger.cmx src/oUnitLogger.ml
ocamlfind ocamlopt -c -g -I src -I src -package threads -package unix -thread -I src -o src/oUnitShared.cmx src/oUnitShared.ml
ocamlfind ocamlopt -c -g -I src -I src -package threads -package unix -thread -I src -o src/oUnitTest.cmx src/oUnitTest.ml
ocamlfind ocamlopt -c -g -I src -I src -package threads -package unix -thread -I src -o src/oUnitPlugin.cmx src/oUnitPlugin.ml
ocamlfind ocamlopt -c -g -I src -I src -package threads -package unix -thread -I src -o src/oUnitCache.cmx src/oUnitCache.ml
ocamlfind ocamlopt -c -g -I src -I src -package threads -package unix -thread -I src -o src/oUnitResultSummary.cmx src/oUnitResultSummary.ml
ocamlfind ocamlopt -c -g -I src -I src -package threads -package unix -thread -I src -o src/oUnitLoggerHTMLData.cmx src/oUnitLoggerHTMLData.ml
ocamlfind ocamlopt -c -g -I src -I src -package threads -package unix -thread -I src -o src/oUnitLoggerHTML.cmx src/oUnitLoggerHTML.ml
ocamlfind ocamlopt -c -g -I src -I src -package threads -package unix -thread -I src -o src/oUnitLoggerStd.cmx src/oUnitLoggerStd.ml
+ ocamlfind ocamlopt -c -g -I src -I src -package threads -package unix -thread -I src -o src/oUnitLoggerStd.cmx src/oUnitLoggerStd.ml
File "src/oUnitLoggerStd.ml", line 161, characters 21-22:
Warning 28: wildcard pattern given as argument to a constant constructor
File "src/oUnitLoggerStd.ml", line 161, characters 30-31:
Warning 28: wildcard pattern given as argument to a constant constructor
ocamlfind ocamlopt -c -g -I src -I src -package threads -package unix -thread -I src -o src/oUnitBracket.cmx src/oUnitBracket.ml
ocamlfind ocamlopt -c -g -I src -I src -package threads -package unix -thread -I src -o src/oUnitChooser.cmx src/oUnitChooser.ml
ocamlfind ocamlopt -c -g -I src -I src -package threads -package unix -thread -I src -o src/oUnitAssert.cmx src/oUnitAssert.ml
+ ocamlfind ocamlopt -c -g -I src -I src -package threads -package unix -thread -I src -o src/oUnitAssert.cmx src/oUnitAssert.ml
File "src/oUnitAssert.ml", line 243, characters 20-33:
Warning 3: deprecated feature: String.set
ocamlfind ocamlopt -c -g -I src -I src -package threads -package unix -thread -I src -o src/oUnitDiff.cmx src/oUnitDiff.ml
ocamlfind ocamlopt -c -g -I src -I src -package threads -package unix -thread -I src -o src/oUnitState.cmx src/oUnitState.ml
ocamlfind ocamlopt -c -g -I src -I src -package threads -package unix -thread -I src -o src/oUnitCheckEnv.cmx src/oUnitCheckEnv.ml
ocamlfind ocamlopt -c -g -I src -I src -package threads -package unix -thread -I src -o src/oUnitRunner.cmx src/oUnitRunner.ml
ocamlfind ocamlopt -c -g -I src -I src -package threads -package unix -thread -I src -o src/oUnitLoggerJUnit.cmx src/oUnitLoggerJUnit.ml
ocamlfind ocamlopt -c -g -I src -I src -package threads -package unix -thread -I src -o src/oUnitRunnerProcesses.cmx src/oUnitRunnerProcesses.ml
+ ocamlfind ocamlopt -c -g -I src -I src -package threads -package unix -thread -I src -o src/oUnitRunnerProcesses.cmx src/oUnitRunnerProcesses.ml
File "src/oUnitRunnerProcesses.ml", line 80, characters 19-32:
Warning 3: deprecated feature: String.create
File "src/oUnitRunnerProcesses.ml", line 90, characters 42-55:
Warning 3: deprecated feature: String.create
ocamlfind ocamlopt -c -g -I src -I src -package threads -package unix -thread -I src -o src/oUnitCore.cmx src/oUnitCore.ml
ocamlfind ocamlopt -c -g -I src -I src -package threads -package unix -thread -I src -o src/oUnitTestData.cmx src/oUnitTestData.ml
ocamlfind ocamlopt -a src/oUnitUtils.cmx src/oUnitPropList.cmx src/oUnitConf.cmx src/oUnitPlugin.cmx src/oUnitLogger.cmx src/oUnitShared.cmx src/oUnitTest.cmx src/oUnitCache.cmx src/oUnitResultSummary.cmx src/oUnitChooser.cmx src/oUnitLoggerStd.cmx src/oUnitLoggerHTMLData.cmx src/oUnitLoggerHTML.cmx src/oUnitLoggerJUnit.cmx src/oUnitBracket.cmx src/oUnitAssert.cmx src/oUnitState.cmx src/oUnitDiff.cmx src/oUnitCheckEnv.cmx src/oUnitRunner.cmx src/oUnitRunnerProcesses.cmx src/oUnitCore.cmx src/oUnitTestData.cmx -o src/oUnitAdvanced.cmxa
ocamlfind ocamlopt -shared -linkall src/oUnitAdvanced.cmxa -o src/oUnitAdvanced.cmxs
ocamlfind ocamldep -package threads -package unix -modules src/oUnit.mli > src/oUnit.mli.depends
ocamlfind ocamldep -package threads -package unix -modules src/oUnit2.mli > src/oUnit2.mli.depends
ocamlfind ocamlc -c -g -I src -I src -package threads -package unix -thread -I src -o src/oUnit2.cmi src/oUnit2.mli
ocamlfind ocamlc -c -g -I src -I src -package threads -package unix -thread -I src -o src/oUnit.cmi src/oUnit.mli
ocamlfind ocamldep -package threads -package unix -modules src/oUnit.ml > src/oUnit.ml.depends
ocamlfind ocamldep -package threads -package unix -modules src/oUnit2.ml > src/oUnit2.ml.depends
ocamlfind ocamlc -c -g -I src -I src -package threads -package unix -thread -I src -o src/oUnit.cmo src/oUnit.ml
ocamlfind ocamlc -c -g -I src -I src -package threads -package unix -thread -I src -o src/oUnit2.cmo src/oUnit2.ml
ocamlfind ocamlc -a src/oUnit2.cmo src/oUnit.cmo -o src/oUnit.cma
ocamlfind ocamlopt -c -g -I src -I src -package threads -package unix -thread -I src -o src/oUnit2.cmx src/oUnit2.ml
ocamlfind ocamlopt -c -g -I src -I src -package threads -package unix -thread -I src -o src/oUnit.cmx src/oUnit.ml
ocamlfind ocamlopt -a src/oUnit2.cmx src/oUnit.cmx -o src/oUnit.cmxa
ocamlfind ocamlopt -shared src/oUnit.cmx -o src/oUnit.cmxs
ocamlfind ocamldep -package threads -package unix -modules src/oUnitThreads.ml > src/oUnitThreads.ml.depends
ocamlfind ocamldep -package threads -package unix -modules src/oUnitRunnerThreads.ml > src/oUnitRunnerThreads.ml.depends
ocamlfind ocamlc -c -g -I src -I src -package threads -package unix -thread -I src -o src/oUnitRunnerThreads.cmo src/oUnitRunnerThreads.ml
ocamlfind ocamlc -c -g -I src -I src -package threads -package unix -thread -I src -o src/oUnitThreads.cmo src/oUnitThreads.ml
ocamlfind ocamlc -a src/oUnitRunnerThreads.cmo src/oUnitThreads.cmo -o src/oUnitThreads.cma
ocamlfind ocamlopt -c -g -I src -I src -package threads -package unix -thread -I src -o src/oUnitRunnerThreads.cmx src/oUnitRunnerThreads.ml
ocamlfind ocamlopt -c -g -I src -I src -package threads -package unix -thread -I src -o src/oUnitThreads.cmx src/oUnitThreads.ml
ocamlfind ocamlopt -a src/oUnitRunnerThreads.cmx src/oUnitThreads.cmx -o src/oUnitThreads.cmxa
ocamlfind ocamlopt -shared src/oUnitThreads.cmx -o src/oUnitThreads.cmxs
ocaml setup.ml -install 
File "/home/gildor/programmation/oasis/src/oasis/OASISString.ml", line 118, characters 8-26:
Warning 3: deprecated feature: String.set
W: Cannot find source header for module OUnitLoggerHTMLData in library oUnitAdvanced
Installed /home/opam/.opam/4.02.0dev+trunk/lib/oUnit/oUnit.mli
Installed /home/opam/.opam/4.02.0dev+trunk/lib/oUnit/oUnit2.mli
Installed /home/opam/.opam/4.02.0dev+trunk/lib/oUnit/oUnit.cma
Installed /home/opam/.opam/4.02.0dev+trunk/lib/oUnit/oUnit.cmxa
Installed /home/opam/.opam/4.02.0dev+trunk/lib/oUnit/oUnit.a
Installed /home/opam/.opam/4.02.0dev+trunk/lib/oUnit/oUnit.cmxs
Installed /home/opam/.opam/4.02.0dev+trunk/lib/oUnit/oUnit.cmi
Installed /home/opam/.opam/4.02.0dev+trunk/lib/oUnit/oUnit2.cmi
Installed /home/opam/.opam/4.02.0dev+trunk/lib/oUnit/oUnit.cmx
Installed /home/opam/.opam/4.02.0dev+trunk/lib/oUnit/oUnit2.cmx
Installed /home/opam/.opam/4.02.0dev+trunk/lib/oUnit/oUnitThreads.ml
Installed /home/opam/.opam/4.02.0dev+trunk/lib/oUnit/oUnitThreads.cma
Installed /home/opam/.opam/4.02.0dev+trunk/lib/oUnit/oUnitThreads.cmxa
Installed /home/opam/.opam/4.02.0dev+trunk/lib/oUnit/oUnitThreads.a
Installed /home/opam/.opam/4.02.0dev+trunk/lib/oUnit/oUnitThreads.cmxs
Installed /home/opam/.opam/4.02.0dev+trunk/lib/oUnit/oUnitThreads.cmi
Installed /home/opam/.opam/4.02.0dev+trunk/lib/oUnit/oUnitThreads.cmx
Installed /home/opam/.opam/4.02.0dev+trunk/lib/oUnit/oUnitRunnerThreads.cmx
Installed /home/opam/.opam/4.02.0dev+trunk/lib/oUnit/oUnitUtils.ml
Installed /home/opam/.opam/4.02.0dev+trunk/lib/oUnit/oUnitPropList.ml
Installed /home/opam/.opam/4.02.0dev+trunk/lib/oUnit/oUnitPlugin.ml
Installed /home/opam/.opam/4.02.0dev+trunk/lib/oUnit/oUnitChooser.ml
Installed /home/opam/.opam/4.02.0dev+trunk/lib/oUnit/oUnitResultSummary.ml
Installed /home/opam/.opam/4.02.0dev+trunk/lib/oUnit/oUnitLoggerStd.ml
Installed /home/opam/.opam/4.02.0dev+trunk/lib/oUnit/oUnitLoggerHTML.ml
Installed /home/opam/.opam/4.02.0dev+trunk/lib/oUnit/oUnitLoggerJUnit.ml
Installed /home/opam/.opam/4.02.0dev+trunk/lib/oUnit/oUnitAssert.ml
Installed /home/opam/.opam/4.02.0dev+trunk/lib/oUnit/oUnitBracket.ml
Installed /home/opam/.opam/4.02.0dev+trunk/lib/oUnit/oUnitTest.ml
Installed /home/opam/.opam/4.02.0dev+trunk/lib/oUnit/oUnitState.ml
Installed /home/opam/.opam/4.02.0dev+trunk/lib/oUnit/oUnitRunner.ml
Installed /home/opam/.opam/4.02.0dev+trunk/lib/oUnit/oUnitRunnerProcesses.ml
Installed /home/opam/.opam/4.02.0dev+trunk/lib/oUnit/oUnitCore.ml
Installed /home/opam/.opam/4.02.0dev+trunk/lib/oUnit/oUnitLogger.ml
Installed /home/opam/.opam/4.02.0dev+trunk/lib/oUnit/oUnitConf.ml
Installed /home/opam/.opam/4.02.0dev+trunk/lib/oUnit/oUnitShared.ml
Installed /home/opam/.opam/4.02.0dev+trunk/lib/oUnit/oUnitCache.ml
Installed /home/opam/.opam/4.02.0dev+trunk/lib/oUnit/oUnitTestData.ml
Installed /home/opam/.opam/4.02.0dev+trunk/lib/oUnit/oUnitCheckEnv.ml
Installed /home/opam/.opam/4.02.0dev+trunk/lib/oUnit/oUnitDiff.mli
Installed /home/opam/.opam/4.02.0dev+trunk/lib/oUnit/oUnitAdvanced.cma
Installed /home/opam/.opam/4.02.0dev+trunk/lib/oUnit/oUnitAdvanced.cmxa
Installed /home/opam/.opam/4.02.0dev+trunk/lib/oUnit/oUnitAdvanced.a
Installed /home/opam/.opam/4.02.0dev+trunk/lib/oUnit/oUnitAdvanced.cmxs
Installed /home/opam/.opam/4.02.0dev+trunk/lib/oUnit/oUnitUtils.cmi
Installed /home/opam/.opam/4.02.0dev+trunk/lib/oUnit/oUnitPropList.cmi
Installed /home/opam/.opam/4.02.0dev+trunk/lib/oUnit/oUnitPlugin.cmi
Installed /home/opam/.opam/4.02.0dev+trunk/lib/oUnit/oUnitChooser.cmi
Installed /home/opam/.opam/4.02.0dev+trunk/lib/oUnit/oUnitResultSummary.cmi
Installed /home/opam/.opam/4.02.0dev+trunk/lib/oUnit/oUnitLoggerStd.cmi
Installed /home/opam/.opam/4.02.0dev+trunk/lib/oUnit/oUnitLoggerHTML.cmi
Installed /home/opam/.opam/4.02.0dev+trunk/lib/oUnit/oUnitLoggerHTMLData.cmi
Installed /home/opam/.opam/4.02.0dev+trunk/lib/oUnit/oUnitLoggerJUnit.cmi
Installed /home/opam/.opam/4.02.0dev+trunk/lib/oUnit/oUnitAssert.cmi
Installed /home/opam/.opam/4.02.0dev+trunk/lib/oUnit/oUnitBracket.cmi
Installed /home/opam/.opam/4.02.0dev+trunk/lib/oUnit/oUnitTest.cmi
Installed /home/opam/.opam/4.02.0dev+trunk/lib/oUnit/oUnitState.cmi
Installed /home/opam/.opam/4.02.0dev+trunk/lib/oUnit/oUnitRunner.cmi
Installed /home/opam/.opam/4.02.0dev+trunk/lib/oUnit/oUnitRunnerProcesses.cmi
Installed /home/opam/.opam/4.02.0dev+trunk/lib/oUnit/oUnitCore.cmi
Installed /home/opam/.opam/4.02.0dev+trunk/lib/oUnit/oUnitLogger.cmi
Installed /home/opam/.opam/4.02.0dev+trunk/lib/oUnit/oUnitConf.cmi
Installed /home/opam/.opam/4.02.0dev+trunk/lib/oUnit/oUnitShared.cmi
Installed /home/opam/.opam/4.02.0dev+trunk/lib/oUnit/oUnitCache.cmi
Installed /home/opam/.opam/4.02.0dev+trunk/lib/oUnit/oUnitTestData.cmi
Installed /home/opam/.opam/4.02.0dev+trunk/lib/oUnit/oUnitCheckEnv.cmi
Installed /home/opam/.opam/4.02.0dev+trunk/lib/oUnit/oUnitDiff.cmi
Installed /home/opam/.opam/4.02.0dev+trunk/lib/oUnit/oUnitUtils.cmx
Installed /home/opam/.opam/4.02.0dev+trunk/lib/oUnit/oUnitPropList.cmx
Installed /home/opam/.opam/4.02.0dev+trunk/lib/oUnit/oUnitPlugin.cmx
Installed /home/opam/.opam/4.02.0dev+trunk/lib/oUnit/oUnitChooser.cmx
Installed /home/opam/.opam/4.02.0dev+trunk/lib/oUnit/oUnitResultSummary.cmx
Installed /home/opam/.opam/4.02.0dev+trunk/lib/oUnit/oUnitLoggerStd.cmx
Installed /home/opam/.opam/4.02.0dev+trunk/lib/oUnit/oUnitLoggerHTML.cmx
Installed /home/opam/.opam/4.02.0dev+trunk/lib/oUnit/oUnitLoggerHTMLData.cmx
Installed /home/opam/.opam/4.02.0dev+trunk/lib/oUnit/oUnitLoggerJUnit.cmx
Installed /home/opam/.opam/4.02.0dev+trunk/lib/oUnit/oUnitAssert.cmx
Installed /home/opam/.opam/4.02.0dev+trunk/lib/oUnit/oUnitBracket.cmx
Installed /home/opam/.opam/4.02.0dev+trunk/lib/oUnit/oUnitTest.cmx
Installed /home/opam/.opam/4.02.0dev+trunk/lib/oUnit/oUnitState.cmx
Installed /home/opam/.opam/4.02.0dev+trunk/lib/oUnit/oUnitRunner.cmx
Installed /home/opam/.opam/4.02.0dev+trunk/lib/oUnit/oUnitRunnerProcesses.cmx
Installed /home/opam/.opam/4.02.0dev+trunk/lib/oUnit/oUnitCore.cmx
Installed /home/opam/.opam/4.02.0dev+trunk/lib/oUnit/oUnitLogger.cmx
Installed /home/opam/.opam/4.02.0dev+trunk/lib/oUnit/oUnitConf.cmx
Installed /home/opam/.opam/4.02.0dev+trunk/lib/oUnit/oUnitShared.cmx
Installed /home/opam/.opam/4.02.0dev+trunk/lib/oUnit/oUnitCache.cmx
Installed /home/opam/.opam/4.02.0dev+trunk/lib/oUnit/oUnitTestData.cmx
Installed /home/opam/.opam/4.02.0dev+trunk/lib/oUnit/oUnitCheckEnv.cmx
Installed /home/opam/.opam/4.02.0dev+trunk/lib/oUnit/oUnitDiff.cmx
Installed /home/opam/.opam/4.02.0dev+trunk/lib/oUnit/META
Installing ounit.2.0.0.

=-=-= Installing pipebang.110.01.00 =-=-=
default    Downloading https://opam.ocaml.org/archives/pipebang.110.01.00+opam.tar.gz
Downloading https://opam.ocaml.org/archives/pipebang.110.01.00+opam.tar.gz
--2014-05-05 02:42:59--  https://opam.ocaml.org/archives/pipebang.110.01.00+opam.tar.gz
Resolving opam.ocaml.org (opam.ocaml.org)... 192.237.250.17, 2001:4801:7823:76:bb74:1f8e:ff10:627
Connecting to opam.ocaml.org (opam.ocaml.org)|192.237.250.17|:443... connected.
HTTP request sent, awaiting response... 200 OK
Length: 47405 (46K) [application/octet-stream]
Saving to: 'pipebang.110.01.00+opam.tar.gz'

     0K .......... .......... .......... .......... ......    100%  234K=0.2s

2014-05-05 02:43:00 (234 KB/s) - 'pipebang.110.01.00+opam.tar.gz' saved [47405/47405]

Building pipebang.110.01.00:
  make
  make install
ocamlopt.opt -o setup.exe setup.ml || ocamlopt -o setup.exe setup.ml || ocamlc -o setup.exe setup.ml
File "setup.ml", line 232, characters 8-26:
Warning 3: deprecated feature: String.set
rm -f setup.cmx setup.cmi setup.o setup.obj setup.cmo
./setup.exe -configure 
W: Field 'pkg_camlp4_extend' is not set: When looking for findlib package camlp4.extend, directory /home/opam/.opam/4.02.0dev+trunk/lib/ocaml/camlp4 return doesn't exist
W: Field 'pkg_camlp4_lib' is not set: When looking for findlib package camlp4.lib, directory /home/opam/.opam/4.02.0dev+trunk/lib/ocaml/camlp4 return doesn't exist
W: Field 'pkg_camlp4_quotations' is not set: When looking for findlib package camlp4.quotations, directory /home/opam/.opam/4.02.0dev+trunk/lib/ocaml/camlp4 return doesn't exist
E: Cannot find findlib package camlp4.extend
E: Cannot find findlib package camlp4.lib
E: Cannot find findlib package camlp4.quotations
E: Failure("3 configuration errors")
make: *** [setup.data] Error 1
[ERROR] The compilation of pipebang.110.01.00 failed.
Removing pipebang.110.01.00.
  ocamlfind remove pa_pipebang
ocamlfind: [WARNING] No such directory: /home/opam/.opam/4.02.0dev+trunk/lib/pa_pipebang

=-=-= Installing ssl.0.4.7 =-=-=
default    Downloading https://opam.ocaml.org/archives/ssl.0.4.7+opam.tar.gz
Downloading https://opam.ocaml.org/archives/ssl.0.4.7+opam.tar.gz
--2014-05-05 02:43:07--  https://opam.ocaml.org/archives/ssl.0.4.7+opam.tar.gz
Resolving opam.ocaml.org (opam.ocaml.org)... 192.237.250.17, 2001:4801:7823:76:bb74:1f8e:ff10:627
Connecting to opam.ocaml.org (opam.ocaml.org)|192.237.250.17|:443... connected.
HTTP request sent, awaiting response... 200 OK
Length: 118058 (115K) [application/octet-stream]
Saving to: 'ssl.0.4.7+opam.tar.gz'

     0K .......... .......... .......... .......... .......... 43%  189K 0s
    50K .......... .......... .......... .......... .......... 86%  373K 0s
   100K .......... .....                                      100% 54.5M=0.4s

2014-05-05 02:43:08 (289 KB/s) - 'ssl.0.4.7+opam.tar.gz' saved [118058/118058]

Building ssl.0.4.7:
  ./configure --prefix /home/opam/.opam/4.02.0dev+trunk
  make
  make install
configuring ocaml-ssl 0.4.7
checking for gcc... gcc
checking whether the C compiler works... yes
checking for C compiler default output file name... a.out
checking for suffix of executables... 
checking whether we are cross compiling... no
checking for suffix of object files... o
checking whether we are using the GNU C compiler... yes
checking whether gcc accepts -g... yes
checking for gcc option to accept ISO C89... none needed
checking for pthread_create in -lpthread... yes
checking for ocamlc... /home/opam/.opam/4.02.0dev+trunk/bin/ocamlc
ocaml version is 4.02.0+dev5-2014-04-29
ocaml library path is /home/opam/.opam/4.02.0dev+trunk/lib/ocaml
checking for ocamlopt... /home/opam/.opam/4.02.0dev+trunk/bin/ocamlopt
checking ocamlopt version... ok
checking for ocamlc.opt... /home/opam/.opam/4.02.0dev+trunk/bin/ocamlc.opt
checking ocamlc.opt version... ok
checking for ocamlopt.opt... /home/opam/.opam/4.02.0dev+trunk/bin/ocamlopt.opt
checking ocamlc.opt version... ok
checking for ocamldep... /home/opam/.opam/4.02.0dev+trunk/bin/ocamldep
checking for ocamllex... /home/opam/.opam/4.02.0dev+trunk/bin/ocamllex
checking for ocamlyacc... /home/opam/.opam/4.02.0dev+trunk/bin/ocamlyacc
checking for ocamldoc... /home/opam/.opam/4.02.0dev+trunk/bin/ocamldoc
checking for ocamlmktop... /home/opam/.opam/4.02.0dev+trunk/bin/ocamlmktop
checking for gcc... (cached) gcc
checking whether we are using the GNU C compiler... (cached) yes
checking whether gcc accepts -g... (cached) yes
checking for gcc option to accept ISO C89... (cached) none needed
checking for SSL_new in -lssl... yes
checking how to run the C preprocessor... gcc -E
checking for grep that handles long lines and -e... /bin/grep
checking for egrep... /bin/grep -E
checking for ANSI C header files... yes
checking for sys/types.h... yes
checking for sys/stat.h... yes
checking for stdlib.h... yes
checking for string.h... yes
checking for memory.h... yes
checking for strings.h... yes
checking for inttypes.h... yes
checking for stdint.h... yes
checking for unistd.h... yes
checking openssl/ssl.h usability... yes
checking openssl/ssl.h presence... yes
checking for openssl/ssl.h... yes
checking for TLSv1_1_method in -lssl... yes
checking for TLSv1_2_method in -lssl... yes
checking for ocamlfind... /home/opam/.opam/4.02.0dev+trunk/bin/ocamlfind
checking for ocamlcp... /home/opam/.opam/4.02.0dev+trunk/bin/ocamlcp
checking for latex... no
checking for dvips... no
checking for ps2pdf... no
configure: creating ./config.status
config.status: creating src/Makefile
config.status: creating src/META
make -C src all
make[1]: Entering directory `/home/opam/.opam/4.02.0dev+trunk/build/ssl.0.4.7/src'
make[2]: Entering directory `/home/opam/.opam/4.02.0dev+trunk/build/ssl.0.4.7/src'
make[3]: Entering directory `/home/opam/.opam/4.02.0dev+trunk/build/ssl.0.4.7/src'
make[4]: Entering directory `/home/opam/.opam/4.02.0dev+trunk/build/ssl.0.4.7/src'
making ._bcdi/ssl.di from ssl.mli
making ._d/ssl.d from ssl.ml
make[4]: Leaving directory `/home/opam/.opam/4.02.0dev+trunk/build/ssl.0.4.7/src'
make[4]: Entering directory `/home/opam/.opam/4.02.0dev+trunk/build/ssl.0.4.7/src'
ocamlc -c -cc "gcc" -ccopt "-fPIC -g -O2 -DHAVE_TLS11 -DHAVE_TLS12 -ansi -DCAML_NAME_SPACE -Wall \
				-DPIC   \
				    -o ssl_stubs.o " ssl_stubs.c 
ar rcs libssl_stubs.a  ssl_stubs.o
ocamlc -c -thread ssl.mli
ocamlc -c -thread ssl.ml
File "ssl.ml", line 233, characters 12-25:
Warning 3: deprecated feature: String.create
File "ssl.ml", line 234, characters 4-16:
Warning 3: deprecated feature: String.set
File "ssl.ml", line 238, characters 12-25:
Warning 3: deprecated feature: String.create
File "ssl.ml", line 239, characters 4-37:
Warning 3: deprecated feature: String.set
File "ssl.ml", line 240, characters 4-49:
Warning 3: deprecated feature: String.set
File "ssl.ml", line 241, characters 4-48:
Warning 3: deprecated feature: String.set
File "ssl.ml", line 242, characters 4-40:
Warning 3: deprecated feature: String.set
File "ssl.ml", line 247, characters 12-25:
Warning 3: deprecated feature: String.create
File "ssl.ml", line 258, characters 12-25:
Warning 3: deprecated feature: String.create
File "ssl.ml", line 266, characters 12-25:
Warning 3: deprecated feature: String.create
ocamlmklib                     \
				-o ssl_stubs  ssl_stubs.o -lcrypto -lssl \
				
ocamlc -a -thread -dllib dllssl_stubs.so              \
				-cclib -lssl_stubs -cclib -lcrypto -cclib -lssl  -o ssl.cma  ssl.cmo
make[4]: Leaving directory `/home/opam/.opam/4.02.0dev+trunk/build/ssl.0.4.7/src'
make[3]: Leaving directory `/home/opam/.opam/4.02.0dev+trunk/build/ssl.0.4.7/src'
make[3]: Entering directory `/home/opam/.opam/4.02.0dev+trunk/build/ssl.0.4.7/src'
make[4]: Entering directory `/home/opam/.opam/4.02.0dev+trunk/build/ssl.0.4.7/src'
making ._d/ssl_threads.d from ssl_threads.ml
make[4]: Leaving directory `/home/opam/.opam/4.02.0dev+trunk/build/ssl.0.4.7/src'
make[4]: Entering directory `/home/opam/.opam/4.02.0dev+trunk/build/ssl.0.4.7/src'
ar rcs libssl_threads_stubs.a  ssl_stubs.o
ocamlc -c -thread ssl_threads.mli
ocamlc -c -thread ssl_threads.ml
ocamlmklib                     \
				-o ssl_threads_stubs  ssl_stubs.o -lcrypto -lssl \
				
ocamlc -a -thread -dllib dllssl_threads_stubs.so              \
				-cclib -lssl_threads_stubs -cclib -lcrypto -cclib -lssl  -o ssl_threads.cma  ssl.cmo ssl_threads.cmo
make[4]: Leaving directory `/home/opam/.opam/4.02.0dev+trunk/build/ssl.0.4.7/src'
make[3]: Leaving directory `/home/opam/.opam/4.02.0dev+trunk/build/ssl.0.4.7/src'
make[2]: Leaving directory `/home/opam/.opam/4.02.0dev+trunk/build/ssl.0.4.7/src'
make[2]: Entering directory `/home/opam/.opam/4.02.0dev+trunk/build/ssl.0.4.7/src'
make[3]: Entering directory `/home/opam/.opam/4.02.0dev+trunk/build/ssl.0.4.7/src'
make[4]: Entering directory `/home/opam/.opam/4.02.0dev+trunk/build/ssl.0.4.7/src'
making ._ncdi/ssl.di from ssl.mli
make[4]: Leaving directory `/home/opam/.opam/4.02.0dev+trunk/build/ssl.0.4.7/src'
make[4]: Entering directory `/home/opam/.opam/4.02.0dev+trunk/build/ssl.0.4.7/src'
make[4]: `libssl_stubs.a' is up to date.
ocamlopt -c -thread ssl.ml
File "ssl.ml", line 233, characters 12-25:
Warning 3: deprecated feature: String.create
File "ssl.ml", line 234, characters 4-16:
Warning 3: deprecated feature: String.set
File "ssl.ml", line 238, characters 12-25:
Warning 3: deprecated feature: String.create
File "ssl.ml", line 239, characters 4-37:
Warning 3: deprecated feature: String.set
File "ssl.ml", line 240, characters 4-49:
Warning 3: deprecated feature: String.set
File "ssl.ml", line 241, characters 4-48:
Warning 3: deprecated feature: String.set
File "ssl.ml", line 242, characters 4-40:
Warning 3: deprecated feature: String.set
File "ssl.ml", line 247, characters 12-25:
Warning 3: deprecated feature: String.create
File "ssl.ml", line 258, characters 12-25:
Warning 3: deprecated feature: String.create
File "ssl.ml", line 266, characters 12-25:
Warning 3: deprecated feature: String.create
ocamlopt -a -thread              -cclib -lssl_stubs -cclib -lcrypto -cclib -lssl  \
				 -o ssl.cmxa ssl.cmx
make[4]: Leaving directory `/home/opam/.opam/4.02.0dev+trunk/build/ssl.0.4.7/src'
make[3]: Leaving directory `/home/opam/.opam/4.02.0dev+trunk/build/ssl.0.4.7/src'
make[3]: Entering directory `/home/opam/.opam/4.02.0dev+trunk/build/ssl.0.4.7/src'
make[4]: Entering directory `/home/opam/.opam/4.02.0dev+trunk/build/ssl.0.4.7/src'
make[4]: `libssl_threads_stubs.a' is up to date.
ocamlopt -c -thread ssl_threads.ml
ocamlopt -a -thread              -cclib -lssl_threads_stubs -cclib -lcrypto -cclib -lssl  \
				 -o ssl_threads.cmxa ssl.cmx ssl_threads.cmx
make[4]: Leaving directory `/home/opam/.opam/4.02.0dev+trunk/build/ssl.0.4.7/src'
make[3]: Leaving directory `/home/opam/.opam/4.02.0dev+trunk/build/ssl.0.4.7/src'
make[2]: Leaving directory `/home/opam/.opam/4.02.0dev+trunk/build/ssl.0.4.7/src'
make[2]: Entering directory `/home/opam/.opam/4.02.0dev+trunk/build/ssl.0.4.7/src'
make[2]: Leaving directory `/home/opam/.opam/4.02.0dev+trunk/build/ssl.0.4.7/src'
make[1]: Leaving directory `/home/opam/.opam/4.02.0dev+trunk/build/ssl.0.4.7/src'
make -C src install
make[1]: Entering directory `/home/opam/.opam/4.02.0dev+trunk/build/ssl.0.4.7/src'
/home/opam/.opam/4.02.0dev+trunk/bin/ocamlfind install  ssl META ssl.mli ssl_threads.mli ssl.cmi ssl_threads.cmi ssl.cma ssl_threads.cma ssl.cmxa ssl_threads.cmxa ssl.cmx ssl_threads.cmx libssl_stubs.a libssl_threads_stubs.a ssl.a ssl_threads.a dllssl_stubs.so dllssl_threads_stubs.so
Installed /home/opam/.opam/4.02.0dev+trunk/lib/ssl/ssl_threads.a
Installed /home/opam/.opam/4.02.0dev+trunk/lib/ssl/ssl.a
Installed /home/opam/.opam/4.02.0dev+trunk/lib/ssl/libssl_threads_stubs.a
Installed /home/opam/.opam/4.02.0dev+trunk/lib/ssl/libssl_stubs.a
Installed /home/opam/.opam/4.02.0dev+trunk/lib/ssl/ssl_threads.cmx
Installed /home/opam/.opam/4.02.0dev+trunk/lib/ssl/ssl.cmx
Installed /home/opam/.opam/4.02.0dev+trunk/lib/ssl/ssl_threads.cmxa
Installed /home/opam/.opam/4.02.0dev+trunk/lib/ssl/ssl.cmxa
Installed /home/opam/.opam/4.02.0dev+trunk/lib/ssl/ssl_threads.cma
Installed /home/opam/.opam/4.02.0dev+trunk/lib/ssl/ssl.cma
Installed /home/opam/.opam/4.02.0dev+trunk/lib/ssl/ssl_threads.cmi
Installed /home/opam/.opam/4.02.0dev+trunk/lib/ssl/ssl.cmi
Installed /home/opam/.opam/4.02.0dev+trunk/lib/ssl/ssl_threads.mli
Installed /home/opam/.opam/4.02.0dev+trunk/lib/ssl/ssl.mli
Installed /home/opam/.opam/4.02.0dev+trunk/lib/ssl/META
Installed /home/opam/.opam/4.02.0dev+trunk/lib/stublibs/dllssl_threads_stubs.so
Installed /home/opam/.opam/4.02.0dev+trunk/lib/stublibs/dllssl_threads_stubs.so.owner
Installed /home/opam/.opam/4.02.0dev+trunk/lib/stublibs/dllssl_stubs.so
Installed /home/opam/.opam/4.02.0dev+trunk/lib/stublibs/dllssl_stubs.so.owner
ocamlfind: [WARNING] You have installed DLLs but the directory /home/opam/.opam/4.02.0dev+trunk/lib/stublibs is not mentioned in ld.conf
make[1]: Leaving directory `/home/opam/.opam/4.02.0dev+trunk/build/ssl.0.4.7/src'
Installing ssl.0.4.7.

=-=-= Installing type_conv.109.60.01 =-=-=
default    Downloading https://opam.ocaml.org/archives/type_conv.109.60.01+opam.tar.gz
Downloading https://opam.ocaml.org/archives/type_conv.109.60.01+opam.tar.gz
--2014-05-05 02:43:20--  https://opam.ocaml.org/archives/type_conv.109.60.01+opam.tar.gz
Resolving opam.ocaml.org (opam.ocaml.org)... 192.237.250.17, 2001:4801:7823:76:bb74:1f8e:ff10:627
Connecting to opam.ocaml.org (opam.ocaml.org)|192.237.250.17|:443... connected.
HTTP request sent, awaiting response... 200 OK
Length: 61975 (61K) [application/octet-stream]
Saving to: 'type_conv.109.60.01+opam.tar.gz'

     0K .......... .......... .......... .......... .......... 82%  185K 0s
    50K ..........                                            100% 71.2M=0.3s

2014-05-05 02:43:20 (224 KB/s) - 'type_conv.109.60.01+opam.tar.gz' saved [61975/61975]

Building type_conv.109.60.01:
  make
  make install
ocamlopt.opt -o setup.exe setup.ml || ocamlopt -o setup.exe setup.ml || ocamlc -o setup.exe setup.ml
File "setup.ml", line 232, characters 8-26:
Warning 3: deprecated feature: String.set
rm -f setup.cmx setup.cmi setup.o setup.obj setup.cmo
./setup.exe -configure 
W: Field 'pkg_camlp4_quotations' is not set: When looking for findlib package camlp4.quotations, directory /home/opam/.opam/4.02.0dev+trunk/lib/ocaml/camlp4 return doesn't exist
W: Field 'pkg_camlp4_extend' is not set: When looking for findlib package camlp4.extend, directory /home/opam/.opam/4.02.0dev+trunk/lib/ocaml/camlp4 return doesn't exist
E: Cannot find findlib package camlp4.extend
E: Cannot find findlib package camlp4.quotations
E: Failure("2 configuration errors")
make: *** [setup.data] Error 1
[ERROR] The compilation of type_conv.109.60.01 failed.
Removing type_conv.109.60.01.
  ocamlfind remove type_conv
ocamlfind: [WARNING] No such directory: /home/opam/.opam/4.02.0dev+trunk/lib/type_conv

=-=-= Installing lwt.2.4.5 =-=-=
default    Downloading https://opam.ocaml.org/archives/lwt.2.4.5+opam.tar.gz
Downloading https://opam.ocaml.org/archives/lwt.2.4.5+opam.tar.gz
--2014-05-05 02:43:28--  https://opam.ocaml.org/archives/lwt.2.4.5+opam.tar.gz
Resolving opam.ocaml.org (opam.ocaml.org)... 192.237.250.17, 2001:4801:7823:76:bb74:1f8e:ff10:627
Connecting to opam.ocaml.org (opam.ocaml.org)|192.237.250.17|:443... connected.
HTTP request sent, awaiting response... 200 OK
Length: 302608 (296K) [application/octet-stream]
Saving to: 'lwt.2.4.5+opam.tar.gz'

     0K .......... .......... .......... .......... .......... 16%  243K 1s
    50K .......... .......... .......... .......... .......... 33%  491K 1s
   100K .......... .......... .......... .......... .......... 50% 1.31M 0s
   150K .......... .......... .......... .......... .......... 67%  752K 0s
   200K .......... .......... .......... .......... .......... 84% 11.7M 0s
   250K .......... .......... .......... .......... .....     100% 1.41M=0.4s

2014-05-05 02:43:29 (661 KB/s) - 'lwt.2.4.5+opam.tar.gz' saved [302608/302608]

Building lwt.2.4.5:
  ./configure --disable-libev --disable-react --enable-ssl --enable-unix --enable-extra --enable-preemptive --disable-glib
  make build
  make install
File "setup.ml", line 254, characters 8-26:
Warning 3: deprecated feature: String.set
W: Field 'pkg_camlp4' is not set: When looking for findlib package camlp4, directory /home/opam/.opam/4.02.0dev+trunk/lib/ocaml/camlp4 return doesn't exist
W: Field 'pkg_camlp4_quotations_o' is not set: When looking for findlib package camlp4.quotations.o, directory /home/opam/.opam/4.02.0dev+trunk/lib/ocaml/camlp4 return doesn't exist
W: Failure("When looking for findlib package camlp4, directory /home/opam/.opam/4.02.0dev+trunk/lib/ocaml/camlp4 return doesn't exist")
W: Failure("When looking for findlib package camlp4.quotations.o, directory /home/opam/.opam/4.02.0dev+trunk/lib/ocaml/camlp4 return doesn't exist")
W: Field 'pkg_camlp4_extend' is not set: When looking for findlib package camlp4.extend, directory /home/opam/.opam/4.02.0dev+trunk/lib/ocaml/camlp4 return doesn't exist
W: Failure("When looking for findlib package camlp4, directory /home/opam/.opam/4.02.0dev+trunk/lib/ocaml/camlp4 return doesn't exist")
W: Failure("When looking for findlib package camlp4, directory /home/opam/.opam/4.02.0dev+trunk/lib/ocaml/camlp4 return doesn't exist")
W: Failure("When looking for findlib package camlp4.quotations.o, directory /home/opam/.opam/4.02.0dev+trunk/lib/ocaml/camlp4 return doesn't exist")
E: Cannot find findlib package camlp4
E: Cannot find findlib package camlp4.extend
E: Cannot find findlib package camlp4.quotations.o
E: Failure("3 configuration errors")
[ERROR] The compilation of lwt.2.4.5 failed.
Removing lwt.2.4.5.
  ocamlfind remove lwt
ocamlfind: [WARNING] No such directory: /home/opam/.opam/4.02.0dev+trunk/lib/lwt

[ERROR] Due to some errors while processing { herelib.109.35.02, lwt.2.4.5, pipebang.110.01.00, type_conv.109.60.01 }, the following actions will NOT proceed:
 - install flow.0.3
 - install variantslib.109.15.03
 - install pa_ounit.109.53.02
 - install pa_test.111.08.00
 - install enumerate.111.08.00
 - install core.111.11.00
 - install typerep.111.06.00
 - install fieldslib.109.20.03
 - install comparelib.109.60.00
 - install pa_bench.109.55.02
 - install bin_prot.111.03.00
 - install sexplib.111.11.00
 - install core_kernel.111.11.00
 - install custom_printf.111.03.00

===== ERROR while installing herelib.109.35.02 =====
# opam-version         1.1.1
# os                   linux
# command              make
# path                 /home/opam/.opam/4.02.0dev+trunk/build/herelib.109.35.02
# compiler             4.02.0dev+trunk
# exit-code            2
# env-file             /home/opam/.opam/4.02.0dev+trunk/build/herelib.109.35.02/herelib-84-ad8886.env
# stdout-file          /home/opam/.opam/4.02.0dev+trunk/build/herelib.109.35.02/herelib-84-ad8886.out
# stderr-file          /home/opam/.opam/4.02.0dev+trunk/build/herelib.109.35.02/herelib-84-ad8886.err
### stdout ###
# ocamlopt.opt -o setup.exe setup.ml || ocamlopt -o setup.exe setup.ml || ocamlc -o setup.exe setup.ml
# rm -f setup.cmx setup.cmi setup.o setup.obj setup.cmo
# ./setup.exe -configure 
### stderr ###
# ...[truncated]
# File "setup.ml", line 232, characters 8-26:
# Warning 3: deprecated feature: String.set
# W: Field 'pkg_camlp4_lib' is not set: When looking for findlib package camlp4.lib, directory /home/opam/.opam/4.02.0dev+trunk/lib/ocaml/camlp4 return doesn't exist
# W: Field 'pkg_camlp4_quotations' is not set: When looking for findlib package camlp4.quotations, directory /home/opam/.opam/4.02.0dev+trunk/lib/ocaml/camlp4 return doesn't exist
# W: Field 'pkg_camlp4_extend' is not set: When looking for findlib package camlp4.extend, directory /home/opam/.opam/4.02.0dev+trunk/lib/ocaml/camlp4 return doesn't exist
# E: Cannot find findlib package camlp4.extend
# E: Cannot find findlib package camlp4.lib
# E: Cannot find findlib package camlp4.quotations
# E: Failure("3 configuration errors")
# make: *** [setup.data] Error 1


===== ERROR while installing lwt.2.4.5 =====
# opam-version         1.1.1
# os                   linux
# command              ./configure --disable-libev --disable-react --enable-ssl --enable-unix --enable-extra --enable-preemptive --disable-glib
# path                 /home/opam/.opam/4.02.0dev+trunk/build/lwt.2.4.5
# compiler             4.02.0dev+trunk
# exit-code            1
# env-file             /home/opam/.opam/4.02.0dev+trunk/build/lwt.2.4.5/lwt-4557-335865.env
# stdout-file          /home/opam/.opam/4.02.0dev+trunk/build/lwt.2.4.5/lwt-4557-335865.out
# stderr-file          /home/opam/.opam/4.02.0dev+trunk/build/lwt.2.4.5/lwt-4557-335865.err
### stderr ###
# ...[truncated]
# W: Failure("When looking for findlib package camlp4, directory /home/opam/.opam/4.02.0dev+trunk/lib/ocaml/camlp4 return doesn't exist")
# W: Failure("When looking for findlib package camlp4.quotations.o, directory /home/opam/.opam/4.02.0dev+trunk/lib/ocaml/camlp4 return doesn't exist")
# W: Field 'pkg_camlp4_extend' is not set: When looking for findlib package camlp4.extend, directory /home/opam/.opam/4.02.0dev+trunk/lib/ocaml/camlp4 return doesn't exist
# W: Failure("When looking for findlib package camlp4, directory /home/opam/.opam/4.02.0dev+trunk/lib/ocaml/camlp4 return doesn't exist")
# W: Failure("When looking for findlib package camlp4, directory /home/opam/.opam/4.02.0dev+trunk/lib/ocaml/camlp4 return doesn't exist")
# W: Failure("When looking for findlib package camlp4.quotations.o, directory /home/opam/.opam/4.02.0dev+trunk/lib/ocaml/camlp4 return doesn't exist")
# E: Cannot find findlib package camlp4
# E: Cannot find findlib package camlp4.extend
# E: Cannot find findlib package camlp4.quotations.o
# E: Failure("3 configuration errors")


===== ERROR while installing pipebang.110.01.00 =====
# opam-version         1.1.1
# os                   linux
# command              make
# path                 /home/opam/.opam/4.02.0dev+trunk/build/pipebang.110.01.00
# compiler             4.02.0dev+trunk
# exit-code            2
# env-file             /home/opam/.opam/4.02.0dev+trunk/build/pipebang.110.01.00/pipebang-3495-6cc03f.env
# stdout-file          /home/opam/.opam/4.02.0dev+trunk/build/pipebang.110.01.00/pipebang-3495-6cc03f.out
# stderr-file          /home/opam/.opam/4.02.0dev+trunk/build/pipebang.110.01.00/pipebang-3495-6cc03f.err
### stdout ###
# ocamlopt.opt -o setup.exe setup.ml || ocamlopt -o setup.exe setup.ml || ocamlc -o setup.exe setup.ml
# rm -f setup.cmx setup.cmi setup.o setup.obj setup.cmo
# ./setup.exe -configure 
### stderr ###
# ...[truncated]
# File "setup.ml", line 232, characters 8-26:
# Warning 3: deprecated feature: String.set
# W: Field 'pkg_camlp4_extend' is not set: When looking for findlib package camlp4.extend, directory /home/opam/.opam/4.02.0dev+trunk/lib/ocaml/camlp4 return doesn't exist
# W: Field 'pkg_camlp4_lib' is not set: When looking for findlib package camlp4.lib, directory /home/opam/.opam/4.02.0dev+trunk/lib/ocaml/camlp4 return doesn't exist
# W: Field 'pkg_camlp4_quotations' is not set: When looking for findlib package camlp4.quotations, directory /home/opam/.opam/4.02.0dev+trunk/lib/ocaml/camlp4 return doesn't exist
# E: Cannot find findlib package camlp4.extend
# E: Cannot find findlib package camlp4.lib
# E: Cannot find findlib package camlp4.quotations
# E: Failure("3 configuration errors")
# make: *** [setup.data] Error 1


===== ERROR while installing type_conv.109.60.01 =====
# opam-version         1.1.1
# os                   linux
# command              make
# path                 /home/opam/.opam/4.02.0dev+trunk/build/type_conv.109.60.01
# compiler             4.02.0dev+trunk
# exit-code            2
# env-file             /home/opam/.opam/4.02.0dev+trunk/build/type_conv.109.60.01/type_conv-4473-c743ac.env
# stdout-file          /home/opam/.opam/4.02.0dev+trunk/build/type_conv.109.60.01/type_conv-4473-c743ac.out
# stderr-file          /home/opam/.opam/4.02.0dev+trunk/build/type_conv.109.60.01/type_conv-4473-c743ac.err
### stdout ###
# ocamlopt.opt -o setup.exe setup.ml || ocamlopt -o setup.exe setup.ml || ocamlc -o setup.exe setup.ml
# rm -f setup.cmx setup.cmi setup.o setup.obj setup.cmo
# ./setup.exe -configure 
### stderr ###
# File "setup.ml", line 232, characters 8-26:
# Warning 3: deprecated feature: String.set
# W: Field 'pkg_camlp4_quotations' is not set: When looking for findlib package camlp4.quotations, directory /home/opam/.opam/4.02.0dev+trunk/lib/ocaml/camlp4 return doesn't exist
# W: Field 'pkg_camlp4_extend' is not set: When looking for findlib package camlp4.extend, directory /home/opam/.opam/4.02.0dev+trunk/lib/ocaml/camlp4 return doesn't exist
# E: Cannot find findlib package camlp4.extend
# E: Cannot find findlib package camlp4.quotations
# E: Failure("2 configuration errors")
# make: *** [setup.data] Error 1


The former state can be restored with opam switch import -f "/home/opam/.opam/4.02.0dev+trunk/backup/state-20140405024105.export"
'opam install flow' failed.
