++ opam install google-drive-ocamlfuse -e ubuntu
+ depext='libcurl4-gnutls-dev libfuse-dev libsqlite3-dev zlib1g-dev'
+ echo Ubuntu depexts: libcurl4-gnutls-dev libfuse-dev libsqlite3-dev zlib1g-dev
Ubuntu depexts: libcurl4-gnutls-dev libfuse-dev libsqlite3-dev zlib1g-dev
+ '[' 'libcurl4-gnutls-dev libfuse-dev libsqlite3-dev zlib1g-dev' '!=' '' ']'
+ sudo apt-get install -qq -y build-essential m4
+ sudo apt-get install -qq -y libcurl4-gnutls-dev libfuse-dev libsqlite3-dev zlib1g-dev
debconf: unable to initialize frontend: Dialog
debconf: (Dialog frontend will not work on a dumb terminal, an emacs shell buffer, or without a controlling terminal.)
debconf: falling back to frontend: Readline
debconf: unable to initialize frontend: Readline
debconf: (This frontend requires a controlling tty.)
debconf: falling back to frontend: Teletype
dpkg-preconfigure: unable to re-open stdin: 
Selecting previously unselected package libfuse2:amd64.
(Reading database ... 22248 files and directories currently installed.)
Preparing to unpack .../libfuse2_2.9.2-4ubuntu4_amd64.deb ...
Unpacking libfuse2:amd64 (2.9.2-4ubuntu4) ...
Selecting previously unselected package libgssrpc4:amd64.
Preparing to unpack .../libgssrpc4_1.12+dfsg-2ubuntu4_amd64.deb ...
Unpacking libgssrpc4:amd64 (1.12+dfsg-2ubuntu4) ...
Selecting previously unselected package libkadm5clnt-mit9:amd64.
Preparing to unpack .../libkadm5clnt-mit9_1.12+dfsg-2ubuntu4_amd64.deb ...
Unpacking libkadm5clnt-mit9:amd64 (1.12+dfsg-2ubuntu4) ...
Selecting previously unselected package libkdb5-7:amd64.
Preparing to unpack .../libkdb5-7_1.12+dfsg-2ubuntu4_amd64.deb ...
Unpacking libkdb5-7:amd64 (1.12+dfsg-2ubuntu4) ...
Selecting previously unselected package libkadm5srv-mit9:amd64.
Preparing to unpack .../libkadm5srv-mit9_1.12+dfsg-2ubuntu4_amd64.deb ...
Unpacking libkadm5srv-mit9:amd64 (1.12+dfsg-2ubuntu4) ...
Selecting previously unselected package libpcrecpp0:amd64.
Preparing to unpack .../libpcrecpp0_1%3a8.31-2ubuntu2_amd64.deb ...
Unpacking libpcrecpp0:amd64 (1:8.31-2ubuntu2) ...
Selecting previously unselected package libgnutlsxx27:amd64.
Preparing to unpack .../libgnutlsxx27_2.12.23-12ubuntu2_amd64.deb ...
Unpacking libgnutlsxx27:amd64 (2.12.23-12ubuntu2) ...
Selecting previously unselected package comerr-dev.
Preparing to unpack .../comerr-dev_2.1-1.42.9-3ubuntu1_amd64.deb ...
Unpacking comerr-dev (2.1-1.42.9-3ubuntu1) ...
Selecting previously unselected package krb5-multidev.
Preparing to unpack .../krb5-multidev_1.12+dfsg-2ubuntu4_amd64.deb ...
Unpacking krb5-multidev (1.12+dfsg-2ubuntu4) ...
Selecting previously unselected package libgpg-error-dev.
Preparing to unpack .../libgpg-error-dev_1.12-0.2ubuntu1_amd64.deb ...
Unpacking libgpg-error-dev (1.12-0.2ubuntu1) ...
Selecting previously unselected package libgcrypt11-dev.
Preparing to unpack .../libgcrypt11-dev_1.5.3-2ubuntu4_amd64.deb ...
Unpacking libgcrypt11-dev (1.5.3-2ubuntu4) ...
Selecting previously unselected package zlib1g-dev:amd64.
Preparing to unpack .../zlib1g-dev_1%3a1.2.8.dfsg-1ubuntu1_amd64.deb ...
Unpacking zlib1g-dev:amd64 (1:1.2.8.dfsg-1ubuntu1) ...
Selecting previously unselected package libtasn1-6-dev.
Preparing to unpack .../libtasn1-6-dev_3.4-3_amd64.deb ...
Unpacking libtasn1-6-dev (3.4-3) ...
Selecting previously unselected package libp11-kit-dev.
Preparing to unpack .../libp11-kit-dev_0.20.2-2ubuntu2_amd64.deb ...
Unpacking libp11-kit-dev (0.20.2-2ubuntu2) ...
Selecting previously unselected package libgnutls-dev.
Preparing to unpack .../libgnutls-dev_2.12.23-12ubuntu2_amd64.deb ...
Unpacking libgnutls-dev (2.12.23-12ubuntu2) ...
Selecting previously unselected package libidn11-dev.
Preparing to unpack .../libidn11-dev_1.28-1ubuntu2_amd64.deb ...
Unpacking libidn11-dev (1.28-1ubuntu2) ...
Selecting previously unselected package libkrb5-dev.
Preparing to unpack .../libkrb5-dev_1.12+dfsg-2ubuntu4_amd64.deb ...
Unpacking libkrb5-dev (1.12+dfsg-2ubuntu4) ...
Selecting previously unselected package libldap2-dev:amd64.
Preparing to unpack .../libldap2-dev_2.4.31-1+nmu2ubuntu8_amd64.deb ...
Unpacking libldap2-dev:amd64 (2.4.31-1+nmu2ubuntu8) ...
Selecting previously unselected package librtmp-dev.
Preparing to unpack .../librtmp-dev_2.4+20121230.gitdf6c518-1_amd64.deb ...
Unpacking librtmp-dev (2.4+20121230.gitdf6c518-1) ...
Selecting previously unselected package libcurl4-gnutls-dev:amd64.
Preparing to unpack .../libcurl4-gnutls-dev_7.35.0-1ubuntu2_amd64.deb ...
Unpacking libcurl4-gnutls-dev:amd64 (7.35.0-1ubuntu2) ...
Selecting previously unselected package libsepol1-dev.
Preparing to unpack .../libsepol1-dev_2.2-1_amd64.deb ...
Unpacking libsepol1-dev (2.2-1) ...
Selecting previously unselected package libpcre3-dev:amd64.
Preparing to unpack .../libpcre3-dev_1%3a8.31-2ubuntu2_amd64.deb ...
Unpacking libpcre3-dev:amd64 (1:8.31-2ubuntu2) ...
Selecting previously unselected package libselinux1-dev:amd64.
Preparing to unpack .../libselinux1-dev_2.2.2-1_amd64.deb ...
Unpacking libselinux1-dev:amd64 (2.2.2-1) ...
Selecting previously unselected package libfuse-dev.
Preparing to unpack .../libfuse-dev_2.9.2-4ubuntu4_amd64.deb ...
Unpacking libfuse-dev (2.9.2-4ubuntu4) ...
Selecting previously unselected package libsqlite3-dev:amd64.
Preparing to unpack .../libsqlite3-dev_3.8.2-1ubuntu2_amd64.deb ...
Unpacking libsqlite3-dev:amd64 (3.8.2-1ubuntu2) ...
Setting up libfuse2:amd64 (2.9.2-4ubuntu4) ...
Setting up libgssrpc4:amd64 (1.12+dfsg-2ubuntu4) ...
Setting up libkadm5clnt-mit9:amd64 (1.12+dfsg-2ubuntu4) ...
Setting up libkdb5-7:amd64 (1.12+dfsg-2ubuntu4) ...
Setting up libkadm5srv-mit9:amd64 (1.12+dfsg-2ubuntu4) ...
Setting up libpcrecpp0:amd64 (1:8.31-2ubuntu2) ...
Setting up libgnutlsxx27:amd64 (2.12.23-12ubuntu2) ...
Setting up comerr-dev (2.1-1.42.9-3ubuntu1) ...
Setting up krb5-multidev (1.12+dfsg-2ubuntu4) ...
Setting up libgpg-error-dev (1.12-0.2ubuntu1) ...
Setting up libgcrypt11-dev (1.5.3-2ubuntu4) ...
Setting up zlib1g-dev:amd64 (1:1.2.8.dfsg-1ubuntu1) ...
Setting up libtasn1-6-dev (3.4-3) ...
Setting up libp11-kit-dev (0.20.2-2ubuntu2) ...
Setting up libgnutls-dev (2.12.23-12ubuntu2) ...
Setting up libidn11-dev (1.28-1ubuntu2) ...
Setting up libkrb5-dev (1.12+dfsg-2ubuntu4) ...
Setting up libldap2-dev:amd64 (2.4.31-1+nmu2ubuntu8) ...
Setting up librtmp-dev (2.4+20121230.gitdf6c518-1) ...
Setting up libcurl4-gnutls-dev:amd64 (7.35.0-1ubuntu2) ...
Setting up libsepol1-dev (2.2-1) ...
Setting up libpcre3-dev:amd64 (1:8.31-2ubuntu2) ...
Setting up libselinux1-dev:amd64 (2.2.2-1) ...
Setting up libfuse-dev (2.9.2-4ubuntu4) ...
Setting up libsqlite3-dev:amd64 (3.8.2-1ubuntu2) ...
Processing triggers for libc-bin (2.19-0ubuntu6) ...
++ opam install -e source,linux
+ srcext=
+ echo Ubuntu srcexts:
+ '[' '' '!=' '' ']'
+ opam install google-drive-ocamlfuse
Ubuntu srcexts:
The following actions will be performed:
 - install sqlite3-ocaml.2.0.5 [required by google-drive-ocamlfuse]
 - install ocurl.0.7.0 [required by google-drive-ocamlfuse]
 - install camlidl.1.05 [required by google-drive-ocamlfuse]
 - install cppo.0.9.3 [required by google-drive-ocamlfuse]
 - install cryptokit.1.9 [required by google-drive-ocamlfuse]
 - install xmlm.1.2.0 [required by google-drive-ocamlfuse]
 - install extlib-compat.1.6.1 [required by google-drive-ocamlfuse]
 - install easy-format.1.0.2 [required by google-drive-ocamlfuse]
 - install ocamlfuse.2.7.1-cvs2 [required by google-drive-ocamlfuse]
 - install ocamlnet.3.7.3 [required by google-drive-ocamlfuse]
 - install biniou.1.0.9 [required by google-drive-ocamlfuse]
 - install yojson.1.1.8 [required by google-drive-ocamlfuse]
 - install gapi-ocaml.0.2.1 [required by google-drive-ocamlfuse]
 - install google-drive-ocamlfuse.0.5.3
14 to install | 0 to reinstall | 0 to upgrade | 0 to downgrade | 0 to remove

=-=-= Installing camlidl.1.05 =-=-=
default    Downloading https://opam.ocaml.org/archives/camlidl.1.05+opam.tar.gz
Downloading https://opam.ocaml.org/archives/camlidl.1.05+opam.tar.gz
--2014-05-05 03:22:32--  https://opam.ocaml.org/archives/camlidl.1.05+opam.tar.gz
Resolving opam.ocaml.org (opam.ocaml.org)... 192.237.250.17, 2001:4801:7823:76:bb74:1f8e:ff10:627
Connecting to opam.ocaml.org (opam.ocaml.org)|192.237.250.17|:443... connected.
HTTP request sent, awaiting response... 200 OK
Length: 105104 (103K) [application/octet-stream]
Saving to: 'camlidl.1.05+opam.tar.gz'

     0K .......... .......... .......... .......... .......... 48%  245K 0s
    50K .......... .......... .......... .......... .......... 97%  501K 0s
   100K ..                                                    100% 5037G=0.3s

2014-05-05 03:22:33 (338 KB/s) - 'camlidl.1.05+opam.tar.gz' saved [105104/105104]

Applying cpp-location.diff.
patching file config/Makefile.unix
Building camlidl.1.05:
  mv config/Makefile.unix config/Makefile
  mkdir -p /home/opam/.opam/4.02.0dev+trunk/bin /home/opam/.opam/4.02.0dev+trunk/lib/camlidl /home/opam/.opam/4.02.0dev+trunk/lib/camlidl/caml
  make all
  make install BINDIR=/home/opam/.opam/4.02.0dev+trunk/bin OCAMLLIB=/home/opam/.opam/4.02.0dev+trunk/lib/camlidl
cd compiler; make all
make[1]: Entering directory `/home/opam/.opam/4.02.0dev+trunk/build/camlidl.1.05/compiler'
rm -f config.ml
sed -e 's|%%CPP%%|cpp|' \
          config.mlp > config.ml
chmod -w config.ml
ocamlc -g -c config.mli
ocamlc -g -c config.ml
ocamlc -g -c utils.mli
ocamlc -g -c utils.ml
File "utils.ml", line 51, characters 15-28:
Warning 3: deprecated feature: String.create
ocamlc -g -c clflags.ml
ocamlc -g -c idltypes.mli
ocamlc -g -c prefix.mli
ocamlc -g -c prefix.ml
ocamlc -g -c lexpr.mli
ocamlc -g -c lexpr.ml
File "lexpr.ml", line 268, characters 10-16:
Warning 26: unused variable trail'.
ocamlc -g -c cvttyp.mli
ocamlc -g -c cvttyp.ml
ocamlc -g -c variables.mli
ocamlc -g -c variables.ml
ocamlc -g -c array.mli
ocamlc -g -c array.ml
ocamlc -g -c struct.mli
ocamlc -g -c struct.ml
ocamlc -g -c enum.mli
ocamlc -g -c enum.ml
ocamlc -g -c union.mli
ocamlc -g -c union.ml
ocamlc -g -c cvtval.mli
ocamlc -g -c cvtval.ml
ocamlc -g -c structdecl.mli
ocamlc -g -c structdecl.ml
ocamlc -g -c enumdecl.mli
ocamlc -g -c enumdecl.ml
ocamlc -g -c uniondecl.mli
ocamlc -g -c uniondecl.ml
ocamlc -g -c typedef.mli
ocamlc -g -c typedef.ml
ocamlc -g -c funct.mli
ocamlc -g -c funct.ml
ocamlc -g -c constdecl.mli
ocamlc -g -c constdecl.ml
File "constdecl.ml", line 36, characters 4-24:
Warning 26: unused variable ty.
ocamlc -g -c intf.mli
ocamlc -g -c intf.ml
File "intf.ml", line 312, characters 12-16:
Warning 26: unused variable outs.
File "intf.ml", line 312, characters 7-10:
Warning 26: unused variable ins.
ocamlc -g -c file.mli
ocamlc -g -c file.ml
ocamlc -g -c predef.mli
ocamlc -g -c predef.ml
ocamllex linenum.mll
16 states, 331 transitions, table size 1420 bytes
ocamlc -g -c linenum.mli
ocamlc -g -c linenum.ml
ocamlc -g -c parse_aux.mli
ocamlc -g -c parse_aux.ml
File "parse_aux.ml", line 167, characters 23-54:
Warning 23: all the fields are explicitly listed in this record:
the 'with' clause is useless.
File "parse_aux.ml", line 169, characters 42-74:
Warning 23: all the fields are explicitly listed in this record:
the 'with' clause is useless.
File "parse_aux.ml", line 171, characters 22-47:
Warning 23: all the fields are explicitly listed in this record:
the 'with' clause is useless.
ocamlyacc -v parser_midl.mly
12 shift/reduce conflicts.
ocamlc -g -c parser_midl.mli
ocamlc -g -c parser_midl.ml
ocamllex lexer_midl.mll
129 states, 1747 transitions, table size 7762 bytes
ocamlc -g -c lexer_midl.mli
ocamlc -g -c lexer_midl.ml
ocamlc -g -c parse.mli
ocamlc -g -c parse.ml
ocamlc -g -c fixlabels.mli
ocamlc -g -c fixlabels.ml
ocamlc -g -c normalize.mli
ocamlc -g -c normalize.ml
ocamlc -g -c main.ml
ocamlc -g -o camlidl config.cmo utils.cmo clflags.cmo prefix.cmo lexpr.cmo cvttyp.cmo variables.cmo array.cmo struct.cmo enum.cmo union.cmo cvtval.cmo structdecl.cmo enumdecl.cmo uniondecl.cmo typedef.cmo funct.cmo constdecl.cmo intf.cmo file.cmo predef.cmo linenum.cmo parse_aux.cmo parser_midl.cmo lexer_midl.cmo parse.cmo fixlabels.cmo normalize.cmo main.cmo
File "array.cmo", line 1:
Warning 31: files array.cmo and /home/opam/.opam/4.02.0dev+trunk/lib/ocaml/stdlib.cma(Array) both define a module named Array
make[1]: Leaving directory `/home/opam/.opam/4.02.0dev+trunk/build/camlidl.1.05/compiler'
cd runtime; make all
make[1]: Entering directory `/home/opam/.opam/4.02.0dev+trunk/build/camlidl.1.05/runtime'
ocamlc -g -ccopt "-Wall -g" idlalloc.c
ocamlc -g -ccopt "-Wall -g" comintf.c
ocamlc -g -ccopt "-Wall -g" comerror.c
comerror.c: In function 'camlidl_error':
comerror.c:52:8: warning: unused variable 'msg' [-Wunused-variable]
   char msg[1024];
        ^
comerror.c: In function 'camlidl_uncaught_exception':
comerror.c:171:3: warning: implicit declaration of function 'caml_format_exception' [-Wimplicit-function-declaration]
   char * msg = format_caml_exception(exn_bucket);
   ^
In file included from /home/opam/.opam/4.02.0dev+trunk/lib/ocaml/caml/mlvalues.h:18:0,
                 from comerror.c:20:
/home/opam/.opam/4.02.0dev+trunk/lib/ocaml/caml/compatibility.h:249:31: warning: initialization makes pointer from integer without a cast [enabled by default]
 #define format_caml_exception caml_format_exception /*SP*/
                               ^
comerror.c:171:16: note: in expansion of macro 'format_caml_exception'
   char * msg = format_caml_exception(exn_bucket);
                ^
rm -f libcamlidl.a
ar rc libcamlidl.a idlalloc.o comintf.o comerror.o
ranlib libcamlidl.a
make[1]: Leaving directory `/home/opam/.opam/4.02.0dev+trunk/build/camlidl.1.05/runtime'
cd lib; make all
make[1]: Entering directory `/home/opam/.opam/4.02.0dev+trunk/build/camlidl.1.05/lib'
ocamlc -g -c com.mli
ocamlc -g -c com.ml
ocamlc -g -a -o com.cma com.cmo
ocamlopt -c com.ml
ocamlopt -a -o com.cmxa com.cmx
make[1]: Leaving directory `/home/opam/.opam/4.02.0dev+trunk/build/camlidl.1.05/lib'
cd tools; make all
make[1]: Entering directory `/home/opam/.opam/4.02.0dev+trunk/build/camlidl.1.05/tools'
make[1]: Nothing to be done for `all'.
make[1]: Leaving directory `/home/opam/.opam/4.02.0dev+trunk/build/camlidl.1.05/tools'
cd compiler; make install
make[1]: Entering directory `/home/opam/.opam/4.02.0dev+trunk/build/camlidl.1.05/compiler'
cp camlidl /home/opam/.opam/4.02.0dev+trunk/bin
make[1]: Leaving directory `/home/opam/.opam/4.02.0dev+trunk/build/camlidl.1.05/compiler'
cd runtime; make install
make[1]: Entering directory `/home/opam/.opam/4.02.0dev+trunk/build/camlidl.1.05/runtime'
cp camlidlruntime.h /home/opam/.opam/4.02.0dev+trunk/lib/camlidl/caml/camlidlruntime.h
cp libcamlidl.a /home/opam/.opam/4.02.0dev+trunk/lib/camlidl/libcamlidl.a
cd /home/opam/.opam/4.02.0dev+trunk/lib/camlidl; ranlib libcamlidl.a
make[1]: Leaving directory `/home/opam/.opam/4.02.0dev+trunk/build/camlidl.1.05/runtime'
cd lib; make install
make[1]: Entering directory `/home/opam/.opam/4.02.0dev+trunk/build/camlidl.1.05/lib'
cp com.cmi com.cma com.cmxa com.a /home/opam/.opam/4.02.0dev+trunk/lib/camlidl
cd /home/opam/.opam/4.02.0dev+trunk/lib/camlidl; ranlib com.a
make[1]: Leaving directory `/home/opam/.opam/4.02.0dev+trunk/build/camlidl.1.05/lib'
cd tools; make install
make[1]: Entering directory `/home/opam/.opam/4.02.0dev+trunk/build/camlidl.1.05/tools'
make[1]: Nothing to be done for `install'.
make[1]: Leaving directory `/home/opam/.opam/4.02.0dev+trunk/build/camlidl.1.05/tools'
Installing camlidl.1.05.

=-=-= Installing cppo.0.9.3 =-=-=
default    Downloading https://opam.ocaml.org/archives/cppo.0.9.3+opam.tar.gz
Downloading https://opam.ocaml.org/archives/cppo.0.9.3+opam.tar.gz
--2014-05-05 03:22:43--  https://opam.ocaml.org/archives/cppo.0.9.3+opam.tar.gz
Resolving opam.ocaml.org (opam.ocaml.org)... 192.237.250.17, 2001:4801:7823:76:bb74:1f8e:ff10:627
Connecting to opam.ocaml.org (opam.ocaml.org)|192.237.250.17|:443... connected.
HTTP request sent, awaiting response... 200 OK
Length: 20088 (20K) [application/octet-stream]
Saving to: 'cppo.0.9.3+opam.tar.gz'

     0K .......... .........                                  100%  198K=0.1s

2014-05-05 03:22:44 (198 KB/s) - 'cppo.0.9.3+opam.tar.gz' saved [20088/20088]

Building cppo.0.9.3:
  make
echo 'let cppo_version = "0.9.3"' > cppo_version.ml
ocamlyacc cppo_parser.mly
ocamllex cppo_lexer.mll
354 states, 13186 transitions, table size 54868 bytes
3462 additional bytes used for bindings
ocamlopt -o cppo -dtypes unix.cmxa cppo_version.ml cppo_types.ml cppo_parser.mli cppo_parser.ml cppo_lexer.ml cppo_command.ml cppo_eval.ml cppo_main.ml
Installing cppo.0.9.3.

=-=-= Installing cryptokit.1.9 =-=-=
default    Downloading https://opam.ocaml.org/archives/cryptokit.1.9+opam.tar.gz
Downloading https://opam.ocaml.org/archives/cryptokit.1.9+opam.tar.gz
--2014-05-05 03:22:52--  https://opam.ocaml.org/archives/cryptokit.1.9+opam.tar.gz
Resolving opam.ocaml.org (opam.ocaml.org)... 192.237.250.17, 2001:4801:7823:76:bb74:1f8e:ff10:627
Connecting to opam.ocaml.org (opam.ocaml.org)|192.237.250.17|:443... connected.
HTTP request sent, awaiting response... 200 OK
Length: 143275 (140K) [application/octet-stream]
Saving to: 'cryptokit.1.9+opam.tar.gz'

     0K .......... .......... .......... .......... .......... 35%  251K 0s
    50K .......... .......... .......... .......... .......... 71%  502K 0s
   100K .......... .......... .......... .........            100% 16.0M=0.3s

2014-05-05 03:22:53 (465 KB/s) - 'cryptokit.1.9+opam.tar.gz' saved [143275/143275]

Building cryptokit.1.9:
  make
  make install
ocaml setup.ml -configure 
File "/home/gildor/programmation/oasis/src/oasis/OASISString.ml", line 118, characters 8-26:
Warning 3: deprecated feature: String.set

Configuration: 
ocamlfind: ........................................... /home/opam/.opam/4.02.0dev+trunk/bin/ocamlfind
ocamlc: .............................................. /home/opam/.opam/4.02.0dev+trunk/bin/ocamlc.opt
ocamlopt: ............................................ /home/opam/.opam/4.02.0dev+trunk/bin/ocamlopt.opt
ocamlbuild: .......................................... /home/opam/.opam/4.02.0dev+trunk/bin/ocamlbuild
Package name: ........................................ cryptokit
Package version: ..................................... 1.9
os_type: ............................................. Unix
system: .............................................. linux
architecture: ........................................ amd64
ccomp_type: .......................................... cc
ocaml_version: ....................................... 4.02.0
standard_library_default: ............................ /home/opam/.opam/4.02.0dev+trunk/lib/ocaml
standard_library: .................................... /home/opam/.opam/4.02.0dev+trunk/lib/ocaml
standard_runtime: .................................... /home/opam/.opam/4.02.0dev+trunk/bin/ocamlrun
bytecomp_c_compiler: ................................. gcc -fno-defer-pop -Wall -D_FILE_OFFSET_BITS=64 -D_REENTRANT -fPIC
native_c_compiler: ................................... gcc -Wall -D_FILE_OFFSET_BITS=64 -D_REENTRANT
model: ............................................... default
ext_obj: ............................................. .o
ext_asm: ............................................. .s
ext_lib: ............................................. .a
ext_dll: ............................................. .so
default_executable_name: ............................. a.out
systhread_supported: ................................. true
Install architecture-independent files dir: .......... /usr/local
Install architecture-dependent files in dir: ......... $prefix
User executables: .................................... $exec_prefix/bin
System admin executables: ............................ $exec_prefix/sbin
Program executables: ................................. $exec_prefix/libexec
Read-only single-machine data: ....................... $prefix/etc
Modifiable architecture-independent data: ............ $prefix/com
Modifiable single-machine data: ...................... $prefix/var
Object code libraries: ............................... $exec_prefix/lib
Read-only arch-independent data root: ................ $prefix/share
Read-only architecture-independent data: ............. $datarootdir
Info documentation: .................................. $datarootdir/info
Locale-dependent data: ............................... $datarootdir/locale
Man documentation: ................................... $datarootdir/man
Documentation root: .................................. $datarootdir/doc/$pkg_name
HTML documentation: .................................. $docdir
DVI documentation: ................................... $docdir
PDF documentation: ................................... $docdir
PS documentation: .................................... $docdir
findlib_version: ..................................... 1.4
is_native: ........................................... true
suffix_program: ...................................... 
Remove a file.: ...................................... rm -f
Remove a directory.: ................................. rm -rf
Turn ocaml debug flag on: ............................ true
Turn ocaml profile flag on: .......................... false
Compiler support generation of .cmxs.: ............... true
OCamlbuild additional flags: ......................... 
Define include path for zlib.: ....................... 
Define library path for zlib.: ....................... 
Enable ZLib: ......................................... true
Build and run benchmark: ............................. false
Create documentations: ............................... true
Compile tests executable and library and run them: ... false
ocamldoc: ............................................ /home/opam/.opam/4.02.0dev+trunk/bin/ocamldoc
pkg_unix: ............................................ /home/opam/.opam/4.02.0dev+trunk/lib/ocaml
pkg_num: ............................................. /home/opam/.opam/4.02.0dev+trunk/lib/num

ocaml setup.ml -build -classic-display
File "/home/gildor/programmation/oasis/src/oasis/OASISString.ml", line 118, characters 8-26:
Warning 3: deprecated feature: String.set
ocamlfind ocamlopt unix.cmxa -I /home/opam/.opam/4.02.0dev+trunk/lib/ocaml/ocamlbuild /home/opam/.opam/4.02.0dev+trunk/lib/ocaml/ocamlbuild/ocamlbuildlib.cmxa -linkpkg myocamlbuild.ml /home/opam/.opam/4.02.0dev+trunk/lib/ocaml/ocamlbuild/ocamlbuild.cmx -o myocamlbuild
ocamlfind ocamlc -ccopt -O -ccopt -DHAVE_ZLIB -c src/arcfour.c
mv arcfour.o src/arcfour.o
ocamlfind ocamlc -ccopt -O -ccopt -DHAVE_ZLIB -c src/stubs-arcfour.c
mv stubs-arcfour.o src/stubs-arcfour.o
ocamlfind ocamlc -ccopt -O -ccopt -DHAVE_ZLIB -c src/blowfish.c
mv blowfish.o src/blowfish.o
ocamlfind ocamlc -ccopt -O -ccopt -DHAVE_ZLIB -c src/stubs-blowfish.c
mv stubs-blowfish.o src/stubs-blowfish.o
ocamlfind ocamlc -ccopt -O -ccopt -DHAVE_ZLIB -c src/d3des.c
mv d3des.o src/d3des.o
ocamlfind ocamlc -ccopt -O -ccopt -DHAVE_ZLIB -c src/stubs-des.c
mv stubs-des.o src/stubs-des.o
ocamlfind ocamlc -ccopt -O -ccopt -DHAVE_ZLIB -c src/rijndael-alg-fst.c
mv rijndael-alg-fst.o src/rijndael-alg-fst.o
ocamlfind ocamlc -ccopt -O -ccopt -DHAVE_ZLIB -c src/ripemd160.c
mv ripemd160.o src/ripemd160.o
ocamlfind ocamlc -ccopt -O -ccopt -DHAVE_ZLIB -c src/stubs-ripemd160.c
mv stubs-ripemd160.o src/stubs-ripemd160.o
ocamlfind ocamlc -ccopt -O -ccopt -DHAVE_ZLIB -c src/sha1.c
mv sha1.o src/sha1.o
ocamlfind ocamlc -ccopt -O -ccopt -DHAVE_ZLIB -c src/stubs-sha1.c
mv stubs-sha1.o src/stubs-sha1.o
ocamlfind ocamlc -ccopt -O -ccopt -DHAVE_ZLIB -c src/sha256.c
mv sha256.o src/sha256.o
ocamlfind ocamlc -ccopt -O -ccopt -DHAVE_ZLIB -c src/stubs-sha256.c
mv stubs-sha256.o src/stubs-sha256.o
ocamlfind ocamlc -ccopt -O -ccopt -DHAVE_ZLIB -c src/stubs-aes.c
mv stubs-aes.o src/stubs-aes.o
ocamlfind ocamlc -ccopt -O -ccopt -DHAVE_ZLIB -c src/stubs-md5.c
mv stubs-md5.o src/stubs-md5.o
ocamlfind ocamlc -ccopt -O -ccopt -DHAVE_ZLIB -c src/stubs-misc.c
mv stubs-misc.o src/stubs-misc.o
ocamlfind ocamlc -ccopt -O -ccopt -DHAVE_ZLIB -c src/stubs-rng.c
mv stubs-rng.o src/stubs-rng.o
ocamlfind ocamlc -ccopt -O -ccopt -DHAVE_ZLIB -c src/stubs-zlib.c
+ ocamlfind ocamlc -ccopt -O -ccopt -DHAVE_ZLIB -c src/stubs-zlib.c
src/stubs-zlib.c: In function 'caml_zlib_deflate':
src/stubs-zlib.c:98:15: warning: pointer targets in assignment differ in signedness [-Wpointer-sign]
   zs->next_in = &Byte(srcbuf, Long_val(srcpos));
               ^
src/stubs-zlib.c:100:16: warning: pointer targets in assignment differ in signedness [-Wpointer-sign]
   zs->next_out = &Byte(dstbuf, Long_val(dstpos));
                ^
src/stubs-zlib.c: In function 'caml_zlib_inflate':
src/stubs-zlib.c:143:15: warning: pointer targets in assignment differ in signedness [-Wpointer-sign]
   zs->next_in = &Byte(srcbuf, Long_val(srcpos));
               ^
src/stubs-zlib.c:145:16: warning: pointer targets in assignment differ in signedness [-Wpointer-sign]
   zs->next_out = &Byte(dstbuf, Long_val(dstpos));
                ^
mv stubs-zlib.o src/stubs-zlib.o
ocamlfind ocamlc -ccopt -O -ccopt -DHAVE_ZLIB -c src/keccak.c
mv keccak.o src/keccak.o
ocamlfind ocamlc -ccopt -O -ccopt -DHAVE_ZLIB -c src/stubs-sha3.c
mv stubs-sha3.o src/stubs-sha3.o
/home/opam/.opam/4.02.0dev+trunk/bin/ocamlmklib -o src/cryptokit_stubs -lz src/arcfour.o src/stubs-arcfour.o src/blowfish.o src/stubs-blowfish.o src/d3des.o src/stubs-des.o src/rijndael-alg-fst.o src/ripemd160.o src/stubs-ripemd160.o src/sha1.o src/stubs-sha1.o src/sha256.o src/stubs-sha256.o src/stubs-aes.o src/stubs-md5.o src/stubs-misc.o src/stubs-rng.o src/stubs-zlib.o src/keccak.o src/stubs-sha3.o
ocamlfind ocamldep -package num -package unix -modules src/cryptokit.mli > src/cryptokit.mli.depends
ocamlfind ocamlc -c -g -ccopt -O -ccopt -DHAVE_ZLIB -package num -package unix -I src -o src/cryptokit.cmi src/cryptokit.mli
ocamlfind ocamldep -package num -package unix -modules src/cryptokit.ml > src/cryptokit.ml.depends
ocamlfind ocamlc -c -g -ccopt -O -ccopt -DHAVE_ZLIB -package num -package unix -I src -o src/cryptokit.cmo src/cryptokit.ml
+ ocamlfind ocamlc -c -g -ccopt -O -ccopt -DHAVE_ZLIB -package num -package unix -I src -o src/cryptokit.cmo src/cryptokit.ml
File "src/cryptokit.ml", line 18, characters 20-31:
Warning 3: deprecated feature: String.fill
File "src/cryptokit.ml", line 108, characters 13-26:
Warning 3: deprecated feature: String.create
File "src/cryptokit.ml", line 186, characters 13-26:
Warning 3: deprecated feature: String.create
File "src/cryptokit.ml", line 224, characters 6-17:
Warning 3: deprecated feature: String.fill
File "src/cryptokit.ml", line 241, characters 6-29:
Warning 3: deprecated feature: String.set
File "src/cryptokit.ml", line 243, characters 8-28:
Warning 3: deprecated feature: String.set
File "src/cryptokit.ml", line 263, characters 23-36:
Warning 3: deprecated feature: String.create
File "src/cryptokit.ml", line 285, characters 23-36:
Warning 3: deprecated feature: String.create
File "src/cryptokit.ml", line 340, characters 6-45:
Warning 3: deprecated feature: String.set
File "src/cryptokit.ml", line 358, characters 6-45:
Warning 3: deprecated feature: String.set
File "src/cryptokit.ml", line 495, characters 18-31:
Warning 3: deprecated feature: String.create
File "src/cryptokit.ml", line 513, characters 14-27:
Warning 3: deprecated feature: String.create
File "src/cryptokit.ml", line 532, characters 14-27:
Warning 3: deprecated feature: String.create
File "src/cryptokit.ml", line 566, characters 15-28:
Warning 3: deprecated feature: String.create
File "src/cryptokit.ml", line 597, characters 8-24:
Warning 3: deprecated feature: String.set
File "src/cryptokit.ml", line 603, characters 8-21:
Warning 3: deprecated feature: String.set
File "src/cryptokit.ml", line 673, characters 17-30:
Warning 3: deprecated feature: String.create
File "src/cryptokit.ml", line 702, characters 8-26:
Warning 3: deprecated feature: String.set
File "src/cryptokit.ml", line 707, characters 8-23:
Warning 3: deprecated feature: String.set
File "src/cryptokit.ml", line 785, characters 18-31:
Warning 3: deprecated feature: String.create
File "src/cryptokit.ml", line 800, characters 6-22:
Warning 3: deprecated feature: String.set
File "src/cryptokit.ml", line 1077, characters 12-25:
Warning 3: deprecated feature: String.create
File "src/cryptokit.ml", line 1130, characters 18-31:
Warning 3: deprecated feature: String.create
File "src/cryptokit.ml", line 1131, characters 8-25:
Warning 3: deprecated feature: String.set
File "src/cryptokit.ml", line 1132, characters 8-32:
Warning 3: deprecated feature: String.set
File "src/cryptokit.ml", line 1189, characters 15-28:
Warning 3: deprecated feature: String.create
File "src/cryptokit.ml", line 1197, characters 12-130:
Warning 3: deprecated feature: String.set
File "src/cryptokit.ml", line 1447, characters 10-23:
Warning 3: deprecated feature: String.create
File "src/cryptokit.ml", line 1454, characters 4-53:
Warning 3: deprecated feature: String.set
File "src/cryptokit.ml", line 1531, characters 12-25:
Warning 3: deprecated feature: String.create
File "src/cryptokit.ml", line 1846, characters 15-28:
Warning 3: deprecated feature: String.create
File "src/cryptokit.ml", line 1875, characters 15-28:
Warning 3: deprecated feature: String.create
File "src/cryptokit.ml", line 1880, characters 6-22:
Warning 3: deprecated feature: String.set
File "src/cryptokit.ml", line 1887, characters 8-53:
Warning 3: deprecated feature: String.set
File "src/cryptokit.ml", line 1888, characters 8-75:
Warning 3: deprecated feature: String.set
File "src/cryptokit.ml", line 1889, characters 8-76:
Warning 3: deprecated feature: String.set
File "src/cryptokit.ml", line 1890, characters 8-55:
Warning 3: deprecated feature: String.set
File "src/cryptokit.ml", line 1896, characters 10-29:
Warning 3: deprecated feature: String.set
File "src/cryptokit.ml", line 1917, characters 10-55:
Warning 3: deprecated feature: String.set
File "src/cryptokit.ml", line 1918, characters 10-64:
Warning 3: deprecated feature: String.set
File "src/cryptokit.ml", line 1924, characters 10-55:
Warning 3: deprecated feature: String.set
File "src/cryptokit.ml", line 1925, characters 10-77:
Warning 3: deprecated feature: String.set
File "src/cryptokit.ml", line 1926, characters 10-65:
Warning 3: deprecated feature: String.set
File "src/cryptokit.ml", line 1934, characters 8-19:
Warning 3: deprecated feature: String.fill
File "src/cryptokit.ml", line 1939, characters 8-27:
Warning 3: deprecated feature: String.set
File "src/cryptokit.ml", line 1982, characters 12-70:
Warning 3: deprecated feature: String.set
File "src/cryptokit.ml", line 1983, characters 12-80:
Warning 3: deprecated feature: String.set
File "src/cryptokit.ml", line 1984, characters 12-73:
Warning 3: deprecated feature: String.set
File "src/cryptokit.ml", line 2007, characters 10-68:
Warning 3: deprecated feature: String.set
File "src/cryptokit.ml", line 2011, characters 10-68:
Warning 3: deprecated feature: String.set
File "src/cryptokit.ml", line 2012, characters 10-78:
Warning 3: deprecated feature: String.set
File "src/cryptokit.ml", line 2039, characters 6-45:
Warning 3: deprecated feature: String.set
File "src/cryptokit.ml", line 2040, characters 6-52:
Warning 3: deprecated feature: String.set
File "src/cryptokit.ml", line 2084, characters 10-64:
Warning 3: deprecated feature: String.set
File "src/cryptokit.ml", line 1930, characters 19-21:
Warning 3: deprecated feature: operator (or); you should use (||) instead
ocamlfind ocamlc -a -dllib -lcryptokit_stubs -cclib -lcryptokit_stubs -cclib -lz src/cryptokit.cmo -o src/cryptokit.cma
ocamlfind ocamlopt -c -g -ccopt -O -ccopt -DHAVE_ZLIB -package num -package unix -I src -o src/cryptokit.cmx src/cryptokit.ml
+ ocamlfind ocamlopt -c -g -ccopt -O -ccopt -DHAVE_ZLIB -package num -package unix -I src -o src/cryptokit.cmx src/cryptokit.ml
File "src/cryptokit.ml", line 18, characters 20-31:
Warning 3: deprecated feature: String.fill
File "src/cryptokit.ml", line 108, characters 13-26:
Warning 3: deprecated feature: String.create
File "src/cryptokit.ml", line 186, characters 13-26:
Warning 3: deprecated feature: String.create
File "src/cryptokit.ml", line 224, characters 6-17:
Warning 3: deprecated feature: String.fill
File "src/cryptokit.ml", line 241, characters 6-29:
Warning 3: deprecated feature: String.set
File "src/cryptokit.ml", line 243, characters 8-28:
Warning 3: deprecated feature: String.set
File "src/cryptokit.ml", line 263, characters 23-36:
Warning 3: deprecated feature: String.create
File "src/cryptokit.ml", line 285, characters 23-36:
Warning 3: deprecated feature: String.create
File "src/cryptokit.ml", line 340, characters 6-45:
Warning 3: deprecated feature: String.set
File "src/cryptokit.ml", line 358, characters 6-45:
Warning 3: deprecated feature: String.set
File "src/cryptokit.ml", line 495, characters 18-31:
Warning 3: deprecated feature: String.create
File "src/cryptokit.ml", line 513, characters 14-27:
Warning 3: deprecated feature: String.create
File "src/cryptokit.ml", line 532, characters 14-27:
Warning 3: deprecated feature: String.create
File "src/cryptokit.ml", line 566, characters 15-28:
Warning 3: deprecated feature: String.create
File "src/cryptokit.ml", line 597, characters 8-24:
Warning 3: deprecated feature: String.set
File "src/cryptokit.ml", line 603, characters 8-21:
Warning 3: deprecated feature: String.set
File "src/cryptokit.ml", line 673, characters 17-30:
Warning 3: deprecated feature: String.create
File "src/cryptokit.ml", line 702, characters 8-26:
Warning 3: deprecated feature: String.set
File "src/cryptokit.ml", line 707, characters 8-23:
Warning 3: deprecated feature: String.set
File "src/cryptokit.ml", line 785, characters 18-31:
Warning 3: deprecated feature: String.create
File "src/cryptokit.ml", line 800, characters 6-22:
Warning 3: deprecated feature: String.set
File "src/cryptokit.ml", line 1077, characters 12-25:
Warning 3: deprecated feature: String.create
File "src/cryptokit.ml", line 1130, characters 18-31:
Warning 3: deprecated feature: String.create
File "src/cryptokit.ml", line 1131, characters 8-25:
Warning 3: deprecated feature: String.set
File "src/cryptokit.ml", line 1132, characters 8-32:
Warning 3: deprecated feature: String.set
File "src/cryptokit.ml", line 1189, characters 15-28:
Warning 3: deprecated feature: String.create
File "src/cryptokit.ml", line 1197, characters 12-130:
Warning 3: deprecated feature: String.set
File "src/cryptokit.ml", line 1447, characters 10-23:
Warning 3: deprecated feature: String.create
File "src/cryptokit.ml", line 1454, characters 4-53:
Warning 3: deprecated feature: String.set
File "src/cryptokit.ml", line 1531, characters 12-25:
Warning 3: deprecated feature: String.create
File "src/cryptokit.ml", line 1846, characters 15-28:
Warning 3: deprecated feature: String.create
File "src/cryptokit.ml", line 1875, characters 15-28:
Warning 3: deprecated feature: String.create
File "src/cryptokit.ml", line 1880, characters 6-22:
Warning 3: deprecated feature: String.set
File "src/cryptokit.ml", line 1887, characters 8-53:
Warning 3: deprecated feature: String.set
File "src/cryptokit.ml", line 1888, characters 8-75:
Warning 3: deprecated feature: String.set
File "src/cryptokit.ml", line 1889, characters 8-76:
Warning 3: deprecated feature: String.set
File "src/cryptokit.ml", line 1890, characters 8-55:
Warning 3: deprecated feature: String.set
File "src/cryptokit.ml", line 1896, characters 10-29:
Warning 3: deprecated feature: String.set
File "src/cryptokit.ml", line 1917, characters 10-55:
Warning 3: deprecated feature: String.set
File "src/cryptokit.ml", line 1918, characters 10-64:
Warning 3: deprecated feature: String.set
File "src/cryptokit.ml", line 1924, characters 10-55:
Warning 3: deprecated feature: String.set
File "src/cryptokit.ml", line 1925, characters 10-77:
Warning 3: deprecated feature: String.set
File "src/cryptokit.ml", line 1926, characters 10-65:
Warning 3: deprecated feature: String.set
File "src/cryptokit.ml", line 1934, characters 8-19:
Warning 3: deprecated feature: String.fill
File "src/cryptokit.ml", line 1939, characters 8-27:
Warning 3: deprecated feature: String.set
File "src/cryptokit.ml", line 1982, characters 12-70:
Warning 3: deprecated feature: String.set
File "src/cryptokit.ml", line 1983, characters 12-80:
Warning 3: deprecated feature: String.set
File "src/cryptokit.ml", line 1984, characters 12-73:
Warning 3: deprecated feature: String.set
File "src/cryptokit.ml", line 2007, characters 10-68:
Warning 3: deprecated feature: String.set
File "src/cryptokit.ml", line 2011, characters 10-68:
Warning 3: deprecated feature: String.set
File "src/cryptokit.ml", line 2012, characters 10-78:
Warning 3: deprecated feature: String.set
File "src/cryptokit.ml", line 2039, characters 6-45:
Warning 3: deprecated feature: String.set
File "src/cryptokit.ml", line 2040, characters 6-52:
Warning 3: deprecated feature: String.set
File "src/cryptokit.ml", line 2084, characters 10-64:
Warning 3: deprecated feature: String.set
File "src/cryptokit.ml", line 1930, characters 19-21:
Warning 3: deprecated feature: operator (or); you should use (||) instead
ocamlfind ocamlopt -a -cclib -lcryptokit_stubs -cclib -lz src/cryptokit.cmx -o src/cryptokit.cmxa
ocamlfind ocamlopt -shared -cclib -lcryptokit_stubs -I src src/cryptokit.cmx -o src/cryptokit.cmxs
ocaml setup.ml -install 
File "/home/gildor/programmation/oasis/src/oasis/OASISString.ml", line 118, characters 8-26:
Warning 3: deprecated feature: String.set
Installed /home/opam/.opam/4.02.0dev+trunk/lib/cryptokit/cryptokit.mli
Installed /home/opam/.opam/4.02.0dev+trunk/lib/cryptokit/libcryptokit_stubs.a
Installed /home/opam/.opam/4.02.0dev+trunk/lib/cryptokit/cryptokit.cma
Installed /home/opam/.opam/4.02.0dev+trunk/lib/cryptokit/cryptokit.cmxa
Installed /home/opam/.opam/4.02.0dev+trunk/lib/cryptokit/cryptokit.a
Installed /home/opam/.opam/4.02.0dev+trunk/lib/cryptokit/cryptokit.cmxs
Installed /home/opam/.opam/4.02.0dev+trunk/lib/cryptokit/cryptokit.cmi
Installed /home/opam/.opam/4.02.0dev+trunk/lib/cryptokit/cryptokit.cmx
Installed /home/opam/.opam/4.02.0dev+trunk/lib/cryptokit/META
Installed /home/opam/.opam/4.02.0dev+trunk/lib/stublibs/dllcryptokit_stubs.so
Installed /home/opam/.opam/4.02.0dev+trunk/lib/stublibs/dllcryptokit_stubs.so.owner
ocamlfind: [WARNING] You have installed DLLs but the directory /home/opam/.opam/4.02.0dev+trunk/lib/stublibs is not mentioned in ld.conf
Installing cryptokit.1.9.

=-=-= Installing easy-format.1.0.2 =-=-=
default    Downloading https://opam.ocaml.org/archives/easy-format.1.0.2+opam.tar.gz
Downloading https://opam.ocaml.org/archives/easy-format.1.0.2+opam.tar.gz
--2014-05-05 03:23:05--  https://opam.ocaml.org/archives/easy-format.1.0.2+opam.tar.gz
Resolving opam.ocaml.org (opam.ocaml.org)... 192.237.250.17, 2001:4801:7823:76:bb74:1f8e:ff10:627
Connecting to opam.ocaml.org (opam.ocaml.org)|192.237.250.17|:443... connected.
HTTP request sent, awaiting response... 200 OK
Length: 13746 (13K) [application/octet-stream]
Saving to: 'easy-format.1.0.2+opam.tar.gz'

     0K .......... ...                                        100% 97.1M=0s

2014-05-05 03:23:06 (97.1 MB/s) - 'easy-format.1.0.2+opam.tar.gz' saved [13746/13746]

Building easy-format.1.0.2:
  make
  make install
ocamlc -c easy_format.mli
ocamlc -c -dtypes easy_format.ml
touch bytecode
ocamlc -c easy_format.mli
ocamlopt -c -dtypes easy_format.ml
ocamlopt -I . -shared -linkall -o easy_format.cmxs easy_format.cmx
touch nativecode
echo "version = \"1.0.2\"" > META; cat META.tpl >> META
INSTALL_FILES="META easy_format.cmi easy_format.mli"; \
		if test -f bytecode; then \
		  INSTALL_FILES="$INSTALL_FILES easy_format.cmo"; \
		fi; \
		if test -f nativecode; then \
		  INSTALL_FILES="$INSTALL_FILES easy_format.cmx easy_format.o easy_format.cmxs"; \
		fi; \
		ocamlfind install easy-format $INSTALL_FILES
Installed /home/opam/.opam/4.02.0dev+trunk/lib/easy-format/easy_format.cmxs
Installed /home/opam/.opam/4.02.0dev+trunk/lib/easy-format/easy_format.o
Installed /home/opam/.opam/4.02.0dev+trunk/lib/easy-format/easy_format.cmx
Installed /home/opam/.opam/4.02.0dev+trunk/lib/easy-format/easy_format.cmo
Installed /home/opam/.opam/4.02.0dev+trunk/lib/easy-format/easy_format.mli
Installed /home/opam/.opam/4.02.0dev+trunk/lib/easy-format/easy_format.cmi
Installed /home/opam/.opam/4.02.0dev+trunk/lib/easy-format/META
Installing easy-format.1.0.2.

=-=-= Installing extlib-compat.1.6.1 =-=-=
default    Downloading https://opam.ocaml.org/archives/extlib-compat.1.6.1+opam.tar.gz
Downloading https://opam.ocaml.org/archives/extlib-compat.1.6.1+opam.tar.gz
--2014-05-05 03:23:13--  https://opam.ocaml.org/archives/extlib-compat.1.6.1+opam.tar.gz
Resolving opam.ocaml.org (opam.ocaml.org)... 192.237.250.17, 2001:4801:7823:76:bb74:1f8e:ff10:627
Connecting to opam.ocaml.org (opam.ocaml.org)|192.237.250.17|:443... connected.
HTTP request sent, awaiting response... 200 OK
Length: 73084 (71K) [application/octet-stream]
Saving to: 'extlib-compat.1.6.1+opam.tar.gz'

     0K .......... .......... .......... .......... .......... 70%  245K 0s
    50K .......... .......... .                               100% 41.7M=0.2s

2014-05-05 03:23:14 (349 KB/s) - 'extlib-compat.1.6.1+opam.tar.gz' saved [73084/73084]

Building extlib-compat.1.6.1:
  make build install
ocamlc -g -c enum.mli enum.ml
ocamlc -g -c bitSet.mli bitSet.ml
File "bitSet.ml", line 23, characters 40-53:
Warning 3: deprecated feature: String.create
File "bitSet.ml", line 28, characters 64-75:
Warning 3: deprecated feature: String.fill
ocamlc -g -c dynArray.mli dynArray.ml
ocamlc -g -c extArray.mli extArray.ml
camlp4of pr_o.cmo -D OCAML4 -impl extHashtbl.mlpp -o extHashtbl.ml
ocamlc -g -c extHashtbl.mli extHashtbl.ml
ocamlc -g -c extList.mli extList.ml
ocamlc -g -c extString.mli extString.ml
File "extString.ml", line 28, characters 9-15:
Warning 3: deprecated feature: create
File "extString.ml", line 30, characters 2-12:
Warning 3: deprecated feature: unsafe_set
File "extString.ml", line 126, characters 2-8:
Warning 3: deprecated feature: create
File "extString.ml", line 173, characters 9-15:
Warning 3: deprecated feature: create
File "extString.ml", line 175, characters 21-31:
Warning 3: deprecated feature: unsafe_set
File "extString.ml", line 180, characters 10-16:
Warning 3: deprecated feature: create
File "extString.ml", line 182, characters 2-12:
Warning 3: deprecated feature: unsafe_set
File "extString.ml", line 212, characters 12-25:
Warning 3: deprecated feature: String.create
File "extString.ml", line 215, characters 14-26:
Warning 3: deprecated feature: String.set
File "extString.ml", line 231, characters 12-18:
Warning 3: deprecated feature: create
ocamlc -g -c global.mli global.ml
ocamlc -g -c IO.mli IO.ml
File "IO.ml", line 65, characters 9-22:
Warning 3: deprecated feature: String.create
File "IO.ml", line 119, characters 9-22:
Warning 3: deprecated feature: String.create
File "IO.ml", line 180, characters 13-26:
Warning 3: deprecated feature: String.create
File "IO.ml", line 324, characters 6-23:
Warning 3: deprecated feature: String.unsafe_set
File "IO.ml", line 752, characters 12-25:
Warning 3: deprecated feature: String.create
File "IO.ml", line 769, characters 12-25:
Warning 3: deprecated feature: String.create
File "IO.ml", line 771, characters 2-19:
Warning 3: deprecated feature: String.unsafe_set
File "IO.ml", line 788, characters 4-21:
Warning 3: deprecated feature: String.unsafe_set
ocamlc -g -c option.mli option.ml
ocamlc -g -c pMap.mli pMap.ml
ocamlc -g -c std.mli std.ml
File "std.ml", line 52, characters 16-29:
Warning 3: deprecated feature: String.create
File "std.ml", line 65, characters 37-50:
Warning 3: deprecated feature: String.create
File "std.ml", line 67, characters 13-26:
Warning 3: deprecated feature: String.create
File "std.ml", line 162, characters 14-27:
Warning 3: deprecated feature: Obj.final_tag
ocamlc -g -c uChar.mli uChar.ml
ocamlc -g -c uTF8.mli uTF8.ml
ocamlc -g -c base64.mli base64.ml
File "base64.ml", line 98, characters 4-21:
Warning 3: deprecated feature: String.unsafe_set
ocamlc -g -c unzip.mli unzip.ml
File "unzip.ml", line 172, characters 12-25:
Warning 3: deprecated feature: String.create
File "unzip.ml", line 179, characters 9-22:
Warning 3: deprecated feature: String.create
File "unzip.ml", line 191, characters 1-18:
Warning 3: deprecated feature: String.unsafe_set
File "unzip.ml", line 259, characters 1-18:
Warning 3: deprecated feature: String.unsafe_set
File "unzip.ml", line 436, characters 9-22:
Warning 3: deprecated feature: String.create
ocamlc -g -c refList.mli refList.ml
ocamlc -g -c optParse.mli optParse.ml
ocamlc -g -c dllist.mli dllist.ml
ocamlc -g -c extLib.ml
ocamlc -g -a -o extLib.cma enum.cmo bitSet.cmo dynArray.cmo extArray.cmo extHashtbl.cmo extList.cmo extString.cmo global.cmo IO.cmo option.cmo pMap.cmo std.cmo uChar.cmo uTF8.cmo base64.cmo unzip.cmo refList.cmo optParse.cmo dllist.cmo extLib.cmo
ocamlopt -g -c enum.mli enum.ml
ocamlopt -g -c bitSet.mli bitSet.ml
File "bitSet.ml", line 23, characters 40-53:
Warning 3: deprecated feature: String.create
File "bitSet.ml", line 28, characters 64-75:
Warning 3: deprecated feature: String.fill
ocamlopt -g -c dynArray.mli dynArray.ml
ocamlopt -g -c extArray.mli extArray.ml
ocamlopt -g -c extHashtbl.mli extHashtbl.ml
ocamlopt -g -c extList.mli extList.ml
ocamlopt -g -c extString.mli extString.ml
File "extString.ml", line 28, characters 9-15:
Warning 3: deprecated feature: create
File "extString.ml", line 30, characters 2-12:
Warning 3: deprecated feature: unsafe_set
File "extString.ml", line 126, characters 2-8:
Warning 3: deprecated feature: create
File "extString.ml", line 173, characters 9-15:
Warning 3: deprecated feature: create
File "extString.ml", line 175, characters 21-31:
Warning 3: deprecated feature: unsafe_set
File "extString.ml", line 180, characters 10-16:
Warning 3: deprecated feature: create
File "extString.ml", line 182, characters 2-12:
Warning 3: deprecated feature: unsafe_set
File "extString.ml", line 212, characters 12-25:
Warning 3: deprecated feature: String.create
File "extString.ml", line 215, characters 14-26:
Warning 3: deprecated feature: String.set
File "extString.ml", line 231, characters 12-18:
Warning 3: deprecated feature: create
ocamlopt -g -c global.mli global.ml
ocamlopt -g -c IO.mli IO.ml
File "IO.ml", line 65, characters 9-22:
Warning 3: deprecated feature: String.create
File "IO.ml", line 119, characters 9-22:
Warning 3: deprecated feature: String.create
File "IO.ml", line 180, characters 13-26:
Warning 3: deprecated feature: String.create
File "IO.ml", line 324, characters 6-23:
Warning 3: deprecated feature: String.unsafe_set
File "IO.ml", line 752, characters 12-25:
Warning 3: deprecated feature: String.create
File "IO.ml", line 769, characters 12-25:
Warning 3: deprecated feature: String.create
File "IO.ml", line 771, characters 2-19:
Warning 3: deprecated feature: String.unsafe_set
File "IO.ml", line 788, characters 4-21:
Warning 3: deprecated feature: String.unsafe_set
ocamlopt -g -c option.mli option.ml
ocamlopt -g -c pMap.mli pMap.ml
ocamlopt -g -c std.mli std.ml
File "std.ml", line 52, characters 16-29:
Warning 3: deprecated feature: String.create
File "std.ml", line 65, characters 37-50:
Warning 3: deprecated feature: String.create
File "std.ml", line 67, characters 13-26:
Warning 3: deprecated feature: String.create
File "std.ml", line 162, characters 14-27:
Warning 3: deprecated feature: Obj.final_tag
ocamlopt -g -c uChar.mli uChar.ml
ocamlopt -g -c uTF8.mli uTF8.ml
ocamlopt -g -c base64.mli base64.ml
File "base64.ml", line 98, characters 4-21:
Warning 3: deprecated feature: String.unsafe_set
ocamlopt -g -c unzip.mli unzip.ml
File "unzip.ml", line 172, characters 12-25:
Warning 3: deprecated feature: String.create
File "unzip.ml", line 179, characters 9-22:
Warning 3: deprecated feature: String.create
File "unzip.ml", line 191, characters 1-18:
Warning 3: deprecated feature: String.unsafe_set
File "unzip.ml", line 259, characters 1-18:
Warning 3: deprecated feature: String.unsafe_set
File "unzip.ml", line 436, characters 9-22:
Warning 3: deprecated feature: String.create
ocamlopt -g -c refList.mli refList.ml
ocamlopt -g -c optParse.mli optParse.ml
ocamlopt -g -c dllist.mli dllist.ml
ocamlopt -g -c extLib.ml
ocamlopt -g -a -o extLib.cmxa enum.cmx bitSet.cmx dynArray.cmx extArray.cmx extHashtbl.cmx extList.cmx extString.cmx global.cmx IO.cmx option.cmx pMap.cmx std.cmx uChar.cmx uTF8.cmx base64.cmx unzip.cmx refList.cmx optParse.cmx dllist.cmx extLib.cmx
ocamlopt -g -shared -linkall extLib.cmxa -o extLib.cmxs
ocamlfind install -patch-version 1.6.1 extlib META extLib.cma enum.mli bitSet.mli dynArray.mli extArray.mli extHashtbl.mli extList.mli extString.mli global.mli IO.mli option.mli pMap.mli std.mli uChar.mli uTF8.mli base64.mli unzip.mli refList.mli optParse.mli dllist.mli enum.cmi bitSet.cmi dynArray.cmi extArray.cmi extHashtbl.cmi extList.cmi extString.cmi global.cmi IO.cmi option.cmi pMap.cmi std.cmi uChar.cmi uTF8.cmi base64.cmi unzip.cmi refList.cmi optParse.cmi dllist.cmi extLib.cmi -optional extLib.cmxa enum.cmx bitSet.cmx dynArray.cmx extArray.cmx extHashtbl.cmx extList.cmx extString.cmx global.cmx IO.cmx option.cmx pMap.cmx std.cmx uChar.cmx uTF8.cmx base64.cmx unzip.cmx refList.cmx optParse.cmx dllist.cmx extLib.cmx extLib.cmxs extLib.a extLib.lib
Installed /home/opam/.opam/4.02.0dev+trunk/lib/extlib/extLib.a
Installed /home/opam/.opam/4.02.0dev+trunk/lib/extlib/extLib.cmxs
Installed /home/opam/.opam/4.02.0dev+trunk/lib/extlib/extLib.cmx
Installed /home/opam/.opam/4.02.0dev+trunk/lib/extlib/dllist.cmx
Installed /home/opam/.opam/4.02.0dev+trunk/lib/extlib/optParse.cmx
Installed /home/opam/.opam/4.02.0dev+trunk/lib/extlib/refList.cmx
Installed /home/opam/.opam/4.02.0dev+trunk/lib/extlib/unzip.cmx
Installed /home/opam/.opam/4.02.0dev+trunk/lib/extlib/base64.cmx
Installed /home/opam/.opam/4.02.0dev+trunk/lib/extlib/uTF8.cmx
Installed /home/opam/.opam/4.02.0dev+trunk/lib/extlib/uChar.cmx
Installed /home/opam/.opam/4.02.0dev+trunk/lib/extlib/std.cmx
Installed /home/opam/.opam/4.02.0dev+trunk/lib/extlib/pMap.cmx
Installed /home/opam/.opam/4.02.0dev+trunk/lib/extlib/option.cmx
Installed /home/opam/.opam/4.02.0dev+trunk/lib/extlib/IO.cmx
Installed /home/opam/.opam/4.02.0dev+trunk/lib/extlib/global.cmx
Installed /home/opam/.opam/4.02.0dev+trunk/lib/extlib/extString.cmx
Installed /home/opam/.opam/4.02.0dev+trunk/lib/extlib/extList.cmx
Installed /home/opam/.opam/4.02.0dev+trunk/lib/extlib/extHashtbl.cmx
Installed /home/opam/.opam/4.02.0dev+trunk/lib/extlib/extArray.cmx
Installed /home/opam/.opam/4.02.0dev+trunk/lib/extlib/dynArray.cmx
Installed /home/opam/.opam/4.02.0dev+trunk/lib/extlib/bitSet.cmx
Installed /home/opam/.opam/4.02.0dev+trunk/lib/extlib/enum.cmx
Installed /home/opam/.opam/4.02.0dev+trunk/lib/extlib/extLib.cmxa
Installed /home/opam/.opam/4.02.0dev+trunk/lib/extlib/extLib.cmi
Installed /home/opam/.opam/4.02.0dev+trunk/lib/extlib/dllist.cmi
Installed /home/opam/.opam/4.02.0dev+trunk/lib/extlib/optParse.cmi
Installed /home/opam/.opam/4.02.0dev+trunk/lib/extlib/refList.cmi
Installed /home/opam/.opam/4.02.0dev+trunk/lib/extlib/unzip.cmi
Installed /home/opam/.opam/4.02.0dev+trunk/lib/extlib/base64.cmi
Installed /home/opam/.opam/4.02.0dev+trunk/lib/extlib/uTF8.cmi
Installed /home/opam/.opam/4.02.0dev+trunk/lib/extlib/uChar.cmi
Installed /home/opam/.opam/4.02.0dev+trunk/lib/extlib/std.cmi
Installed /home/opam/.opam/4.02.0dev+trunk/lib/extlib/pMap.cmi
Installed /home/opam/.opam/4.02.0dev+trunk/lib/extlib/option.cmi
Installed /home/opam/.opam/4.02.0dev+trunk/lib/extlib/IO.cmi
Installed /home/opam/.opam/4.02.0dev+trunk/lib/extlib/global.cmi
Installed /home/opam/.opam/4.02.0dev+trunk/lib/extlib/extString.cmi
Installed /home/opam/.opam/4.02.0dev+trunk/lib/extlib/extList.cmi
Installed /home/opam/.opam/4.02.0dev+trunk/lib/extlib/extHashtbl.cmi
Installed /home/opam/.opam/4.02.0dev+trunk/lib/extlib/extArray.cmi
Installed /home/opam/.opam/4.02.0dev+trunk/lib/extlib/dynArray.cmi
Installed /home/opam/.opam/4.02.0dev+trunk/lib/extlib/bitSet.cmi
Installed /home/opam/.opam/4.02.0dev+trunk/lib/extlib/enum.cmi
Installed /home/opam/.opam/4.02.0dev+trunk/lib/extlib/dllist.mli
Installed /home/opam/.opam/4.02.0dev+trunk/lib/extlib/optParse.mli
Installed /home/opam/.opam/4.02.0dev+trunk/lib/extlib/refList.mli
Installed /home/opam/.opam/4.02.0dev+trunk/lib/extlib/unzip.mli
Installed /home/opam/.opam/4.02.0dev+trunk/lib/extlib/base64.mli
Installed /home/opam/.opam/4.02.0dev+trunk/lib/extlib/uTF8.mli
Installed /home/opam/.opam/4.02.0dev+trunk/lib/extlib/uChar.mli
Installed /home/opam/.opam/4.02.0dev+trunk/lib/extlib/std.mli
Installed /home/opam/.opam/4.02.0dev+trunk/lib/extlib/pMap.mli
Installed /home/opam/.opam/4.02.0dev+trunk/lib/extlib/option.mli
Installed /home/opam/.opam/4.02.0dev+trunk/lib/extlib/IO.mli
Installed /home/opam/.opam/4.02.0dev+trunk/lib/extlib/global.mli
Installed /home/opam/.opam/4.02.0dev+trunk/lib/extlib/extString.mli
Installed /home/opam/.opam/4.02.0dev+trunk/lib/extlib/extList.mli
Installed /home/opam/.opam/4.02.0dev+trunk/lib/extlib/extHashtbl.mli
Installed /home/opam/.opam/4.02.0dev+trunk/lib/extlib/extArray.mli
Installed /home/opam/.opam/4.02.0dev+trunk/lib/extlib/dynArray.mli
Installed /home/opam/.opam/4.02.0dev+trunk/lib/extlib/bitSet.mli
Installed /home/opam/.opam/4.02.0dev+trunk/lib/extlib/enum.mli
Installed /home/opam/.opam/4.02.0dev+trunk/lib/extlib/extLib.cma
Installed /home/opam/.opam/4.02.0dev+trunk/lib/extlib/META
Installing extlib-compat.1.6.1.

=-=-= Installing ocurl.0.7.0 =-=-=
default    Downloading https://opam.ocaml.org/archives/ocurl.0.7.0+opam.tar.gz
Downloading https://opam.ocaml.org/archives/ocurl.0.7.0+opam.tar.gz
--2014-05-05 03:23:25--  https://opam.ocaml.org/archives/ocurl.0.7.0+opam.tar.gz
Resolving opam.ocaml.org (opam.ocaml.org)... 192.237.250.17, 2001:4801:7823:76:bb74:1f8e:ff10:627
Connecting to opam.ocaml.org (opam.ocaml.org)|192.237.250.17|:443... connected.
HTTP request sent, awaiting response... 200 OK
Length: 108461 (106K) [application/octet-stream]
Saving to: 'ocurl.0.7.0+opam.tar.gz'

     0K .......... .......... .......... .......... .......... 47%  245K 0s
    50K .......... .......... .......... .......... .......... 94%  495K 0s
   100K .....                                                 100% 39.6M=0.3s

2014-05-05 03:23:25 (347 KB/s) - 'ocurl.0.7.0+opam.tar.gz' saved [108461/108461]

Building ocurl.0.7.0:
  ./configure
  make
  make install
checking for gcc... gcc
checking whether the C compiler works... yes
checking for C compiler default output file name... a.out
checking for suffix of executables... 
checking whether we are cross compiling... no
checking for suffix of object files... o
checking whether we are using the GNU C compiler... yes
checking whether gcc accepts -g... yes
checking for gcc option to accept ISO C89... none needed
checking for libcurl cflags...  
checking for libcurl libs... -lcurl  
checking for a BSD-compatible install... /usr/bin/install -c
checking for ocamlc... ocamlc
OCaml version is 4.02.0+dev5-2014-04-29
OCaml library path is /home/opam/.opam/4.02.0dev+trunk/lib/ocaml
checking for ocamlopt... ocamlopt
checking for ocamlc.opt... ocamlc.opt
checking for ocamlopt.opt... ocamlopt.opt
checking for ocaml... ocaml
checking for ocamldep... ocamldep
checking for ocamlmktop... ocamlmktop
checking for ocamlmklib... ocamlmklib
checking for ocamldoc... ocamldoc
checking for ocamlbuild... ocamlbuild
checking for ocamlfind... ocamlfind
checking for OCaml findlib package lwt... not found
checking for prefix by checking for ocamlc... /home/opam/.opam/4.02.0dev+trunk/bin/ocamlc
checking how to run the C preprocessor... gcc -E
checking for grep that handles long lines and -e... /bin/grep
checking for egrep... /bin/grep -E
checking for ANSI C header files... yes
checking for sys/types.h... yes
checking for sys/stat.h... yes
checking for stdlib.h... yes
checking for string.h... yes
checking for memory.h... yes
checking for strings.h... yes
checking for inttypes.h... yes
checking for stdint.h... yes
checking for unistd.h... yes
checking curl/curl.h usability... yes
checking curl/curl.h presence... yes
checking for curl/curl.h... yes
checking whether CURLOPT_FILE is declared... yes
checking whether CURLOPT_URL is declared... yes
checking whether CURLOPT_PORT is declared... yes
checking whether CURLOPT_PROXY is declared... yes
checking whether CURLOPT_USERPWD is declared... yes
checking whether CURLOPT_PROXYUSERPWD is declared... yes
checking whether CURLOPT_RANGE is declared... yes
checking whether CURLOPT_INFILE is declared... yes
checking whether CURLOPT_ERRORBUFFER is declared... yes
checking whether CURLOPT_WRITEFUNCTION is declared... yes
checking whether CURLOPT_READFUNCTION is declared... yes
checking whether CURLOPT_TIMEOUT is declared... yes
checking whether CURLOPT_INFILESIZE is declared... yes
checking whether CURLOPT_POSTFIELDS is declared... yes
checking whether CURLOPT_REFERER is declared... yes
checking whether CURLOPT_FTPPORT is declared... yes
checking whether CURLOPT_USERAGENT is declared... yes
checking whether CURLOPT_LOW_SPEED_LIMIT is declared... yes
checking whether CURLOPT_LOW_SPEED_TIME is declared... yes
checking whether CURLOPT_RESUME_FROM is declared... yes
checking whether CURLOPT_COOKIE is declared... yes
checking whether CURLOPT_HTTPHEADER is declared... yes
checking whether CURLOPT_HTTPPOST is declared... yes
checking whether CURLOPT_SSLCERT is declared... yes
checking whether CURLOPT_SSLCERTPASSWD is declared... yes
checking whether CURLOPT_SSLKEYPASSWD is declared... yes
checking whether CURLOPT_CRLF is declared... yes
checking whether CURLOPT_QUOTE is declared... yes
checking whether CURLOPT_WRITEHEADER is declared... yes
checking whether CURLOPT_COOKIEFILE is declared... yes
checking whether CURLOPT_SSLVERSION is declared... yes
checking whether CURLOPT_TIMECONDITION is declared... yes
checking whether CURLOPT_TIMEVALUE is declared... yes
checking whether CURLOPT_CUSTOMREQUEST is declared... yes
checking whether CURLOPT_STDERR is declared... yes
checking whether CURLOPT_POSTQUOTE is declared... yes
checking whether CURLOPT_WRITEINFO is declared... yes
checking whether CURLOPT_VERBOSE is declared... yes
checking whether CURLOPT_HEADER is declared... yes
checking whether CURLOPT_NOPROGRESS is declared... yes
checking whether CURLOPT_NOBODY is declared... yes
checking whether CURLOPT_FAILONERROR is declared... yes
checking whether CURLOPT_UPLOAD is declared... yes
checking whether CURLOPT_POST is declared... yes
checking whether CURLOPT_FTPLISTONLY is declared... yes
checking whether CURLOPT_FTPAPPEND is declared... yes
checking whether CURLOPT_NETRC is declared... yes
checking whether CURLOPT_FOLLOWLOCATION is declared... yes
checking whether CURLOPT_TRANSFERTEXT is declared... yes
checking whether CURLOPT_PUT is declared... yes
checking whether CURLOPT_PROGRESSFUNCTION is declared... yes
checking whether CURLOPT_PROGRESSDATA is declared... yes
checking whether CURLOPT_AUTOREFERER is declared... yes
checking whether CURLOPT_PROXYPORT is declared... yes
checking whether CURLOPT_POSTFIELDSIZE is declared... yes
checking whether CURLOPT_HTTPPROXYTUNNEL is declared... yes
checking whether CURLOPT_INTERFACE is declared... yes
checking whether CURLOPT_KRB4LEVEL is declared... yes
checking whether CURLOPT_SSL_VERIFYPEER is declared... yes
checking whether CURLOPT_CAINFO is declared... yes
checking whether CURLOPT_MAXREDIRS is declared... yes
checking whether CURLOPT_FILETIME is declared... yes
checking whether CURLOPT_TELNETOPTIONS is declared... yes
checking whether CURLOPT_MAXCONNECTS is declared... yes
checking whether CURLOPT_CLOSEPOLICY is declared... yes
checking whether CURLOPT_FRESH_CONNECT is declared... yes
checking whether CURLOPT_FORBID_REUSE is declared... yes
checking whether CURLOPT_RANDOM_FILE is declared... yes
checking whether CURLOPT_EGDSOCKET is declared... yes
checking whether CURLOPT_CONNECTTIMEOUT is declared... yes
checking whether CURLOPT_HEADERFUNCTION is declared... yes
checking whether CURLOPT_HTTPGET is declared... yes
checking whether CURLOPT_SSL_VERIFYHOST is declared... yes
checking whether CURLOPT_COOKIEJAR is declared... yes
checking whether CURLOPT_SSL_CIPHER_LIST is declared... yes
checking whether CURLOPT_HTTP_VERSION is declared... yes
checking whether CURLOPT_FTP_USE_EPSV is declared... yes
checking whether CURLOPT_SSLCERTTYPE is declared... yes
checking whether CURLOPT_SSLKEY is declared... yes
checking whether CURLOPT_SSLKEYTYPE is declared... yes
checking whether CURLOPT_SSLENGINE is declared... yes
checking whether CURLOPT_SSLENGINE_DEFAULT is declared... yes
checking whether CURLOPT_DNS_USE_GLOBAL_CACHE is declared... yes
checking whether CURLOPT_DNS_CACHE_TIMEOUT is declared... yes
checking whether CURLOPT_PREQUOTE is declared... yes
checking whether CURLOPT_DEBUGFUNCTION is declared... yes
checking whether CURLOPT_DEBUGDATA is declared... yes
checking whether CURLOPT_COOKIESESSION is declared... yes
checking whether CURLOPT_CAPATH is declared... yes
checking whether CURLOPT_BUFFERSIZE is declared... yes
checking whether CURLOPT_NOSIGNAL is declared... yes
checking whether CURLOPT_SHARE is declared... yes
checking whether CURLOPT_PROXYTYPE is declared... yes
checking whether CURLOPT_ENCODING is declared... yes
checking whether CURLOPT_PRIVATE is declared... yes
checking whether CURLOPT_HTTP200ALIASES is declared... yes
checking whether CURLOPT_UNRESTRICTED_AUTH is declared... yes
checking whether CURLOPT_FTP_USE_EPRT is declared... yes
checking whether CURLOPT_HTTPAUTH is declared... yes
checking whether CURLOPT_FTP_CREATE_MISSING_DIRS is declared... yes
checking whether CURLOPT_PROXYAUTH is declared... yes
checking whether CURLOPT_FTP_RESPONSE_TIMEOUT is declared... yes
checking whether CURLOPT_IPRESOLVE is declared... yes
checking whether CURLOPT_MAXFILESIZE is declared... yes
checking whether CURLOPT_INFILESIZE_LARGE is declared... yes
checking whether CURLOPT_RESUME_FROM_LARGE is declared... yes
checking whether CURLOPT_MAXFILESIZE_LARGE is declared... yes
checking whether CURLOPT_NETRC_FILE is declared... yes
checking whether CURLOPT_FTP_SSL is declared... yes
checking whether CURLOPT_POSTFIELDSIZE_LARGE is declared... yes
checking whether CURLOPT_TCP_NODELAY is declared... yes
checking whether CURLOPT_FTPSSLAUTH is declared... yes
checking whether CURLOPT_IOCTLFUNCTION is declared... yes
checking whether CURLOPT_FTP_ACCOUNT is declared... yes
checking whether CURLOPT_COOKIELIST is declared... yes
checking whether CURLOPT_IGNORE_CONTENT_LENGTH is declared... yes
checking whether CURLOPT_FTP_SKIP_PASV_IP is declared... yes
checking whether CURLOPT_FTP_FILEMETHOD is declared... yes
checking whether CURLOPT_LOCALPORT is declared... yes
checking whether CURLOPT_LOCALPORTRANGE is declared... yes
checking whether CURLOPT_CONNECT_ONLY is declared... yes
checking whether CURLOPT_MAX_SEND_SPEED_LARGE is declared... yes
checking whether CURLOPT_MAX_RECV_SPEED_LARGE is declared... yes
checking whether CURLOPT_FTP_ALTERNATIVE_TO_USER is declared... yes
checking whether CURLOPT_SSL_SESSIONID_CACHE is declared... yes
checking whether CURLOPT_SSH_AUTH_TYPES is declared... yes
checking whether CURLOPT_SSH_PUBLIC_KEYFILE is declared... yes
checking whether CURLOPT_SSH_PRIVATE_KEYFILE is declared... yes
checking whether CURLOPT_FTP_SSL_CCC is declared... yes
checking whether CURLOPT_TIMEOUT_MS is declared... yes
checking whether CURLOPT_CONNECTTIMEOUT_MS is declared... yes
checking whether CURLOPT_HTTP_TRANSFER_DECODING is declared... yes
checking whether CURLOPT_HTTP_CONTENT_DECODING is declared... yes
checking whether CURLOPT_NEW_FILE_PERMS is declared... yes
checking whether CURLOPT_NEW_DIRECTORY_PERMS is declared... yes
checking whether CURLOPT_POST301 is declared... yes
checking whether CURLOPT_SSH_HOST_PUBLIC_KEY_MD5 is declared... yes
checking whether CURLOPT_COPYPOSTFIELDS is declared... yes
checking whether CURLOPT_PROXY_TRANSFER_MODE is declared... yes
checking whether CURLOPT_SEEKFUNCTION is declared... yes
checking whether CURLOPT_OPENSOCKETFUNCTION is declared... yes
checking whether CURLOPT_PROTOCOLS is declared... yes
checking whether CURLOPT_REDIR_PROTOCOLS is declared... yes
checking whether CURLOPT_RESOLVE is declared... yes
checking whether CURLOPT_DNS_SERVERS is declared... yes
checking whether CURLINFO_EFFECTIVE_URL is declared... yes
checking whether CURLINFO_RESPONSE_CODE is declared... yes
checking whether CURLINFO_TOTAL_TIME is declared... yes
checking whether CURLINFO_NAMELOOKUP_TIME is declared... yes
checking whether CURLINFO_CONNECT_TIME is declared... yes
checking whether CURLINFO_PRETRANSFER_TIME is declared... yes
checking whether CURLINFO_SIZE_UPLOAD is declared... yes
checking whether CURLINFO_SIZE_DOWNLOAD is declared... yes
checking whether CURLINFO_SPEED_DOWNLOAD is declared... yes
checking whether CURLINFO_SPEED_UPLOAD is declared... yes
checking whether CURLINFO_HEADER_SIZE is declared... yes
checking whether CURLINFO_REQUEST_SIZE is declared... yes
checking whether CURLINFO_SSL_VERIFYRESULT is declared... yes
checking whether CURLINFO_FILETIME is declared... yes
checking whether CURLINFO_CONTENT_LENGTH_DOWNLOAD is declared... yes
checking whether CURLINFO_CONTENT_LENGTH_UPLOAD is declared... yes
checking whether CURLINFO_STARTTRANSFER_TIME is declared... yes
checking whether CURLINFO_CONTENT_TYPE is declared... yes
checking whether CURLINFO_REDIRECT_TIME is declared... yes
checking whether CURLINFO_REDIRECT_COUNT is declared... yes
checking whether CURLINFO_PRIVATE is declared... yes
checking whether CURLINFO_HTTP_CONNECTCODE is declared... yes
checking whether CURLINFO_HTTPAUTH_AVAIL is declared... yes
checking whether CURLINFO_PROXYAUTH_AVAIL is declared... yes
checking whether CURLINFO_OS_ERRNO is declared... yes
checking whether CURLINFO_NUM_CONNECTS is declared... yes
checking whether CURLINFO_SSL_ENGINES is declared... yes
checking whether CURLINFO_COOKIELIST is declared... yes
checking whether CURLINFO_LASTSOCKET is declared... yes
checking whether CURLINFO_FTP_ENTRY_PATH is declared... yes
checking whether CURLINFO_REDIRECT_URL is declared... yes
checking whether CURLINFO_PRIMARY_IP is declared... yes
checking whether CURLINFO_LOCAL_IP is declared... yes
checking whether CURLINFO_LOCAL_PORT is declared... yes
checking whether CURLINFO_CONDITION_UNMET is declared... yes
checking whether CURLE_UNSUPPORTED_PROTOCOL is declared... yes
checking whether CURLE_FAILED_INIT is declared... yes
checking whether CURLE_URL_MALFORMAT is declared... yes
checking whether CURLE_URL_MALFORMAT_USER is declared... yes
checking whether CURLE_COULDNT_RESOLVE_PROXY is declared... yes
checking whether CURLE_COULDNT_RESOLVE_HOST is declared... yes
checking whether CURLE_COULDNT_CONNECT is declared... yes
checking whether CURLE_FTP_WEIRD_SERVER_REPLY is declared... yes
checking whether CURLE_FTP_ACCESS_DENIED is declared... yes
checking whether CURLE_FTP_USER_PASSWORD_INCORRECT is declared... yes
checking whether CURLE_FTP_WEIRD_PASS_REPLY is declared... yes
checking whether CURLE_FTP_WEIRD_USER_REPLY is declared... yes
checking whether CURLE_FTP_WEIRD_PASV_REPLY is declared... yes
checking whether CURLE_FTP_WEIRD_227_FORMAT is declared... yes
checking whether CURLE_FTP_CANT_GET_HOST is declared... yes
checking whether CURLE_FTP_CANT_RECONNECT is declared... yes
checking whether CURLE_FTP_COULDNT_SET_BINARY is declared... yes
checking whether CURLE_PARTIAL_FILE is declared... yes
checking whether CURLE_FTP_COULDNT_RETR_FILE is declared... yes
checking whether CURLE_FTP_WRITE_ERROR is declared... yes
checking whether CURLE_FTP_QUOTE_ERROR is declared... yes
checking whether CURLE_HTTP_RETURNED_ERROR is declared... yes
checking whether CURLE_WRITE_ERROR is declared... yes
checking whether CURLE_MALFORMAT_USER is declared... yes
checking whether CURLE_FTP_COULDNT_STOR_FILE is declared... yes
checking whether CURLE_READ_ERROR is declared... yes
checking whether CURLE_OUT_OF_MEMORY is declared... yes
checking whether CURLE_OPERATION_TIMEOUTED is declared... yes
checking whether CURLE_FTP_COULDNT_SET_ASCII is declared... yes
checking whether CURLE_FTP_PORT_FAILED is declared... yes
checking whether CURLE_FTP_COULDNT_USE_REST is declared... yes
checking whether CURLE_FTP_COULDNT_GET_SIZE is declared... yes
checking whether CURLE_HTTP_RANGE_ERROR is declared... yes
checking whether CURLE_HTTP_POST_ERROR is declared... yes
checking whether CURLE_SSL_CONNECT_ERROR is declared... yes
checking whether CURLE_BAD_DOWNLOAD_RESUME is declared... yes
checking whether CURLE_FILE_COULDNT_READ_FILE is declared... yes
checking whether CURLE_LDAP_CANNOT_BIND is declared... yes
checking whether CURLE_LDAP_SEARCH_FAILED is declared... yes
checking whether CURLE_LIBRARY_NOT_FOUND is declared... yes
checking whether CURLE_FUNCTION_NOT_FOUND is declared... yes
checking whether CURLE_ABORTED_BY_CALLBACK is declared... yes
checking whether CURLE_BAD_FUNCTION_ARGUMENT is declared... yes
checking whether CURLE_BAD_CALLING_ORDER is declared... yes
checking whether CURLE_INTERFACE_FAILED is declared... yes
checking whether CURLE_BAD_PASSWORD_ENTERED is declared... yes
checking whether CURLE_TOO_MANY_REDIRECTS is declared... yes
checking whether CURLE_UNKNOWN_TELNET_OPTION is declared... yes
checking whether CURLE_TELNET_OPTION_SYNTAX is declared... yes
checking whether CURLE_SSL_PEER_CERTIFICATE is declared... yes
checking whether CURLE_GOT_NOTHING is declared... yes
checking whether CURLE_SSL_ENGINE_NOTFOUND is declared... yes
checking whether CURLE_SSL_ENGINE_SETFAILED is declared... yes
checking whether CURLE_SEND_ERROR is declared... yes
checking whether CURLE_RECV_ERROR is declared... yes
checking whether CURLE_SHARE_IN_USE is declared... yes
checking whether CURLE_SSL_CERTPROBLEM is declared... yes
checking whether CURLE_SSL_CIPHER is declared... yes
checking whether CURLE_SSL_CACERT is declared... yes
checking whether CURLE_BAD_CONTENT_ENCODING is declared... yes
checking whether CURLE_LDAP_INVALID_URL is declared... yes
checking whether CURLE_FILESIZE_EXCEEDED is declared... yes
checking whether CURLE_FTP_SSL_FAILED is declared... yes
checking whether CURLE_SEND_FAIL_REWIND is declared... yes
checking whether CURLE_SSL_ENGINE_INITFAILED is declared... yes
checking whether CURLE_LOGIN_DENIED is declared... yes
checking whether CURLE_TFTP_NOTFOUND is declared... yes
checking whether CURLE_TFTP_PERM is declared... yes
checking whether CURLE_REMOTE_DISK_FULL is declared... yes
checking whether CURLE_TFTP_ILLEGAL is declared... yes
checking whether CURLE_TFTP_UNKNOWNID is declared... yes
checking whether CURLE_REMOTE_FILE_EXISTS is declared... yes
checking whether CURLE_TFTP_NOSUCHUSER is declared... yes
checking whether CURLE_CONV_FAILED is declared... yes
checking whether CURLE_CONV_REQD is declared... yes
checking whether CURLE_SSL_CACERT_BADFILE is declared... yes
checking whether CURLE_REMOTE_FILE_NOT_FOUND is declared... yes
checking whether CURLE_SSH is declared... yes
checking whether CURLE_SSL_SHUTDOWN_FAILED is declared... yes
checking whether CURLE_AGAIN is declared... yes
checking whether CURL_VERSION_TLSAUTH_SRP is declared... yes
checking whether CURL_VERSION_NTLM_WB is declared... yes
configure: creating ./config.status
config.status: creating Makefile
config.status: creating examples/Makefile
config.status: creating config.h
make[1]: Entering directory `/home/opam/.opam/4.02.0dev+trunk/build/ocurl.0.7.0'
make[1]: Leaving directory `/home/opam/.opam/4.02.0dev+trunk/build/ocurl.0.7.0'
make[1]: Entering directory `/home/opam/.opam/4.02.0dev+trunk/build/ocurl.0.7.0'
ocamlc.opt -c  curl.mli -o curl.cmi
ocamlc.opt -c  curl.ml -o curl.cmo
ocamlc.opt -c -ccopt "-g -O2   -DHAVE_CONFIG_H -Wall" curl-helper.c
ocamlmklib -oc curl-helper curl-helper.o -lcurl  
ocamlmklib -o curl curl.cmo -oc curl-helper -lcurl  
ocamlopt.opt -c  curl.ml -o curl.cmx
ocamlmklib -o curl curl.cmx -oc curl-helper -lcurl  
(cd examples; make)
make[2]: Entering directory `/home/opam/.opam/4.02.0dev+trunk/build/ocurl.0.7.0/examples'
ocamlc.opt -thread -c -I ..  ocurl.ml -o ocurl.cmo
ocamlc.opt -thread -custom -I .. -ccopt -L.. curl.cma unix.cma threads.cma ocurl.cmo -o ocurl
ocamlc.opt -thread -c -I ..  oput.ml -o oput.cmo
File "oput.ml", line 10, characters 15-28:
Warning 3: deprecated feature: String.create
ocamlc.opt -thread -custom -I .. -ccopt -L.. curl.cma unix.cma threads.cma oput.cmo -o oput
ocamlc.opt -thread -c -I ..  ominimal.ml -o ominimal.cmo
ocamlc.opt -thread -custom -I .. -ccopt -L.. curl.cma unix.cma threads.cma ominimal.cmo -o ominimal
ocamlc.opt -thread -c -I ..  ossl.ml -o ossl.cmo
ocamlc.opt -thread -custom -I .. -ccopt -L.. curl.cma unix.cma threads.cma ossl.cmo -o ossl
ocamlc.opt -thread -c -I ..  ocurl_test_threads.ml -o ocurl_test_threads.cmo
ocamlc.opt -thread -custom -I .. -ccopt -L.. curl.cma unix.cma threads.cma ocurl_test_threads.cmo -o ocurl_test_threads
ocamlc.opt -thread -c -I ..  opar.ml -o opar.cmo
ocamlc.opt -thread -custom -I .. -ccopt -L.. curl.cma unix.cma threads.cma opar.cmo -o opar
ocamlc.opt -thread -c -I ..  test_cb_exn.ml -o test_cb_exn.cmo
ocamlc.opt -thread -custom -I .. -ccopt -L.. curl.cma unix.cma threads.cma test_cb_exn.cmo -o test_cb_exn
ocamlopt.opt -thread -c -I ..  ocurl.ml -o ocurl.cmx
ocamlopt.opt -thread -I .. -ccopt -L.. curl.cmxa unix.cmxa threads.cmxa ocurl.cmx -o ocurl.opt
ocamlopt.opt -thread -c -I ..  oput.ml -o oput.cmx
File "oput.ml", line 10, characters 15-28:
Warning 3: deprecated feature: String.create
ocamlopt.opt -thread -I .. -ccopt -L.. curl.cmxa unix.cmxa threads.cmxa oput.cmx -o oput.opt
ocamlopt.opt -thread -c -I ..  ominimal.ml -o ominimal.cmx
ocamlopt.opt -thread -I .. -ccopt -L.. curl.cmxa unix.cmxa threads.cmxa ominimal.cmx -o ominimal.opt
ocamlopt.opt -thread -c -I ..  ossl.ml -o ossl.cmx
ocamlopt.opt -thread -I .. -ccopt -L.. curl.cmxa unix.cmxa threads.cmxa ossl.cmx -o ossl.opt
ocamlopt.opt -thread -c -I ..  ocurl_test_threads.ml -o ocurl_test_threads.cmx
ocamlopt.opt -thread -I .. -ccopt -L.. curl.cmxa unix.cmxa threads.cmxa ocurl_test_threads.cmx -o ocurl_test_threads.opt
ocamlopt.opt -thread -c -I ..  opar.ml -o opar.cmx
ocamlopt.opt -thread -I .. -ccopt -L.. curl.cmxa unix.cmxa threads.cmxa opar.cmx -o opar.opt
ocamlopt.opt -thread -c -I ..  test_cb_exn.ml -o test_cb_exn.cmx
ocamlopt.opt -thread -I .. -ccopt -L.. curl.cmxa unix.cmxa threads.cmxa test_cb_exn.cmx -o test_cb_exn.opt
make[2]: Leaving directory `/home/opam/.opam/4.02.0dev+trunk/build/ocurl.0.7.0/examples'
make[1]: Leaving directory `/home/opam/.opam/4.02.0dev+trunk/build/ocurl.0.7.0'
ocamlfind install -patch-version 0.7.0 -ldconf ignore curl META curl.a curl.cmi curl.mli curl.cma libcurl-helper.a dllcurl-helper.so curl.cmxa
Installed /home/opam/.opam/4.02.0dev+trunk/lib/curl/curl.cmxa
Installed /home/opam/.opam/4.02.0dev+trunk/lib/curl/libcurl-helper.a
Installed /home/opam/.opam/4.02.0dev+trunk/lib/curl/curl.cma
Installed /home/opam/.opam/4.02.0dev+trunk/lib/curl/curl.mli
Installed /home/opam/.opam/4.02.0dev+trunk/lib/curl/curl.cmi
Installed /home/opam/.opam/4.02.0dev+trunk/lib/curl/curl.a
Installed /home/opam/.opam/4.02.0dev+trunk/lib/curl/META
Installed /home/opam/.opam/4.02.0dev+trunk/lib/stublibs/dllcurl-helper.so
Installed /home/opam/.opam/4.02.0dev+trunk/lib/stublibs/dllcurl-helper.so.owner
Installing ocurl.0.7.0.

=-=-= Installing sqlite3-ocaml.2.0.5 =-=-=
default    Downloading https://opam.ocaml.org/archives/sqlite3-ocaml.2.0.5+opam.tar.gz
Downloading https://opam.ocaml.org/archives/sqlite3-ocaml.2.0.5+opam.tar.gz
--2014-05-05 03:24:06--  https://opam.ocaml.org/archives/sqlite3-ocaml.2.0.5+opam.tar.gz
Resolving opam.ocaml.org (opam.ocaml.org)... 192.237.250.17, 2001:4801:7823:76:bb74:1f8e:ff10:627
Connecting to opam.ocaml.org (opam.ocaml.org)|192.237.250.17|:443... connected.
HTTP request sent, awaiting response... 200 OK
Length: 67009 (65K) [application/octet-stream]
Saving to: 'sqlite3-ocaml.2.0.5+opam.tar.gz'

     0K .......... .......... .......... .......... .......... 76%  243K 0s
    50K .......... .....                                      100% 60.0M=0.2s

2014-05-05 03:24:07 (318 KB/s) - 'sqlite3-ocaml.2.0.5+opam.tar.gz' saved [67009/67009]

Building sqlite3-ocaml.2.0.5:
  ocaml setup.ml -configure
  ocaml setup.ml -build
  ocaml setup.ml -install
File "setup.ml", line 234, characters 8-26:
Warning 3: deprecated feature: String.set

Configuration: 
ocamlfind: ........................................... /home/opam/.opam/4.02.0dev+trunk/bin/ocamlfind
ocamlc: .............................................. /home/opam/.opam/4.02.0dev+trunk/bin/ocamlc.opt
ocamlopt: ............................................ /home/opam/.opam/4.02.0dev+trunk/bin/ocamlopt.opt
ocamlbuild: .......................................... /home/opam/.opam/4.02.0dev+trunk/bin/ocamlbuild
Package name: ........................................ sqlite3-ocaml
Package version: ..................................... 2.0.5
os_type: ............................................. Unix
system: .............................................. linux
architecture: ........................................ amd64
ccomp_type: .......................................... cc
ocaml_version: ....................................... 4.02.0
standard_library_default: ............................ /home/opam/.opam/4.02.0dev+trunk/lib/ocaml
standard_library: .................................... /home/opam/.opam/4.02.0dev+trunk/lib/ocaml
standard_runtime: .................................... /home/opam/.opam/4.02.0dev+trunk/bin/ocamlrun
bytecomp_c_compiler: ................................. gcc -fno-defer-pop -Wall -D_FILE_OFFSET_BITS=64 -D_REENTRANT -fPIC
native_c_compiler: ................................... gcc -Wall -D_FILE_OFFSET_BITS=64 -D_REENTRANT
model: ............................................... default
ext_obj: ............................................. .o
ext_asm: ............................................. .s
ext_lib: ............................................. .a
ext_dll: ............................................. .so
default_executable_name: ............................. a.out
systhread_supported: ................................. true
Install architecture-independent files dir: .......... /usr/local
Install architecture-dependent files in dir: ......... $prefix
User executables: .................................... $exec_prefix/bin
System admin executables: ............................ $exec_prefix/sbin
Program executables: ................................. $exec_prefix/libexec
Read-only single-machine data: ....................... $prefix/etc
Modifiable architecture-independent data: ............ $prefix/com
Modifiable single-machine data: ...................... $prefix/var
Object code libraries: ............................... $exec_prefix/lib
Read-only arch-independent data root: ................ $prefix/share
Read-only architecture-independent data: ............. $datarootdir
Info documentation: .................................. $datarootdir/info
Locale-dependent data: ............................... $datarootdir/locale
Man documentation: ................................... $datarootdir/man
Documentation root: .................................. $datarootdir/doc/$pkg_name
HTML documentation: .................................. $docdir
DVI documentation: ................................... $docdir
PDF documentation: ................................... $docdir
PS documentation: .................................... $docdir
findlib_version: ..................................... 1.4
is_native: ........................................... true
suffix_program: ...................................... 
Remove a file.: ...................................... rm -f
Remove a directory.: ................................. rm -rf
Turn ocaml debug flag on: ............................ true
Turn ocaml profile flag on: .......................... false
Compiler support generation of .cmxs.: ............... true
OCamlbuild additional flags: ......................... 
Strict compile-time checks: .......................... true
Create documentations: ............................... true
Compile tests executable and library and run them: ... false
ocamldoc: ............................................ /home/opam/.opam/4.02.0dev+trunk/bin/ocamldoc

File "setup.ml", line 234, characters 8-26:
Warning 3: deprecated feature: String.set
ocamlfind ocamlopt unix.cmxa -I /home/opam/.opam/4.02.0dev+trunk/lib/ocaml/ocamlbuild /home/opam/.opam/4.02.0dev+trunk/lib/ocaml/ocamlbuild/ocamlbuildlib.cmxa -linkpkg myocamlbuild.ml /home/opam/.opam/4.02.0dev+trunk/lib/ocaml/ocamlbuild/ocamlbuild.cmx -o myocamlbuild
ocamlfind ocamlc -ccopt -g -ccopt -O2 -ccopt -fPIC -ccopt -DPIC -ccopt -Wall -ccopt -pedantic -ccopt -Wextra -ccopt -Wunused -ccopt -Wno-long-long -c lib/sqlite3_stubs.c
mv sqlite3_stubs.o lib/sqlite3_stubs.o
/home/opam/.opam/4.02.0dev+trunk/bin/ocamlfind ocamlmklib -o lib/sqlite3_stubs -lsqlite3 -lsqlite3 lib/sqlite3_stubs.o
ocamlfind ocamldep -modules lib/sqlite3.mli > lib/sqlite3.mli.depends
ocamlfind ocamlc -c -g -annot -strict-sequence -ccopt -g -ccopt -O2 -ccopt -fPIC -ccopt -DPIC -ccopt -Wall -ccopt -pedantic -ccopt -Wextra -ccopt -Wunused -ccopt -Wno-long-long -w Aer-44 -I lib -o lib/sqlite3.cmi lib/sqlite3.mli
ocamlfind ocamldep -modules lib/sqlite3.ml > lib/sqlite3.ml.depends
ocamlfind ocamlc -c -g -annot -strict-sequence -ccopt -g -ccopt -O2 -ccopt -fPIC -ccopt -DPIC -ccopt -Wall -ccopt -pedantic -ccopt -Wextra -ccopt -Wunused -ccopt -Wno-long-long -w Aer-44 -I lib -o lib/sqlite3.cmo lib/sqlite3.ml
ocamlfind ocamlc -a -dllib -lsqlite3_stubs -cclib -lsqlite3_stubs -cclib -lsqlite3 -cclib -lsqlite3 -cclib -lsqlite3 lib/sqlite3.cmo -o lib/sqlite3.cma
ocamlfind ocamlopt -c -g -annot -strict-sequence -ccopt -g -ccopt -O2 -ccopt -fPIC -ccopt -DPIC -ccopt -Wall -ccopt -pedantic -ccopt -Wextra -ccopt -Wunused -ccopt -Wno-long-long -w Aer-44 -I lib -o lib/sqlite3.cmx lib/sqlite3.ml
ocamlfind ocamlopt -a -cclib -lsqlite3_stubs -cclib -lsqlite3 -cclib -lsqlite3 -cclib -lsqlite3 lib/sqlite3.cmx -o lib/sqlite3.cmxa
ocamlfind ocamlopt -shared -cclib -lsqlite3_stubs -I lib -cclib -lsqlite3 lib/sqlite3.cmxa lib/sqlite3.cmx -o lib/sqlite3.cmxs
File "setup.ml", line 234, characters 8-26:
Warning 3: deprecated feature: String.set
Installed /home/opam/.opam/4.02.0dev+trunk/lib/sqlite3/sqlite3.mli
Installed /home/opam/.opam/4.02.0dev+trunk/lib/sqlite3/libsqlite3_stubs.a
Installed /home/opam/.opam/4.02.0dev+trunk/lib/sqlite3/sqlite3.cma
Installed /home/opam/.opam/4.02.0dev+trunk/lib/sqlite3/sqlite3.cmxa
Installed /home/opam/.opam/4.02.0dev+trunk/lib/sqlite3/sqlite3.a
Installed /home/opam/.opam/4.02.0dev+trunk/lib/sqlite3/sqlite3.cmxs
Installed /home/opam/.opam/4.02.0dev+trunk/lib/sqlite3/sqlite3.cmi
Installed /home/opam/.opam/4.02.0dev+trunk/lib/sqlite3/sqlite3.cmx
Installed /home/opam/.opam/4.02.0dev+trunk/lib/sqlite3/META
Installed /home/opam/.opam/4.02.0dev+trunk/lib/stublibs/dllsqlite3_stubs.so
Installed /home/opam/.opam/4.02.0dev+trunk/lib/stublibs/dllsqlite3_stubs.so.owner
ocamlfind: [WARNING] You have installed DLLs but the directory /home/opam/.opam/4.02.0dev+trunk/lib/stublibs is not mentioned in ld.conf
Installing sqlite3-ocaml.2.0.5.

=-=-= Installing xmlm.1.2.0 =-=-=
default    Downloading https://opam.ocaml.org/archives/xmlm.1.2.0+opam.tar.gz
Downloading https://opam.ocaml.org/archives/xmlm.1.2.0+opam.tar.gz
--2014-05-05 03:24:18--  https://opam.ocaml.org/archives/xmlm.1.2.0+opam.tar.gz
Resolving opam.ocaml.org (opam.ocaml.org)... 192.237.250.17, 2001:4801:7823:76:bb74:1f8e:ff10:627
Connecting to opam.ocaml.org (opam.ocaml.org)|192.237.250.17|:443... connected.
HTTP request sent, awaiting response... 200 OK
Length: 51637 (50K) [application/octet-stream]
Saving to: 'xmlm.1.2.0+opam.tar.gz'

     0K .......... .......... .......... .......... .......... 99%  251K 0s
    50K                                                       100%  814G=0.2s

2014-05-05 03:24:18 (253 KB/s) - 'xmlm.1.2.0+opam.tar.gz' saved [51637/51637]

Building xmlm.1.2.0:
  ./pkg/pkg-git
  ./pkg/build true
ocamlfind ocamldep -modules src/xmlm.mli > src/xmlm.mli.depends
ocamlfind ocamlc -c -I src -I test -o src/xmlm.cmi src/xmlm.mli
ocamlfind ocamldep -modules src/xmlm.ml > src/xmlm.ml.depends
ocamlfind ocamlopt -c -annot -bin-annot -I src -I test -o src/xmlm.cmx src/xmlm.ml
ocamlfind ocamlc -c -annot -bin-annot -I src -I test -o src/xmlm.cmo src/xmlm.ml
ocamlfind ocamlc -a src/xmlm.cmo -o src/xmlm.cma
ocamlfind ocamlopt -a src/xmlm.cmx -o src/xmlm.cmxa
ocamlfind ocamlopt -shared src/xmlm.cmx -o src/xmlm.cmxs
ocamlfind ocamldep -modules test/xmltrip.ml > test/xmltrip.ml.depends
ocamlfind ocamldep -modules test/xhtml.ml > test/xhtml.ml.depends
ocamlfind ocamlc -c -annot -bin-annot -I test -I src -o test/xhtml.cmo test/xhtml.ml
ocamlfind ocamlc -c -annot -bin-annot -I test -I src -o test/xmltrip.cmo test/xmltrip.ml
ocamlfind ocamlopt -c -annot -bin-annot -I test -I src -o test/xhtml.cmx test/xhtml.ml
ocamlfind ocamlopt -c -annot -bin-annot -I test -I src -o test/xmltrip.cmx test/xmltrip.ml
ocamlfind ocamlopt -linkpkg src/xmlm.cmx test/xhtml.cmx test/xmltrip.cmx -o test/xmltrip.native
Installing xmlm.1.2.0.
[WARNING] opam-version is an unknown field in /home/opam/.opam/4.02.0dev+trunk/build/xmlm.1.2.0/xmlm.install: is your OPAM up-to-date ?

=-=-= Installing biniou.1.0.9 =-=-=
default    Downloading https://opam.ocaml.org/archives/biniou.1.0.9+opam.tar.gz
Downloading https://opam.ocaml.org/archives/biniou.1.0.9+opam.tar.gz
--2014-05-05 03:24:27--  https://opam.ocaml.org/archives/biniou.1.0.9+opam.tar.gz
Resolving opam.ocaml.org (opam.ocaml.org)... 192.237.250.17, 2001:4801:7823:76:bb74:1f8e:ff10:627
Connecting to opam.ocaml.org (opam.ocaml.org)|192.237.250.17|:443... connected.
HTTP request sent, awaiting response... 200 OK
Length: 24297 (24K) [application/octet-stream]
Saving to: 'biniou.1.0.9+opam.tar.gz'

     0K .......... .......... ...                             100%  240K=0.1s

2014-05-05 03:24:28 (240 KB/s) - 'biniou.1.0.9+opam.tar.gz' saved [24297/24297]

Building biniou.1.0.9:
  make
  make install
ocamlfind ocamlc -a -dtypes -g -o biniou.cma \
		-package "easy-format" bi_util.mli bi_util.ml bi_share.mli bi_share.ml bi_outbuf.mli bi_outbuf.ml bi_inbuf.mli bi_inbuf.ml bi_vint.mli bi_vint.ml bi_io.mli bi_io.ml bi_dump.ml bi_stream.mli bi_stream.ml
File "bi_util.ml", line 11, characters 10-23:
Warning 3: deprecated feature: String.create
File "bi_util.ml", line 13, characters 4-51:
Warning 3: deprecated feature: String.set
File "bi_util.ml", line 18, characters 10-23:
Warning 3: deprecated feature: String.create
File "bi_util.ml", line 20, characters 4-51:
Warning 3: deprecated feature: String.set
File "bi_util.ml", line 36, characters 10-23:
Warning 3: deprecated feature: String.create
File "bi_util.ml", line 41, characters 6-64:
Warning 3: deprecated feature: String.set
File "bi_util.ml", line 43, characters 4-54:
Warning 3: deprecated feature: String.set
File "bi_outbuf.ml", line 24, characters 10-23:
Warning 3: deprecated feature: String.create
File "bi_outbuf.ml", line 40, characters 8-21:
Warning 3: deprecated feature: String.create
File "bi_outbuf.ml", line 86, characters 2-18:
Warning 3: deprecated feature: String.set
File "bi_outbuf.ml", line 90, characters 2-18:
Warning 3: deprecated feature: String.set
File "bi_outbuf.ml", line 96, characters 2-19:
Warning 3: deprecated feature: String.unsafe_set
File "bi_outbuf.ml", line 97, characters 2-19:
Warning 3: deprecated feature: String.unsafe_set
File "bi_outbuf.ml", line 102, characters 2-19:
Warning 3: deprecated feature: String.unsafe_set
File "bi_outbuf.ml", line 103, characters 2-19:
Warning 3: deprecated feature: String.unsafe_set
File "bi_outbuf.ml", line 104, characters 2-19:
Warning 3: deprecated feature: String.unsafe_set
File "bi_outbuf.ml", line 105, characters 2-19:
Warning 3: deprecated feature: String.unsafe_set
File "bi_outbuf.ml", line 116, characters 13-26:
Warning 3: deprecated feature: String.create
File "bi_inbuf.ml", line 99, characters 8-21:
Warning 3: deprecated feature: String.create
File "bi_io.ml", line 86, characters 2-19:
Warning 3: deprecated feature: String.unsafe_set
File "bi_io.ml", line 88, characters 2-19:
Warning 3: deprecated feature: String.unsafe_set
File "bi_io.ml", line 90, characters 2-19:
Warning 3: deprecated feature: String.unsafe_set
File "bi_io.ml", line 92, characters 2-19:
Warning 3: deprecated feature: String.unsafe_set
File "bi_io.ml", line 216, characters 4-21:
Warning 3: deprecated feature: String.unsafe_set
File "bi_io.ml", line 220, characters 4-21:
Warning 3: deprecated feature: String.unsafe_set
File "bi_io.ml", line 231, characters 4-21:
Warning 3: deprecated feature: String.unsafe_set
File "bi_io.ml", line 235, characters 4-21:
Warning 3: deprecated feature: String.unsafe_set
File "bi_io.ml", line 562, characters 12-25:
Warning 3: deprecated feature: String.create
File "bi_stream.ml", line 56, characters 16-29:
Warning 3: deprecated feature: String.create
ocamlfind ocamlopt -a -dtypes -g \
		-o biniou.cmxa -package "easy-format" bi_util.mli bi_util.ml bi_share.mli bi_share.ml bi_outbuf.mli bi_outbuf.ml bi_inbuf.mli bi_inbuf.ml bi_vint.mli bi_vint.ml bi_io.mli bi_io.ml bi_dump.ml bi_stream.mli bi_stream.ml
File "bi_util.ml", line 11, characters 10-23:
Warning 3: deprecated feature: String.create
File "bi_util.ml", line 13, characters 4-51:
Warning 3: deprecated feature: String.set
File "bi_util.ml", line 18, characters 10-23:
Warning 3: deprecated feature: String.create
File "bi_util.ml", line 20, characters 4-51:
Warning 3: deprecated feature: String.set
File "bi_util.ml", line 36, characters 10-23:
Warning 3: deprecated feature: String.create
File "bi_util.ml", line 41, characters 6-64:
Warning 3: deprecated feature: String.set
File "bi_util.ml", line 43, characters 4-54:
Warning 3: deprecated feature: String.set
File "bi_outbuf.ml", line 24, characters 10-23:
Warning 3: deprecated feature: String.create
File "bi_outbuf.ml", line 40, characters 8-21:
Warning 3: deprecated feature: String.create
File "bi_outbuf.ml", line 86, characters 2-18:
Warning 3: deprecated feature: String.set
File "bi_outbuf.ml", line 90, characters 2-18:
Warning 3: deprecated feature: String.set
File "bi_outbuf.ml", line 96, characters 2-19:
Warning 3: deprecated feature: String.unsafe_set
File "bi_outbuf.ml", line 97, characters 2-19:
Warning 3: deprecated feature: String.unsafe_set
File "bi_outbuf.ml", line 102, characters 2-19:
Warning 3: deprecated feature: String.unsafe_set
File "bi_outbuf.ml", line 103, characters 2-19:
Warning 3: deprecated feature: String.unsafe_set
File "bi_outbuf.ml", line 104, characters 2-19:
Warning 3: deprecated feature: String.unsafe_set
File "bi_outbuf.ml", line 105, characters 2-19:
Warning 3: deprecated feature: String.unsafe_set
File "bi_outbuf.ml", line 116, characters 13-26:
Warning 3: deprecated feature: String.create
File "bi_inbuf.ml", line 99, characters 8-21:
Warning 3: deprecated feature: String.create
File "bi_io.ml", line 86, characters 2-19:
Warning 3: deprecated feature: String.unsafe_set
File "bi_io.ml", line 88, characters 2-19:
Warning 3: deprecated feature: String.unsafe_set
File "bi_io.ml", line 90, characters 2-19:
Warning 3: deprecated feature: String.unsafe_set
File "bi_io.ml", line 92, characters 2-19:
Warning 3: deprecated feature: String.unsafe_set
File "bi_io.ml", line 216, characters 4-21:
Warning 3: deprecated feature: String.unsafe_set
File "bi_io.ml", line 220, characters 4-21:
Warning 3: deprecated feature: String.unsafe_set
File "bi_io.ml", line 231, characters 4-21:
Warning 3: deprecated feature: String.unsafe_set
File "bi_io.ml", line 235, characters 4-21:
Warning 3: deprecated feature: String.unsafe_set
File "bi_io.ml", line 562, characters 12-25:
Warning 3: deprecated feature: String.create
File "bi_stream.ml", line 56, characters 16-29:
Warning 3: deprecated feature: String.create
ocamlopt -shared -linkall -I . -o biniou.cmxs biniou.cmxa
ocamlfind ocamlopt -o bdump -dtypes -g \
		-package easy-format -linkpkg \
		biniou.cmxa bdump.ml
ocamlfind ocamlopt -o test_biniou -dtypes -g \
		-package "easy-format unix" -linkpkg \
		biniou.cmxa test_biniou.ml
sed -e 's:@@VERSION@@:1.0.9:' META.in > META
test ! -f bdump || cp bdump /home/opam/.opam/4.02.0dev+trunk/bin/
test ! -f bdump.exe || cp bdump.exe /home/opam/.opam/4.02.0dev+trunk/bin/
ocamlfind install biniou META \
          $(ls bi_util.mli bi_share.mli bi_outbuf.mli bi_inbuf.mli bi_vint.mli bi_io.mli bi_stream.mli bi_util.cmi bi_share.cmi bi_outbuf.cmi bi_inbuf.cmi bi_vint.cmi bi_io.cmi bi_dump.cmi bi_stream.cmi bi_util.cmo bi_share.cmo bi_outbuf.cmo bi_inbuf.cmo bi_vint.cmo bi_io.cmo bi_dump.cmo bi_stream.cmo bi_util.cmx bi_share.cmx bi_outbuf.cmx bi_inbuf.cmx bi_vint.cmx bi_io.cmx bi_dump.cmx bi_stream.cmx bi_util.o bi_share.o bi_outbuf.o bi_inbuf.o bi_vint.o bi_io.o bi_dump.o bi_stream.o biniou.cma biniou.cmxa biniou.cmxs biniou.a)
Installed /home/opam/.opam/4.02.0dev+trunk/lib/biniou/biniou.cmxs
Installed /home/opam/.opam/4.02.0dev+trunk/lib/biniou/biniou.cmxa
Installed /home/opam/.opam/4.02.0dev+trunk/lib/biniou/biniou.cma
Installed /home/opam/.opam/4.02.0dev+trunk/lib/biniou/biniou.a
Installed /home/opam/.opam/4.02.0dev+trunk/lib/biniou/bi_vint.o
Installed /home/opam/.opam/4.02.0dev+trunk/lib/biniou/bi_vint.mli
Installed /home/opam/.opam/4.02.0dev+trunk/lib/biniou/bi_vint.cmx
Installed /home/opam/.opam/4.02.0dev+trunk/lib/biniou/bi_vint.cmo
Installed /home/opam/.opam/4.02.0dev+trunk/lib/biniou/bi_vint.cmi
Installed /home/opam/.opam/4.02.0dev+trunk/lib/biniou/bi_util.o
Installed /home/opam/.opam/4.02.0dev+trunk/lib/biniou/bi_util.mli
Installed /home/opam/.opam/4.02.0dev+trunk/lib/biniou/bi_util.cmx
Installed /home/opam/.opam/4.02.0dev+trunk/lib/biniou/bi_util.cmo
Installed /home/opam/.opam/4.02.0dev+trunk/lib/biniou/bi_util.cmi
Installed /home/opam/.opam/4.02.0dev+trunk/lib/biniou/bi_stream.o
Installed /home/opam/.opam/4.02.0dev+trunk/lib/biniou/bi_stream.mli
Installed /home/opam/.opam/4.02.0dev+trunk/lib/biniou/bi_stream.cmx
Installed /home/opam/.opam/4.02.0dev+trunk/lib/biniou/bi_stream.cmo
Installed /home/opam/.opam/4.02.0dev+trunk/lib/biniou/bi_stream.cmi
Installed /home/opam/.opam/4.02.0dev+trunk/lib/biniou/bi_share.o
Installed /home/opam/.opam/4.02.0dev+trunk/lib/biniou/bi_share.mli
Installed /home/opam/.opam/4.02.0dev+trunk/lib/biniou/bi_share.cmx
Installed /home/opam/.opam/4.02.0dev+trunk/lib/biniou/bi_share.cmo
Installed /home/opam/.opam/4.02.0dev+trunk/lib/biniou/bi_share.cmi
Installed /home/opam/.opam/4.02.0dev+trunk/lib/biniou/bi_outbuf.o
Installed /home/opam/.opam/4.02.0dev+trunk/lib/biniou/bi_outbuf.mli
Installed /home/opam/.opam/4.02.0dev+trunk/lib/biniou/bi_outbuf.cmx
Installed /home/opam/.opam/4.02.0dev+trunk/lib/biniou/bi_outbuf.cmo
Installed /home/opam/.opam/4.02.0dev+trunk/lib/biniou/bi_outbuf.cmi
Installed /home/opam/.opam/4.02.0dev+trunk/lib/biniou/bi_io.o
Installed /home/opam/.opam/4.02.0dev+trunk/lib/biniou/bi_io.mli
Installed /home/opam/.opam/4.02.0dev+trunk/lib/biniou/bi_io.cmx
Installed /home/opam/.opam/4.02.0dev+trunk/lib/biniou/bi_io.cmo
Installed /home/opam/.opam/4.02.0dev+trunk/lib/biniou/bi_io.cmi
Installed /home/opam/.opam/4.02.0dev+trunk/lib/biniou/bi_inbuf.o
Installed /home/opam/.opam/4.02.0dev+trunk/lib/biniou/bi_inbuf.mli
Installed /home/opam/.opam/4.02.0dev+trunk/lib/biniou/bi_inbuf.cmx
Installed /home/opam/.opam/4.02.0dev+trunk/lib/biniou/bi_inbuf.cmo
Installed /home/opam/.opam/4.02.0dev+trunk/lib/biniou/bi_inbuf.cmi
Installed /home/opam/.opam/4.02.0dev+trunk/lib/biniou/bi_dump.o
Installed /home/opam/.opam/4.02.0dev+trunk/lib/biniou/bi_dump.cmx
Installed /home/opam/.opam/4.02.0dev+trunk/lib/biniou/bi_dump.cmo
Installed /home/opam/.opam/4.02.0dev+trunk/lib/biniou/bi_dump.cmi
Installed /home/opam/.opam/4.02.0dev+trunk/lib/biniou/META
Installing biniou.1.0.9.

=-=-= Installing ocamlfuse.2.7.1-cvs2 =-=-=
default    Downloading https://opam.ocaml.org/archives/ocamlfuse.2.7.1-cvs2+opam.tar.gz
Downloading https://opam.ocaml.org/archives/ocamlfuse.2.7.1-cvs2+opam.tar.gz
--2014-05-05 03:24:36--  https://opam.ocaml.org/archives/ocamlfuse.2.7.1-cvs2+opam.tar.gz
Resolving opam.ocaml.org (opam.ocaml.org)... 192.237.250.17, 2001:4801:7823:76:bb74:1f8e:ff10:627
Connecting to opam.ocaml.org (opam.ocaml.org)|192.237.250.17|:443... connected.
HTTP request sent, awaiting response... 200 OK
Length: 67952 (66K) [application/octet-stream]
Saving to: 'ocamlfuse.2.7.1-cvs2+opam.tar.gz'

     0K .......... .......... .......... .......... .......... 75%  245K 0s
    50K .......... ......                                     100% 59.5M=0.2s

2014-05-05 03:24:37 (324 KB/s) - 'ocamlfuse.2.7.1-cvs2+opam.tar.gz' saved [67952/67952]

Building ocamlfuse.2.7.1-cvs2:
  make -C lib INCDIRS=/home/opam/.opam/4.02.0dev+trunk/lib/camlidl
  make -C lib install
make: Entering directory `/home/opam/.opam/4.02.0dev+trunk/build/ocamlfuse.2.7.1-cvs2/lib'
camlidl -header  \
				 Fuse_bindings.idl
make[1]: Entering directory `/home/opam/.opam/4.02.0dev+trunk/build/ocamlfuse.2.7.1-cvs2/lib'
making ._ncdi/Fuse_bindings.di from Fuse_bindings.mli
making ._d/Fuse_bindings.d from Fuse_bindings.ml
making ._d/Fuse.d from Fuse.ml
making ._d/Fuse_lib.d from Fuse_lib.ml
making ._d/Unix_util.d from Unix_util.ml
making ._d/Result.d from Result.ml
make[1]: Leaving directory `/home/opam/.opam/4.02.0dev+trunk/build/ocamlfuse.2.7.1-cvs2/lib'
make[1]: Entering directory `/home/opam/.opam/4.02.0dev+trunk/build/ocamlfuse.2.7.1-cvs2/lib'
ocamlc -c -cc "cc" -ccopt "-fPIC -D_FILE_OFFSET_BITS=64 -I. -pthread \
				-DPIC -DNATIVE_CODE   \
				  -I/home/opam/.opam/4.02.0dev+trunk/lib/camlidl  -o Fuse_bindings_stubs.o " Fuse_bindings_stubs.c 
ocamlc -c -cc "cc" -ccopt "-fPIC -D_FILE_OFFSET_BITS=64 -I. -pthread \
				-DPIC -DNATIVE_CODE   \
				  -I/home/opam/.opam/4.02.0dev+trunk/lib/camlidl  -o Unix_util_stubs.o " Unix_util_stubs.c 
ocamlc -c -cc "cc" -ccopt "-fPIC -D_FILE_OFFSET_BITS=64 -I. -pthread \
				-DPIC -DNATIVE_CODE   \
				  -I/home/opam/.opam/4.02.0dev+trunk/lib/camlidl  -o Fuse_util.o " Fuse_util.c 
In file included from Fuse_util.c:30:0:
Fuse_util.c: In function 'gm281_ops_init':
/home/opam/.opam/4.02.0dev+trunk/lib/ocaml/caml/memory.h:226:28: warning: initialization makes pointer from integer without a cast [enabled by default]
   type caml__temp_result = (result); \
                            ^
Fuse_util.c:614:3: note: in expansion of macro 'CAMLreturnT'
   CAMLreturnT(OPNAME##_RTYPE, res); \
   ^
Fuse_util.c:296:5: note: in expansion of macro 'CALLBACK'
     MACRO(init) \
     ^
Fuse_util.c:625:1: note: in expansion of macro 'FOR_ALL_OPS'
 FOR_ALL_OPS(CALLBACK)
 ^
ar rcs libFuse_stubs.a Fuse_bindings_stubs.o Unix_util_stubs.o Fuse_util.o
ocamlopt -c -thread -I /home/opam/.opam/4.02.0dev+trunk/lib/camlidl Result.ml
ocamlopt -c -thread -I /home/opam/.opam/4.02.0dev+trunk/lib/camlidl Unix_util.ml
ocamlc -c -thread -I /home/opam/.opam/4.02.0dev+trunk/lib/camlidl Fuse_bindings.mli
ocamlopt -c -thread -I /home/opam/.opam/4.02.0dev+trunk/lib/camlidl Fuse_bindings.ml
ocamlopt -c -thread -I /home/opam/.opam/4.02.0dev+trunk/lib/camlidl Fuse_lib.ml
ocamlc -c -thread -I /home/opam/.opam/4.02.0dev+trunk/lib/camlidl Fuse.mli
ocamlopt -c -thread -I /home/opam/.opam/4.02.0dev+trunk/lib/camlidl Fuse.ml
ocamlopt -a -thread     -I /home/opam/.opam/4.02.0dev+trunk/lib/camlidl -linkall        -cclib -lFuse_stubs -cclib -lfuse -cclib -lcamlidl \
				 -o Fuse.cmxa Result.cmx Unix_util.cmx Fuse_bindings.cmx Fuse_lib.cmx Fuse.cmx
make[1]: Leaving directory `/home/opam/.opam/4.02.0dev+trunk/build/ocamlfuse.2.7.1-cvs2/lib'
make[1]: Entering directory `/home/opam/.opam/4.02.0dev+trunk/build/ocamlfuse.2.7.1-cvs2/lib'
making ._bcdi/Fuse_bindings.di from Fuse_bindings.mli
make[1]: Leaving directory `/home/opam/.opam/4.02.0dev+trunk/build/ocamlfuse.2.7.1-cvs2/lib'
make[1]: Entering directory `/home/opam/.opam/4.02.0dev+trunk/build/ocamlfuse.2.7.1-cvs2/lib'
make[1]: `libFuse_stubs.a' is up to date.
ocamlc -c -thread -I /home/opam/.opam/4.02.0dev+trunk/lib/camlidl Result.ml
ocamlc -c -thread -I /home/opam/.opam/4.02.0dev+trunk/lib/camlidl Unix_util.ml
ocamlc -c -thread -I /home/opam/.opam/4.02.0dev+trunk/lib/camlidl Fuse_bindings.ml
ocamlc -c -thread -I /home/opam/.opam/4.02.0dev+trunk/lib/camlidl Fuse_lib.ml
ocamlc -c -thread -I /home/opam/.opam/4.02.0dev+trunk/lib/camlidl Fuse.ml
ocamlmklib    -I /home/opam/.opam/4.02.0dev+trunk/lib/camlidl      \
				-o Fuse_stubs Fuse_bindings_stubs.o Unix_util_stubs.o Fuse_util.o -lfuse \
				
ocamlc -a -thread -dllib dllFuse_stubs.so -custom    -I /home/opam/.opam/4.02.0dev+trunk/lib/camlidl -linkall        bigarray.cma \
				-cclib -lFuse_stubs -cclib -lfuse -cclib -lcamlidl -o Fuse.cma  Result.cmo Unix_util.cmo Fuse_bindings.cmo Fuse_lib.cmo Fuse.cmo
make[1]: Leaving directory `/home/opam/.opam/4.02.0dev+trunk/build/ocamlfuse.2.7.1-cvs2/lib'
make: Leaving directory `/home/opam/.opam/4.02.0dev+trunk/build/ocamlfuse.2.7.1-cvs2/lib'
make: Entering directory `/home/opam/.opam/4.02.0dev+trunk/build/ocamlfuse.2.7.1-cvs2/lib'
make[1]: Entering directory `/home/opam/.opam/4.02.0dev+trunk/build/ocamlfuse.2.7.1-cvs2/lib'
make[1]: `libFuse_stubs.a' is up to date.
ocamlopt -a -thread      -linkall        -cclib -lFuse_stubs -cclib -lfuse -cclib -lcamlidl \
				 -o Fuse.cmxa Result.cmx Unix_util.cmx Fuse_bindings.cmx Fuse_lib.cmx Fuse.cmx
make[1]: Leaving directory `/home/opam/.opam/4.02.0dev+trunk/build/ocamlfuse.2.7.1-cvs2/lib'
make[1]: Entering directory `/home/opam/.opam/4.02.0dev+trunk/build/ocamlfuse.2.7.1-cvs2/lib'
make[1]: `libFuse_stubs.a' is up to date.
make[1]: `Fuse.cma' is up to date.
make[1]: Leaving directory `/home/opam/.opam/4.02.0dev+trunk/build/ocamlfuse.2.7.1-cvs2/lib'

Installing library with ocamlfind
ocamlfind install  Fuse META Fuse.a Fuse.cma Fuse.cmi Fuse.mli Fuse.cmxa Fuse_bindings.cmi Fuse_lib.cmi Unix_util.cmi dllFuse_stubs.so libFuse_stubs.a
Installed /home/opam/.opam/4.02.0dev+trunk/lib/Fuse/libFuse_stubs.a
Installed /home/opam/.opam/4.02.0dev+trunk/lib/Fuse/Unix_util.cmi
Installed /home/opam/.opam/4.02.0dev+trunk/lib/Fuse/Fuse_lib.cmi
Installed /home/opam/.opam/4.02.0dev+trunk/lib/Fuse/Fuse_bindings.cmi
Installed /home/opam/.opam/4.02.0dev+trunk/lib/Fuse/Fuse.cmxa
Installed /home/opam/.opam/4.02.0dev+trunk/lib/Fuse/Fuse.mli
Installed /home/opam/.opam/4.02.0dev+trunk/lib/Fuse/Fuse.cmi
Installed /home/opam/.opam/4.02.0dev+trunk/lib/Fuse/Fuse.cma
Installed /home/opam/.opam/4.02.0dev+trunk/lib/Fuse/Fuse.a
Installed /home/opam/.opam/4.02.0dev+trunk/lib/Fuse/META
Installed /home/opam/.opam/4.02.0dev+trunk/lib/stublibs/dllFuse_stubs.so
Installed /home/opam/.opam/4.02.0dev+trunk/lib/stublibs/dllFuse_stubs.so.owner
ocamlfind: [WARNING] You have installed DLLs but the directory /home/opam/.opam/4.02.0dev+trunk/lib/stublibs is not mentioned in ld.conf

Installation successful.
make: Leaving directory `/home/opam/.opam/4.02.0dev+trunk/build/ocamlfuse.2.7.1-cvs2/lib'
Installing ocamlfuse.2.7.1-cvs2.

=-=-= Installing ocamlnet.3.7.3 =-=-=
default    Downloading https://opam.ocaml.org/archives/ocamlnet.3.7.3+opam.tar.gz
Downloading https://opam.ocaml.org/archives/ocamlnet.3.7.3+opam.tar.gz
--2014-05-05 03:24:45--  https://opam.ocaml.org/archives/ocamlnet.3.7.3+opam.tar.gz
Resolving opam.ocaml.org (opam.ocaml.org)... 192.237.250.17, 2001:4801:7823:76:bb74:1f8e:ff10:627
Connecting to opam.ocaml.org (opam.ocaml.org)|192.237.250.17|:443... connected.
HTTP request sent, awaiting response... 200 OK
Length: 3424904 (3.3M) [application/octet-stream]
Saving to: 'ocamlnet.3.7.3+opam.tar.gz'

     0K .......... .......... .......... .......... ..........  1%  246K 13s
    50K .......... .......... .......... .......... ..........  2%  492K 10s
   100K .......... .......... .......... .......... ..........  4% 1.21M 7s
   150K .......... .......... .......... .......... ..........  5%  793K 6s
   200K .......... .......... .......... .......... ..........  7% 11.7M 5s
   250K .......... .......... .......... .......... ..........  8% 1.39M 5s
   300K .......... .......... .......... .......... .......... 10%  778K 4s
   350K .......... .......... .......... .......... .......... 11% 9.13M 4s
   400K .......... .......... .......... .......... .......... 13% 11.7M 3s
   450K .......... .......... .......... .......... .......... 14% 1.73M 3s
   500K .......... .......... .......... .......... .......... 16%  790K 3s
   550K .......... .......... .......... .......... .......... 17% 10.5M 3s
   600K .......... .......... .......... .......... .......... 19% 11.9M 3s
   650K .......... .......... .......... .......... .......... 20% 11.7M 2s
   700K .......... .......... .......... .......... .......... 22% 11.7M 2s
   750K .......... .......... .......... .......... .......... 23% 8.95M 2s
   800K .......... .......... .......... .......... .......... 25%  639K 2s
   850K .......... .......... .......... .......... .......... 26% 6.63M 2s
   900K .......... .......... .......... .......... .......... 28% 11.7M 2s
   950K .......... .......... .......... .......... .......... 29% 11.2M 2s
  1000K .......... .......... .......... .......... .......... 31% 11.9M 2s
  1050K .......... .......... .......... .......... .......... 32% 11.7M 2s
  1100K .......... .......... .......... .......... .......... 34% 3.06M 1s
  1150K .......... .......... .......... .......... .......... 35%  799K 1s
  1200K .......... .......... .......... .......... .......... 37% 4.71M 1s
  1250K .......... .......... .......... .......... .......... 38% 11.7M 1s
  1300K .......... .......... .......... .......... .......... 40% 11.7M 1s
  1350K .......... .......... .......... .......... .......... 41% 11.4M 1s
  1400K .......... .......... .......... .......... .......... 43% 11.7M 1s
  1450K .......... .......... .......... .......... .......... 44% 11.7M 1s
  1500K .......... .......... .......... .......... .......... 46%  967K 1s
  1550K .......... .......... .......... .......... .......... 47% 1.72M 1s
  1600K .......... .......... .......... .......... .......... 49% 6.98M 1s
  1650K .......... .......... .......... .......... .......... 50% 11.7M 1s
  1700K .......... .......... .......... .......... .......... 52% 11.7M 1s
  1750K .......... .......... .......... .......... .......... 53% 11.4M 1s
  1800K .......... .......... .......... .......... .......... 55% 11.7M 1s
  1850K .......... .......... .......... .......... .......... 56% 1.03M 1s
  1900K .......... .......... .......... .......... .......... 58% 8.25M 1s
  1950K .......... .......... .......... .......... .......... 59% 1.76M 1s
  2000K .......... .......... .......... .......... .......... 61% 6.18M 1s
  2050K .......... .......... .......... .......... .......... 62% 9.72M 1s
  2100K .......... .......... .......... .......... .......... 64% 11.7M 1s
  2150K .......... .......... .......... .......... .......... 65% 11.4M 1s
  2200K .......... .......... .......... .......... .......... 67% 11.6M 1s
  2250K .......... .......... .......... .......... .......... 68% 1.09M 1s
  2300K .......... .......... .......... .......... .......... 70% 2.68M 0s
  2350K .......... .......... .......... .......... .......... 71% 2.60M 0s
  2400K .......... .......... .......... .......... .......... 73% 11.7M 0s
  2450K .......... .......... .......... .......... .......... 74% 10.1M 0s
  2500K .......... .......... .......... .......... .......... 76% 8.58M 0s
  2550K .......... .......... .......... .......... .......... 77% 11.4M 0s
  2600K .......... .......... .......... .......... .......... 79% 11.7M 0s
  2650K .......... .......... .......... .......... .......... 80% 1.12M 0s
  2700K .......... .......... .......... .......... .......... 82% 2.70M 0s
  2750K .......... .......... .......... .......... .......... 83% 5.34M 0s
  2800K .......... .......... .......... .......... .......... 85% 3.38M 0s
  2850K .......... .......... .......... .......... .......... 86% 11.7M 0s
  2900K .......... .......... .......... .......... .......... 88% 11.7M 0s
  2950K .......... .......... .......... .......... .......... 89% 9.35M 0s
  3000K .......... .......... .......... .......... .......... 91% 11.6M 0s
  3050K .......... .......... .......... .......... .......... 92% 11.7M 0s
  3100K .......... .......... .......... .......... .......... 94% 1.16M 0s
  3150K .......... .......... .......... .......... .......... 95% 2.54M 0s
  3200K .......... .......... .......... .......... .......... 97% 3.94M 0s
  3250K .......... .......... .......... .......... .......... 98% 7.39M 0s
  3300K .......... .......... .......... .......... ....      100% 6.56M=1.4s

2014-05-05 03:24:46 (2.41 MB/s) - 'ocamlnet.3.7.3+opam.tar.gz' saved [3424904/3424904]

Applying fix-ocaml-4.02.patch.
patching file src/netstring/netencoding.mli
Building ocamlnet.3.7.3:
  ./configure -bindir /home/opam/.opam/4.02.0dev+trunk/bin -disable-pcre -disable-gtk2 -disable-ssl -disable-zip -enable-crypto -with-nethttpd
  make all
  make opt
  make install
Welcome to Ocamlnet version 3.7.3
Checking operating system... Linux
Checking for findlib... found
Checking multi-threading support... posix (ok)
Checking word size... 64 bit
Checking endianess... little
Checking for GPROF... found
Checking for win32... no
Checking whether Ocaml has Printexc.register_printer... found
Checking for POSIX pthread... found
Checking whether Ocaml has fancy page tables... found
Checking on new implementation of caml_modify... found
Checking whether new caml_modify can be overridden... found
Checking whether out-of-heap values are supported and mutable... yes
Checking for POSIX shared memory... found
Checking for POSIX semaphores (anonymous)... found
Checking for POSIX semaphores (named)... found
Checking for POSIX spawn... found
Checking for POSIX fadvise... found
Checking for POSIX fallocate... found
Checking for POSIX memalign... found
Checking for syslog... found
Checking for POSIX functions like openat... found
Checking for fchdir... found
Checking for fdopendir... found
Checking for realpath... found
Checking for grantpt (System V style PTYs)... found
Checking for posix_openpt (System V style PTYs)... found
Checking for initgroups...found
Checking for POSIX clocks...found
Checking for POSIX timers...found
Checking for eventfd (Linux)...found
Checking for timerfd (Linux)...found
Checking for epoll (Linux)...found
Checking for compare_and_swap (GCC)...found
Checking for GPROF... found
Checking for O_SHARE_DELETE... yes
Checking for O_CLOEXEC... yes
Checking for getpeereid... not found
Checking for getpeerucred... not found
Checking whether netcamlbox and netmulticore are supported... yes
Checking for cryptokit... found
Preprocessor for ocamlrpcgen: cpp

Effective options:
    -disable-pcre
    -disable-full-pcre
    -disable-gtk
    -disable-gtk2
    -disable-tcl
    -disable-ssl
    -disable-zip
    -enable-crypto
    -disable-apache
    -with-nethttpd
    -without-rpc-auth-dh
    -bindir /home/opam/.opam/4.02.0dev+trunk/bin
    -datadir /home/opam/.opam/4.02.0dev+trunk/lib/netstring
    -cpp cpp

Writing Makefile.conf

Please check Makefile.conf.

You can now compile Ocamlnet by invoking
   make all
for the bytecode compiler, and optionally by invoking
   make opt
for the native-code compiler (if supported on your architecture).
Finally, a
   make install
will install the package(s).
for pkg in netsys netshm netstring equeue shell netgssapi rpc-generator rpc rpc-auth-local pop smtp netclient netcgi2 netplex netcgi2-plex netcamlbox netmulticore nethttpd netmech-scram nethttpd-for-netcgi2; do \
		( cd src/$pkg && make -f Makefile.pre generate ) || exit; \
		( cd src/$pkg && make -f Makefile.pre depend ) || exit; \
		( cd src/$pkg && make all ) || exit; \
	done
make[1]: Entering directory `/home/opam/.opam/4.02.0dev+trunk/build/ocamlnet.3.7.3/src/netsys'
make[2]: Entering directory `/home/opam/.opam/4.02.0dev+trunk/build/ocamlnet.3.7.3/src/netsys'
sed -e 's/@VERSION@/3.7.3/' \
	    -e 's/@AUTHDHREQS@//' \
	    -e 's/@PREFERRED_CGI_PKG@//' \
	    -e 's/@REGEXP_PROVIDER@/str/' \
	    -e 's/@COMPAT_PCRE_PROVIDER@//' \
 	    -e 's/@ZIP_PROVIDER@//' \
		META.in >META
make[2]: Leaving directory `/home/opam/.opam/4.02.0dev+trunk/build/ocamlnet.3.7.3/src/netsys'
make[1]: Leaving directory `/home/opam/.opam/4.02.0dev+trunk/build/ocamlnet.3.7.3/src/netsys'
make[1]: Entering directory `/home/opam/.opam/4.02.0dev+trunk/build/ocamlnet.3.7.3/src/netsys'
ocamlfind ocamldep -package "camlp4.macro" -syntax camlp4o  *.ml *.mli >depend || { rm -f depend; exit 1; }
make[1]: *** [depend] Error 1
make[1]: Leaving directory `/home/opam/.opam/4.02.0dev+trunk/build/ocamlnet.3.7.3/src/netsys'
make: *** [all] Error 2
[ERROR] The compilation of ocamlnet.3.7.3 failed.
Removing ocamlnet.3.7.3.
  ocamlfind remove equeue
  ocamlfind remove netcamlbox
  ocamlfind remove netcgi2
  ocamlfind remove netcgi2-plex
  ocamlfind remove netclient
  ocamlfind remove netgssapi
  ocamlfind remove nethttpd
  ocamlfind remove nethttpd-for-netcgi2
  ocamlfind remove netmech-scram
  ocamlfind remove netmulticore
  ocamlfind remove netplex
  ocamlfind remove netshm
  ocamlfind remove netstring
  ocamlfind remove netsys
  ocamlfind remove pop
  ocamlfind remove rpc
  ocamlfind remove rpc-auth-local
  ocamlfind remove rpc-generator
  ocamlfind remove shell
  ocamlfind remove smtp
ocamlfind: [WARNING] No such directory: /home/opam/.opam/4.02.0dev+trunk/lib/equeue
ocamlfind: [WARNING] No such directory: /home/opam/.opam/4.02.0dev+trunk/lib/netcamlbox
ocamlfind: [WARNING] No such directory: /home/opam/.opam/4.02.0dev+trunk/lib/netcgi2
ocamlfind: [WARNING] No such directory: /home/opam/.opam/4.02.0dev+trunk/lib/netcgi2-plex
ocamlfind: [WARNING] No such directory: /home/opam/.opam/4.02.0dev+trunk/lib/netclient
ocamlfind: [WARNING] No such directory: /home/opam/.opam/4.02.0dev+trunk/lib/netgssapi
ocamlfind: [WARNING] No such directory: /home/opam/.opam/4.02.0dev+trunk/lib/nethttpd
ocamlfind: [WARNING] No such directory: /home/opam/.opam/4.02.0dev+trunk/lib/nethttpd-for-netcgi2
ocamlfind: [WARNING] No such directory: /home/opam/.opam/4.02.0dev+trunk/lib/netmech-scram
ocamlfind: [WARNING] No such directory: /home/opam/.opam/4.02.0dev+trunk/lib/netmulticore
ocamlfind: [WARNING] No such directory: /home/opam/.opam/4.02.0dev+trunk/lib/netplex
ocamlfind: [WARNING] No such directory: /home/opam/.opam/4.02.0dev+trunk/lib/netshm
ocamlfind: [WARNING] No such directory: /home/opam/.opam/4.02.0dev+trunk/lib/netstring
ocamlfind: [WARNING] No such directory: /home/opam/.opam/4.02.0dev+trunk/lib/netsys
ocamlfind: [WARNING] No such directory: /home/opam/.opam/4.02.0dev+trunk/lib/pop
ocamlfind: [WARNING] No such directory: /home/opam/.opam/4.02.0dev+trunk/lib/rpc
ocamlfind: [WARNING] No such directory: /home/opam/.opam/4.02.0dev+trunk/lib/rpc-auth-local
ocamlfind: [WARNING] No such directory: /home/opam/.opam/4.02.0dev+trunk/lib/rpc-generator
ocamlfind: [WARNING] No such directory: /home/opam/.opam/4.02.0dev+trunk/lib/shell
ocamlfind: [WARNING] No such directory: /home/opam/.opam/4.02.0dev+trunk/lib/smtp

=-=-= Installing yojson.1.1.8 =-=-=
default    Downloading https://opam.ocaml.org/archives/yojson.1.1.8+opam.tar.gz
Downloading https://opam.ocaml.org/archives/yojson.1.1.8+opam.tar.gz
--2014-05-05 03:25:02--  https://opam.ocaml.org/archives/yojson.1.1.8+opam.tar.gz
Resolving opam.ocaml.org (opam.ocaml.org)... 192.237.250.17, 2001:4801:7823:76:bb74:1f8e:ff10:627
Connecting to opam.ocaml.org (opam.ocaml.org)|192.237.250.17|:443... connected.
HTTP request sent, awaiting response... 200 OK
Length: 25182 (25K) [application/octet-stream]
Saving to: 'yojson.1.1.8+opam.tar.gz'

     0K .......... .......... ....                            100%  240K=0.1s

2014-05-05 03:25:03 (240 KB/s) - 'yojson.1.1.8+opam.tar.gz' saved [25182/25182]

Building yojson.1.1.8:
  make
  make install
sed -e 's:@@VERSION@@:1.1.8:' META.in > META
cppo -n yojson.mli.cppo -o yojson.mli
ocamlfind ocamlc -c -dtypes -g -package easy-format,biniou yojson.mli
ocamllex read.mll
433 states, 2020 transitions, table size 10678 bytes
cppo -D "VERSION 1.1.8" yojson.ml.cppo -o yojson.ml
ocamlfind ocamlc -c -dtypes -g -package easy-format,biniou yojson.ml
File "write.ml", line 21, characters 2-38:
Warning 3: deprecated feature: String.set
File "write.ml", line 22, characters 2-41:
Warning 3: deprecated feature: String.set
File "write.ml", line 61, characters 10-23:
Warning 3: deprecated feature: String.create
File "write.ml", line 63, characters 4-23:
Warning 3: deprecated feature: String.set
File "write.ml", line 88, characters 4-20:
Warning 3: deprecated feature: String.set
File "write.ml", line 98, characters 4-18:
Warning 3: deprecated feature: String.set
File "write.ml", line 21, characters 2-38:
Warning 3: deprecated feature: String.set
File "write.ml", line 22, characters 2-41:
Warning 3: deprecated feature: String.set
File "write.ml", line 61, characters 10-23:
Warning 3: deprecated feature: String.create
File "write.ml", line 63, characters 4-23:
Warning 3: deprecated feature: String.set
File "write.ml", line 88, characters 4-20:
Warning 3: deprecated feature: String.set
File "write.ml", line 98, characters 4-18:
Warning 3: deprecated feature: String.set
File "read.mll", line 367, characters 12-25:
Warning 3: deprecated feature: String.create
File "read.mll", line 368, characters 4-16:
Warning 3: deprecated feature: String.set
File "write.ml", line 21, characters 2-38:
Warning 3: deprecated feature: String.set
File "write.ml", line 22, characters 2-41:
Warning 3: deprecated feature: String.set
File "write.ml", line 61, characters 10-23:
Warning 3: deprecated feature: String.create
File "write.ml", line 63, characters 4-23:
Warning 3: deprecated feature: String.set
File "write.ml", line 88, characters 4-20:
Warning 3: deprecated feature: String.set
File "write.ml", line 98, characters 4-18:
Warning 3: deprecated feature: String.set
File "read.mll", line 367, characters 12-25:
Warning 3: deprecated feature: String.create
File "read.mll", line 368, characters 4-16:
Warning 3: deprecated feature: String.set
File "write.ml", line 21, characters 2-38:
Warning 3: deprecated feature: String.set
File "write.ml", line 22, characters 2-41:
Warning 3: deprecated feature: String.set
File "write.ml", line 61, characters 10-23:
Warning 3: deprecated feature: String.create
File "write.ml", line 63, characters 4-23:
Warning 3: deprecated feature: String.set
File "write.ml", line 88, characters 4-20:
Warning 3: deprecated feature: String.set
File "write.ml", line 98, characters 4-18:
Warning 3: deprecated feature: String.set
File "read.mll", line 367, characters 12-25:
Warning 3: deprecated feature: String.create
File "read.mll", line 368, characters 4-16:
Warning 3: deprecated feature: String.set
ocamlfind ocamlc -c -dtypes -g -package easy-format,biniou yojson_biniou.mli
ocamlfind ocamlc -c -dtypes -g -package easy-format,biniou yojson_biniou.ml
ocamlfind ocamlopt -c -dtypes -g -package easy-format,biniou yojson.ml
File "write.ml", line 21, characters 2-38:
Warning 3: deprecated feature: String.set
File "write.ml", line 22, characters 2-41:
Warning 3: deprecated feature: String.set
File "write.ml", line 61, characters 10-23:
Warning 3: deprecated feature: String.create
File "write.ml", line 63, characters 4-23:
Warning 3: deprecated feature: String.set
File "write.ml", line 88, characters 4-20:
Warning 3: deprecated feature: String.set
File "write.ml", line 98, characters 4-18:
Warning 3: deprecated feature: String.set
File "write.ml", line 21, characters 2-38:
Warning 3: deprecated feature: String.set
File "write.ml", line 22, characters 2-41:
Warning 3: deprecated feature: String.set
File "write.ml", line 61, characters 10-23:
Warning 3: deprecated feature: String.create
File "write.ml", line 63, characters 4-23:
Warning 3: deprecated feature: String.set
File "write.ml", line 88, characters 4-20:
Warning 3: deprecated feature: String.set
File "write.ml", line 98, characters 4-18:
Warning 3: deprecated feature: String.set
File "read.mll", line 367, characters 12-25:
Warning 3: deprecated feature: String.create
File "read.mll", line 368, characters 4-16:
Warning 3: deprecated feature: String.set
File "write.ml", line 21, characters 2-38:
Warning 3: deprecated feature: String.set
File "write.ml", line 22, characters 2-41:
Warning 3: deprecated feature: String.set
File "write.ml", line 61, characters 10-23:
Warning 3: deprecated feature: String.create
File "write.ml", line 63, characters 4-23:
Warning 3: deprecated feature: String.set
File "write.ml", line 88, characters 4-20:
Warning 3: deprecated feature: String.set
File "write.ml", line 98, characters 4-18:
Warning 3: deprecated feature: String.set
File "read.mll", line 367, characters 12-25:
Warning 3: deprecated feature: String.create
File "read.mll", line 368, characters 4-16:
Warning 3: deprecated feature: String.set
File "write.ml", line 21, characters 2-38:
Warning 3: deprecated feature: String.set
File "write.ml", line 22, characters 2-41:
Warning 3: deprecated feature: String.set
File "write.ml", line 61, characters 10-23:
Warning 3: deprecated feature: String.create
File "write.ml", line 63, characters 4-23:
Warning 3: deprecated feature: String.set
File "write.ml", line 88, characters 4-20:
Warning 3: deprecated feature: String.set
File "write.ml", line 98, characters 4-18:
Warning 3: deprecated feature: String.set
File "read.mll", line 367, characters 12-25:
Warning 3: deprecated feature: String.create
File "read.mll", line 368, characters 4-16:
Warning 3: deprecated feature: String.set
ocamlfind ocamlopt -c -dtypes -g -package easy-format,biniou yojson_biniou.ml
ocamlopt -shared -linkall -I . -o yojson.cmxs yojson.cmx
ocamlopt -shared -linkall -I . -o yojson_biniou.cmxs yojson_biniou.cmx
ocamlfind ocamlopt -o ydump -dtypes -g -package easy-format,biniou -linkpkg \
		yojson.cmx yojson_biniou.cmx ydump.ml
test ! -f ydump || cp ydump /home/opam/.opam/4.02.0dev+trunk/bin/
test ! -f ydump.exe || cp ydump.exe /home/opam/.opam/4.02.0dev+trunk/bin/
ocamlfind install yojson META \
          $(ls yojson.mli yojson_biniou.mli yojson.cmi yojson_biniou.cmi yojson.cmo yojson_biniou.cmo yojson.cmx yojson_biniou.cmx yojson.cmxs yojson_biniou.cmxs yojson.o yojson_biniou.o)
Installed /home/opam/.opam/4.02.0dev+trunk/lib/yojson/yojson_biniou.o
Installed /home/opam/.opam/4.02.0dev+trunk/lib/yojson/yojson_biniou.mli
Installed /home/opam/.opam/4.02.0dev+trunk/lib/yojson/yojson_biniou.cmxs
Installed /home/opam/.opam/4.02.0dev+trunk/lib/yojson/yojson_biniou.cmx
Installed /home/opam/.opam/4.02.0dev+trunk/lib/yojson/yojson_biniou.cmo
Installed /home/opam/.opam/4.02.0dev+trunk/lib/yojson/yojson_biniou.cmi
Installed /home/opam/.opam/4.02.0dev+trunk/lib/yojson/yojson.o
Installed /home/opam/.opam/4.02.0dev+trunk/lib/yojson/yojson.mli
Installed /home/opam/.opam/4.02.0dev+trunk/lib/yojson/yojson.cmxs
Installed /home/opam/.opam/4.02.0dev+trunk/lib/yojson/yojson.cmx
Installed /home/opam/.opam/4.02.0dev+trunk/lib/yojson/yojson.cmo
Installed /home/opam/.opam/4.02.0dev+trunk/lib/yojson/yojson.cmi
Installed /home/opam/.opam/4.02.0dev+trunk/lib/yojson/META
Installing yojson.1.1.8.

[ERROR] Due to some errors while processing ocamlnet.3.7.3, the following actions will NOT proceed:
 - install gapi-ocaml.0.2.1
 - install google-drive-ocamlfuse.0.5.3

===== ERROR while installing ocamlnet.3.7.3 =====
# opam-version         1.1.1
# os                   linux
# command              make all
# path                 /home/opam/.opam/4.02.0dev+trunk/build/ocamlnet.3.7.3
# compiler             4.02.0dev+trunk
# exit-code            2
# env-file             /home/opam/.opam/4.02.0dev+trunk/build/ocamlnet.3.7.3/ocamlnet-6492-48c407.env
# stdout-file          /home/opam/.opam/4.02.0dev+trunk/build/ocamlnet.3.7.3/ocamlnet-6492-48c407.out
# stderr-file          /home/opam/.opam/4.02.0dev+trunk/build/ocamlnet.3.7.3/ocamlnet-6492-48c407.err
### stdout ###
# ...[truncated]
# 	    -e 's/@PREFERRED_CGI_PKG@//' \
# 	    -e 's/@REGEXP_PROVIDER@/str/' \
# 	    -e 's/@COMPAT_PCRE_PROVIDER@//' \
#  	    -e 's/@ZIP_PROVIDER@//' \
# 		META.in >META
# make[2]: Leaving directory `/home/opam/.opam/4.02.0dev+trunk/build/ocamlnet.3.7.3/src/netsys'
# make[1]: Leaving directory `/home/opam/.opam/4.02.0dev+trunk/build/ocamlnet.3.7.3/src/netsys'
# make[1]: Entering directory `/home/opam/.opam/4.02.0dev+trunk/build/ocamlnet.3.7.3/src/netsys'
# ocamlfind ocamldep -package "camlp4.macro" -syntax camlp4o  *.ml *.mli >depend || { rm -f depend; exit 1; }
# make[1]: Leaving directory `/home/opam/.opam/4.02.0dev+trunk/build/ocamlnet.3.7.3/src/netsys'
### stderr ###
# Welcome to Ocamlnet version 3.7.3
# make[1]: *** [depend] Error 1
# make: *** [all] Error 2


The former state can be restored with opam switch import -f "/home/opam/.opam/4.02.0dev+trunk/backup/state-20140405032213.export"
'opam install google-drive-ocamlfuse' failed.
