++ opam install gapi-ocaml -e ubuntu
+ depext='libcurl4-gnutls-dev zlib1g-dev'
+ echo Ubuntu depexts: libcurl4-gnutls-dev zlib1g-dev
+ '[' 'libcurl4-gnutls-dev zlib1g-dev' '!=' '' ']'
+ sudo apt-get install -qq -y build-essential m4
Ubuntu depexts: libcurl4-gnutls-dev zlib1g-dev
+ sudo apt-get install -qq -y libcurl4-gnutls-dev zlib1g-dev
debconf: unable to initialize frontend: Dialog
debconf: (Dialog frontend will not work on a dumb terminal, an emacs shell buffer, or without a controlling terminal.)
debconf: falling back to frontend: Readline
debconf: unable to initialize frontend: Readline
debconf: (This frontend requires a controlling tty.)
debconf: falling back to frontend: Teletype
dpkg-preconfigure: unable to re-open stdin: 
Selecting previously unselected package libgnutls-openssl27.
(Reading database ... 20462 files and directories currently installed.)
Unpacking libgnutls-openssl27 (from .../libgnutls-openssl27_2.12.14-5ubuntu3_amd64.deb) ...
Selecting previously unselected package libgssrpc4.
Unpacking libgssrpc4 (from .../libgssrpc4_1.10+dfsg~beta1-2_amd64.deb) ...
Selecting previously unselected package libkadm5clnt-mit8.
Unpacking libkadm5clnt-mit8 (from .../libkadm5clnt-mit8_1.10+dfsg~beta1-2_amd64.deb) ...
Selecting previously unselected package libkdb5-6.
Unpacking libkdb5-6 (from .../libkdb5-6_1.10+dfsg~beta1-2_amd64.deb) ...
Selecting previously unselected package libkadm5srv-mit8.
Unpacking libkadm5srv-mit8 (from .../libkadm5srv-mit8_1.10+dfsg~beta1-2_amd64.deb) ...
Selecting previously unselected package libgnutlsxx27.
Unpacking libgnutlsxx27 (from .../libgnutlsxx27_2.12.14-5ubuntu3_amd64.deb) ...
Selecting previously unselected package comerr-dev.
Unpacking comerr-dev (from .../comerr-dev_2.1-1.42-1ubuntu2_amd64.deb) ...
Selecting previously unselected package krb5-multidev.
Unpacking krb5-multidev (from .../krb5-multidev_1.10+dfsg~beta1-2_amd64.deb) ...
Selecting previously unselected package libgpg-error-dev.
Unpacking libgpg-error-dev (from .../libgpg-error-dev_1.10-2ubuntu1_amd64.deb) ...
Selecting previously unselected package libgcrypt11-dev.
Unpacking libgcrypt11-dev (from .../libgcrypt11-dev_1.5.0-3_amd64.deb) ...
Selecting previously unselected package zlib1g-dev.
Unpacking zlib1g-dev (from .../zlib1g-dev_1%3a1.2.3.4.dfsg-3ubuntu4_amd64.deb) ...
Selecting previously unselected package libtasn1-3-dev.
Unpacking libtasn1-3-dev (from .../libtasn1-3-dev_2.10-1ubuntu1_amd64.deb) ...
Selecting previously unselected package libp11-kit-dev.
Unpacking libp11-kit-dev (from .../libp11-kit-dev_0.12-2ubuntu1_amd64.deb) ...
Selecting previously unselected package libgnutls-dev.
Unpacking libgnutls-dev (from .../libgnutls-dev_2.12.14-5ubuntu3_amd64.deb) ...
Selecting previously unselected package libidn11-dev.
Unpacking libidn11-dev (from .../libidn11-dev_1.23-2_amd64.deb) ...
Selecting previously unselected package libkrb5-dev.
Unpacking libkrb5-dev (from .../libkrb5-dev_1.10+dfsg~beta1-2_amd64.deb) ...
Selecting previously unselected package libldap2-dev.
Unpacking libldap2-dev (from .../libldap2-dev_2.4.28-1.1ubuntu4_amd64.deb) ...
Selecting previously unselected package librtmp-dev.
Unpacking librtmp-dev (from .../librtmp-dev_2.4~20110711.gitc28f1bab-1_amd64.deb) ...
Selecting previously unselected package libcurl4-gnutls-dev.
Unpacking libcurl4-gnutls-dev (from .../libcurl4-gnutls-dev_7.22.0-3ubuntu4_amd64.deb) ...
Setting up libgnutls-openssl27 (2.12.14-5ubuntu3) ...
Setting up libgssrpc4 (1.10+dfsg~beta1-2) ...
Setting up libkadm5clnt-mit8 (1.10+dfsg~beta1-2) ...
Setting up libkdb5-6 (1.10+dfsg~beta1-2) ...
Setting up libkadm5srv-mit8 (1.10+dfsg~beta1-2) ...
Setting up libgnutlsxx27 (2.12.14-5ubuntu3) ...
Setting up comerr-dev (2.1-1.42-1ubuntu2) ...
Setting up krb5-multidev (1.10+dfsg~beta1-2) ...
Setting up libgpg-error-dev (1.10-2ubuntu1) ...
Setting up libgcrypt11-dev (1.5.0-3) ...
Setting up zlib1g-dev (1:1.2.3.4.dfsg-3ubuntu4) ...
Setting up libtasn1-3-dev (2.10-1ubuntu1) ...
Setting up libp11-kit-dev (0.12-2ubuntu1) ...
Setting up libgnutls-dev (2.12.14-5ubuntu3) ...
Setting up libidn11-dev (1.23-2) ...
Setting up libkrb5-dev (1.10+dfsg~beta1-2) ...
Setting up libldap2-dev (2.4.28-1.1ubuntu4) ...
Setting up librtmp-dev (2.4~20110711.gitc28f1bab-1) ...
Setting up libcurl4-gnutls-dev (7.22.0-3ubuntu4) ...
Processing triggers for libc-bin ...
ldconfig deferred processing now taking place
+ opam install gapi-ocaml
The following actions will be performed:
 - install easy-format.1.0.1 [required by gapi-ocaml]
 - install ocurl.0.6.0 [required by gapi-ocaml]
 - install cppo.0.9.3 [required by gapi-ocaml]
 - install cryptokit.1.9 [required by gapi-ocaml]
 - install extlib.1.5.4 [required by gapi-ocaml]
 - install xmlm.1.2.0 [required by gapi-ocaml]
 - install biniou.1.0.6 [required by gapi-ocaml]
 - install ocamlnet.3.7.3 [required by gapi-ocaml]
 - install yojson.1.1.6 [required by gapi-ocaml]
 - install gapi-ocaml.0.2.1
10 to install | 0 to reinstall | 0 to upgrade | 0 to downgrade | 0 to remove

=-=-= Installing cppo.0.9.3 =-=-=
cppo.0.9.3 Downloading http://mjambon.com/releases/cppo/cppo-0.9.3.tar.gz
--2013-11-20 18:05:03--  http://mjambon.com/releases/cppo/cppo-0.9.3.tar.gz
Resolving mjambon.com (mjambon.com)... 173.246.103.93
Connecting to mjambon.com (mjambon.com)|173.246.103.93|:80... connected.
HTTP request sent, awaiting response... 200 OK
Length: 20393 (20K) [application/octet-stream]
Saving to: `cppo-0.9.3.tar.gz'

     0K .......... .........                                  100%  394K=0.05s

2013-11-20 18:05:03 (394 KB/s) - `cppo-0.9.3.tar.gz' saved [20393/20393]

Copying ~/.opam/repo/default/packages/cppo.0.9.3/files/cppo.install to ~/.opam/4.02.0dev+module-aliases/build/cppo.0.9.3/
Building cppo.0.9.3:
  make
echo 'let cppo_version = "0.9.3"' > cppo_version.ml
ocamlyacc cppo_parser.mly
ocamllex cppo_lexer.mll
354 states, 13186 transitions, table size 54868 bytes
3462 additional bytes used for bindings
ocamlopt -o cppo -dtypes unix.cmxa cppo_version.ml cppo_types.ml cppo_parser.mli cppo_parser.ml cppo_lexer.ml cppo_command.ml cppo_eval.ml cppo_main.ml
Installing cppo.0.9.3.

=-=-= Installing cryptokit.1.9 =-=-=
cryptokit.1.9 Downloading https://forge.ocamlcore.org/frs/download.php/1229/cryptokit-1.9.tar.gz
--2013-11-20 18:05:07--  https://forge.ocamlcore.org/frs/download.php/1229/cryptokit-1.9.tar.gz
Resolving forge.ocamlcore.org (forge.ocamlcore.org)... 87.98.154.45
Connecting to forge.ocamlcore.org (forge.ocamlcore.org)|87.98.154.45|:443... connected.
WARNING: no certificate subject alternative name matches
	requested host name `forge.ocamlcore.org'.
HTTP request sent, awaiting response... 200 OK
Length: 143494 (140K) [application/binary]
Saving to: `cryptokit-1.9.tar.gz'

     0K .......... .......... .......... .......... .......... 35%  173K 1s
    50K .......... .......... .......... .......... .......... 71%  514K 0s
   100K .......... .......... .......... ..........           100%  426K=0.5s

2013-11-20 18:05:08 (291 KB/s) - `cryptokit-1.9.tar.gz' saved [143494/143494]

Building cryptokit.1.9:
  make
  make install
ocaml setup.ml -configure 

Configuration: 
ocamlfind: ........................................... /home/opam/.opam/4.02.0dev+module-aliases/bin/ocamlfind
ocamlc: .............................................. /home/opam/.opam/4.02.0dev+module-aliases/bin/ocamlc.opt
ocamlopt: ............................................ /home/opam/.opam/4.02.0dev+module-aliases/bin/ocamlopt.opt
ocamlbuild: .......................................... /home/opam/.opam/4.02.0dev+module-aliases/bin/ocamlbuild
Package name: ........................................ cryptokit
Package version: ..................................... 1.9
os_type: ............................................. Unix
system: .............................................. linux
architecture: ........................................ amd64
ccomp_type: .......................................... cc
ocaml_version: ....................................... 4.02.0
standard_library_default: ............................ /home/opam/.opam/4.02.0dev+module-aliases/lib/ocaml
standard_library: .................................... /home/opam/.opam/4.02.0dev+module-aliases/lib/ocaml
standard_runtime: .................................... /home/opam/.opam/4.02.0dev+module-aliases/bin/ocamlrun
bytecomp_c_compiler: ................................. gcc -fno-defer-pop -Wall -D_FILE_OFFSET_BITS=64 -D_REENTRANT -fPIC
native_c_compiler: ................................... gcc -Wall -D_FILE_OFFSET_BITS=64 -D_REENTRANT
model: ............................................... default
ext_obj: ............................................. .o
ext_asm: ............................................. .s
ext_lib: ............................................. .a
ext_dll: ............................................. .so
default_executable_name: ............................. a.out
systhread_supported: ................................. true
Install architecture-independent files dir: .......... /usr/local
Install architecture-dependent files in dir: ......... $prefix
User executables: .................................... $exec_prefix/bin
System admin executables: ............................ $exec_prefix/sbin
Program executables: ................................. $exec_prefix/libexec
Read-only single-machine data: ....................... $prefix/etc
Modifiable architecture-independent data: ............ $prefix/com
Modifiable single-machine data: ...................... $prefix/var
Object code libraries: ............................... $exec_prefix/lib
Read-only arch-independent data root: ................ $prefix/share
Read-only architecture-independent data: ............. $datarootdir
Info documentation: .................................. $datarootdir/info
Locale-dependent data: ............................... $datarootdir/locale
Man documentation: ................................... $datarootdir/man
Documentation root: .................................. $datarootdir/doc/$pkg_name
HTML documentation: .................................. $docdir
DVI documentation: ................................... $docdir
PDF documentation: ................................... $docdir
PS documentation: .................................... $docdir
findlib_version: ..................................... 1.4
is_native: ........................................... true
suffix_program: ...................................... 
Remove a file.: ...................................... rm -f
Remove a directory.: ................................. rm -rf
Turn ocaml debug flag on: ............................ true
Turn ocaml profile flag on: .......................... false
Compiler support generation of .cmxs.: ............... true
OCamlbuild additional flags: ......................... 
Define include path for zlib.: ....................... 
Define library path for zlib.: ....................... 
Enable ZLib: ......................................... true
Build and run benchmark: ............................. false
Create documentations: ............................... true
Compile tests executable and library and run them: ... false
ocamldoc: ............................................ /home/opam/.opam/4.02.0dev+module-aliases/bin/ocamldoc
pkg_unix: ............................................ /home/opam/.opam/4.02.0dev+module-aliases/lib/ocaml
pkg_num: ............................................. /home/opam/.opam/4.02.0dev+module-aliases/lib/num

ocaml setup.ml -build -classic-display
ocamlfind ocamlopt unix.cmxa -I /home/opam/.opam/4.02.0dev+module-aliases/lib/ocaml/ocamlbuild /home/opam/.opam/4.02.0dev+module-aliases/lib/ocaml/ocamlbuild/ocamlbuildlib.cmxa -linkpkg myocamlbuild.ml /home/opam/.opam/4.02.0dev+module-aliases/lib/ocaml/ocamlbuild/ocamlbuild.cmx -o myocamlbuild
ocamlfind ocamlc -ccopt -O -ccopt -DHAVE_ZLIB -c src/arcfour.c
mv arcfour.o src/arcfour.o
ocamlfind ocamlc -ccopt -O -ccopt -DHAVE_ZLIB -c src/stubs-arcfour.c
mv stubs-arcfour.o src/stubs-arcfour.o
ocamlfind ocamlc -ccopt -O -ccopt -DHAVE_ZLIB -c src/blowfish.c
mv blowfish.o src/blowfish.o
ocamlfind ocamlc -ccopt -O -ccopt -DHAVE_ZLIB -c src/stubs-blowfish.c
mv stubs-blowfish.o src/stubs-blowfish.o
ocamlfind ocamlc -ccopt -O -ccopt -DHAVE_ZLIB -c src/d3des.c
mv d3des.o src/d3des.o
ocamlfind ocamlc -ccopt -O -ccopt -DHAVE_ZLIB -c src/stubs-des.c
mv stubs-des.o src/stubs-des.o
ocamlfind ocamlc -ccopt -O -ccopt -DHAVE_ZLIB -c src/rijndael-alg-fst.c
mv rijndael-alg-fst.o src/rijndael-alg-fst.o
ocamlfind ocamlc -ccopt -O -ccopt -DHAVE_ZLIB -c src/ripemd160.c
mv ripemd160.o src/ripemd160.o
ocamlfind ocamlc -ccopt -O -ccopt -DHAVE_ZLIB -c src/stubs-ripemd160.c
mv stubs-ripemd160.o src/stubs-ripemd160.o
ocamlfind ocamlc -ccopt -O -ccopt -DHAVE_ZLIB -c src/sha1.c
mv sha1.o src/sha1.o
ocamlfind ocamlc -ccopt -O -ccopt -DHAVE_ZLIB -c src/stubs-sha1.c
mv stubs-sha1.o src/stubs-sha1.o
ocamlfind ocamlc -ccopt -O -ccopt -DHAVE_ZLIB -c src/sha256.c
mv sha256.o src/sha256.o
ocamlfind ocamlc -ccopt -O -ccopt -DHAVE_ZLIB -c src/stubs-sha256.c
mv stubs-sha256.o src/stubs-sha256.o
ocamlfind ocamlc -ccopt -O -ccopt -DHAVE_ZLIB -c src/stubs-aes.c
mv stubs-aes.o src/stubs-aes.o
ocamlfind ocamlc -ccopt -O -ccopt -DHAVE_ZLIB -c src/stubs-md5.c
mv stubs-md5.o src/stubs-md5.o
ocamlfind ocamlc -ccopt -O -ccopt -DHAVE_ZLIB -c src/stubs-misc.c
mv stubs-misc.o src/stubs-misc.o
ocamlfind ocamlc -ccopt -O -ccopt -DHAVE_ZLIB -c src/stubs-rng.c
mv stubs-rng.o src/stubs-rng.o
ocamlfind ocamlc -ccopt -O -ccopt -DHAVE_ZLIB -c src/stubs-zlib.c
+ ocamlfind ocamlc -ccopt -O -ccopt -DHAVE_ZLIB -c src/stubs-zlib.c
src/stubs-zlib.c: In function 'caml_zlib_deflate':
src/stubs-zlib.c:98:15: warning: pointer targets in assignment differ in signedness [-Wpointer-sign]
src/stubs-zlib.c:100:16: warning: pointer targets in assignment differ in signedness [-Wpointer-sign]
src/stubs-zlib.c: In function 'caml_zlib_inflate':
src/stubs-zlib.c:143:15: warning: pointer targets in assignment differ in signedness [-Wpointer-sign]
src/stubs-zlib.c:145:16: warning: pointer targets in assignment differ in signedness [-Wpointer-sign]
mv stubs-zlib.o src/stubs-zlib.o
ocamlfind ocamlc -ccopt -O -ccopt -DHAVE_ZLIB -c src/keccak.c
mv keccak.o src/keccak.o
ocamlfind ocamlc -ccopt -O -ccopt -DHAVE_ZLIB -c src/stubs-sha3.c
mv stubs-sha3.o src/stubs-sha3.o
/home/opam/.opam/4.02.0dev+module-aliases/bin/ocamlmklib -o src/cryptokit_stubs -lz src/arcfour.o src/stubs-arcfour.o src/blowfish.o src/stubs-blowfish.o src/d3des.o src/stubs-des.o src/rijndael-alg-fst.o src/ripemd160.o src/stubs-ripemd160.o src/sha1.o src/stubs-sha1.o src/sha256.o src/stubs-sha256.o src/stubs-aes.o src/stubs-md5.o src/stubs-misc.o src/stubs-rng.o src/stubs-zlib.o src/keccak.o src/stubs-sha3.o
ocamlfind ocamldep -package num -package unix -modules src/cryptokit.mli > src/cryptokit.mli.depends
ocamlfind ocamlc -c -g -ccopt -O -ccopt -DHAVE_ZLIB -package num -package unix -I src -o src/cryptokit.cmi src/cryptokit.mli
ocamlfind ocamldep -package num -package unix -modules src/cryptokit.ml > src/cryptokit.ml.depends
ocamlfind ocamlc -c -g -ccopt -O -ccopt -DHAVE_ZLIB -package num -package unix -I src -o src/cryptokit.cmo src/cryptokit.ml
+ ocamlfind ocamlc -c -g -ccopt -O -ccopt -DHAVE_ZLIB -package num -package unix -I src -o src/cryptokit.cmo src/cryptokit.ml
File "src/cryptokit.ml", line 1930, characters 19-21:
Warning 3: deprecated feature: operator (or); you should use (||) instead
ocamlfind ocamlc -a -dllib -lcryptokit_stubs -cclib -lcryptokit_stubs -cclib -lz src/cryptokit.cmo -o src/cryptokit.cma
ocamlfind ocamlopt -c -g -ccopt -O -ccopt -DHAVE_ZLIB -package num -package unix -I src -o src/cryptokit.cmx src/cryptokit.ml
+ ocamlfind ocamlopt -c -g -ccopt -O -ccopt -DHAVE_ZLIB -package num -package unix -I src -o src/cryptokit.cmx src/cryptokit.ml
File "src/cryptokit.ml", line 1930, characters 19-21:
Warning 3: deprecated feature: operator (or); you should use (||) instead
ocamlfind ocamlopt -a -cclib -lcryptokit_stubs -cclib -lz src/cryptokit.cmx -o src/cryptokit.cmxa
ocamlfind ocamlopt -shared -cclib -lcryptokit_stubs -I src src/cryptokit.cmx -o src/cryptokit.cmxs
ocaml setup.ml -install 
Installed /home/opam/.opam/4.02.0dev+module-aliases/lib/cryptokit/cryptokit.mli
Installed /home/opam/.opam/4.02.0dev+module-aliases/lib/cryptokit/libcryptokit_stubs.a
Installed /home/opam/.opam/4.02.0dev+module-aliases/lib/cryptokit/cryptokit.cma
Installed /home/opam/.opam/4.02.0dev+module-aliases/lib/cryptokit/cryptokit.cmxa
Installed /home/opam/.opam/4.02.0dev+module-aliases/lib/cryptokit/cryptokit.a
Installed /home/opam/.opam/4.02.0dev+module-aliases/lib/cryptokit/cryptokit.cmxs
Installed /home/opam/.opam/4.02.0dev+module-aliases/lib/cryptokit/cryptokit.cmi
Installed /home/opam/.opam/4.02.0dev+module-aliases/lib/cryptokit/cryptokit.cmx
Installed /home/opam/.opam/4.02.0dev+module-aliases/lib/cryptokit/META
Installed /home/opam/.opam/4.02.0dev+module-aliases/lib/stublibs/dllcryptokit_stubs.so
Installed /home/opam/.opam/4.02.0dev+module-aliases/lib/stublibs/dllcryptokit_stubs.so.owner
ocamlfind: [WARNING] You have installed DLLs but the directory /home/opam/.opam/4.02.0dev+module-aliases/lib/stublibs is not mentioned in ld.conf
Installing cryptokit.1.9.

=-=-= Installing easy-format.1.0.1 =-=-=
easy-format.1.0.1 Downloading http://mjambon.com/releases/easy-format/easy-format-1.0.1.tar.gz
--2013-11-20 18:05:16--  http://mjambon.com/releases/easy-format/easy-format-1.0.1.tar.gz
Resolving mjambon.com (mjambon.com)... 173.246.103.93
Connecting to mjambon.com (mjambon.com)|173.246.103.93|:80... connected.
HTTP request sent, awaiting response... 200 OK
Length: 13747 (13K) [application/octet-stream]
Saving to: `easy-format-1.0.1.tar.gz'

     0K .......... ...                                        100%  271K=0.05s

2013-11-20 18:05:16 (271 KB/s) - `easy-format-1.0.1.tar.gz' saved [13747/13747]

Copying ~/.opam/repo/default/packages/easy-format.1.0.1/files/meta-tpl.diff to ~/.opam/4.02.0dev+module-aliases/build/easy-format.1.0.1/
Copying ~/.opam/repo/default/packages/easy-format.1.0.1/files/easy-format-make.diff to ~/.opam/4.02.0dev+module-aliases/build/easy-format.1.0.1/
Applying easy-format-make.diff.
patching file Makefile
Hunk #1 succeeded at 6 with fuzz 1.
Applying meta-tpl.diff.
patching file META.tpl
Building easy-format.1.0.1:
  make
  make install
ocamlc -c easy_format.mli
ocamlc -c -dtypes easy_format.ml
ocamlmklib -o easy_format easy_format.cmo
touch bytecode
ocamlc -c easy_format.mli
ocamlopt -c -dtypes easy_format.ml
ocamlmklib -o easy_format easy_format.cmx
ocamlopt -I . -shared -linkall -o easy_format.cmxs easy_format.cmx
touch nativecode
echo "version = \"1.0.1\"" > META; cat META.tpl >> META
INSTALL_FILES="META easy_format.cmi easy_format.mli"; \
		if test -f bytecode; then \
		  INSTALL_FILES="$INSTALL_FILES easy_format.cmo easy_format.cma"; \
		fi; \
		if test -f nativecode; then \
		  INSTALL_FILES="$INSTALL_FILES easy_format.cmx easy_format.cmxa easy_format.cmxs easy_format.o easy_format.a"; \
		fi; \
		ocamlfind install easy-format $INSTALL_FILES
Installed /home/opam/.opam/4.02.0dev+module-aliases/lib/easy-format/easy_format.a
Installed /home/opam/.opam/4.02.0dev+module-aliases/lib/easy-format/easy_format.o
Installed /home/opam/.opam/4.02.0dev+module-aliases/lib/easy-format/easy_format.cmxs
Installed /home/opam/.opam/4.02.0dev+module-aliases/lib/easy-format/easy_format.cmxa
Installed /home/opam/.opam/4.02.0dev+module-aliases/lib/easy-format/easy_format.cmx
Installed /home/opam/.opam/4.02.0dev+module-aliases/lib/easy-format/easy_format.cma
Installed /home/opam/.opam/4.02.0dev+module-aliases/lib/easy-format/easy_format.cmo
Installed /home/opam/.opam/4.02.0dev+module-aliases/lib/easy-format/easy_format.mli
Installed /home/opam/.opam/4.02.0dev+module-aliases/lib/easy-format/easy_format.cmi
Installed /home/opam/.opam/4.02.0dev+module-aliases/lib/easy-format/META
Installing easy-format.1.0.1.

=-=-= Installing extlib.1.5.4 =-=-=
extlib.1.5.4 Downloading http://ocaml-extlib.googlecode.com/files/extlib-1.5.4.tar.gz
--2013-11-20 18:05:19--  http://ocaml-extlib.googlecode.com/files/extlib-1.5.4.tar.gz
Resolving ocaml-extlib.googlecode.com (ocaml-extlib.googlecode.com)... 74.125.142.82, 2607:f8b0:4001:c05::52
Connecting to ocaml-extlib.googlecode.com (ocaml-extlib.googlecode.com)|74.125.142.82|:80... connected.
HTTP request sent, awaiting response... 200 OK
Length: 71003 (69K) [application/x-gzip]
Saving to: `extlib-1.5.4.tar.gz'

     0K .......... .......... .......... .......... .......... 72% 1.92M 0s
    50K .......... .........                                  100% 1.46M=0.04s

2013-11-20 18:05:19 (1.76 MB/s) - `extlib-1.5.4.tar.gz' saved [71003/71003]

Copying ~/.opam/repo/default/packages/extlib.1.5.4/files/extlib.install to ~/.opam/4.02.0dev+module-aliases/build/extlib.1.5.4/
Copying ~/.opam/repo/default/packages/extlib.1.5.4/files/extlib.config.in to ~/.opam/4.02.0dev+module-aliases/build/extlib.1.5.4/
Building extlib.1.5.4:
  make all
  make opt
  make cmxs
  make install
ocamlc -a -o extLib.cma enum.mli bitSet.mli dynArray.mli extArray.mli extHashtbl.mli extList.mli extString.mli global.mli IO.mli option.mli pMap.mli std.mli uChar.mli uTF8.mli base64.mli unzip.mli refList.mli optParse.mli dllist.mli enum.ml bitSet.ml dynArray.ml extArray.ml extHashtbl.ml extList.ml extString.ml global.ml IO.ml option.ml pMap.ml std.ml uChar.ml uTF8.ml base64.ml unzip.ml refList.ml optParse.ml dllist.ml extLib.ml
ocamlopt -a -o extLib.cmxa enum.mli bitSet.mli dynArray.mli extArray.mli extHashtbl.mli extList.mli extString.mli global.mli IO.mli option.mli pMap.mli std.mli uChar.mli uTF8.mli base64.mli unzip.mli refList.mli optParse.mli dllist.mli enum.ml bitSet.ml dynArray.ml extArray.ml extHashtbl.ml extList.ml extString.ml global.ml IO.ml option.ml pMap.ml std.ml uChar.ml uTF8.ml base64.ml unzip.ml refList.ml optParse.ml dllist.ml extLib.ml
ocamlopt -a -o extLib.cmxa enum.mli bitSet.mli dynArray.mli extArray.mli extHashtbl.mli extList.mli extString.mli global.mli IO.mli option.mli pMap.mli std.mli uChar.mli uTF8.mli base64.mli unzip.mli refList.mli optParse.mli dllist.mli enum.ml bitSet.ml dynArray.ml extArray.ml extHashtbl.ml extList.ml extString.ml global.ml IO.ml option.ml pMap.ml std.ml uChar.ml uTF8.ml base64.ml unzip.ml refList.ml optParse.ml dllist.ml extLib.ml
ocamlopt -shared -linkall extLib.cmxa -o extLib.cmxs
ocamlfind install -patch-version 1.5.4 extlib META extLib.cma extLib.cmi enum.mli bitSet.mli dynArray.mli extArray.mli extHashtbl.mli extList.mli extString.mli global.mli IO.mli option.mli pMap.mli std.mli uChar.mli uTF8.mli base64.mli unzip.mli refList.mli optParse.mli dllist.mli enum.cmi bitSet.cmi dynArray.cmi extArray.cmi extHashtbl.cmi extList.cmi extString.cmi global.cmi IO.cmi option.cmi pMap.cmi std.cmi uChar.cmi uTF8.cmi base64.cmi unzip.cmi refList.cmi optParse.cmi dllist.cmi -optional extLib.cmxa enum.cmx bitSet.cmx dynArray.cmx extArray.cmx extHashtbl.cmx extList.cmx extString.cmx global.cmx IO.cmx option.cmx pMap.cmx std.cmx uChar.cmx uTF8.cmx base64.cmx unzip.cmx refList.cmx optParse.cmx dllist.cmx extLib.cmxs extLib.a extLib.lib
Installed /home/opam/.opam/4.02.0dev+module-aliases/lib/extlib/extLib.a
Installed /home/opam/.opam/4.02.0dev+module-aliases/lib/extlib/extLib.cmxs
Installed /home/opam/.opam/4.02.0dev+module-aliases/lib/extlib/dllist.cmx
Installed /home/opam/.opam/4.02.0dev+module-aliases/lib/extlib/optParse.cmx
Installed /home/opam/.opam/4.02.0dev+module-aliases/lib/extlib/refList.cmx
Installed /home/opam/.opam/4.02.0dev+module-aliases/lib/extlib/unzip.cmx
Installed /home/opam/.opam/4.02.0dev+module-aliases/lib/extlib/base64.cmx
Installed /home/opam/.opam/4.02.0dev+module-aliases/lib/extlib/uTF8.cmx
Installed /home/opam/.opam/4.02.0dev+module-aliases/lib/extlib/uChar.cmx
Installed /home/opam/.opam/4.02.0dev+module-aliases/lib/extlib/std.cmx
Installed /home/opam/.opam/4.02.0dev+module-aliases/lib/extlib/pMap.cmx
Installed /home/opam/.opam/4.02.0dev+module-aliases/lib/extlib/option.cmx
Installed /home/opam/.opam/4.02.0dev+module-aliases/lib/extlib/IO.cmx
Installed /home/opam/.opam/4.02.0dev+module-aliases/lib/extlib/global.cmx
Installed /home/opam/.opam/4.02.0dev+module-aliases/lib/extlib/extString.cmx
Installed /home/opam/.opam/4.02.0dev+module-aliases/lib/extlib/extList.cmx
Installed /home/opam/.opam/4.02.0dev+module-aliases/lib/extlib/extHashtbl.cmx
Installed /home/opam/.opam/4.02.0dev+module-aliases/lib/extlib/extArray.cmx
Installed /home/opam/.opam/4.02.0dev+module-aliases/lib/extlib/dynArray.cmx
Installed /home/opam/.opam/4.02.0dev+module-aliases/lib/extlib/bitSet.cmx
Installed /home/opam/.opam/4.02.0dev+module-aliases/lib/extlib/enum.cmx
Installed /home/opam/.opam/4.02.0dev+module-aliases/lib/extlib/extLib.cmxa
Installed /home/opam/.opam/4.02.0dev+module-aliases/lib/extlib/dllist.cmi
Installed /home/opam/.opam/4.02.0dev+module-aliases/lib/extlib/optParse.cmi
Installed /home/opam/.opam/4.02.0dev+module-aliases/lib/extlib/refList.cmi
Installed /home/opam/.opam/4.02.0dev+module-aliases/lib/extlib/unzip.cmi
Installed /home/opam/.opam/4.02.0dev+module-aliases/lib/extlib/base64.cmi
Installed /home/opam/.opam/4.02.0dev+module-aliases/lib/extlib/uTF8.cmi
Installed /home/opam/.opam/4.02.0dev+module-aliases/lib/extlib/uChar.cmi
Installed /home/opam/.opam/4.02.0dev+module-aliases/lib/extlib/std.cmi
Installed /home/opam/.opam/4.02.0dev+module-aliases/lib/extlib/pMap.cmi
Installed /home/opam/.opam/4.02.0dev+module-aliases/lib/extlib/option.cmi
Installed /home/opam/.opam/4.02.0dev+module-aliases/lib/extlib/IO.cmi
Installed /home/opam/.opam/4.02.0dev+module-aliases/lib/extlib/global.cmi
Installed /home/opam/.opam/4.02.0dev+module-aliases/lib/extlib/extString.cmi
Installed /home/opam/.opam/4.02.0dev+module-aliases/lib/extlib/extList.cmi
Installed /home/opam/.opam/4.02.0dev+module-aliases/lib/extlib/extHashtbl.cmi
Installed /home/opam/.opam/4.02.0dev+module-aliases/lib/extlib/extArray.cmi
Installed /home/opam/.opam/4.02.0dev+module-aliases/lib/extlib/dynArray.cmi
Installed /home/opam/.opam/4.02.0dev+module-aliases/lib/extlib/bitSet.cmi
Installed /home/opam/.opam/4.02.0dev+module-aliases/lib/extlib/enum.cmi
Installed /home/opam/.opam/4.02.0dev+module-aliases/lib/extlib/dllist.mli
Installed /home/opam/.opam/4.02.0dev+module-aliases/lib/extlib/optParse.mli
Installed /home/opam/.opam/4.02.0dev+module-aliases/lib/extlib/refList.mli
Installed /home/opam/.opam/4.02.0dev+module-aliases/lib/extlib/unzip.mli
Installed /home/opam/.opam/4.02.0dev+module-aliases/lib/extlib/base64.mli
Installed /home/opam/.opam/4.02.0dev+module-aliases/lib/extlib/uTF8.mli
Installed /home/opam/.opam/4.02.0dev+module-aliases/lib/extlib/uChar.mli
Installed /home/opam/.opam/4.02.0dev+module-aliases/lib/extlib/std.mli
Installed /home/opam/.opam/4.02.0dev+module-aliases/lib/extlib/pMap.mli
Installed /home/opam/.opam/4.02.0dev+module-aliases/lib/extlib/option.mli
Installed /home/opam/.opam/4.02.0dev+module-aliases/lib/extlib/IO.mli
Installed /home/opam/.opam/4.02.0dev+module-aliases/lib/extlib/global.mli
Installed /home/opam/.opam/4.02.0dev+module-aliases/lib/extlib/extString.mli
Installed /home/opam/.opam/4.02.0dev+module-aliases/lib/extlib/extList.mli
Installed /home/opam/.opam/4.02.0dev+module-aliases/lib/extlib/extHashtbl.mli
Installed /home/opam/.opam/4.02.0dev+module-aliases/lib/extlib/extArray.mli
Installed /home/opam/.opam/4.02.0dev+module-aliases/lib/extlib/dynArray.mli
Installed /home/opam/.opam/4.02.0dev+module-aliases/lib/extlib/bitSet.mli
Installed /home/opam/.opam/4.02.0dev+module-aliases/lib/extlib/enum.mli
Installed /home/opam/.opam/4.02.0dev+module-aliases/lib/extlib/extLib.cmi
Installed /home/opam/.opam/4.02.0dev+module-aliases/lib/extlib/extLib.cma
Installed /home/opam/.opam/4.02.0dev+module-aliases/lib/extlib/META
Installing extlib.1.5.4.

=-=-= Installing ocurl.0.6.0 =-=-=
ocurl.0.6.0 Downloading https://forge.ocamlcore.org/frs/download.php/1238/ocurl-0.6.0.tar.gz
--2013-11-20 18:05:30--  https://forge.ocamlcore.org/frs/download.php/1238/ocurl-0.6.0.tar.gz
Resolving forge.ocamlcore.org (forge.ocamlcore.org)... 87.98.154.45
Connecting to forge.ocamlcore.org (forge.ocamlcore.org)|87.98.154.45|:443... connected.
WARNING: no certificate subject alternative name matches
	requested host name `forge.ocamlcore.org'.
HTTP request sent, awaiting response... 200 OK
Length: 100170 (98K) [application/binary]
Saving to: `ocurl-0.6.0.tar.gz'

     0K .......... .......... .......... .......... .......... 51%  173K 0s
    50K .......... .......... .......... .......... .......   100%  498K=0.4s

2013-11-20 18:05:31 (254 KB/s) - `ocurl-0.6.0.tar.gz' saved [100170/100170]

Building ocurl.0.6.0:
  ./configure
  make
  make install
checking for gcc... gcc
checking whether the C compiler works... yes
checking for C compiler default output file name... a.out
checking for suffix of executables... 
checking whether we are cross compiling... no
checking for suffix of object files... o
checking whether we are using the GNU C compiler... yes
checking whether gcc accepts -g... yes
checking for gcc option to accept ISO C89... none needed
checking for libcurl cflags...  
checking for libcurl libs... -lcurl  
checking for a BSD-compatible install... /usr/bin/install -c
checking for ocamlc... ocamlc
OCaml version is 4.02.0+dev2-2013-09-12
OCaml library path is /home/opam/.opam/4.02.0dev+module-aliases/lib/ocaml
checking for ocamlopt... ocamlopt
checking for ocamlc.opt... ocamlc.opt
checking for ocamlopt.opt... ocamlopt.opt
checking for ocaml... ocaml
checking for ocamldep... ocamldep
checking for ocamlmktop... ocamlmktop
checking for ocamlmklib... ocamlmklib
checking for ocamldoc... ocamldoc
checking for ocamlbuild... ocamlbuild
checking for ocamlfind... ocamlfind
checking for prefix by checking for ocamlc... /home/opam/.opam/4.02.0dev+module-aliases/bin/ocamlc
checking whether CURLOPT_FILE is declared... yes
checking whether CURLOPT_URL is declared... yes
checking whether CURLOPT_PORT is declared... yes
checking whether CURLOPT_PROXY is declared... yes
checking whether CURLOPT_USERPWD is declared... yes
checking whether CURLOPT_PROXYUSERPWD is declared... yes
checking whether CURLOPT_RANGE is declared... yes
checking whether CURLOPT_INFILE is declared... yes
checking whether CURLOPT_ERRORBUFFER is declared... yes
checking whether CURLOPT_WRITEFUNCTION is declared... yes
checking whether CURLOPT_READFUNCTION is declared... yes
checking whether CURLOPT_TIMEOUT is declared... yes
checking whether CURLOPT_INFILESIZE is declared... yes
checking whether CURLOPT_POSTFIELDS is declared... yes
checking whether CURLOPT_REFERER is declared... yes
checking whether CURLOPT_FTPPORT is declared... yes
checking whether CURLOPT_USERAGENT is declared... yes
checking whether CURLOPT_LOW_SPEED_LIMIT is declared... yes
checking whether CURLOPT_LOW_SPEED_TIME is declared... yes
checking whether CURLOPT_RESUME_FROM is declared... yes
checking whether CURLOPT_COOKIE is declared... yes
checking whether CURLOPT_HTTPHEADER is declared... yes
checking whether CURLOPT_HTTPPOST is declared... yes
checking whether CURLOPT_SSLCERT is declared... yes
checking whether CURLOPT_SSLCERTPASSWD is declared... yes
checking whether CURLOPT_SSLKEYPASSWD is declared... yes
checking whether CURLOPT_CRLF is declared... yes
checking whether CURLOPT_QUOTE is declared... yes
checking whether CURLOPT_WRITEHEADER is declared... yes
checking whether CURLOPT_COOKIEFILE is declared... yes
checking whether CURLOPT_SSLVERSION is declared... yes
checking whether CURLOPT_TIMECONDITION is declared... yes
checking whether CURLOPT_TIMEVALUE is declared... yes
checking whether CURLOPT_CUSTOMREQUEST is declared... yes
checking whether CURLOPT_STDERR is declared... yes
checking whether CURLOPT_POSTQUOTE is declared... yes
checking whether CURLOPT_WRITEINFO is declared... yes
checking whether CURLOPT_VERBOSE is declared... yes
checking whether CURLOPT_HEADER is declared... yes
checking whether CURLOPT_NOPROGRESS is declared... yes
checking whether CURLOPT_NOBODY is declared... yes
checking whether CURLOPT_FAILONERROR is declared... yes
checking whether CURLOPT_UPLOAD is declared... yes
checking whether CURLOPT_POST is declared... yes
checking whether CURLOPT_FTPLISTONLY is declared... yes
checking whether CURLOPT_FTPAPPEND is declared... yes
checking whether CURLOPT_NETRC is declared... yes
checking whether CURLOPT_FOLLOWLOCATION is declared... yes
checking whether CURLOPT_TRANSFERTEXT is declared... yes
checking whether CURLOPT_PUT is declared... yes
checking whether CURLOPT_PROGRESSFUNCTION is declared... yes
checking whether CURLOPT_PROGRESSDATA is declared... yes
checking whether CURLOPT_AUTOREFERER is declared... yes
checking whether CURLOPT_PROXYPORT is declared... yes
checking whether CURLOPT_POSTFIELDSIZE is declared... yes
checking whether CURLOPT_HTTPPROXYTUNNEL is declared... yes
checking whether CURLOPT_INTERFACE is declared... yes
checking whether CURLOPT_KRB4LEVEL is declared... yes
checking whether CURLOPT_SSL_VERIFYPEER is declared... yes
checking whether CURLOPT_CAINFO is declared... yes
checking whether CURLOPT_MAXREDIRS is declared... yes
checking whether CURLOPT_FILETIME is declared... yes
checking whether CURLOPT_TELNETOPTIONS is declared... yes
checking whether CURLOPT_MAXCONNECTS is declared... yes
checking whether CURLOPT_CLOSEPOLICY is declared... yes
checking whether CURLOPT_FRESH_CONNECT is declared... yes
checking whether CURLOPT_FORBID_REUSE is declared... yes
checking whether CURLOPT_RANDOM_FILE is declared... yes
checking whether CURLOPT_EGDSOCKET is declared... yes
checking whether CURLOPT_CONNECTTIMEOUT is declared... yes
checking whether CURLOPT_HEADERFUNCTION is declared... yes
checking whether CURLOPT_HTTPGET is declared... yes
checking whether CURLOPT_SSL_VERIFYHOST is declared... yes
checking whether CURLOPT_COOKIEJAR is declared... yes
checking whether CURLOPT_SSL_CIPHER_LIST is declared... yes
checking whether CURLOPT_HTTP_VERSION is declared... yes
checking whether CURLOPT_FTP_USE_EPSV is declared... yes
checking whether CURLOPT_SSLCERTTYPE is declared... yes
checking whether CURLOPT_SSLKEY is declared... yes
checking whether CURLOPT_SSLKEYTYPE is declared... yes
checking whether CURLOPT_SSLENGINE is declared... yes
checking whether CURLOPT_SSLENGINE_DEFAULT is declared... yes
checking whether CURLOPT_DNS_USE_GLOBAL_CACHE is declared... yes
checking whether CURLOPT_DNS_CACHE_TIMEOUT is declared... yes
checking whether CURLOPT_PREQUOTE is declared... yes
checking whether CURLOPT_DEBUGFUNCTION is declared... yes
checking whether CURLOPT_DEBUGDATA is declared... yes
checking whether CURLOPT_COOKIESESSION is declared... yes
checking whether CURLOPT_CAPATH is declared... yes
checking whether CURLOPT_BUFFERSIZE is declared... yes
checking whether CURLOPT_NOSIGNAL is declared... yes
checking whether CURLOPT_SHARE is declared... yes
checking whether CURLOPT_PROXYTYPE is declared... yes
checking whether CURLOPT_ENCODING is declared... yes
checking whether CURLOPT_PRIVATE is declared... yes
checking whether CURLOPT_HTTP200ALIASES is declared... yes
checking whether CURLOPT_UNRESTRICTED_AUTH is declared... yes
checking whether CURLOPT_FTP_USE_EPRT is declared... yes
checking whether CURLOPT_HTTPAUTH is declared... yes
checking whether CURLOPT_FTP_CREATE_MISSING_DIRS is declared... yes
checking whether CURLOPT_PROXYAUTH is declared... yes
checking whether CURLOPT_FTP_RESPONSE_TIMEOUT is declared... yes
checking whether CURLOPT_IPRESOLVE is declared... yes
checking whether CURLOPT_MAXFILESIZE is declared... yes
checking whether CURLOPT_INFILESIZE_LARGE is declared... yes
checking whether CURLOPT_RESUME_FROM_LARGE is declared... yes
checking whether CURLOPT_MAXFILESIZE_LARGE is declared... yes
checking whether CURLOPT_NETRC_FILE is declared... yes
checking whether CURLOPT_FTP_SSL is declared... yes
checking whether CURLOPT_POSTFIELDSIZE_LARGE is declared... yes
checking whether CURLOPT_TCP_NODELAY is declared... yes
checking whether CURLOPT_FTPSSLAUTH is declared... yes
checking whether CURLOPT_IOCTLFUNCTION is declared... yes
checking whether CURLOPT_FTP_ACCOUNT is declared... yes
checking whether CURLOPT_COOKIELIST is declared... yes
checking whether CURLOPT_IGNORE_CONTENT_LENGTH is declared... yes
checking whether CURLOPT_FTP_SKIP_PASV_IP is declared... yes
checking whether CURLOPT_FTP_FILEMETHOD is declared... yes
checking whether CURLOPT_LOCALPORT is declared... yes
checking whether CURLOPT_LOCALPORTRANGE is declared... yes
checking whether CURLOPT_CONNECT_ONLY is declared... yes
checking whether CURLOPT_MAX_SEND_SPEED_LARGE is declared... yes
checking whether CURLOPT_MAX_RECV_SPEED_LARGE is declared... yes
checking whether CURLOPT_FTP_ALTERNATIVE_TO_USER is declared... yes
checking whether CURLOPT_SSL_SESSIONID_CACHE is declared... yes
checking whether CURLOPT_SSH_AUTH_TYPES is declared... yes
checking whether CURLOPT_SSH_PUBLIC_KEYFILE is declared... yes
checking whether CURLOPT_SSH_PRIVATE_KEYFILE is declared... yes
checking whether CURLOPT_FTP_SSL_CCC is declared... yes
checking whether CURLOPT_TIMEOUT_MS is declared... yes
checking whether CURLOPT_CONNECTTIMEOUT_MS is declared... yes
checking whether CURLOPT_HTTP_TRANSFER_DECODING is declared... yes
checking whether CURLOPT_HTTP_CONTENT_DECODING is declared... yes
checking whether CURLOPT_NEW_FILE_PERMS is declared... yes
checking whether CURLOPT_NEW_DIRECTORY_PERMS is declared... yes
checking whether CURLOPT_POST301 is declared... yes
checking whether CURLOPT_SSH_HOST_PUBLIC_KEY_MD5 is declared... yes
checking whether CURLOPT_COPYPOSTFIELDS is declared... yes
checking whether CURLOPT_PROXY_TRANSFER_MODE is declared... yes
checking whether CURLOPT_SEEKFUNCTION is declared... yes
checking whether CURLOPT_OPENSOCKETFUNCTION is declared... yes
checking whether CURLOPT_PROTOCOLS is declared... yes
checking whether CURLOPT_REDIR_PROTOCOLS is declared... yes
checking whether CURLOPT_RESOLVE is declared... yes
checking whether CURLOPT_DNS_SERVERS is declared... no
checking whether CURLINFO_EFFECTIVE_URL is declared... yes
checking whether CURLINFO_RESPONSE_CODE is declared... yes
checking whether CURLINFO_TOTAL_TIME is declared... yes
checking whether CURLINFO_NAMELOOKUP_TIME is declared... yes
checking whether CURLINFO_CONNECT_TIME is declared... yes
checking whether CURLINFO_PRETRANSFER_TIME is declared... yes
checking whether CURLINFO_SIZE_UPLOAD is declared... yes
checking whether CURLINFO_SIZE_DOWNLOAD is declared... yes
checking whether CURLINFO_SPEED_DOWNLOAD is declared... yes
checking whether CURLINFO_SPEED_UPLOAD is declared... yes
checking whether CURLINFO_HEADER_SIZE is declared... yes
checking whether CURLINFO_REQUEST_SIZE is declared... yes
checking whether CURLINFO_SSL_VERIFYRESULT is declared... yes
checking whether CURLINFO_FILETIME is declared... yes
checking whether CURLINFO_CONTENT_LENGTH_DOWNLOAD is declared... yes
checking whether CURLINFO_CONTENT_LENGTH_UPLOAD is declared... yes
checking whether CURLINFO_STARTTRANSFER_TIME is declared... yes
checking whether CURLINFO_CONTENT_TYPE is declared... yes
checking whether CURLINFO_REDIRECT_TIME is declared... yes
checking whether CURLINFO_REDIRECT_COUNT is declared... yes
checking whether CURLINFO_PRIVATE is declared... yes
checking whether CURLINFO_HTTP_CONNECTCODE is declared... yes
checking whether CURLINFO_HTTPAUTH_AVAIL is declared... yes
checking whether CURLINFO_PROXYAUTH_AVAIL is declared... yes
checking whether CURLINFO_OS_ERRNO is declared... yes
checking whether CURLINFO_NUM_CONNECTS is declared... yes
checking whether CURLINFO_SSL_ENGINES is declared... yes
checking whether CURLINFO_COOKIELIST is declared... yes
checking whether CURLINFO_LASTSOCKET is declared... yes
checking whether CURLINFO_FTP_ENTRY_PATH is declared... yes
checking whether CURLINFO_REDIRECT_URL is declared... yes
checking whether CURLINFO_PRIMARY_IP is declared... yes
checking whether CURLINFO_LOCAL_IP is declared... yes
checking whether CURLINFO_LOCAL_PORT is declared... yes
checking whether CURLE_UNSUPPORTED_PROTOCOL is declared... yes
checking whether CURLE_FAILED_INIT is declared... yes
checking whether CURLE_URL_MALFORMAT is declared... yes
checking whether CURLE_URL_MALFORMAT_USER is declared... yes
checking whether CURLE_COULDNT_RESOLVE_PROXY is declared... yes
checking whether CURLE_COULDNT_RESOLVE_HOST is declared... yes
checking whether CURLE_COULDNT_CONNECT is declared... yes
checking whether CURLE_FTP_WEIRD_SERVER_REPLY is declared... yes
checking whether CURLE_FTP_ACCESS_DENIED is declared... yes
checking whether CURLE_FTP_USER_PASSWORD_INCORRECT is declared... yes
checking whether CURLE_FTP_WEIRD_PASS_REPLY is declared... yes
checking whether CURLE_FTP_WEIRD_USER_REPLY is declared... yes
checking whether CURLE_FTP_WEIRD_PASV_REPLY is declared... yes
checking whether CURLE_FTP_WEIRD_227_FORMAT is declared... yes
checking whether CURLE_FTP_CANT_GET_HOST is declared... yes
checking whether CURLE_FTP_CANT_RECONNECT is declared... yes
checking whether CURLE_FTP_COULDNT_SET_BINARY is declared... yes
checking whether CURLE_PARTIAL_FILE is declared... yes
checking whether CURLE_FTP_COULDNT_RETR_FILE is declared... yes
checking whether CURLE_FTP_WRITE_ERROR is declared... yes
checking whether CURLE_FTP_QUOTE_ERROR is declared... yes
checking whether CURLE_HTTP_RETURNED_ERROR is declared... yes
checking whether CURLE_WRITE_ERROR is declared... yes
checking whether CURLE_MALFORMAT_USER is declared... yes
checking whether CURLE_FTP_COULDNT_STOR_FILE is declared... yes
checking whether CURLE_READ_ERROR is declared... yes
checking whether CURLE_OUT_OF_MEMORY is declared... yes
checking whether CURLE_OPERATION_TIMEOUTED is declared... yes
checking whether CURLE_FTP_COULDNT_SET_ASCII is declared... yes
checking whether CURLE_FTP_PORT_FAILED is declared... yes
checking whether CURLE_FTP_COULDNT_USE_REST is declared... yes
checking whether CURLE_FTP_COULDNT_GET_SIZE is declared... yes
checking whether CURLE_HTTP_RANGE_ERROR is declared... yes
checking whether CURLE_HTTP_POST_ERROR is declared... yes
checking whether CURLE_SSL_CONNECT_ERROR is declared... yes
checking whether CURLE_BAD_DOWNLOAD_RESUME is declared... yes
checking whether CURLE_FILE_COULDNT_READ_FILE is declared... yes
checking whether CURLE_LDAP_CANNOT_BIND is declared... yes
checking whether CURLE_LDAP_SEARCH_FAILED is declared... yes
checking whether CURLE_LIBRARY_NOT_FOUND is declared... yes
checking whether CURLE_FUNCTION_NOT_FOUND is declared... yes
checking whether CURLE_ABORTED_BY_CALLBACK is declared... yes
checking whether CURLE_BAD_FUNCTION_ARGUMENT is declared... yes
checking whether CURLE_BAD_CALLING_ORDER is declared... yes
checking whether CURLE_INTERFACE_FAILED is declared... yes
checking whether CURLE_BAD_PASSWORD_ENTERED is declared... yes
checking whether CURLE_TOO_MANY_REDIRECTS is declared... yes
checking whether CURLE_UNKNOWN_TELNET_OPTION is declared... yes
checking whether CURLE_TELNET_OPTION_SYNTAX is declared... yes
checking whether CURLE_SSL_PEER_CERTIFICATE is declared... yes
checking whether CURLE_GOT_NOTHING is declared... yes
checking whether CURLE_SSL_ENGINE_NOTFOUND is declared... yes
checking whether CURLE_SSL_ENGINE_SETFAILED is declared... yes
checking whether CURLE_SEND_ERROR is declared... yes
checking whether CURLE_RECV_ERROR is declared... yes
checking whether CURLE_SHARE_IN_USE is declared... yes
checking whether CURLE_SSL_CERTPROBLEM is declared... yes
checking whether CURLE_SSL_CIPHER is declared... yes
checking whether CURLE_SSL_CACERT is declared... yes
checking whether CURLE_BAD_CONTENT_ENCODING is declared... yes
checking whether CURLE_LDAP_INVALID_URL is declared... yes
checking whether CURLE_FILESIZE_EXCEEDED is declared... yes
checking whether CURLE_FTP_SSL_FAILED is declared... yes
checking whether CURLE_SEND_FAIL_REWIND is declared... yes
checking whether CURLE_SSL_ENGINE_INITFAILED is declared... yes
checking whether CURLE_LOGIN_DENIED is declared... yes
checking whether CURLE_TFTP_NOTFOUND is declared... yes
checking whether CURLE_TFTP_PERM is declared... yes
checking whether CURLE_REMOTE_DISK_FULL is declared... yes
checking whether CURLE_TFTP_ILLEGAL is declared... yes
checking whether CURLE_TFTP_UNKNOWNID is declared... yes
checking whether CURLE_REMOTE_FILE_EXISTS is declared... yes
checking whether CURLE_TFTP_NOSUCHUSER is declared... yes
checking whether CURLE_CONV_FAILED is declared... yes
checking whether CURLE_CONV_REQD is declared... yes
checking whether CURLE_SSL_CACERT_BADFILE is declared... yes
checking whether CURLE_REMOTE_FILE_NOT_FOUND is declared... yes
checking whether CURLE_SSH is declared... yes
checking whether CURLE_SSL_SHUTDOWN_FAILED is declared... yes
checking whether CURLE_AGAIN is declared... yes
checking whether CURL_VERSION_TLSAUTH_SRP is declared... yes
checking whether CURL_VERSION_NTLM_WB is declared... yes
configure: creating ./config.status
config.status: creating Makefile
config.status: creating examples/Makefile
config.status: creating config.h
make[1]: Entering directory `/home/opam/.opam/4.02.0dev+module-aliases/build/ocurl.0.6.0'
make[1]: Leaving directory `/home/opam/.opam/4.02.0dev+module-aliases/build/ocurl.0.6.0'
make[1]: Entering directory `/home/opam/.opam/4.02.0dev+module-aliases/build/ocurl.0.6.0'
ocamlc.opt -c  curl.mli -o curl.cmi
ocamlc.opt -c  curl.ml -o curl.cmo
ocamlc.opt -c -ccopt "-g -O2   -DHAVE_CONFIG_H -Wall" curl-helper.c
curl-helper.c:5483:9: note: #pragma message: libcurl does not implement CURLOPT_DNS_SERVERS
curl-helper.c: In function 'handleSeekFunction':
curl-helper.c:5195:14: warning: call to '_curl_easy_setopt_err_seek_cb' declared with attribute warning: curl_easy_setopt expects a curl_seek_callback argument for this option [enabled by default]
ocamlmklib -oc curl-helper curl-helper.o -lcurl  
ocamlmklib -o curl curl.cmo -oc curl-helper -lcurl  
ocamlopt.opt -c  curl.ml -o curl.cmx
ocamlmklib -o curl curl.cmx -oc curl-helper -lcurl  
(cd examples; make)
make[2]: Entering directory `/home/opam/.opam/4.02.0dev+module-aliases/build/ocurl.0.6.0/examples'
ocamlc.opt -thread -c -I ..  ocurl.ml -o ocurl.cmo
ocamlc.opt -thread -custom -I .. -ccopt -L.. curl.cma unix.cma threads.cma ocurl.cmo -o ocurl
ocamlopt.opt -thread -c -I ..  ocurl.ml -o ocurl.cmx
ocamlopt.opt -thread -I .. -ccopt -L.. curl.cmxa unix.cmxa threads.cmxa ocurl.cmx -o ocurl.opt
ocamlc.opt -thread -c -I ..  oput.ml -o oput.cmo
ocamlc.opt -thread -custom -I .. -ccopt -L.. curl.cma unix.cma threads.cma oput.cmo -o oput
ocamlopt.opt -thread -c -I ..  oput.ml -o oput.cmx
ocamlopt.opt -thread -I .. -ccopt -L.. curl.cmxa unix.cmxa threads.cmxa oput.cmx -o oput.opt
ocamlc.opt -thread -c -I ..  ominimal.ml -o ominimal.cmo
ocamlc.opt -thread -custom -I .. -ccopt -L.. curl.cma unix.cma threads.cma ominimal.cmo -o ominimal
ocamlopt.opt -thread -c -I ..  ominimal.ml -o ominimal.cmx
ocamlopt.opt -thread -I .. -ccopt -L.. curl.cmxa unix.cmxa threads.cmxa ominimal.cmx -o ominimal.opt
ocamlc.opt -thread -c -I ..  ossl.ml -o ossl.cmo
ocamlc.opt -thread -custom -I .. -ccopt -L.. curl.cma unix.cma threads.cma ossl.cmo -o ossl
ocamlopt.opt -thread -c -I ..  ossl.ml -o ossl.cmx
ocamlopt.opt -thread -I .. -ccopt -L.. curl.cmxa unix.cmxa threads.cmxa ossl.cmx -o ossl.opt
ocamlc.opt -thread -c -I ..  ocurl_test_threads.ml -o ocurl_test_threads.cmo
ocamlc.opt -thread -custom -I .. -ccopt -L.. curl.cma unix.cma threads.cma ocurl_test_threads.cmo -o ocurl_test_threads
ocamlopt.opt -thread -c -I ..  ocurl_test_threads.ml -o ocurl_test_threads.cmx
ocamlopt.opt -thread -I .. -ccopt -L.. curl.cmxa unix.cmxa threads.cmxa ocurl_test_threads.cmx -o ocurl_test_threads.opt
ocamlc.opt -thread -c -I ..  opar.ml -o opar.cmo
ocamlc.opt -thread -custom -I .. -ccopt -L.. curl.cma unix.cma threads.cma opar.cmo -o opar
ocamlopt.opt -thread -c -I ..  opar.ml -o opar.cmx
ocamlopt.opt -thread -I .. -ccopt -L.. curl.cmxa unix.cmxa threads.cmxa opar.cmx -o opar.opt
make[2]: Leaving directory `/home/opam/.opam/4.02.0dev+module-aliases/build/ocurl.0.6.0/examples'
make[1]: Leaving directory `/home/opam/.opam/4.02.0dev+module-aliases/build/ocurl.0.6.0'
ocamlfind install -patch-version 0.6.0 -ldconf ignore curl META curl.a curl.cmi curl.mli curl.cma curl.cmxa libcurl-helper.a dllcurl-helper.so
Installed /home/opam/.opam/4.02.0dev+module-aliases/lib/curl/libcurl-helper.a
Installed /home/opam/.opam/4.02.0dev+module-aliases/lib/curl/curl.cmxa
Installed /home/opam/.opam/4.02.0dev+module-aliases/lib/curl/curl.cma
Installed /home/opam/.opam/4.02.0dev+module-aliases/lib/curl/curl.mli
Installed /home/opam/.opam/4.02.0dev+module-aliases/lib/curl/curl.cmi
Installed /home/opam/.opam/4.02.0dev+module-aliases/lib/curl/curl.a
Installed /home/opam/.opam/4.02.0dev+module-aliases/lib/curl/META
Installed /home/opam/.opam/4.02.0dev+module-aliases/lib/stublibs/dllcurl-helper.so
Installed /home/opam/.opam/4.02.0dev+module-aliases/lib/stublibs/dllcurl-helper.so.owner
Installing ocurl.0.6.0.

=-=-= Installing xmlm.1.2.0 =-=-=
xmlm.1.2.0 Downloading http://erratique.ch/software/xmlm/releases/xmlm-1.2.0.tbz
--2013-11-20 18:06:01--  http://erratique.ch/software/xmlm/releases/xmlm-1.2.0.tbz
Resolving erratique.ch (erratique.ch)... 37.58.75.241, 2a03:8180:1001:b2:36::c
Connecting to erratique.ch (erratique.ch)|37.58.75.241|:80... connected.
HTTP request sent, awaiting response... 200 OK
Length: 38181 (37K) [application/x-bzip2]
Saving to: `xmlm-1.2.0.tbz'

     0K .......... .......... .......... .......              100%  378K=0.1s

2013-11-20 18:06:01 (378 KB/s) - `xmlm-1.2.0.tbz' saved [38181/38181]

Building xmlm.1.2.0:
  ./pkg/pkg-git
  ./pkg/build true
ocamlfind ocamldep -modules src/xmlm.mli > src/xmlm.mli.depends
ocamlfind ocamlc -c -I src -I test -o src/xmlm.cmi src/xmlm.mli
ocamlfind ocamldep -modules src/xmlm.ml > src/xmlm.ml.depends
ocamlfind ocamlopt -c -annot -bin-annot -I src -I test -o src/xmlm.cmx src/xmlm.ml
ocamlfind ocamlc -c -annot -bin-annot -I src -I test -o src/xmlm.cmo src/xmlm.ml
ocamlfind ocamlc -a src/xmlm.cmo -o src/xmlm.cma
ocamlfind ocamlopt -a src/xmlm.cmx -o src/xmlm.cmxa
ocamlfind ocamlopt -shared src/xmlm.cmx -o src/xmlm.cmxs
ocamlfind ocamldep -modules test/xmltrip.ml > test/xmltrip.ml.depends
ocamlfind ocamldep -modules test/xhtml.ml > test/xhtml.ml.depends
ocamlfind ocamlc -c -annot -bin-annot -I test -I src -o test/xhtml.cmo test/xhtml.ml
ocamlfind ocamlc -c -annot -bin-annot -I test -I src -o test/xmltrip.cmo test/xmltrip.ml
ocamlfind ocamlopt -c -annot -bin-annot -I test -I src -o test/xhtml.cmx test/xhtml.ml
ocamlfind ocamlopt -c -annot -bin-annot -I test -I src -o test/xmltrip.cmx test/xmltrip.ml
ocamlfind ocamlopt -linkpkg src/xmlm.cmx test/xhtml.cmx test/xmltrip.cmx -o test/xmltrip.native
Installing xmlm.1.2.0.
[WARNING] unknown fields in /home/opam/.opam/4.02.0dev+module-aliases/build/xmlm.1.2.0/xmlm.install: is your OPAM up-to-date ?

=-=-= Installing biniou.1.0.6 =-=-=
biniou.1.0.6 Downloading http://mjambon.com/releases/biniou/biniou-1.0.6.tar.gz
--2013-11-20 18:06:05--  http://mjambon.com/releases/biniou/biniou-1.0.6.tar.gz
Resolving mjambon.com (mjambon.com)... 173.246.103.93
Connecting to mjambon.com (mjambon.com)|173.246.103.93|:80... connected.
HTTP request sent, awaiting response... 200 OK
Length: 23676 (23K) [application/octet-stream]
Saving to: `biniou-1.0.6.tar.gz'

     0K .......... .......... ...                             100%  395K=0.06s

2013-11-20 18:06:05 (395 KB/s) - `biniou-1.0.6.tar.gz' saved [23676/23676]

Copying ~/.opam/repo/default/packages/biniou.1.0.6/files/biniou.install to ~/.opam/4.02.0dev+module-aliases/build/biniou.1.0.6/
Building biniou.1.0.6:
  make
  make install
ocamlfind ocamlc -a -dtypes -g -o biniou.cma \
		-package "easy-format" bi_util.mli bi_util.ml bi_share.mli bi_share.ml bi_outbuf.mli bi_outbuf.ml bi_inbuf.mli bi_inbuf.ml bi_vint.mli bi_vint.ml bi_io.mli bi_io.ml bi_dump.ml bi_stream.mli bi_stream.ml
ocamlfind ocamlopt -a -dtypes -g \
		-o biniou.cmxa -package "easy-format" bi_util.mli bi_util.ml bi_share.mli bi_share.ml bi_outbuf.mli bi_outbuf.ml bi_inbuf.mli bi_inbuf.ml bi_vint.mli bi_vint.ml bi_io.mli bi_io.ml bi_dump.ml bi_stream.mli bi_stream.ml
ocamlfind ocamlopt -o bdump -dtypes -g \
		-package easy-format -linkpkg \
		biniou.cmxa bdump.ml
ocamlfind ocamlopt -o test_biniou -dtypes -g \
		-package "easy-format unix" -linkpkg \
		biniou.cmxa test_biniou.ml
sed -e 's:@@VERSION@@:1.0.5:' META.in > META
test ! -f bdump || cp bdump /home/opam/.opam/4.02.0dev+module-aliases/bin/
test ! -f bdump.exe || cp bdump.exe /home/opam/.opam/4.02.0dev+module-aliases/bin/
ocamlfind install biniou META \
          $(ls bi_util.mli bi_share.mli bi_outbuf.mli bi_inbuf.mli bi_vint.mli bi_io.mli bi_stream.mli bi_util.cmi bi_share.cmi bi_outbuf.cmi bi_inbuf.cmi bi_vint.cmi bi_io.cmi bi_dump.cmi bi_stream.cmi bi_util.cmo bi_share.cmo bi_outbuf.cmo bi_inbuf.cmo bi_vint.cmo bi_io.cmo bi_dump.cmo bi_stream.cmo bi_util.cmx bi_share.cmx bi_outbuf.cmx bi_inbuf.cmx bi_vint.cmx bi_io.cmx bi_dump.cmx bi_stream.cmx bi_util.o bi_share.o bi_outbuf.o bi_inbuf.o bi_vint.o bi_io.o bi_dump.o bi_stream.o biniou.cma biniou.cmxa biniou.a)
Installed /home/opam/.opam/4.02.0dev+module-aliases/lib/biniou/biniou.cmxa
Installed /home/opam/.opam/4.02.0dev+module-aliases/lib/biniou/biniou.cma
Installed /home/opam/.opam/4.02.0dev+module-aliases/lib/biniou/biniou.a
Installed /home/opam/.opam/4.02.0dev+module-aliases/lib/biniou/bi_vint.o
Installed /home/opam/.opam/4.02.0dev+module-aliases/lib/biniou/bi_vint.mli
Installed /home/opam/.opam/4.02.0dev+module-aliases/lib/biniou/bi_vint.cmx
Installed /home/opam/.opam/4.02.0dev+module-aliases/lib/biniou/bi_vint.cmo
Installed /home/opam/.opam/4.02.0dev+module-aliases/lib/biniou/bi_vint.cmi
Installed /home/opam/.opam/4.02.0dev+module-aliases/lib/biniou/bi_util.o
Installed /home/opam/.opam/4.02.0dev+module-aliases/lib/biniou/bi_util.mli
Installed /home/opam/.opam/4.02.0dev+module-aliases/lib/biniou/bi_util.cmx
Installed /home/opam/.opam/4.02.0dev+module-aliases/lib/biniou/bi_util.cmo
Installed /home/opam/.opam/4.02.0dev+module-aliases/lib/biniou/bi_util.cmi
Installed /home/opam/.opam/4.02.0dev+module-aliases/lib/biniou/bi_stream.o
Installed /home/opam/.opam/4.02.0dev+module-aliases/lib/biniou/bi_stream.mli
Installed /home/opam/.opam/4.02.0dev+module-aliases/lib/biniou/bi_stream.cmx
Installed /home/opam/.opam/4.02.0dev+module-aliases/lib/biniou/bi_stream.cmo
Installed /home/opam/.opam/4.02.0dev+module-aliases/lib/biniou/bi_stream.cmi
Installed /home/opam/.opam/4.02.0dev+module-aliases/lib/biniou/bi_share.o
Installed /home/opam/.opam/4.02.0dev+module-aliases/lib/biniou/bi_share.mli
Installed /home/opam/.opam/4.02.0dev+module-aliases/lib/biniou/bi_share.cmx
Installed /home/opam/.opam/4.02.0dev+module-aliases/lib/biniou/bi_share.cmo
Installed /home/opam/.opam/4.02.0dev+module-aliases/lib/biniou/bi_share.cmi
Installed /home/opam/.opam/4.02.0dev+module-aliases/lib/biniou/bi_outbuf.o
Installed /home/opam/.opam/4.02.0dev+module-aliases/lib/biniou/bi_outbuf.mli
Installed /home/opam/.opam/4.02.0dev+module-aliases/lib/biniou/bi_outbuf.cmx
Installed /home/opam/.opam/4.02.0dev+module-aliases/lib/biniou/bi_outbuf.cmo
Installed /home/opam/.opam/4.02.0dev+module-aliases/lib/biniou/bi_outbuf.cmi
Installed /home/opam/.opam/4.02.0dev+module-aliases/lib/biniou/bi_io.o
Installed /home/opam/.opam/4.02.0dev+module-aliases/lib/biniou/bi_io.mli
Installed /home/opam/.opam/4.02.0dev+module-aliases/lib/biniou/bi_io.cmx
Installed /home/opam/.opam/4.02.0dev+module-aliases/lib/biniou/bi_io.cmo
Installed /home/opam/.opam/4.02.0dev+module-aliases/lib/biniou/bi_io.cmi
Installed /home/opam/.opam/4.02.0dev+module-aliases/lib/biniou/bi_inbuf.o
Installed /home/opam/.opam/4.02.0dev+module-aliases/lib/biniou/bi_inbuf.mli
Installed /home/opam/.opam/4.02.0dev+module-aliases/lib/biniou/bi_inbuf.cmx
Installed /home/opam/.opam/4.02.0dev+module-aliases/lib/biniou/bi_inbuf.cmo
Installed /home/opam/.opam/4.02.0dev+module-aliases/lib/biniou/bi_inbuf.cmi
Installed /home/opam/.opam/4.02.0dev+module-aliases/lib/biniou/bi_dump.o
Installed /home/opam/.opam/4.02.0dev+module-aliases/lib/biniou/bi_dump.cmx
Installed /home/opam/.opam/4.02.0dev+module-aliases/lib/biniou/bi_dump.cmo
Installed /home/opam/.opam/4.02.0dev+module-aliases/lib/biniou/bi_dump.cmi
Installed /home/opam/.opam/4.02.0dev+module-aliases/lib/biniou/META
Installing biniou.1.0.6.

=-=-= Installing ocamlnet.3.7.3 =-=-=
ocamlnet.3.7.3 Downloading http://download.camlcity.org/download/ocamlnet-3.7.3.tar.gz
--2013-11-20 18:06:07--  http://download.camlcity.org/download/ocamlnet-3.7.3.tar.gz
Resolving download.camlcity.org (download.camlcity.org)... 78.46.83.102, 2a01:4f8:120:10e8::101:6
Connecting to download.camlcity.org (download.camlcity.org)|78.46.83.102|:80... connected.
HTTP request sent, awaiting response... 200 OK
Length: 3352779 (3.2M) [application/x-tar]
Saving to: `ocamlnet-3.7.3.tar.gz'

     0K .......... .......... .......... .......... ..........  1%  107K 30s
    50K .......... .......... .......... .......... ..........  3%  218K 22s
   100K .......... .......... .......... .......... ..........  4%  428K 17s
   150K .......... .......... .......... .......... ..........  6%  427K 14s
   200K .......... .......... .......... .......... ..........  7%  441K 13s
   250K .......... .......... .......... .......... ..........  9% 1.27M 11s
   300K .......... .......... .......... .......... .......... 10%  611K 10s
   350K .......... .......... .......... .......... .......... 12%  712K 9s
   400K .......... .......... .......... .......... .......... 13% 1.08M 8s
   450K .......... .......... .......... .......... .......... 15% 1.41M 7s
   500K .......... .......... .......... .......... .......... 16%  626K 7s
   550K .......... .......... .......... .......... .......... 18% 1.41M 6s
   600K .......... .......... .......... .......... .......... 19%  668K 6s
   650K .......... .......... .......... .......... .......... 21% 7.46M 6s
   700K .......... .......... .......... .......... .......... 22% 1.47M 5s
   750K .......... .......... .......... .......... .......... 24% 1.27M 5s
   800K .......... .......... .......... .......... .......... 25% 1.19M 5s
   850K .......... .......... .......... .......... .......... 27% 3.06M 4s
   900K .......... .......... .......... .......... .......... 29% 2.22M 4s
   950K .......... .......... .......... .......... .......... 30% 1.38M 4s
  1000K .......... .......... .......... .......... .......... 32% 1021K 4s
  1050K .......... .......... .......... .......... .......... 33% 6.65M 3s
  1100K .......... .......... .......... .......... .......... 35% 2.30M 3s
  1150K .......... .......... .......... .......... .......... 36% 10.4M 3s
  1200K .......... .......... .......... .......... .......... 38% 1.44M 3s
  1250K .......... .......... .......... .......... .......... 39% 1.14M 3s
  1300K .......... .......... .......... .......... .......... 41% 5.02M 3s
  1350K .......... .......... .......... .......... .......... 42% 5.82M 3s
  1400K .......... .......... .......... .......... .......... 44% 2.80M 2s
  1450K .......... .......... .......... .......... .......... 45% 5.78M 2s
  1500K .......... .......... .......... .......... .......... 47% 1.30M 2s
  1550K .......... .......... .......... .......... .......... 48% 1.48M 2s
  1600K .......... .......... .......... .......... .......... 50% 8.29M 2s
  1650K .......... .......... .......... .......... .......... 51% 7.55M 2s
  1700K .......... .......... .......... .......... .......... 53% 9.01M 2s
  1750K .......... .......... .......... .......... .......... 54% 3.04M 2s
  1800K .......... .......... .......... .......... .......... 56% 7.11M 2s
  1850K .......... .......... .......... .......... .......... 58% 1.61M 1s
  1900K .......... .......... .......... .......... .......... 59% 3.82M 1s
  1950K .......... .......... .......... .......... .......... 61% 1.59M 1s
  2000K .......... .......... .......... .......... .......... 62% 9.26M 1s
  2050K .......... .......... .......... .......... .......... 64% 7.73M 1s
  2100K .......... .......... .......... .......... .......... 65% 4.32M 1s
  2150K .......... .......... .......... .......... .......... 67% 7.57M 1s
  2200K .......... .......... .......... .......... .......... 68% 6.11M 1s
  2250K .......... .......... .......... .......... .......... 70% 3.44M 1s
  2300K .......... .......... .......... .......... .......... 71% 2.32M 1s
  2350K .......... .......... .......... .......... .......... 73% 4.71M 1s
  2400K .......... .......... .......... .......... .......... 74% 1.59M 1s
  2450K .......... .......... .......... .......... .......... 76% 5.13M 1s
  2500K .......... .......... .......... .......... .......... 77% 5.78M 1s
  2550K .......... .......... .......... .......... .......... 79% 5.67M 1s
  2600K .......... .......... .......... .......... .......... 80% 2.56M 1s
  2650K .......... .......... .......... .......... .......... 82% 5.21M 0s
  2700K .......... .......... .......... .......... .......... 83% 6.90M 0s
  2750K .......... .......... .......... .......... .......... 85% 8.28M 0s
  2800K .......... .......... .......... .......... .......... 87% 5.89M 0s
  2850K .......... .......... .......... .......... .......... 88% 5.94M 0s
  2900K .......... .......... .......... .......... .......... 90% 1.51M 0s
  2950K .......... .......... .......... .......... .......... 91% 4.19M 0s
  3000K .......... .......... .......... .......... .......... 93% 2.59M 0s
  3050K .......... .......... .......... .......... .......... 94% 4.63M 0s
  3100K .......... .......... .......... .......... .......... 96% 5.29M 0s
  3150K .......... .......... .......... .......... .......... 97% 4.70M 0s
  3200K .......... .......... .......... .......... .......... 99% 5.07M 0s
  3250K .......... .......... ....                            100% 5.76M=2.4s

2013-11-20 18:06:10 (1.34 MB/s) - `ocamlnet-3.7.3.tar.gz' saved [3352779/3352779]

Copying ~/.opam/repo/default/packages/ocamlnet.3.7.3/files/ocamlnet.install to ~/.opam/4.02.0dev+module-aliases/build/ocamlnet.3.7.3/
Building ocamlnet.3.7.3:
  ./configure -bindir /home/opam/.opam/4.02.0dev+module-aliases/bin -disable-pcre -disable-gtk2 -disable-ssl -disable-zip -enable-crypto -with-nethttpd
  make all
  make opt
  make install
Welcome to Ocamlnet version 3.7.3
Checking operating system... Linux
Checking for findlib... found
Checking multi-threading support... posix (ok)
Checking word size... 64 bit
Checking endianess... little
Checking for GPROF... found
Checking for win32... no
Checking whether Ocaml has Printexc.register_printer... found
Checking for POSIX pthread... found
Checking whether Ocaml has fancy page tables... found
Checking on new implementation of caml_modify... found
Checking whether new caml_modify can be overridden... found
Checking whether out-of-heap values are supported and mutable... yes
Checking for POSIX shared memory... found
Checking for POSIX semaphores (anonymous)... found
Checking for POSIX semaphores (named)... found
Checking for POSIX spawn... found
Checking for POSIX fadvise... found
Checking for POSIX fallocate... found
Checking for POSIX memalign... found
Checking for syslog... found
Checking for POSIX functions like openat... found
Checking for fchdir... found
Checking for fdopendir... found
Checking for realpath... found
Checking for grantpt (System V style PTYs)... found
Checking for posix_openpt (System V style PTYs)... found
Checking for initgroups...found
Checking for POSIX clocks...found
Checking for POSIX timers...found
Checking for eventfd (Linux)...found
Checking for timerfd (Linux)...found
Checking for epoll (Linux)...found
Checking for compare_and_swap (GCC)...found
Checking for GPROF... found
Checking for O_SHARE_DELETE... yes
Checking for O_CLOEXEC... yes
Checking for getpeereid... not found
Checking for getpeerucred... not found
Checking whether netcamlbox and netmulticore are supported... yes
Checking for cryptokit... found
Preprocessor for ocamlrpcgen: cpp

Effective options:
    -disable-pcre
    -disable-full-pcre
    -disable-gtk
    -disable-gtk2
    -disable-tcl
    -disable-ssl
    -disable-zip
    -enable-crypto
    -disable-apache
    -with-nethttpd
    -without-rpc-auth-dh
    -bindir /home/opam/.opam/4.02.0dev+module-aliases/bin
    -datadir /home/opam/.opam/4.02.0dev+module-aliases/lib/netstring
    -cpp cpp

Writing Makefile.conf

Please check Makefile.conf.

You can now compile Ocamlnet by invoking
   make all
for the bytecode compiler, and optionally by invoking
   make opt
for the native-code compiler (if supported on your architecture).
Finally, a
   make install
will install the package(s).
for pkg in netsys netshm netstring equeue shell netgssapi rpc-generator rpc rpc-auth-local pop smtp netclient netcgi2 netplex netcgi2-plex netcamlbox netmulticore nethttpd netmech-scram nethttpd-for-netcgi2; do \
		( cd src/$pkg && make -f Makefile.pre generate ) || exit; \
		( cd src/$pkg && make -f Makefile.pre depend ) || exit; \
		( cd src/$pkg && make all ) || exit; \
	done
make[1]: Entering directory `/home/opam/.opam/4.02.0dev+module-aliases/build/ocamlnet.3.7.3/src/netsys'
make[2]: Entering directory `/home/opam/.opam/4.02.0dev+module-aliases/build/ocamlnet.3.7.3/src/netsys'
sed -e 's/@VERSION@/3.7.3/' \
	    -e 's/@AUTHDHREQS@//' \
	    -e 's/@PREFERRED_CGI_PKG@//' \
	    -e 's/@REGEXP_PROVIDER@/str/' \
	    -e 's/@COMPAT_PCRE_PROVIDER@//' \
 	    -e 's/@ZIP_PROVIDER@//' \
		META.in >META
make[2]: Leaving directory `/home/opam/.opam/4.02.0dev+module-aliases/build/ocamlnet.3.7.3/src/netsys'
make[1]: Leaving directory `/home/opam/.opam/4.02.0dev+module-aliases/build/ocamlnet.3.7.3/src/netsys'
make[1]: Entering directory `/home/opam/.opam/4.02.0dev+module-aliases/build/ocamlnet.3.7.3/src/netsys'
ocamlfind ocamldep -package "camlp4.macro" -syntax camlp4o  *.ml *.mli >depend || { rm -f depend; exit 1; }
make[1]: *** [depend] Error 1
make[1]: Leaving directory `/home/opam/.opam/4.02.0dev+module-aliases/build/ocamlnet.3.7.3/src/netsys'
make: *** [all] Error 2
[ERROR] The compilation of ocamlnet.3.7.3 failed.
Removing ocamlnet.3.7.3.
  ocamlfind remove equeue
  ocamlfind remove netcamlbox
  ocamlfind remove netcgi2
  ocamlfind remove netcgi2-plex
  ocamlfind remove netclient
  ocamlfind remove netgssapi
  ocamlfind remove nethttpd
  ocamlfind remove nethttpd-for-netcgi2
  ocamlfind remove netmech-scram
  ocamlfind remove netmulticore
  ocamlfind remove netplex
  ocamlfind remove netshm
  ocamlfind remove netstring
  ocamlfind remove netsys
  ocamlfind remove pop
  ocamlfind remove rpc
  ocamlfind remove rpc-auth-local
  ocamlfind remove rpc-generator
  ocamlfind remove shell
  ocamlfind remove smtp
ocamlfind: [WARNING] No such directory: /home/opam/.opam/4.02.0dev+module-aliases/lib/equeue
ocamlfind: [WARNING] No such directory: /home/opam/.opam/4.02.0dev+module-aliases/lib/netcamlbox
ocamlfind: [WARNING] No such directory: /home/opam/.opam/4.02.0dev+module-aliases/lib/netcgi2
ocamlfind: [WARNING] No such directory: /home/opam/.opam/4.02.0dev+module-aliases/lib/netcgi2-plex
ocamlfind: [WARNING] No such directory: /home/opam/.opam/4.02.0dev+module-aliases/lib/netclient
ocamlfind: [WARNING] No such directory: /home/opam/.opam/4.02.0dev+module-aliases/lib/netgssapi
ocamlfind: [WARNING] No such directory: /home/opam/.opam/4.02.0dev+module-aliases/lib/nethttpd
ocamlfind: [WARNING] No such directory: /home/opam/.opam/4.02.0dev+module-aliases/lib/nethttpd-for-netcgi2
ocamlfind: [WARNING] No such directory: /home/opam/.opam/4.02.0dev+module-aliases/lib/netmech-scram
ocamlfind: [WARNING] No such directory: /home/opam/.opam/4.02.0dev+module-aliases/lib/netmulticore
ocamlfind: [WARNING] No such directory: /home/opam/.opam/4.02.0dev+module-aliases/lib/netplex
ocamlfind: [WARNING] No such directory: /home/opam/.opam/4.02.0dev+module-aliases/lib/netshm
ocamlfind: [WARNING] No such directory: /home/opam/.opam/4.02.0dev+module-aliases/lib/netstring
ocamlfind: [WARNING] No such directory: /home/opam/.opam/4.02.0dev+module-aliases/lib/netsys
ocamlfind: [WARNING] No such directory: /home/opam/.opam/4.02.0dev+module-aliases/lib/pop
ocamlfind: [WARNING] No such directory: /home/opam/.opam/4.02.0dev+module-aliases/lib/rpc
ocamlfind: [WARNING] No such directory: /home/opam/.opam/4.02.0dev+module-aliases/lib/rpc-auth-local
ocamlfind: [WARNING] No such directory: /home/opam/.opam/4.02.0dev+module-aliases/lib/rpc-generator
ocamlfind: [WARNING] No such directory: /home/opam/.opam/4.02.0dev+module-aliases/lib/shell
ocamlfind: [WARNING] No such directory: /home/opam/.opam/4.02.0dev+module-aliases/lib/smtp

=-=-= Installing yojson.1.1.6 =-=-=
yojson.1.1.6 Downloading http://mjambon.com/releases/yojson/yojson-1.1.6.tar.gz
--2013-11-20 18:06:19--  http://mjambon.com/releases/yojson/yojson-1.1.6.tar.gz
Resolving mjambon.com (mjambon.com)... 173.246.103.93
Connecting to mjambon.com (mjambon.com)|173.246.103.93|:80... connected.
HTTP request sent, awaiting response... 200 OK
Length: 24964 (24K) [application/octet-stream]
Saving to: `yojson-1.1.6.tar.gz'

     0K .......... .......... ....                            100%  279K=0.09s

2013-11-20 18:06:20 (279 KB/s) - `yojson-1.1.6.tar.gz' saved [24964/24964]

Copying ~/.opam/repo/default/packages/yojson.1.1.6/files/yojson.install to ~/.opam/4.02.0dev+module-aliases/build/yojson.1.1.6/
Building yojson.1.1.6:
  make
  make install
sed -e 's:@@VERSION@@:1.1.5:' META.in > META
cppo -n yojson.mli.cppo -o yojson.mli
ocamlfind ocamlc -c -dtypes -g -package easy-format,biniou yojson.mli
ocamllex read.mll
421 states, 2020 transitions, table size 10606 bytes
cppo -D "VERSION 1.1.5" yojson.ml.cppo -o yojson.ml
ocamlfind ocamlc -c -dtypes -g -package easy-format,biniou yojson.ml
ocamlfind ocamlc -c -dtypes -g -package easy-format,biniou yojson_biniou.mli
ocamlfind ocamlc -c -dtypes -g -package easy-format,biniou yojson_biniou.ml
ocamlfind ocamlopt -c -dtypes -g -package easy-format,biniou yojson.ml
ocamlfind ocamlopt -c -dtypes -g -package easy-format,biniou yojson_biniou.ml
ocamlfind ocamlopt -o ydump -dtypes -g -package easy-format,biniou -linkpkg \
		yojson.cmx yojson_biniou.cmx ydump.ml
test ! -f ydump || cp ydump /home/opam/.opam/4.02.0dev+module-aliases/bin/
test ! -f ydump.exe || cp ydump.exe /home/opam/.opam/4.02.0dev+module-aliases/bin/
ocamlfind install yojson META \
          $(ls yojson.mli yojson_biniou.mli yojson.cmi yojson_biniou.cmi yojson.cmo yojson_biniou.cmo yojson.cmx yojson_biniou.cmx yojson.o yojson_biniou.o)
Installed /home/opam/.opam/4.02.0dev+module-aliases/lib/yojson/yojson_biniou.o
Installed /home/opam/.opam/4.02.0dev+module-aliases/lib/yojson/yojson_biniou.mli
Installed /home/opam/.opam/4.02.0dev+module-aliases/lib/yojson/yojson_biniou.cmx
Installed /home/opam/.opam/4.02.0dev+module-aliases/lib/yojson/yojson_biniou.cmo
Installed /home/opam/.opam/4.02.0dev+module-aliases/lib/yojson/yojson_biniou.cmi
Installed /home/opam/.opam/4.02.0dev+module-aliases/lib/yojson/yojson.o
Installed /home/opam/.opam/4.02.0dev+module-aliases/lib/yojson/yojson.mli
Installed /home/opam/.opam/4.02.0dev+module-aliases/lib/yojson/yojson.cmx
Installed /home/opam/.opam/4.02.0dev+module-aliases/lib/yojson/yojson.cmo
Installed /home/opam/.opam/4.02.0dev+module-aliases/lib/yojson/yojson.cmi
Installed /home/opam/.opam/4.02.0dev+module-aliases/lib/yojson/META
Installing yojson.1.1.6.

[ERROR] Due to some errors while processing ocamlnet.3.7.3, the following actions will NOT proceed:
 - install gapi-ocaml.0.2.1

===== ERROR while installing ocamlnet.3.7.3 =====
# opam-version         1.1.0
# os                   linux
# command              make all
# path                 /home/opam/.opam/4.02.0dev+module-aliases/build/ocamlnet.3.7.3
# compiler             4.02.0dev+module-aliases
# exit-code            2
# env-file             /home/opam/.opam/4.02.0dev+module-aliases/build/ocamlnet.3.7.3/ocamlnet-5781-548b09.env
# stdout-file          /home/opam/.opam/4.02.0dev+module-aliases/build/ocamlnet.3.7.3/ocamlnet-5781-548b09.out
# stderr-file          /home/opam/.opam/4.02.0dev+module-aliases/build/ocamlnet.3.7.3/ocamlnet-5781-548b09.err
### stdout ###
# ...[truncated]
# 	    -e 's/@PREFERRED_CGI_PKG@//' \
# 	    -e 's/@REGEXP_PROVIDER@/str/' \
# 	    -e 's/@COMPAT_PCRE_PROVIDER@//' \
#  	    -e 's/@ZIP_PROVIDER@//' \
# 		META.in >META
# make[2]: Leaving directory `/home/opam/.opam/4.02.0dev+module-aliases/build/ocamlnet.3.7.3/src/netsys'
# make[1]: Leaving directory `/home/opam/.opam/4.02.0dev+module-aliases/build/ocamlnet.3.7.3/src/netsys'
# make[1]: Entering directory `/home/opam/.opam/4.02.0dev+module-aliases/build/ocamlnet.3.7.3/src/netsys'
# ocamlfind ocamldep -package "camlp4.macro" -syntax camlp4o  *.ml *.mli >depend || { rm -f depend; exit 1; }
# make[1]: Leaving directory `/home/opam/.opam/4.02.0dev+module-aliases/build/ocamlnet.3.7.3/src/netsys'
### stderr ###
# Welcome to Ocamlnet version 3.7.3
# make[1]: *** [depend] Error 1
# make: *** [all] Error 2

The former state can be restored with opam switch import -f "/home/opam/.opam/4.02.0dev+module-aliases/backup/state-20131020180458.export"
'opam install gapi-ocaml' failed.
