++ opam install orm -e ubuntu
+ depext=libsqlite3-dev
+ echo Ubuntu depexts: libsqlite3-dev
+ '[' libsqlite3-dev '!=' '' ']'
Ubuntu depexts: libsqlite3-dev
+ sudo apt-get install -qq -y build-essential m4
+ sudo apt-get install -qq -y libsqlite3-dev
debconf: unable to initialize frontend: Dialog
debconf: (Dialog frontend will not work on a dumb terminal, an emacs shell buffer, or without a controlling terminal.)
debconf: falling back to frontend: Readline
debconf: unable to initialize frontend: Readline
debconf: (This frontend requires a controlling tty.)
debconf: falling back to frontend: Teletype
dpkg-preconfigure: unable to re-open stdin: 
Selecting previously unselected package libsqlite3-dev.
(Reading database ... 20462 files and directories currently installed.)
Unpacking libsqlite3-dev (from .../libsqlite3-dev_3.7.9-2ubuntu1_amd64.deb) ...
Setting up libsqlite3-dev (3.7.9-2ubuntu1) ...
+ opam install orm
The following actions will be performed:
 - install sqlite3-ocaml.2.0.4 [required by orm]
 - install type_conv.109.47.00 [required by orm]
 - install dyntype.0.9.0 [required by orm]
 - install orm.0.7.0
4 to install | 0 to reinstall | 0 to upgrade | 0 to downgrade | 0 to remove

=-=-= Installing sqlite3-ocaml.2.0.4 =-=-=
sqlite3-ocaml.2.0.4 Downloading https://bitbucket.org/mmottl/sqlite3-ocaml/downloads/sqlite3-ocaml-2.0.4.tar.gz
--2013-11-20 20:08:22--  https://bitbucket.org/mmottl/sqlite3-ocaml/downloads/sqlite3-ocaml-2.0.4.tar.gz
Resolving bitbucket.org (bitbucket.org)... 131.103.20.167, 131.103.20.168
Connecting to bitbucket.org (bitbucket.org)|131.103.20.167|:443... connected.
HTTP request sent, awaiting response... 302 FOUND
Location: http://cdn.bitbucket.org/mmottl/sqlite3-ocaml/downloads/sqlite3-ocaml-2.0.4.tar.gz [following]
--2013-11-20 20:08:22--  http://cdn.bitbucket.org/mmottl/sqlite3-ocaml/downloads/sqlite3-ocaml-2.0.4.tar.gz
Resolving cdn.bitbucket.org (cdn.bitbucket.org)... 216.137.33.61, 54.230.100.2, 54.230.100.247, ...
Connecting to cdn.bitbucket.org (cdn.bitbucket.org)|216.137.33.61|:80... connected.
HTTP request sent, awaiting response... 200 OK
Length: 60665 (59K) [application/x-tar]
Saving to: `sqlite3-ocaml-2.0.4.tar.gz'

     0K .......... .......... .......... .......... .......... 84%  948K 0s
    50K .........                                             100%  334K=0.08s

2013-11-20 20:08:22 (736 KB/s) - `sqlite3-ocaml-2.0.4.tar.gz' saved [60665/60665]

Building sqlite3-ocaml.2.0.4:
  ocaml setup.ml -configure
  ocaml setup.ml -build
  ocaml setup.ml -install

Configuration: 
ocamlfind: ........................................... /home/opam/.opam/4.02.0dev+module-aliases/bin/ocamlfind
ocamlc: .............................................. /home/opam/.opam/4.02.0dev+module-aliases/bin/ocamlc.opt
ocamlopt: ............................................ /home/opam/.opam/4.02.0dev+module-aliases/bin/ocamlopt.opt
ocamlbuild: .......................................... /home/opam/.opam/4.02.0dev+module-aliases/bin/ocamlbuild
Package name: ........................................ sqlite3-ocaml
Package version: ..................................... 2.0.4
os_type: ............................................. Unix
system: .............................................. linux
architecture: ........................................ amd64
ccomp_type: .......................................... cc
ocaml_version: ....................................... 4.02.0
standard_library_default: ............................ /home/opam/.opam/4.02.0dev+module-aliases/lib/ocaml
standard_library: .................................... /home/opam/.opam/4.02.0dev+module-aliases/lib/ocaml
standard_runtime: .................................... /home/opam/.opam/4.02.0dev+module-aliases/bin/ocamlrun
bytecomp_c_compiler: ................................. gcc -fno-defer-pop -Wall -D_FILE_OFFSET_BITS=64 -D_REENTRANT -fPIC
native_c_compiler: ................................... gcc -Wall -D_FILE_OFFSET_BITS=64 -D_REENTRANT
model: ............................................... default
ext_obj: ............................................. .o
ext_asm: ............................................. .s
ext_lib: ............................................. .a
ext_dll: ............................................. .so
default_executable_name: ............................. a.out
systhread_supported: ................................. true
Install architecture-independent files dir: .......... /usr/local
Install architecture-dependent files in dir: ......... $prefix
User executables: .................................... $exec_prefix/bin
System admin executables: ............................ $exec_prefix/sbin
Program executables: ................................. $exec_prefix/libexec
Read-only single-machine data: ....................... $prefix/etc
Modifiable architecture-independent data: ............ $prefix/com
Modifiable single-machine data: ...................... $prefix/var
Object code libraries: ............................... $exec_prefix/lib
Read-only arch-independent data root: ................ $prefix/share
Read-only architecture-independent data: ............. $datarootdir
Info documentation: .................................. $datarootdir/info
Locale-dependent data: ............................... $datarootdir/locale
Man documentation: ................................... $datarootdir/man
Documentation root: .................................. $datarootdir/doc/$pkg_name
HTML documentation: .................................. $docdir
DVI documentation: ................................... $docdir
PDF documentation: ................................... $docdir
PS documentation: .................................... $docdir
findlib_version: ..................................... 1.4
is_native: ........................................... true
suffix_program: ...................................... 
Remove a file.: ...................................... rm -f
Remove a directory.: ................................. rm -rf
Turn ocaml debug flag on: ............................ true
Turn ocaml profile flag on: .......................... false
Compiler support generation of .cmxs.: ............... true
OCamlbuild additional flags: ......................... 
Strict compile-time checks: .......................... true
Create documentations: ............................... true
Compile tests executable and library and run them: ... false
ocamldoc: ............................................ /home/opam/.opam/4.02.0dev+module-aliases/bin/ocamldoc

ocamlfind ocamlopt unix.cmxa -I /home/opam/.opam/4.02.0dev+module-aliases/lib/ocaml/ocamlbuild /home/opam/.opam/4.02.0dev+module-aliases/lib/ocaml/ocamlbuild/ocamlbuildlib.cmxa -linkpkg myocamlbuild.ml /home/opam/.opam/4.02.0dev+module-aliases/lib/ocaml/ocamlbuild/ocamlbuild.cmx -o myocamlbuild
ocamlfind ocamlc -ccopt -g -ccopt -O2 -ccopt -fPIC -ccopt -DPIC -ccopt -Wall -ccopt -pedantic -ccopt -Wextra -ccopt -Wunused -ccopt -Wno-long-long -c lib/sqlite3_stubs.c
mv sqlite3_stubs.o lib/sqlite3_stubs.o
/home/opam/.opam/4.02.0dev+module-aliases/bin/ocamlmklib -o lib/sqlite3_stubs -lsqlite3 -lsqlite3 lib/sqlite3_stubs.o
ocamlfind ocamldep -modules lib/sqlite3.mli > lib/sqlite3.mli.depends
ocamlfind ocamlc -c -g -annot -w A -w e -w r -ccopt -g -ccopt -O2 -ccopt -fPIC -ccopt -DPIC -ccopt -Wall -ccopt -pedantic -ccopt -Wextra -ccopt -Wunused -ccopt -Wno-long-long -strict-sequence -I lib -o lib/sqlite3.cmi lib/sqlite3.mli
ocamlfind ocamldep -modules lib/sqlite3.ml > lib/sqlite3.ml.depends
ocamlfind ocamlc -c -g -annot -w A -w e -w r -ccopt -g -ccopt -O2 -ccopt -fPIC -ccopt -DPIC -ccopt -Wall -ccopt -pedantic -ccopt -Wextra -ccopt -Wunused -ccopt -Wno-long-long -strict-sequence -I lib -o lib/sqlite3.cmo lib/sqlite3.ml
ocamlfind ocamlc -a -dllib -lsqlite3_stubs -cclib -lsqlite3_stubs -cclib -lsqlite3 -cclib -lsqlite3 -cclib -lsqlite3 lib/sqlite3.cmo -o lib/sqlite3.cma
ocamlfind ocamlopt -c -g -annot -w A -w e -w r -ccopt -g -ccopt -O2 -ccopt -fPIC -ccopt -DPIC -ccopt -Wall -ccopt -pedantic -ccopt -Wextra -ccopt -Wunused -ccopt -Wno-long-long -strict-sequence -I lib -o lib/sqlite3.cmx lib/sqlite3.ml
ocamlfind ocamlopt -a -cclib -lsqlite3_stubs -cclib -lsqlite3 -cclib -lsqlite3 -cclib -lsqlite3 lib/sqlite3.cmx -o lib/sqlite3.cmxa
ocamlfind ocamlopt -shared -I lib -cclib -lsqlite3 lib/sqlite3.cmxa lib/sqlite3.cmx -o lib/sqlite3.cmxs
Installed /home/opam/.opam/4.02.0dev+module-aliases/lib/sqlite3/sqlite3.mli
Installed /home/opam/.opam/4.02.0dev+module-aliases/lib/sqlite3/libsqlite3_stubs.a
Installed /home/opam/.opam/4.02.0dev+module-aliases/lib/sqlite3/sqlite3.cma
Installed /home/opam/.opam/4.02.0dev+module-aliases/lib/sqlite3/sqlite3.cmxa
Installed /home/opam/.opam/4.02.0dev+module-aliases/lib/sqlite3/sqlite3.a
Installed /home/opam/.opam/4.02.0dev+module-aliases/lib/sqlite3/sqlite3.cmxs
Installed /home/opam/.opam/4.02.0dev+module-aliases/lib/sqlite3/sqlite3.cmi
Installed /home/opam/.opam/4.02.0dev+module-aliases/lib/sqlite3/sqlite3.cmx
Installed /home/opam/.opam/4.02.0dev+module-aliases/lib/sqlite3/META
Installed /home/opam/.opam/4.02.0dev+module-aliases/lib/stublibs/dllsqlite3_stubs.so
Installed /home/opam/.opam/4.02.0dev+module-aliases/lib/stublibs/dllsqlite3_stubs.so.owner
ocamlfind: [WARNING] You have installed DLLs but the directory /home/opam/.opam/4.02.0dev+module-aliases/lib/stublibs is not mentioned in ld.conf
Installing sqlite3-ocaml.2.0.4.

=-=-= Installing type_conv.109.47.00 =-=-=
type_conv.109.47.00 Downloading https://ocaml.janestreet.com/ocaml-core/109.47.00/individual/type_conv-109.47.00.tar.gz
--2013-11-20 20:08:28--  https://ocaml.janestreet.com/ocaml-core/109.47.00/individual/type_conv-109.47.00.tar.gz
Resolving ocaml.janestreet.com (ocaml.janestreet.com)... 208.70.147.209
Connecting to ocaml.janestreet.com (ocaml.janestreet.com)|208.70.147.209|:443... connected.
HTTP request sent, awaiting response... 200 OK
Length: 58766 (57K) [application/x-gzip]
Saving to: `type_conv-109.47.00.tar.gz'

     0K .......... .......... .......... .......... .......... 87% 4.44M 0s
    50K .......                                               100% 87.6M=0.01s

2013-11-20 20:08:28 (5.05 MB/s) - `type_conv-109.47.00.tar.gz' saved [58766/58766]

Building type_conv.109.47.00:
  make
  make install
ocamlopt.opt -o setup.exe setup.ml || ocamlopt -o setup.exe setup.ml || ocamlc -o setup.exe setup.ml
rm -f setup.cmx setup.cmi setup.o setup.obj setup.cmo
./setup.exe -configure 

Configuration: 
ocamlfind: ........................................... /home/opam/.opam/4.02.0dev+module-aliases/bin/ocamlfind
ocamlc: .............................................. /home/opam/.opam/4.02.0dev+module-aliases/bin/ocamlc.opt
ocamlopt: ............................................ /home/opam/.opam/4.02.0dev+module-aliases/bin/ocamlopt.opt
ocamlbuild: .......................................... /home/opam/.opam/4.02.0dev+module-aliases/bin/ocamlbuild
Package name: ........................................ type_conv
Package version: ..................................... 109.47.00
os_type: ............................................. Unix
system: .............................................. linux
architecture: ........................................ amd64
ccomp_type: .......................................... cc
ocaml_version: ....................................... 4.02.0
standard_library_default: ............................ /home/opam/.opam/4.02.0dev+module-aliases/lib/ocaml
standard_library: .................................... /home/opam/.opam/4.02.0dev+module-aliases/lib/ocaml
standard_runtime: .................................... /home/opam/.opam/4.02.0dev+module-aliases/bin/ocamlrun
bytecomp_c_compiler: ................................. gcc -fno-defer-pop -Wall -D_FILE_OFFSET_BITS=64 -D_REENTRANT -fPIC
native_c_compiler: ................................... gcc -Wall -D_FILE_OFFSET_BITS=64 -D_REENTRANT
model: ............................................... default
ext_obj: ............................................. .o
ext_asm: ............................................. .s
ext_lib: ............................................. .a
ext_dll: ............................................. .so
default_executable_name: ............................. a.out
systhread_supported: ................................. true
Install architecture-independent files dir: .......... /usr/local
Install architecture-dependent files in dir: ......... $prefix
User executables: .................................... $exec_prefix/bin
System admin executables: ............................ $exec_prefix/sbin
Program executables: ................................. $exec_prefix/libexec
Read-only single-machine data: ....................... $prefix/etc
Modifiable architecture-independent data: ............ $prefix/com
Modifiable single-machine data: ...................... $prefix/var
Object code libraries: ............................... $exec_prefix/lib
Read-only arch-independent data root: ................ $prefix/share
Read-only architecture-independent data: ............. $datarootdir
Info documentation: .................................. $datarootdir/info
Locale-dependent data: ............................... $datarootdir/locale
Man documentation: ................................... $datarootdir/man
Documentation root: .................................. $datarootdir/doc/$pkg_name
HTML documentation: .................................. $docdir
DVI documentation: ................................... $docdir
PDF documentation: ................................... $docdir
PS documentation: .................................... $docdir
findlib_version: ..................................... 1.4
is_native: ........................................... true
suffix_program: ...................................... 
Remove a file.: ...................................... rm -f
Remove a directory.: ................................. rm -rf
Turn ocaml debug flag on: ............................ true
Turn ocaml profile flag on: .......................... false
Compiler support generation of .cmxs.: ............... true
OCamlbuild additional flags: ......................... 
Create documentations: ............................... true
Compile tests executable and library and run them: ... false
camlp4o: ............................................. /usr/bin/camlp4o
pkg_camlp4_quotations: ............................... /home/opam/.opam/4.02.0dev+module-aliases/lib/ocaml/camlp4
pkg_camlp4_extend: ................................... /home/opam/.opam/4.02.0dev+module-aliases/lib/ocaml/camlp4
ocamldoc: ............................................ /home/opam/.opam/4.02.0dev+module-aliases/bin/ocamldoc

./setup.exe -build 
ocamlfind ocamlopt unix.cmxa -I /home/opam/.opam/4.02.0dev+module-aliases/lib/ocaml/ocamlbuild /home/opam/.opam/4.02.0dev+module-aliases/lib/ocaml/ocamlbuild/ocamlbuildlib.cmxa -linkpkg myocamlbuild.ml /home/opam/.opam/4.02.0dev+module-aliases/lib/ocaml/ocamlbuild/ocamlbuild.cmx -o myocamlbuild
ocamlfind ocamldep -package camlp4.quotations -package camlp4.extend -modules lib/pa_type_conv.mli > lib/pa_type_conv.mli.depends
ocamlfind ocamlc -c -g -package camlp4.quotations -package camlp4.extend -I lib -o lib/pa_type_conv.cmi lib/pa_type_conv.mli
+ ocamlfind ocamlc -c -g -package camlp4.quotations -package camlp4.extend -I lib -o lib/pa_type_conv.cmi lib/pa_type_conv.mli
File "lib/pa_type_conv.mli", line 3, characters 0-23:
Error: Unbound module Camlp4
Command exited with code 2.
E: Failure("Command ''/home/opam/.opam/4.02.0dev+module-aliases/bin/ocamlbuild' lib/pa_type_conv.cma lib/pa_type_conv.cmxa lib/pa_type_conv.a lib/pa_type_conv.cmxs -tag debug' terminated with error code 10")
make: *** [build] Error 1
[ERROR] The compilation of type_conv.109.47.00 failed.
Removing type_conv.109.47.00.
  ocamlfind remove type_conv
ocamlfind: [WARNING] No such directory: /home/opam/.opam/4.02.0dev+module-aliases/lib/type_conv

[ERROR] Due to some errors while processing type_conv.109.47.00, the following actions will NOT proceed:
 - install orm.0.7.0
 - install dyntype.0.9.0

===== ERROR while installing type_conv.109.47.00 =====
# opam-version         1.1.0
# os                   linux
# command              make
# path                 /home/opam/.opam/4.02.0dev+module-aliases/build/type_conv.109.47.00
# compiler             4.02.0dev+module-aliases
# exit-code            2
# env-file             /home/opam/.opam/4.02.0dev+module-aliases/build/type_conv.109.47.00/type_conv-219-ad8886.env
# stdout-file          /home/opam/.opam/4.02.0dev+module-aliases/build/type_conv.109.47.00/type_conv-219-ad8886.out
# stderr-file          /home/opam/.opam/4.02.0dev+module-aliases/build/type_conv.109.47.00/type_conv-219-ad8886.err
### stdout ###
# ...[truncated]
# ocamldoc: ............................................ /home/opam/.opam/4.02.0dev+module-aliases/bin/ocamldoc
# 
# ./setup.exe -build 
# ocamlfind ocamlopt unix.cmxa -I /home/opam/.opam/4.02.0dev+module-aliases/lib/ocaml/ocamlbuild /home/opam/.opam/4.02.0dev+module-aliases/lib/ocaml/ocamlbuild/ocamlbuildlib.cmxa -linkpkg myocamlbuild.ml /home/opam/.opam/4.02.0dev+module-aliases/lib/ocaml/ocamlbuild/ocamlbuild.cmx -o myocamlbuild
# ocamlfind ocamldep -package camlp4.quotations -package camlp4.extend -modules lib/pa_type_conv.mli > lib/pa_type_conv.mli.depends
# ocamlfind ocamlc -c -g -package camlp4.quotations -package camlp4.extend -I lib -o lib/pa_type_conv.cmi lib/pa_type_conv.mli
# + ocamlfind ocamlc -c -g -package camlp4.quotations -package camlp4.extend -I lib -o lib/pa_type_conv.cmi lib/pa_type_conv.mli
# File "lib/pa_type_conv.mli", line 3, characters 0-23:
# Error: Unbound module Camlp4
# Command exited with code 2.
### stderr ###
# E: Failure("Command ''/home/opam/.opam/4.02.0dev+module-aliases/bin/ocamlbuild' lib/pa_type_conv.cma lib/pa_type_conv.cmxa lib/pa_type_conv.a lib/pa_type_conv.cmxs -tag debug' terminated with error code 10")
# make: *** [build] Error 1

The former state can be restored with opam switch import -f "/home/opam/.opam/4.02.0dev+module-aliases/backup/state-20131020200819.export"
'opam install orm' failed.
