++ opam install tuareg -e ubuntu
+ depext=
Ubuntu depexts:
+ echo Ubuntu depexts:
+ '[' '' '!=' '' ']'
+ opam install tuareg
The following actions will be performed:
 - install tuareg.2.0.7
1 to install | 0 to reinstall | 0 to upgrade | 0 to downgrade | 0 to remove

=-=-= Installing tuareg.2.0.7 =-=-=
tuareg.2.0.7 Downloading https://forge.ocamlcore.org/frs/download.php/1304/tuareg-2.0.7.tar.gz
--2013-11-20 20:58:52--  https://forge.ocamlcore.org/frs/download.php/1304/tuareg-2.0.7.tar.gz
Resolving forge.ocamlcore.org (forge.ocamlcore.org)... 87.98.154.45
Connecting to forge.ocamlcore.org (forge.ocamlcore.org)|87.98.154.45|:443... connected.
WARNING: no certificate subject alternative name matches
	requested host name `forge.ocamlcore.org'.
HTTP request sent, awaiting response... 200 OK
Length: 57999 (57K) [application/binary]
Saving to: `tuareg-2.0.7.tar.gz'

     0K .......... .......... .......... .......... .......... 88%  170K 0s
    50K ......                                                100% 43.3M=0.3s

2013-11-20 20:58:53 (192 KB/s) - `tuareg-2.0.7.tar.gz' saved [57999/57999]

Building tuareg.2.0.7:
  make install INSTALL_DIR=/home/opam/.opam/4.02.0dev+module-aliases/share/tuareg
emacs --batch --no-init-file -f batch-byte-compile tuareg.el
make: emacs: Command not found
make: *** [tuareg.elc] Error 127
[ERROR] The compilation of tuareg.2.0.7 failed.
Removing tuareg.2.0.7.
  make uninstall
test -d /home/opam/.opam/4.02.0dev+module-aliases/share/tuareg && rm -f -r /home/opam/.opam/4.02.0dev+module-aliases/share/tuareg
make: [uninstall] Error 1 (ignored)


===== ERROR while installing tuareg.2.0.7 =====
# opam-version         1.1.0
# os                   linux
# command              make install INSTALL_DIR=/home/opam/.opam/4.02.0dev+module-aliases/share/tuareg
# path                 /home/opam/.opam/4.02.0dev+module-aliases/build/tuareg.2.0.7
# compiler             4.02.0dev+module-aliases
# exit-code            2
# env-file             /home/opam/.opam/4.02.0dev+module-aliases/build/tuareg.2.0.7/tuareg-19-d2d111.env
# stdout-file          /home/opam/.opam/4.02.0dev+module-aliases/build/tuareg.2.0.7/tuareg-19-d2d111.out
# stderr-file          /home/opam/.opam/4.02.0dev+module-aliases/build/tuareg.2.0.7/tuareg-19-d2d111.err
### stdout ###
# emacs --batch --no-init-file -f batch-byte-compile tuareg.el
### stderr ###
# make: emacs: Command not found
# make: *** [tuareg.elc] Error 127

'opam install tuareg' failed.
