++ opam install websocket -e ubuntu
+ depext='libssl-dev zlib1g-dev'
+ echo Ubuntu depexts: libssl-dev zlib1g-dev
Ubuntu depexts: libssl-dev zlib1g-dev
+ '[' 'libssl-dev zlib1g-dev' '!=' '' ']'
+ sudo apt-get install -qq -y build-essential m4
+ sudo apt-get install -qq -y libssl-dev zlib1g-dev
debconf: unable to initialize frontend: Dialog
debconf: (Dialog frontend will not work on a dumb terminal, an emacs shell buffer, or without a controlling terminal.)
debconf: falling back to frontend: Readline
debconf: unable to initialize frontend: Readline
debconf: (This frontend requires a controlling tty.)
debconf: falling back to frontend: Teletype
dpkg-preconfigure: unable to re-open stdin: 
Selecting previously unselected package zlib1g-dev.
(Reading database ... 20462 files and directories currently installed.)
Unpacking zlib1g-dev (from .../zlib1g-dev_1%3a1.2.3.4.dfsg-3ubuntu4_amd64.deb) ...
Selecting previously unselected package libssl-dev.
Unpacking libssl-dev (from .../libssl-dev_1.0.1-4ubuntu3_amd64.deb) ...
Selecting previously unselected package libssl-doc.
Unpacking libssl-doc (from .../libssl-doc_1.0.1-4ubuntu3_all.deb) ...
Setting up zlib1g-dev (1:1.2.3.4.dfsg-3ubuntu4) ...
Setting up libssl-dev (1.0.1-4ubuntu3) ...
Setting up libssl-doc (1.0.1-4ubuntu3) ...
+ opam install websocket
The following actions will be performed:
 - install optcomp.1.4 [required by websocket]
 - install ssl.0.4.6 [required by websocket]
 - install cryptokit.1.9 [required by websocket]
 - install ounit.2.0.0 [required by websocket]
 - install re.1.2.1 [required by websocket]
 - install ocplib-endian.0.4 [required by websocket]
 - install lwt.2.4.4 [required by websocket]
 - install uri.1.3.11 [required by websocket]
 - install cstruct.0.8.1 [required by websocket]
 - install cohttp.0.9.11 [required by websocket]
 - install websocket.0.6
11 to install | 0 to reinstall | 0 to upgrade | 0 to downgrade | 0 to remove

=-=-= Installing cryptokit.1.9 =-=-=
cryptokit.1.9 Downloading https://forge.ocamlcore.org/frs/download.php/1229/cryptokit-1.9.tar.gz
--2013-11-20 21:08:25--  https://forge.ocamlcore.org/frs/download.php/1229/cryptokit-1.9.tar.gz
Resolving forge.ocamlcore.org (forge.ocamlcore.org)... 87.98.154.45
Connecting to forge.ocamlcore.org (forge.ocamlcore.org)|87.98.154.45|:443... connected.
WARNING: no certificate subject alternative name matches
	requested host name `forge.ocamlcore.org'.
HTTP request sent, awaiting response... 200 OK
Length: 143494 (140K) [application/binary]
Saving to: `cryptokit-1.9.tar.gz'

     0K .......... .......... .......... .......... .......... 35%  131K 1s
    50K .......... .......... .......... .......... .......... 71%  518K 0s
   100K .......... .......... .......... ..........           100% 15.9M=0.5s

2013-11-20 21:08:26 (291 KB/s) - `cryptokit-1.9.tar.gz' saved [143494/143494]

Building cryptokit.1.9:
  make
  make install
ocaml setup.ml -configure 

Configuration: 
ocamlfind: ........................................... /home/opam/.opam/4.02.0dev+module-aliases/bin/ocamlfind
ocamlc: .............................................. /home/opam/.opam/4.02.0dev+module-aliases/bin/ocamlc.opt
ocamlopt: ............................................ /home/opam/.opam/4.02.0dev+module-aliases/bin/ocamlopt.opt
ocamlbuild: .......................................... /home/opam/.opam/4.02.0dev+module-aliases/bin/ocamlbuild
Package name: ........................................ cryptokit
Package version: ..................................... 1.9
os_type: ............................................. Unix
system: .............................................. linux
architecture: ........................................ amd64
ccomp_type: .......................................... cc
ocaml_version: ....................................... 4.02.0
standard_library_default: ............................ /home/opam/.opam/4.02.0dev+module-aliases/lib/ocaml
standard_library: .................................... /home/opam/.opam/4.02.0dev+module-aliases/lib/ocaml
standard_runtime: .................................... /home/opam/.opam/4.02.0dev+module-aliases/bin/ocamlrun
bytecomp_c_compiler: ................................. gcc -fno-defer-pop -Wall -D_FILE_OFFSET_BITS=64 -D_REENTRANT -fPIC
native_c_compiler: ................................... gcc -Wall -D_FILE_OFFSET_BITS=64 -D_REENTRANT
model: ............................................... default
ext_obj: ............................................. .o
ext_asm: ............................................. .s
ext_lib: ............................................. .a
ext_dll: ............................................. .so
default_executable_name: ............................. a.out
systhread_supported: ................................. true
Install architecture-independent files dir: .......... /usr/local
Install architecture-dependent files in dir: ......... $prefix
User executables: .................................... $exec_prefix/bin
System admin executables: ............................ $exec_prefix/sbin
Program executables: ................................. $exec_prefix/libexec
Read-only single-machine data: ....................... $prefix/etc
Modifiable architecture-independent data: ............ $prefix/com
Modifiable single-machine data: ...................... $prefix/var
Object code libraries: ............................... $exec_prefix/lib
Read-only arch-independent data root: ................ $prefix/share
Read-only architecture-independent data: ............. $datarootdir
Info documentation: .................................. $datarootdir/info
Locale-dependent data: ............................... $datarootdir/locale
Man documentation: ................................... $datarootdir/man
Documentation root: .................................. $datarootdir/doc/$pkg_name
HTML documentation: .................................. $docdir
DVI documentation: ................................... $docdir
PDF documentation: ................................... $docdir
PS documentation: .................................... $docdir
findlib_version: ..................................... 1.4
is_native: ........................................... true
suffix_program: ...................................... 
Remove a file.: ...................................... rm -f
Remove a directory.: ................................. rm -rf
Turn ocaml debug flag on: ............................ true
Turn ocaml profile flag on: .......................... false
Compiler support generation of .cmxs.: ............... true
OCamlbuild additional flags: ......................... 
Define include path for zlib.: ....................... 
Define library path for zlib.: ....................... 
Enable ZLib: ......................................... true
Build and run benchmark: ............................. false
Create documentations: ............................... true
Compile tests executable and library and run them: ... false
ocamldoc: ............................................ /home/opam/.opam/4.02.0dev+module-aliases/bin/ocamldoc
pkg_unix: ............................................ /home/opam/.opam/4.02.0dev+module-aliases/lib/ocaml
pkg_num: ............................................. /home/opam/.opam/4.02.0dev+module-aliases/lib/num

ocaml setup.ml -build -classic-display
ocamlfind ocamlopt unix.cmxa -I /home/opam/.opam/4.02.0dev+module-aliases/lib/ocaml/ocamlbuild /home/opam/.opam/4.02.0dev+module-aliases/lib/ocaml/ocamlbuild/ocamlbuildlib.cmxa -linkpkg myocamlbuild.ml /home/opam/.opam/4.02.0dev+module-aliases/lib/ocaml/ocamlbuild/ocamlbuild.cmx -o myocamlbuild
ocamlfind ocamlc -ccopt -O -ccopt -DHAVE_ZLIB -c src/arcfour.c
mv arcfour.o src/arcfour.o
ocamlfind ocamlc -ccopt -O -ccopt -DHAVE_ZLIB -c src/stubs-arcfour.c
mv stubs-arcfour.o src/stubs-arcfour.o
ocamlfind ocamlc -ccopt -O -ccopt -DHAVE_ZLIB -c src/blowfish.c
mv blowfish.o src/blowfish.o
ocamlfind ocamlc -ccopt -O -ccopt -DHAVE_ZLIB -c src/stubs-blowfish.c
mv stubs-blowfish.o src/stubs-blowfish.o
ocamlfind ocamlc -ccopt -O -ccopt -DHAVE_ZLIB -c src/d3des.c
mv d3des.o src/d3des.o
ocamlfind ocamlc -ccopt -O -ccopt -DHAVE_ZLIB -c src/stubs-des.c
mv stubs-des.o src/stubs-des.o
ocamlfind ocamlc -ccopt -O -ccopt -DHAVE_ZLIB -c src/rijndael-alg-fst.c
mv rijndael-alg-fst.o src/rijndael-alg-fst.o
ocamlfind ocamlc -ccopt -O -ccopt -DHAVE_ZLIB -c src/ripemd160.c
mv ripemd160.o src/ripemd160.o
ocamlfind ocamlc -ccopt -O -ccopt -DHAVE_ZLIB -c src/stubs-ripemd160.c
mv stubs-ripemd160.o src/stubs-ripemd160.o
ocamlfind ocamlc -ccopt -O -ccopt -DHAVE_ZLIB -c src/sha1.c
mv sha1.o src/sha1.o
ocamlfind ocamlc -ccopt -O -ccopt -DHAVE_ZLIB -c src/stubs-sha1.c
mv stubs-sha1.o src/stubs-sha1.o
ocamlfind ocamlc -ccopt -O -ccopt -DHAVE_ZLIB -c src/sha256.c
mv sha256.o src/sha256.o
ocamlfind ocamlc -ccopt -O -ccopt -DHAVE_ZLIB -c src/stubs-sha256.c
mv stubs-sha256.o src/stubs-sha256.o
ocamlfind ocamlc -ccopt -O -ccopt -DHAVE_ZLIB -c src/stubs-aes.c
mv stubs-aes.o src/stubs-aes.o
ocamlfind ocamlc -ccopt -O -ccopt -DHAVE_ZLIB -c src/stubs-md5.c
mv stubs-md5.o src/stubs-md5.o
ocamlfind ocamlc -ccopt -O -ccopt -DHAVE_ZLIB -c src/stubs-misc.c
mv stubs-misc.o src/stubs-misc.o
ocamlfind ocamlc -ccopt -O -ccopt -DHAVE_ZLIB -c src/stubs-rng.c
mv stubs-rng.o src/stubs-rng.o
ocamlfind ocamlc -ccopt -O -ccopt -DHAVE_ZLIB -c src/stubs-zlib.c
+ ocamlfind ocamlc -ccopt -O -ccopt -DHAVE_ZLIB -c src/stubs-zlib.c
src/stubs-zlib.c: In function 'caml_zlib_deflate':
src/stubs-zlib.c:98:15: warning: pointer targets in assignment differ in signedness [-Wpointer-sign]
src/stubs-zlib.c:100:16: warning: pointer targets in assignment differ in signedness [-Wpointer-sign]
src/stubs-zlib.c: In function 'caml_zlib_inflate':
src/stubs-zlib.c:143:15: warning: pointer targets in assignment differ in signedness [-Wpointer-sign]
src/stubs-zlib.c:145:16: warning: pointer targets in assignment differ in signedness [-Wpointer-sign]
mv stubs-zlib.o src/stubs-zlib.o
ocamlfind ocamlc -ccopt -O -ccopt -DHAVE_ZLIB -c src/keccak.c
mv keccak.o src/keccak.o
ocamlfind ocamlc -ccopt -O -ccopt -DHAVE_ZLIB -c src/stubs-sha3.c
mv stubs-sha3.o src/stubs-sha3.o
/home/opam/.opam/4.02.0dev+module-aliases/bin/ocamlmklib -o src/cryptokit_stubs -lz src/arcfour.o src/stubs-arcfour.o src/blowfish.o src/stubs-blowfish.o src/d3des.o src/stubs-des.o src/rijndael-alg-fst.o src/ripemd160.o src/stubs-ripemd160.o src/sha1.o src/stubs-sha1.o src/sha256.o src/stubs-sha256.o src/stubs-aes.o src/stubs-md5.o src/stubs-misc.o src/stubs-rng.o src/stubs-zlib.o src/keccak.o src/stubs-sha3.o
ocamlfind ocamldep -package num -package unix -modules src/cryptokit.mli > src/cryptokit.mli.depends
ocamlfind ocamlc -c -g -ccopt -O -ccopt -DHAVE_ZLIB -package num -package unix -I src -o src/cryptokit.cmi src/cryptokit.mli
ocamlfind ocamldep -package num -package unix -modules src/cryptokit.ml > src/cryptokit.ml.depends
ocamlfind ocamlc -c -g -ccopt -O -ccopt -DHAVE_ZLIB -package num -package unix -I src -o src/cryptokit.cmo src/cryptokit.ml
+ ocamlfind ocamlc -c -g -ccopt -O -ccopt -DHAVE_ZLIB -package num -package unix -I src -o src/cryptokit.cmo src/cryptokit.ml
File "src/cryptokit.ml", line 1930, characters 19-21:
Warning 3: deprecated feature: operator (or); you should use (||) instead
ocamlfind ocamlc -a -dllib -lcryptokit_stubs -cclib -lcryptokit_stubs -cclib -lz src/cryptokit.cmo -o src/cryptokit.cma
ocamlfind ocamlopt -c -g -ccopt -O -ccopt -DHAVE_ZLIB -package num -package unix -I src -o src/cryptokit.cmx src/cryptokit.ml
+ ocamlfind ocamlopt -c -g -ccopt -O -ccopt -DHAVE_ZLIB -package num -package unix -I src -o src/cryptokit.cmx src/cryptokit.ml
File "src/cryptokit.ml", line 1930, characters 19-21:
Warning 3: deprecated feature: operator (or); you should use (||) instead
ocamlfind ocamlopt -a -cclib -lcryptokit_stubs -cclib -lz src/cryptokit.cmx -o src/cryptokit.cmxa
ocamlfind ocamlopt -shared -cclib -lcryptokit_stubs -I src src/cryptokit.cmx -o src/cryptokit.cmxs
ocaml setup.ml -install 
Installed /home/opam/.opam/4.02.0dev+module-aliases/lib/cryptokit/cryptokit.mli
Installed /home/opam/.opam/4.02.0dev+module-aliases/lib/cryptokit/libcryptokit_stubs.a
Installed /home/opam/.opam/4.02.0dev+module-aliases/lib/cryptokit/cryptokit.cma
Installed /home/opam/.opam/4.02.0dev+module-aliases/lib/cryptokit/cryptokit.cmxa
Installed /home/opam/.opam/4.02.0dev+module-aliases/lib/cryptokit/cryptokit.a
Installed /home/opam/.opam/4.02.0dev+module-aliases/lib/cryptokit/cryptokit.cmxs
Installed /home/opam/.opam/4.02.0dev+module-aliases/lib/cryptokit/cryptokit.cmi
Installed /home/opam/.opam/4.02.0dev+module-aliases/lib/cryptokit/cryptokit.cmx
Installed /home/opam/.opam/4.02.0dev+module-aliases/lib/cryptokit/META
Installed /home/opam/.opam/4.02.0dev+module-aliases/lib/stublibs/dllcryptokit_stubs.so
Installed /home/opam/.opam/4.02.0dev+module-aliases/lib/stublibs/dllcryptokit_stubs.so.owner
ocamlfind: [WARNING] You have installed DLLs but the directory /home/opam/.opam/4.02.0dev+module-aliases/lib/stublibs is not mentioned in ld.conf
Installing cryptokit.1.9.

=-=-= Installing optcomp.1.4 =-=-=
optcomp.1.4 Downloading https://forge.ocamlcore.org/frs/download.php/1011/optcomp-1.4.tar.gz
--2013-11-20 21:08:34--  https://forge.ocamlcore.org/frs/download.php/1011/optcomp-1.4.tar.gz
Resolving forge.ocamlcore.org (forge.ocamlcore.org)... 87.98.154.45
Connecting to forge.ocamlcore.org (forge.ocamlcore.org)|87.98.154.45|:443... connected.
WARNING: no certificate subject alternative name matches
	requested host name `forge.ocamlcore.org'.
HTTP request sent, awaiting response... 200 OK
Length: 53682 (52K) [application/binary]
Saving to: `optcomp-1.4.tar.gz'

     0K .......... .......... .......... .......... .......... 95%  178K 0s
    50K ..                                                    100% 4623G=0.3s

2013-11-20 21:08:35 (187 KB/s) - `optcomp-1.4.tar.gz' saved [53682/53682]

Building optcomp.1.4:
  ./configure --prefix /home/opam/.opam/4.02.0dev+module-aliases
  make
  make install

Configuration: 
ocamlfind: ........................................... /home/opam/.opam/4.02.0dev+module-aliases/bin/ocamlfind
ocamlc: .............................................. /home/opam/.opam/4.02.0dev+module-aliases/bin/ocamlc.opt
ocamlopt: ............................................ /home/opam/.opam/4.02.0dev+module-aliases/bin/ocamlopt.opt
ocamlbuild: .......................................... /home/opam/.opam/4.02.0dev+module-aliases/bin/ocamlbuild
Package name: ........................................ optcomp
Package version: ..................................... 1.4
os_type: ............................................. Unix
system: .............................................. linux
architecture: ........................................ amd64
ccomp_type: .......................................... cc
ocaml_version: ....................................... 4.02.0
standard_library_default: ............................ /home/opam/.opam/4.02.0dev+module-aliases/lib/ocaml
standard_library: .................................... /home/opam/.opam/4.02.0dev+module-aliases/lib/ocaml
standard_runtime: .................................... /home/opam/.opam/4.02.0dev+module-aliases/bin/ocamlrun
bytecomp_c_compiler: ................................. gcc -fno-defer-pop -Wall -D_FILE_OFFSET_BITS=64 -D_REENTRANT -fPIC
native_c_compiler: ................................... gcc -Wall -D_FILE_OFFSET_BITS=64 -D_REENTRANT
model: ............................................... default
ext_obj: ............................................. .o
ext_asm: ............................................. .s
ext_lib: ............................................. .a
ext_dll: ............................................. .so
default_executable_name: ............................. a.out
systhread_supported: ................................. true
Install architecture-independent files dir: .......... /home/opam/.opam/4.02.0dev+module-aliases
Install architecture-dependent files in dir: ......... $prefix
User executables: .................................... $exec_prefix/bin
System admin executables: ............................ $exec_prefix/sbin
Program executables: ................................. $exec_prefix/libexec
Read-only single-machine data: ....................... $prefix/etc
Modifiable architecture-independent data: ............ $prefix/com
Modifiable single-machine data: ...................... $prefix/var
Object code libraries: ............................... $exec_prefix/lib
Read-only arch-independent data root: ................ $prefix/share
Read-only architecture-independent data: ............. $datarootdir
Info documentation: .................................. $datarootdir/info
Locale-dependent data: ............................... $datarootdir/locale
Man documentation: ................................... $datarootdir/man
Documentation root: .................................. $datarootdir/doc/$pkg_name
HTML documentation: .................................. $docdir
DVI documentation: ................................... $docdir
PDF documentation: ................................... $docdir
PS documentation: .................................... $docdir
findlib_version: ..................................... 1.4
is_native: ........................................... true
suffix_program: ...................................... 
Remove a file.: ...................................... rm -f
Remove a directory.: ................................. rm -rf
Turn ocaml debug flag on: ............................ true
Turn ocaml profile flag on: .......................... false
Compiler support generation of .cmxs.: ............... true
OCamlbuild additional flags: ......................... 
Create documentations: ............................... true
Compile tests executable and library and run them: ... false
pkg_camlp4: .......................................... /home/opam/.opam/4.02.0dev+module-aliases/lib/ocaml/camlp4
pkg_camlp4_quotations_o: ............................. /home/opam/.opam/4.02.0dev+module-aliases/lib/ocaml/camlp4
pkg_camlp4_lib: ...................................... /home/opam/.opam/4.02.0dev+module-aliases/lib/ocaml/camlp4
ocamldoc: ............................................ /home/opam/.opam/4.02.0dev+module-aliases/bin/ocamldoc

ocaml setup.ml -build 
ocamlfind ocamlopt unix.cmxa -I /home/opam/.opam/4.02.0dev+module-aliases/lib/ocaml/ocamlbuild /home/opam/.opam/4.02.0dev+module-aliases/lib/ocaml/ocamlbuild/ocamlbuildlib.cmxa -linkpkg myocamlbuild.ml /home/opam/.opam/4.02.0dev+module-aliases/lib/ocaml/ocamlbuild/ocamlbuild.cmx -o myocamlbuild
ocamlfind ocamldep -package camlp4 -package camlp4.lib -package camlp4.quotations.o -modules src/pa_optcomp.mli > src/pa_optcomp.mli.depends
ocamlfind ocamlc -c -g -I src -package camlp4 -package camlp4.lib -package camlp4.quotations.o -I src -o src/pa_optcomp.cmi src/pa_optcomp.mli
+ ocamlfind ocamlc -c -g -I src -package camlp4 -package camlp4.lib -package camlp4.quotations.o -I src -o src/pa_optcomp.cmi src/pa_optcomp.mli
File "src/pa_optcomp.mli", line 12, characters 0-19:
Error: Unbound module Camlp4
Command exited with code 2.
E: Failure("Command ''/home/opam/.opam/4.02.0dev+module-aliases/bin/ocamlbuild' src/optcomp.cma src/optcomp.cmxa src/optcomp.a src/optcomp.cmxs src/optcomp_o.native src/optcomp_r.native -tag debug' terminated with error code 10")
make: *** [build] Error 1
[ERROR] The compilation of optcomp.1.4 failed.
Removing optcomp.1.4.
  ocamlfind remove optcomp
  rm /home/opam/.opam/4.02.0dev+module-aliases/bin/optcomp-o
  rm /home/opam/.opam/4.02.0dev+module-aliases/bin/optcomp-r
ocamlfind: [WARNING] No such directory: /home/opam/.opam/4.02.0dev+module-aliases/lib/optcomp
rm: cannot remove `/home/opam/.opam/4.02.0dev+module-aliases/bin/optcomp-o': No such file or directory
rm: cannot remove `/home/opam/.opam/4.02.0dev+module-aliases/bin/optcomp-r': No such file or directory
[WARNING] failure in package uninstall script, some files may remain:
# opam-version         1.1.0
# os                   linux
# command              rm /home/opam/.opam/4.02.0dev+module-aliases/bin/optcomp-o
# path                 /home/opam/.opam/4.02.0dev+module-aliases/build/optcomp.1.4
# compiler             4.02.0dev+module-aliases
# exit-code            1
# env-file             /home/opam/.opam/4.02.0dev+module-aliases/build/optcomp.1.4/optcomp-406-a00279.env
# stdout-file          /home/opam/.opam/4.02.0dev+module-aliases/build/optcomp.1.4/optcomp-406-a00279.out
# stderr-file          /home/opam/.opam/4.02.0dev+module-aliases/build/optcomp.1.4/optcomp-406-a00279.err
### stderr ###
# ocamlfind: [WARNING] No such directory: /home/opam/.opam/4.02.0dev+module-aliases/lib/optcomp
# rm: cannot remove `/home/opam/.opam/4.02.0dev+module-aliases/bin/optcomp-o': No such file or directory


=-=-= Installing ounit.2.0.0 =-=-=
ounit.2.0.0 Downloading http://forge.ocamlcore.org/frs/download.php/1258/ounit-2.0.0.tar.gz
--2013-11-20 21:08:39--  http://forge.ocamlcore.org/frs/download.php/1258/ounit-2.0.0.tar.gz
Resolving forge.ocamlcore.org (forge.ocamlcore.org)... 87.98.154.45
Connecting to forge.ocamlcore.org (forge.ocamlcore.org)|87.98.154.45|:80... connected.
HTTP request sent, awaiting response... 200 OK
Length: 103504 (101K) [application/binary]
Saving to: `ounit-2.0.0.tar.gz'

     0K .......... .......... .......... .......... .......... 49%  175K 0s
    50K .......... .......... .......... .......... .......... 98%  267K 0s
   100K .                                                     100% 2056G=0.5s

2013-11-20 21:08:40 (214 KB/s) - `ounit-2.0.0.tar.gz' saved [103504/103504]

Building ounit.2.0.0:
  make build
  make install
ocaml setup.ml -configure 

Configuration: 
ocamlfind: ........................................... /home/opam/.opam/4.02.0dev+module-aliases/bin/ocamlfind
ocamlc: .............................................. /home/opam/.opam/4.02.0dev+module-aliases/bin/ocamlc.opt
ocamlopt: ............................................ /home/opam/.opam/4.02.0dev+module-aliases/bin/ocamlopt.opt
ocamlbuild: .......................................... /home/opam/.opam/4.02.0dev+module-aliases/bin/ocamlbuild
Package name: ........................................ ounit
Package version: ..................................... 2.0.0
os_type: ............................................. Unix
system: .............................................. linux
architecture: ........................................ amd64
ccomp_type: .......................................... cc
ocaml_version: ....................................... 4.02.0
standard_library_default: ............................ /home/opam/.opam/4.02.0dev+module-aliases/lib/ocaml
standard_library: .................................... /home/opam/.opam/4.02.0dev+module-aliases/lib/ocaml
standard_runtime: .................................... /home/opam/.opam/4.02.0dev+module-aliases/bin/ocamlrun
bytecomp_c_compiler: ................................. gcc -fno-defer-pop -Wall -D_FILE_OFFSET_BITS=64 -D_REENTRANT -fPIC
native_c_compiler: ................................... gcc -Wall -D_FILE_OFFSET_BITS=64 -D_REENTRANT
model: ............................................... default
ext_obj: ............................................. .o
ext_asm: ............................................. .s
ext_lib: ............................................. .a
ext_dll: ............................................. .so
default_executable_name: ............................. a.out
systhread_supported: ................................. true
Install architecture-independent files dir: .......... /usr/local
Install architecture-dependent files in dir: ......... $prefix
User executables: .................................... $exec_prefix/bin
System admin executables: ............................ $exec_prefix/sbin
Program executables: ................................. $exec_prefix/libexec
Read-only single-machine data: ....................... $prefix/etc
Modifiable architecture-independent data: ............ $prefix/com
Modifiable single-machine data: ...................... $prefix/var
Object code libraries: ............................... $exec_prefix/lib
Read-only arch-independent data root: ................ $prefix/share
Read-only architecture-independent data: ............. $datarootdir
Info documentation: .................................. $datarootdir/info
Locale-dependent data: ............................... $datarootdir/locale
Man documentation: ................................... $datarootdir/man
Documentation root: .................................. $datarootdir/doc/$pkg_name
HTML documentation: .................................. $docdir
DVI documentation: ................................... $docdir
PDF documentation: ................................... $docdir
PS documentation: .................................... $docdir
findlib_version: ..................................... 1.4
is_native: ........................................... true
suffix_program: ...................................... 
Remove a file.: ...................................... rm -f
Remove a directory.: ................................. rm -rf
Turn ocaml debug flag on: ............................ true
Turn ocaml profile flag on: .......................... false
Compiler support generation of .cmxs.: ............... true
OCamlbuild additional flags: ......................... 
Create documentations: ............................... true
Compile tests executable and library and run them: ... false
pkg_unix: ............................................ /home/opam/.opam/4.02.0dev+module-aliases/lib/ocaml
pkg_threads: ......................................... /home/opam/.opam/4.02.0dev+module-aliases/lib/ocaml
ocamldoc: ............................................ /home/opam/.opam/4.02.0dev+module-aliases/bin/ocamldoc

ocaml setup.ml -build 
W: Cannot find source file matching module 'OUnitLoggerHTMLData' in library oUnitAdvanced
W: Cannot find source file matching module 'OUnitLoggerHTMLData' in library oUnitAdvanced
ocamlfind ocamlopt unix.cmxa -I /home/opam/.opam/4.02.0dev+module-aliases/lib/ocaml/ocamlbuild /home/opam/.opam/4.02.0dev+module-aliases/lib/ocaml/ocamlbuild/ocamlbuildlib.cmxa -linkpkg myocamlbuild.ml /home/opam/.opam/4.02.0dev+module-aliases/lib/ocaml/ocamlbuild/ocamlbuild.cmx -o myocamlbuild
ocamlfind ocamldep -package threads -package unix -modules src/oUnitUtils.ml > src/oUnitUtils.ml.depends
ocamlfind ocamldep -package threads -package unix -modules src/oUnitPropList.ml > src/oUnitPropList.ml.depends
ocamlfind ocamldep -package threads -package unix -modules src/oUnitPlugin.ml > src/oUnitPlugin.ml.depends
ocamlfind ocamldep -package threads -package unix -modules src/oUnitConf.ml > src/oUnitConf.ml.depends
ocamlfind ocamlc -c -g -I src -I src -package threads -package unix -thread -I src -o src/oUnitPropList.cmo src/oUnitPropList.ml
ocamlfind ocamlc -c -g -I src -I src -package threads -package unix -thread -I src -o src/oUnitUtils.cmo src/oUnitUtils.ml
ocamlfind ocamlc -c -g -I src -I src -package threads -package unix -thread -I src -o src/oUnitConf.cmo src/oUnitConf.ml
ocamlfind ocamldep -package threads -package unix -modules src/oUnitChooser.ml > src/oUnitChooser.ml.depends
ocamlfind ocamldep -package threads -package unix -modules src/oUnitCache.ml > src/oUnitCache.ml.depends
ocamlfind ocamldep -package threads -package unix -modules src/oUnitTest.ml > src/oUnitTest.ml.depends
ocamlfind ocamldep -package threads -package unix -modules src/oUnitLogger.ml > src/oUnitLogger.ml.depends
ocamlfind ocamldep -package threads -package unix -modules src/oUnitShared.ml > src/oUnitShared.ml.depends
ocamlfind ocamlc -c -g -I src -I src -package threads -package unix -thread -I src -o src/oUnitLogger.cmo src/oUnitLogger.ml
ocamlfind ocamlc -c -g -I src -I src -package threads -package unix -thread -I src -o src/oUnitShared.cmo src/oUnitShared.ml
ocamlfind ocamlc -c -g -I src -I src -package threads -package unix -thread -I src -o src/oUnitTest.cmo src/oUnitTest.ml
ocamlfind ocamlc -c -g -I src -I src -package threads -package unix -thread -I src -o src/oUnitPlugin.cmo src/oUnitPlugin.ml
ocamlfind ocamldep -package threads -package unix -modules src/oUnitResultSummary.ml > src/oUnitResultSummary.ml.depends
ocamlfind ocamlc -c -g -I src -I src -package threads -package unix -thread -I src -o src/oUnitCache.cmo src/oUnitCache.ml
ocamlfind ocamlc -c -g -I src -I src -package threads -package unix -thread -I src -o src/oUnitResultSummary.cmo src/oUnitResultSummary.ml
ocamlfind ocamldep -package threads -package unix -modules src/oUnitLoggerStd.ml > src/oUnitLoggerStd.ml.depends
ocamlfind ocamldep -package threads -package unix -modules src/oUnitLoggerHTML.ml > src/oUnitLoggerHTML.ml.depends
ocamlfind ocamldep -package threads -package unix -modules src/oUnitLoggerHTMLData.ml > src/oUnitLoggerHTMLData.ml.depends
ocamlfind ocamlc -c -g -I src -I src -package threads -package unix -thread -I src -o src/oUnitLoggerHTMLData.cmo src/oUnitLoggerHTMLData.ml
ocamlfind ocamldep -package threads -package unix -modules src/oUnitLoggerJUnit.ml > src/oUnitLoggerJUnit.ml.depends
ocamlfind ocamlc -c -g -I src -I src -package threads -package unix -thread -I src -o src/oUnitLoggerHTML.cmo src/oUnitLoggerHTML.ml
ocamlfind ocamlc -c -g -I src -I src -package threads -package unix -thread -I src -o src/oUnitLoggerStd.cmo src/oUnitLoggerStd.ml
+ ocamlfind ocamlc -c -g -I src -I src -package threads -package unix -thread -I src -o src/oUnitLoggerStd.cmo src/oUnitLoggerStd.ml
File "src/oUnitLoggerStd.ml", line 161, characters 21-22:
Warning 28: wildcard pattern given as argument to a constant constructor
File "src/oUnitLoggerStd.ml", line 161, characters 30-31:
Warning 28: wildcard pattern given as argument to a constant constructor
ocamlfind ocamldep -package threads -package unix -modules src/oUnitAssert.ml > src/oUnitAssert.ml.depends
ocamlfind ocamldep -package threads -package unix -modules src/oUnitBracket.ml > src/oUnitBracket.ml.depends
ocamlfind ocamlc -c -g -I src -I src -package threads -package unix -thread -I src -o src/oUnitBracket.cmo src/oUnitBracket.ml
ocamlfind ocamldep -package threads -package unix -modules src/oUnitState.ml > src/oUnitState.ml.depends
ocamlfind ocamlc -c -g -I src -I src -package threads -package unix -thread -I src -o src/oUnitChooser.cmo src/oUnitChooser.ml
ocamlfind ocamldep -package threads -package unix -modules src/oUnitRunner.ml > src/oUnitRunner.ml.depends
ocamlfind ocamldep -package threads -package unix -modules src/oUnitCheckEnv.ml > src/oUnitCheckEnv.ml.depends
ocamlfind ocamlc -c -g -I src -I src -package threads -package unix -thread -I src -o src/oUnitAssert.cmo src/oUnitAssert.ml
ocamlfind ocamldep -package threads -package unix -modules src/oUnitDiff.mli > src/oUnitDiff.mli.depends
ocamlfind ocamlc -c -g -I src -I src -package threads -package unix -thread -I src -o src/oUnitDiff.cmi src/oUnitDiff.mli
ocamlfind ocamlc -c -g -I src -I src -package threads -package unix -thread -I src -o src/oUnitState.cmo src/oUnitState.ml
ocamlfind ocamlc -c -g -I src -I src -package threads -package unix -thread -I src -o src/oUnitCheckEnv.cmo src/oUnitCheckEnv.ml
ocamlfind ocamldep -package threads -package unix -modules src/oUnitRunnerProcesses.ml > src/oUnitRunnerProcesses.ml.depends
ocamlfind ocamlc -c -g -I src -I src -package threads -package unix -thread -I src -o src/oUnitRunner.cmo src/oUnitRunner.ml
ocamlfind ocamldep -package threads -package unix -modules src/oUnitCore.ml > src/oUnitCore.ml.depends
ocamlfind ocamlc -c -g -I src -I src -package threads -package unix -thread -I src -o src/oUnitLoggerJUnit.cmo src/oUnitLoggerJUnit.ml
ocamlfind ocamlc -c -g -I src -I src -package threads -package unix -thread -I src -o src/oUnitRunnerProcesses.cmo src/oUnitRunnerProcesses.ml
ocamlfind ocamldep -package threads -package unix -modules src/oUnitTestData.ml > src/oUnitTestData.ml.depends
ocamlfind ocamldep -package threads -package unix -modules src/oUnitDiff.ml > src/oUnitDiff.ml.depends
ocamlfind ocamlc -c -g -I src -I src -package threads -package unix -thread -I src -o src/oUnitCore.cmo src/oUnitCore.ml
ocamlfind ocamlc -c -g -I src -I src -package threads -package unix -thread -I src -o src/oUnitTestData.cmo src/oUnitTestData.ml
ocamlfind ocamlc -c -g -I src -I src -package threads -package unix -thread -I src -o src/oUnitDiff.cmo src/oUnitDiff.ml
ocamlfind ocamlc -a src/oUnitUtils.cmo src/oUnitPropList.cmo src/oUnitConf.cmo src/oUnitPlugin.cmo src/oUnitLogger.cmo src/oUnitShared.cmo src/oUnitTest.cmo src/oUnitCache.cmo src/oUnitResultSummary.cmo src/oUnitChooser.cmo src/oUnitLoggerStd.cmo src/oUnitLoggerHTMLData.cmo src/oUnitLoggerHTML.cmo src/oUnitLoggerJUnit.cmo src/oUnitBracket.cmo src/oUnitAssert.cmo src/oUnitState.cmo src/oUnitDiff.cmo src/oUnitCheckEnv.cmo src/oUnitRunner.cmo src/oUnitRunnerProcesses.cmo src/oUnitCore.cmo src/oUnitTestData.cmo -o src/oUnitAdvanced.cma
ocamlfind ocamlopt -c -g -I src -I src -package threads -package unix -thread -I src -o src/oUnitPropList.cmx src/oUnitPropList.ml
ocamlfind ocamlopt -c -g -I src -I src -package threads -package unix -thread -I src -o src/oUnitUtils.cmx src/oUnitUtils.ml
ocamlfind ocamlopt -c -g -I src -I src -package threads -package unix -thread -I src -o src/oUnitConf.cmx src/oUnitConf.ml
ocamlfind ocamlopt -c -g -I src -I src -package threads -package unix -thread -I src -o src/oUnitLogger.cmx src/oUnitLogger.ml
ocamlfind ocamlopt -c -g -I src -I src -package threads -package unix -thread -I src -o src/oUnitShared.cmx src/oUnitShared.ml
ocamlfind ocamlopt -c -g -I src -I src -package threads -package unix -thread -I src -o src/oUnitTest.cmx src/oUnitTest.ml
ocamlfind ocamlopt -c -g -I src -I src -package threads -package unix -thread -I src -o src/oUnitPlugin.cmx src/oUnitPlugin.ml
ocamlfind ocamlopt -c -g -I src -I src -package threads -package unix -thread -I src -o src/oUnitCache.cmx src/oUnitCache.ml
ocamlfind ocamlopt -c -g -I src -I src -package threads -package unix -thread -I src -o src/oUnitResultSummary.cmx src/oUnitResultSummary.ml
ocamlfind ocamlopt -c -g -I src -I src -package threads -package unix -thread -I src -o src/oUnitLoggerHTMLData.cmx src/oUnitLoggerHTMLData.ml
ocamlfind ocamlopt -c -g -I src -I src -package threads -package unix -thread -I src -o src/oUnitLoggerHTML.cmx src/oUnitLoggerHTML.ml
ocamlfind ocamlopt -c -g -I src -I src -package threads -package unix -thread -I src -o src/oUnitLoggerStd.cmx src/oUnitLoggerStd.ml
+ ocamlfind ocamlopt -c -g -I src -I src -package threads -package unix -thread -I src -o src/oUnitLoggerStd.cmx src/oUnitLoggerStd.ml
File "src/oUnitLoggerStd.ml", line 161, characters 21-22:
Warning 28: wildcard pattern given as argument to a constant constructor
File "src/oUnitLoggerStd.ml", line 161, characters 30-31:
Warning 28: wildcard pattern given as argument to a constant constructor
ocamlfind ocamlopt -c -g -I src -I src -package threads -package unix -thread -I src -o src/oUnitBracket.cmx src/oUnitBracket.ml
ocamlfind ocamlopt -c -g -I src -I src -package threads -package unix -thread -I src -o src/oUnitChooser.cmx src/oUnitChooser.ml
ocamlfind ocamlopt -c -g -I src -I src -package threads -package unix -thread -I src -o src/oUnitAssert.cmx src/oUnitAssert.ml
ocamlfind ocamlopt -c -g -I src -I src -package threads -package unix -thread -I src -o src/oUnitDiff.cmx src/oUnitDiff.ml
ocamlfind ocamlopt -c -g -I src -I src -package threads -package unix -thread -I src -o src/oUnitState.cmx src/oUnitState.ml
ocamlfind ocamlopt -c -g -I src -I src -package threads -package unix -thread -I src -o src/oUnitCheckEnv.cmx src/oUnitCheckEnv.ml
ocamlfind ocamlopt -c -g -I src -I src -package threads -package unix -thread -I src -o src/oUnitRunner.cmx src/oUnitRunner.ml
ocamlfind ocamlopt -c -g -I src -I src -package threads -package unix -thread -I src -o src/oUnitLoggerJUnit.cmx src/oUnitLoggerJUnit.ml
ocamlfind ocamlopt -c -g -I src -I src -package threads -package unix -thread -I src -o src/oUnitRunnerProcesses.cmx src/oUnitRunnerProcesses.ml
ocamlfind ocamlopt -c -g -I src -I src -package threads -package unix -thread -I src -o src/oUnitCore.cmx src/oUnitCore.ml
ocamlfind ocamlopt -c -g -I src -I src -package threads -package unix -thread -I src -o src/oUnitTestData.cmx src/oUnitTestData.ml
ocamlfind ocamlopt -a src/oUnitUtils.cmx src/oUnitPropList.cmx src/oUnitConf.cmx src/oUnitPlugin.cmx src/oUnitLogger.cmx src/oUnitShared.cmx src/oUnitTest.cmx src/oUnitCache.cmx src/oUnitResultSummary.cmx src/oUnitChooser.cmx src/oUnitLoggerStd.cmx src/oUnitLoggerHTMLData.cmx src/oUnitLoggerHTML.cmx src/oUnitLoggerJUnit.cmx src/oUnitBracket.cmx src/oUnitAssert.cmx src/oUnitState.cmx src/oUnitDiff.cmx src/oUnitCheckEnv.cmx src/oUnitRunner.cmx src/oUnitRunnerProcesses.cmx src/oUnitCore.cmx src/oUnitTestData.cmx -o src/oUnitAdvanced.cmxa
ocamlfind ocamlopt -shared -linkall src/oUnitAdvanced.cmxa -o src/oUnitAdvanced.cmxs
ocamlfind ocamldep -package threads -package unix -modules src/oUnit.mli > src/oUnit.mli.depends
ocamlfind ocamldep -package threads -package unix -modules src/oUnit2.mli > src/oUnit2.mli.depends
ocamlfind ocamlc -c -g -I src -I src -package threads -package unix -thread -I src -o src/oUnit2.cmi src/oUnit2.mli
ocamlfind ocamlc -c -g -I src -I src -package threads -package unix -thread -I src -o src/oUnit.cmi src/oUnit.mli
ocamlfind ocamldep -package threads -package unix -modules src/oUnit.ml > src/oUnit.ml.depends
ocamlfind ocamldep -package threads -package unix -modules src/oUnit2.ml > src/oUnit2.ml.depends
ocamlfind ocamlc -c -g -I src -I src -package threads -package unix -thread -I src -o src/oUnit.cmo src/oUnit.ml
ocamlfind ocamlc -c -g -I src -I src -package threads -package unix -thread -I src -o src/oUnit2.cmo src/oUnit2.ml
ocamlfind ocamlc -a src/oUnit2.cmo src/oUnit.cmo -o src/oUnit.cma
ocamlfind ocamlopt -c -g -I src -I src -package threads -package unix -thread -I src -o src/oUnit2.cmx src/oUnit2.ml
ocamlfind ocamlopt -c -g -I src -I src -package threads -package unix -thread -I src -o src/oUnit.cmx src/oUnit.ml
ocamlfind ocamlopt -a src/oUnit2.cmx src/oUnit.cmx -o src/oUnit.cmxa
ocamlfind ocamlopt -shared src/oUnit.cmx -o src/oUnit.cmxs
ocamlfind ocamldep -package threads -package unix -modules src/oUnitThreads.ml > src/oUnitThreads.ml.depends
ocamlfind ocamldep -package threads -package unix -modules src/oUnitRunnerThreads.ml > src/oUnitRunnerThreads.ml.depends
ocamlfind ocamlc -c -g -I src -I src -package threads -package unix -thread -I src -o src/oUnitRunnerThreads.cmo src/oUnitRunnerThreads.ml
ocamlfind ocamlc -c -g -I src -I src -package threads -package unix -thread -I src -o src/oUnitThreads.cmo src/oUnitThreads.ml
ocamlfind ocamlc -a src/oUnitRunnerThreads.cmo src/oUnitThreads.cmo -o src/oUnitThreads.cma
ocamlfind ocamlopt -c -g -I src -I src -package threads -package unix -thread -I src -o src/oUnitRunnerThreads.cmx src/oUnitRunnerThreads.ml
ocamlfind ocamlopt -c -g -I src -I src -package threads -package unix -thread -I src -o src/oUnitThreads.cmx src/oUnitThreads.ml
ocamlfind ocamlopt -a src/oUnitRunnerThreads.cmx src/oUnitThreads.cmx -o src/oUnitThreads.cmxa
ocamlfind ocamlopt -shared src/oUnitThreads.cmx -o src/oUnitThreads.cmxs
ocaml setup.ml -install 
W: Cannot find source header for module OUnitLoggerHTMLData in library oUnitAdvanced
Installed /home/opam/.opam/4.02.0dev+module-aliases/lib/oUnit/oUnit.mli
Installed /home/opam/.opam/4.02.0dev+module-aliases/lib/oUnit/oUnit2.mli
Installed /home/opam/.opam/4.02.0dev+module-aliases/lib/oUnit/oUnit.cma
Installed /home/opam/.opam/4.02.0dev+module-aliases/lib/oUnit/oUnit.cmxa
Installed /home/opam/.opam/4.02.0dev+module-aliases/lib/oUnit/oUnit.a
Installed /home/opam/.opam/4.02.0dev+module-aliases/lib/oUnit/oUnit.cmxs
Installed /home/opam/.opam/4.02.0dev+module-aliases/lib/oUnit/oUnit.cmi
Installed /home/opam/.opam/4.02.0dev+module-aliases/lib/oUnit/oUnit2.cmi
Installed /home/opam/.opam/4.02.0dev+module-aliases/lib/oUnit/oUnit.cmx
Installed /home/opam/.opam/4.02.0dev+module-aliases/lib/oUnit/oUnit2.cmx
Installed /home/opam/.opam/4.02.0dev+module-aliases/lib/oUnit/oUnitThreads.ml
Installed /home/opam/.opam/4.02.0dev+module-aliases/lib/oUnit/oUnitThreads.cma
Installed /home/opam/.opam/4.02.0dev+module-aliases/lib/oUnit/oUnitThreads.cmxa
Installed /home/opam/.opam/4.02.0dev+module-aliases/lib/oUnit/oUnitThreads.a
Installed /home/opam/.opam/4.02.0dev+module-aliases/lib/oUnit/oUnitThreads.cmxs
Installed /home/opam/.opam/4.02.0dev+module-aliases/lib/oUnit/oUnitThreads.cmi
Installed /home/opam/.opam/4.02.0dev+module-aliases/lib/oUnit/oUnitThreads.cmx
Installed /home/opam/.opam/4.02.0dev+module-aliases/lib/oUnit/oUnitRunnerThreads.cmx
Installed /home/opam/.opam/4.02.0dev+module-aliases/lib/oUnit/oUnitUtils.ml
Installed /home/opam/.opam/4.02.0dev+module-aliases/lib/oUnit/oUnitPropList.ml
Installed /home/opam/.opam/4.02.0dev+module-aliases/lib/oUnit/oUnitPlugin.ml
Installed /home/opam/.opam/4.02.0dev+module-aliases/lib/oUnit/oUnitChooser.ml
Installed /home/opam/.opam/4.02.0dev+module-aliases/lib/oUnit/oUnitResultSummary.ml
Installed /home/opam/.opam/4.02.0dev+module-aliases/lib/oUnit/oUnitLoggerStd.ml
Installed /home/opam/.opam/4.02.0dev+module-aliases/lib/oUnit/oUnitLoggerHTML.ml
Installed /home/opam/.opam/4.02.0dev+module-aliases/lib/oUnit/oUnitLoggerJUnit.ml
Installed /home/opam/.opam/4.02.0dev+module-aliases/lib/oUnit/oUnitAssert.ml
Installed /home/opam/.opam/4.02.0dev+module-aliases/lib/oUnit/oUnitBracket.ml
Installed /home/opam/.opam/4.02.0dev+module-aliases/lib/oUnit/oUnitTest.ml
Installed /home/opam/.opam/4.02.0dev+module-aliases/lib/oUnit/oUnitState.ml
Installed /home/opam/.opam/4.02.0dev+module-aliases/lib/oUnit/oUnitRunner.ml
Installed /home/opam/.opam/4.02.0dev+module-aliases/lib/oUnit/oUnitRunnerProcesses.ml
Installed /home/opam/.opam/4.02.0dev+module-aliases/lib/oUnit/oUnitCore.ml
Installed /home/opam/.opam/4.02.0dev+module-aliases/lib/oUnit/oUnitLogger.ml
Installed /home/opam/.opam/4.02.0dev+module-aliases/lib/oUnit/oUnitConf.ml
Installed /home/opam/.opam/4.02.0dev+module-aliases/lib/oUnit/oUnitShared.ml
Installed /home/opam/.opam/4.02.0dev+module-aliases/lib/oUnit/oUnitCache.ml
Installed /home/opam/.opam/4.02.0dev+module-aliases/lib/oUnit/oUnitTestData.ml
Installed /home/opam/.opam/4.02.0dev+module-aliases/lib/oUnit/oUnitCheckEnv.ml
Installed /home/opam/.opam/4.02.0dev+module-aliases/lib/oUnit/oUnitDiff.mli
Installed /home/opam/.opam/4.02.0dev+module-aliases/lib/oUnit/oUnitAdvanced.cma
Installed /home/opam/.opam/4.02.0dev+module-aliases/lib/oUnit/oUnitAdvanced.cmxa
Installed /home/opam/.opam/4.02.0dev+module-aliases/lib/oUnit/oUnitAdvanced.a
Installed /home/opam/.opam/4.02.0dev+module-aliases/lib/oUnit/oUnitAdvanced.cmxs
Installed /home/opam/.opam/4.02.0dev+module-aliases/lib/oUnit/oUnitUtils.cmi
Installed /home/opam/.opam/4.02.0dev+module-aliases/lib/oUnit/oUnitPropList.cmi
Installed /home/opam/.opam/4.02.0dev+module-aliases/lib/oUnit/oUnitPlugin.cmi
Installed /home/opam/.opam/4.02.0dev+module-aliases/lib/oUnit/oUnitChooser.cmi
Installed /home/opam/.opam/4.02.0dev+module-aliases/lib/oUnit/oUnitResultSummary.cmi
Installed /home/opam/.opam/4.02.0dev+module-aliases/lib/oUnit/oUnitLoggerStd.cmi
Installed /home/opam/.opam/4.02.0dev+module-aliases/lib/oUnit/oUnitLoggerHTML.cmi
Installed /home/opam/.opam/4.02.0dev+module-aliases/lib/oUnit/oUnitLoggerHTMLData.cmi
Installed /home/opam/.opam/4.02.0dev+module-aliases/lib/oUnit/oUnitLoggerJUnit.cmi
Installed /home/opam/.opam/4.02.0dev+module-aliases/lib/oUnit/oUnitAssert.cmi
Installed /home/opam/.opam/4.02.0dev+module-aliases/lib/oUnit/oUnitBracket.cmi
Installed /home/opam/.opam/4.02.0dev+module-aliases/lib/oUnit/oUnitTest.cmi
Installed /home/opam/.opam/4.02.0dev+module-aliases/lib/oUnit/oUnitState.cmi
Installed /home/opam/.opam/4.02.0dev+module-aliases/lib/oUnit/oUnitRunner.cmi
Installed /home/opam/.opam/4.02.0dev+module-aliases/lib/oUnit/oUnitRunnerProcesses.cmi
Installed /home/opam/.opam/4.02.0dev+module-aliases/lib/oUnit/oUnitCore.cmi
Installed /home/opam/.opam/4.02.0dev+module-aliases/lib/oUnit/oUnitLogger.cmi
Installed /home/opam/.opam/4.02.0dev+module-aliases/lib/oUnit/oUnitConf.cmi
Installed /home/opam/.opam/4.02.0dev+module-aliases/lib/oUnit/oUnitShared.cmi
Installed /home/opam/.opam/4.02.0dev+module-aliases/lib/oUnit/oUnitCache.cmi
Installed /home/opam/.opam/4.02.0dev+module-aliases/lib/oUnit/oUnitTestData.cmi
Installed /home/opam/.opam/4.02.0dev+module-aliases/lib/oUnit/oUnitCheckEnv.cmi
Installed /home/opam/.opam/4.02.0dev+module-aliases/lib/oUnit/oUnitDiff.cmi
Installed /home/opam/.opam/4.02.0dev+module-aliases/lib/oUnit/oUnitUtils.cmx
Installed /home/opam/.opam/4.02.0dev+module-aliases/lib/oUnit/oUnitPropList.cmx
Installed /home/opam/.opam/4.02.0dev+module-aliases/lib/oUnit/oUnitPlugin.cmx
Installed /home/opam/.opam/4.02.0dev+module-aliases/lib/oUnit/oUnitChooser.cmx
Installed /home/opam/.opam/4.02.0dev+module-aliases/lib/oUnit/oUnitResultSummary.cmx
Installed /home/opam/.opam/4.02.0dev+module-aliases/lib/oUnit/oUnitLoggerStd.cmx
Installed /home/opam/.opam/4.02.0dev+module-aliases/lib/oUnit/oUnitLoggerHTML.cmx
Installed /home/opam/.opam/4.02.0dev+module-aliases/lib/oUnit/oUnitLoggerHTMLData.cmx
Installed /home/opam/.opam/4.02.0dev+module-aliases/lib/oUnit/oUnitLoggerJUnit.cmx
Installed /home/opam/.opam/4.02.0dev+module-aliases/lib/oUnit/oUnitAssert.cmx
Installed /home/opam/.opam/4.02.0dev+module-aliases/lib/oUnit/oUnitBracket.cmx
Installed /home/opam/.opam/4.02.0dev+module-aliases/lib/oUnit/oUnitTest.cmx
Installed /home/opam/.opam/4.02.0dev+module-aliases/lib/oUnit/oUnitState.cmx
Installed /home/opam/.opam/4.02.0dev+module-aliases/lib/oUnit/oUnitRunner.cmx
Installed /home/opam/.opam/4.02.0dev+module-aliases/lib/oUnit/oUnitRunnerProcesses.cmx
Installed /home/opam/.opam/4.02.0dev+module-aliases/lib/oUnit/oUnitCore.cmx
Installed /home/opam/.opam/4.02.0dev+module-aliases/lib/oUnit/oUnitLogger.cmx
Installed /home/opam/.opam/4.02.0dev+module-aliases/lib/oUnit/oUnitConf.cmx
Installed /home/opam/.opam/4.02.0dev+module-aliases/lib/oUnit/oUnitShared.cmx
Installed /home/opam/.opam/4.02.0dev+module-aliases/lib/oUnit/oUnitCache.cmx
Installed /home/opam/.opam/4.02.0dev+module-aliases/lib/oUnit/oUnitTestData.cmx
Installed /home/opam/.opam/4.02.0dev+module-aliases/lib/oUnit/oUnitCheckEnv.cmx
Installed /home/opam/.opam/4.02.0dev+module-aliases/lib/oUnit/oUnitDiff.cmx
Installed /home/opam/.opam/4.02.0dev+module-aliases/lib/oUnit/META
Installing ounit.2.0.0.

=-=-= Installing re.1.2.1 =-=-=
re.1.2.1   Downloading https://github.com/ocaml/ocaml-re/archive/ocaml-re-1.2.1.tar.gz
--2013-11-20 21:08:49--  https://github.com/ocaml/ocaml-re/archive/ocaml-re-1.2.1.tar.gz
Resolving github.com (github.com)... 192.30.252.130
Connecting to github.com (github.com)|192.30.252.130|:443... connected.
HTTP request sent, awaiting response... 302 Found
Location: https://codeload.github.com/ocaml/ocaml-re/tar.gz/ocaml-re-1.2.1 [following]
--2013-11-20 21:08:49--  https://codeload.github.com/ocaml/ocaml-re/tar.gz/ocaml-re-1.2.1
Resolving codeload.github.com (codeload.github.com)... 192.30.252.144
Connecting to codeload.github.com (codeload.github.com)|192.30.252.144|:443... connected.
HTTP request sent, awaiting response... 200 OK
Length: 83108 (81K) [application/x-gzip]
Saving to: `ocaml-re-ocaml-re-1.2.1.tar.gz'

     0K .......... .......... .......... .......... .......... 61% 1.45M 0s
    50K .......... .......... .......... .                    100% 1.72M=0.05s

2013-11-20 21:08:49 (1.54 MB/s) - `ocaml-re-ocaml-re-1.2.1.tar.gz' saved [83108/83108]

Copying ~/.opam/repo/default/packages/re.1.2.1/files/re.install to ~/.opam/4.02.0dev+module-aliases/build/re.1.2.1/
Copying ~/.opam/repo/default/packages/re.1.2.1/files/re.config.in to ~/.opam/4.02.0dev+module-aliases/build/re.1.2.1/
Building re.1.2.1:
  ocaml setup.ml -configure --prefix /home/opam/.opam/4.02.0dev+module-aliases
  ocaml setup.ml -build
  ocaml setup.ml -install

Configuration: 
ocamlfind: ........................................... /home/opam/.opam/4.02.0dev+module-aliases/bin/ocamlfind
ocamlc: .............................................. /home/opam/.opam/4.02.0dev+module-aliases/bin/ocamlc.opt
ocamlopt: ............................................ /home/opam/.opam/4.02.0dev+module-aliases/bin/ocamlopt.opt
ocamlbuild: .......................................... /home/opam/.opam/4.02.0dev+module-aliases/bin/ocamlbuild
Package name: ........................................ re
Package version: ..................................... 1.2.1
os_type: ............................................. Unix
system: .............................................. linux
architecture: ........................................ amd64
ccomp_type: .......................................... cc
ocaml_version: ....................................... 4.02.0
standard_library_default: ............................ /home/opam/.opam/4.02.0dev+module-aliases/lib/ocaml
standard_library: .................................... /home/opam/.opam/4.02.0dev+module-aliases/lib/ocaml
standard_runtime: .................................... /home/opam/.opam/4.02.0dev+module-aliases/bin/ocamlrun
bytecomp_c_compiler: ................................. gcc -fno-defer-pop -Wall -D_FILE_OFFSET_BITS=64 -D_REENTRANT -fPIC
native_c_compiler: ................................... gcc -Wall -D_FILE_OFFSET_BITS=64 -D_REENTRANT
model: ............................................... default
ext_obj: ............................................. .o
ext_asm: ............................................. .s
ext_lib: ............................................. .a
ext_dll: ............................................. .so
default_executable_name: ............................. a.out
systhread_supported: ................................. true
Install architecture-independent files dir: .......... /home/opam/.opam/4.02.0dev+module-aliases
Install architecture-dependent files in dir: ......... $prefix
User executables: .................................... $exec_prefix/bin
System admin executables: ............................ $exec_prefix/sbin
Program executables: ................................. $exec_prefix/libexec
Read-only single-machine data: ....................... $prefix/etc
Modifiable architecture-independent data: ............ $prefix/com
Modifiable single-machine data: ...................... $prefix/var
Object code libraries: ............................... $exec_prefix/lib
Read-only arch-independent data root: ................ $prefix/share
Read-only architecture-independent data: ............. $datarootdir
Info documentation: .................................. $datarootdir/info
Locale-dependent data: ............................... $datarootdir/locale
Man documentation: ................................... $datarootdir/man
Documentation root: .................................. $datarootdir/doc/$pkg_name
HTML documentation: .................................. $docdir
DVI documentation: ................................... $docdir
PDF documentation: ................................... $docdir
PS documentation: .................................... $docdir
findlib_version: ..................................... 1.4
is_native: ........................................... true
suffix_program: ...................................... 
Remove a file.: ...................................... rm -f
Remove a directory.: ................................. rm -rf
Turn ocaml debug flag on: ............................ true
Turn ocaml profile flag on: .......................... false
Compiler support generation of .cmxs.: ............... true
OCamlbuild additional flags: ......................... 
Create documentations: ............................... true
Compile tests executable and library and run them: ... false
ocamldoc: ............................................ /home/opam/.opam/4.02.0dev+module-aliases/bin/ocamldoc

ocamlfind ocamlopt unix.cmxa -I /home/opam/.opam/4.02.0dev+module-aliases/lib/ocaml/ocamlbuild /home/opam/.opam/4.02.0dev+module-aliases/lib/ocaml/ocamlbuild/ocamlbuildlib.cmxa -linkpkg myocamlbuild.ml /home/opam/.opam/4.02.0dev+module-aliases/lib/ocaml/ocamlbuild/ocamlbuild.cmx -o myocamlbuild
ocamlfind ocamldep -modules lib/re.mli > lib/re.mli.depends
ocamlfind ocamlc -c -g -I lib -I lib -I lib -I lib -o lib/re.cmi lib/re.mli
ocamlfind ocamldep -modules lib/re.ml > lib/re.ml.depends
ocamlfind ocamldep -modules lib/automata.mli > lib/automata.mli.depends
ocamlfind ocamldep -modules lib/cset.mli > lib/cset.mli.depends
ocamlfind ocamlc -c -g -I lib -I lib -I lib -I lib -o lib/cset.cmi lib/cset.mli
ocamlfind ocamlc -c -g -I lib -I lib -I lib -I lib -o lib/automata.cmi lib/automata.mli
ocamlfind ocamldep -modules lib/cset.ml > lib/cset.ml.depends
ocamlfind ocamldep -modules lib/automata.ml > lib/automata.ml.depends
ocamlfind ocamlc -c -g -I lib -I lib -I lib -I lib -o lib/re.cmo lib/re.ml
+ ocamlfind ocamlc -c -g -I lib -I lib -I lib -I lib -o lib/re.cmo lib/re.ml
File "lib/re.ml", line 461, characters 21-30:
Warning 12: this sub-pattern is unused.
File "lib/re.ml", line 889, characters 16-45:
Warning 26: unused variable m.
File "lib/re.ml", line 903, characters 12-41:
Warning 26: unused variable m.
ocamlfind ocamlc -c -g -I lib -I lib -I lib -I lib -o lib/cset.cmo lib/cset.ml
ocamlfind ocamlc -c -g -I lib -I lib -I lib -I lib -o lib/automata.cmo lib/automata.ml
+ ocamlfind ocamlc -c -g -I lib -I lib -I lib -I lib -o lib/automata.cmo lib/automata.ml
File "lib/automata.ml", line 95, characters 4-21:
Warning 26: unused variable x.
File "lib/automata.ml", line 306, characters 4-17:
Warning 26: unused variable x.
ocamlfind ocamlc -a lib/cset.cmo lib/automata.cmo lib/re.cmo -o lib/re.cma
ocamlfind ocamlopt -c -g -I lib -I lib -I lib -I lib -o lib/cset.cmx lib/cset.ml
ocamlfind ocamlopt -c -g -I lib -I lib -I lib -I lib -o lib/automata.cmx lib/automata.ml
+ ocamlfind ocamlopt -c -g -I lib -I lib -I lib -I lib -o lib/automata.cmx lib/automata.ml
File "lib/automata.ml", line 95, characters 4-21:
Warning 26: unused variable x.
File "lib/automata.ml", line 306, characters 4-17:
Warning 26: unused variable x.
ocamlfind ocamlopt -c -g -I lib -I lib -I lib -I lib -o lib/re.cmx lib/re.ml
+ ocamlfind ocamlopt -c -g -I lib -I lib -I lib -I lib -o lib/re.cmx lib/re.ml
File "lib/re.ml", line 461, characters 21-30:
Warning 12: this sub-pattern is unused.
File "lib/re.ml", line 889, characters 16-45:
Warning 26: unused variable m.
File "lib/re.ml", line 903, characters 12-41:
Warning 26: unused variable m.
ocamlfind ocamlopt -a lib/cset.cmx lib/automata.cmx lib/re.cmx -o lib/re.cmxa
ocamlfind ocamlopt -shared lib/re.cmx -o lib/re.cmxs
ocamlfind ocamldep -modules lib/re_emacs.mli > lib/re_emacs.mli.depends
ocamlfind ocamlc -c -g -I lib -I lib -I lib -I lib -o lib/re_emacs.cmi lib/re_emacs.mli
ocamlfind ocamldep -modules lib/re_emacs.ml > lib/re_emacs.ml.depends
ocamlfind ocamlc -c -g -I lib -I lib -I lib -I lib -o lib/re_emacs.cmo lib/re_emacs.ml
+ ocamlfind ocamlc -c -g -I lib -I lib -I lib -I lib -o lib/re_emacs.cmo lib/re_emacs.ml
File "lib/re_emacs.ml", line 34, characters 6-11:
Warning 26: unused variable unget.
ocamlfind ocamlc -a lib/re_emacs.cmo -o lib/re_emacs.cma
ocamlfind ocamlopt -c -g -I lib -I lib -I lib -I lib -o lib/re_emacs.cmx lib/re_emacs.ml
+ ocamlfind ocamlopt -c -g -I lib -I lib -I lib -I lib -o lib/re_emacs.cmx lib/re_emacs.ml
File "lib/re_emacs.ml", line 34, characters 6-11:
Warning 26: unused variable unget.
ocamlfind ocamlopt -a lib/re_emacs.cmx -o lib/re_emacs.cmxa
ocamlfind ocamlopt -shared lib/re_emacs.cmx -o lib/re_emacs.cmxs
ocamlfind ocamldep -modules lib/re_str.mli > lib/re_str.mli.depends
ocamlfind ocamlc -c -g -I lib -I lib -I lib -I lib -o lib/re_str.cmi lib/re_str.mli
ocamlfind ocamldep -modules lib/re_str.ml > lib/re_str.ml.depends
ocamlfind ocamlc -c -g -I lib -I lib -I lib -I lib -o lib/re_str.cmo lib/re_str.ml
ocamlfind ocamlc -a lib/re_str.cmo -o lib/re_str.cma
ocamlfind ocamlopt -c -g -I lib -I lib -I lib -I lib -o lib/re_str.cmx lib/re_str.ml
ocamlfind ocamlopt -a lib/re_str.cmx -o lib/re_str.cmxa
ocamlfind ocamlopt -shared lib/re_str.cmx -o lib/re_str.cmxs
ocamlfind ocamldep -modules lib/re_posix.mli > lib/re_posix.mli.depends
ocamlfind ocamlc -c -g -I lib -I lib -I lib -I lib -o lib/re_posix.cmi lib/re_posix.mli
ocamlfind ocamldep -modules lib/re_posix.ml > lib/re_posix.ml.depends
ocamlfind ocamlc -c -g -I lib -I lib -I lib -I lib -o lib/re_posix.cmo lib/re_posix.ml
ocamlfind ocamlc -a lib/re_posix.cmo -o lib/re_posix.cma
ocamlfind ocamlopt -c -g -I lib -I lib -I lib -I lib -o lib/re_posix.cmx lib/re_posix.ml
ocamlfind ocamlopt -a lib/re_posix.cmx -o lib/re_posix.cmxa
ocamlfind ocamlopt -shared lib/re_posix.cmx -o lib/re_posix.cmxs
ocamlfind ocamldep -modules lib/re_glob.mli > lib/re_glob.mli.depends
ocamlfind ocamlc -c -g -I lib -I lib -I lib -I lib -o lib/re_glob.cmi lib/re_glob.mli
ocamlfind ocamldep -modules lib/re_glob.ml > lib/re_glob.ml.depends
ocamlfind ocamlc -c -g -I lib -I lib -I lib -I lib -o lib/re_glob.cmo lib/re_glob.ml
+ ocamlfind ocamlc -c -g -I lib -I lib -I lib -I lib -o lib/re_glob.cmo lib/re_glob.ml
File "lib/re_glob.ml", line 43, characters 6-11:
Warning 26: unused variable unget.
File "lib/re_glob.ml", line 67, characters 10-14:
Warning 26: unused variable mask.
ocamlfind ocamlc -a lib/re_glob.cmo -o lib/re_glob.cma
ocamlfind ocamlopt -c -g -I lib -I lib -I lib -I lib -o lib/re_glob.cmx lib/re_glob.ml
+ ocamlfind ocamlopt -c -g -I lib -I lib -I lib -I lib -o lib/re_glob.cmx lib/re_glob.ml
File "lib/re_glob.ml", line 43, characters 6-11:
Warning 26: unused variable unget.
File "lib/re_glob.ml", line 67, characters 10-14:
Warning 26: unused variable mask.
ocamlfind ocamlopt -a lib/re_glob.cmx -o lib/re_glob.cmxa
ocamlfind ocamlopt -shared lib/re_glob.cmx -o lib/re_glob.cmxs
ocamlfind ocamldep -modules lib/re_perl.mli > lib/re_perl.mli.depends
ocamlfind ocamlc -c -g -I lib -I lib -I lib -I lib -o lib/re_perl.cmi lib/re_perl.mli
ocamlfind ocamldep -modules lib/re_perl.ml > lib/re_perl.ml.depends
ocamlfind ocamlc -c -g -I lib -I lib -I lib -I lib -o lib/re_perl.cmo lib/re_perl.ml
ocamlfind ocamlc -a lib/re_perl.cmo -o lib/re_perl.cma
ocamlfind ocamlopt -c -g -I lib -I lib -I lib -I lib -o lib/re_perl.cmx lib/re_perl.ml
ocamlfind ocamlopt -a lib/re_perl.cmx -o lib/re_perl.cmxa
ocamlfind ocamlopt -shared lib/re_perl.cmx -o lib/re_perl.cmxs
ocamlfind ocamldep -modules lib/re_pcre.ml > lib/re_pcre.ml.depends
ocamlfind ocamlc -c -g -I lib -I lib -I lib -I lib -o lib/re_pcre.cmo lib/re_pcre.ml
ocamlfind ocamlc -a lib/re_pcre.cmo -o lib/re_pcre.cma
ocamlfind ocamlopt -c -g -I lib -I lib -I lib -I lib -o lib/re_pcre.cmx lib/re_pcre.ml
ocamlfind ocamlopt -a lib/re_pcre.cmx -o lib/re_pcre.cmxa
ocamlfind ocamlopt -shared lib/re_pcre.cmx -o lib/re_pcre.cmxs
Installed /home/opam/.opam/4.02.0dev+module-aliases/lib/re/re.mli
Installed /home/opam/.opam/4.02.0dev+module-aliases/lib/re/re.cma
Installed /home/opam/.opam/4.02.0dev+module-aliases/lib/re/re.cmxa
Installed /home/opam/.opam/4.02.0dev+module-aliases/lib/re/re.a
Installed /home/opam/.opam/4.02.0dev+module-aliases/lib/re/re.cmxs
Installed /home/opam/.opam/4.02.0dev+module-aliases/lib/re/re.cmi
Installed /home/opam/.opam/4.02.0dev+module-aliases/lib/re/re.cmx
Installed /home/opam/.opam/4.02.0dev+module-aliases/lib/re/cset.cmx
Installed /home/opam/.opam/4.02.0dev+module-aliases/lib/re/automata.cmx
Installed /home/opam/.opam/4.02.0dev+module-aliases/lib/re/re_str.mli
Installed /home/opam/.opam/4.02.0dev+module-aliases/lib/re/re_str.cma
Installed /home/opam/.opam/4.02.0dev+module-aliases/lib/re/re_str.cmxa
Installed /home/opam/.opam/4.02.0dev+module-aliases/lib/re/re_str.a
Installed /home/opam/.opam/4.02.0dev+module-aliases/lib/re/re_str.cmxs
Installed /home/opam/.opam/4.02.0dev+module-aliases/lib/re/re_str.cmi
Installed /home/opam/.opam/4.02.0dev+module-aliases/lib/re/re_str.cmx
Installed /home/opam/.opam/4.02.0dev+module-aliases/lib/re/re_posix.mli
Installed /home/opam/.opam/4.02.0dev+module-aliases/lib/re/re_posix.cma
Installed /home/opam/.opam/4.02.0dev+module-aliases/lib/re/re_posix.cmxa
Installed /home/opam/.opam/4.02.0dev+module-aliases/lib/re/re_posix.a
Installed /home/opam/.opam/4.02.0dev+module-aliases/lib/re/re_posix.cmxs
Installed /home/opam/.opam/4.02.0dev+module-aliases/lib/re/re_posix.cmi
Installed /home/opam/.opam/4.02.0dev+module-aliases/lib/re/re_posix.cmx
Installed /home/opam/.opam/4.02.0dev+module-aliases/lib/re/re_perl.mli
Installed /home/opam/.opam/4.02.0dev+module-aliases/lib/re/re_perl.cma
Installed /home/opam/.opam/4.02.0dev+module-aliases/lib/re/re_perl.cmxa
Installed /home/opam/.opam/4.02.0dev+module-aliases/lib/re/re_perl.a
Installed /home/opam/.opam/4.02.0dev+module-aliases/lib/re/re_perl.cmxs
Installed /home/opam/.opam/4.02.0dev+module-aliases/lib/re/re_perl.cmi
Installed /home/opam/.opam/4.02.0dev+module-aliases/lib/re/re_perl.cmx
Installed /home/opam/.opam/4.02.0dev+module-aliases/lib/re/re_pcre.ml
Installed /home/opam/.opam/4.02.0dev+module-aliases/lib/re/re_pcre.cma
Installed /home/opam/.opam/4.02.0dev+module-aliases/lib/re/re_pcre.cmxa
Installed /home/opam/.opam/4.02.0dev+module-aliases/lib/re/re_pcre.a
Installed /home/opam/.opam/4.02.0dev+module-aliases/lib/re/re_pcre.cmxs
Installed /home/opam/.opam/4.02.0dev+module-aliases/lib/re/re_pcre.cmi
Installed /home/opam/.opam/4.02.0dev+module-aliases/lib/re/re_pcre.cmx
Installed /home/opam/.opam/4.02.0dev+module-aliases/lib/re/re_glob.mli
Installed /home/opam/.opam/4.02.0dev+module-aliases/lib/re/re_glob.cma
Installed /home/opam/.opam/4.02.0dev+module-aliases/lib/re/re_glob.cmxa
Installed /home/opam/.opam/4.02.0dev+module-aliases/lib/re/re_glob.a
Installed /home/opam/.opam/4.02.0dev+module-aliases/lib/re/re_glob.cmxs
Installed /home/opam/.opam/4.02.0dev+module-aliases/lib/re/re_glob.cmi
Installed /home/opam/.opam/4.02.0dev+module-aliases/lib/re/re_glob.cmx
Installed /home/opam/.opam/4.02.0dev+module-aliases/lib/re/re_emacs.mli
Installed /home/opam/.opam/4.02.0dev+module-aliases/lib/re/re_emacs.cma
Installed /home/opam/.opam/4.02.0dev+module-aliases/lib/re/re_emacs.cmxa
Installed /home/opam/.opam/4.02.0dev+module-aliases/lib/re/re_emacs.a
Installed /home/opam/.opam/4.02.0dev+module-aliases/lib/re/re_emacs.cmxs
Installed /home/opam/.opam/4.02.0dev+module-aliases/lib/re/re_emacs.cmi
Installed /home/opam/.opam/4.02.0dev+module-aliases/lib/re/re_emacs.cmx
Installed /home/opam/.opam/4.02.0dev+module-aliases/lib/re/META
Installing re.1.2.1.

=-=-= Installing ssl.0.4.6 =-=-=
ssl.0.4.6  Downloading http://downloads.sourceforge.net/project/savonet/ocaml-ssl/0.4.6/ocaml-ssl-0.4.6.tar.gz
--2013-11-20 21:09:00--  http://downloads.sourceforge.net/project/savonet/ocaml-ssl/0.4.6/ocaml-ssl-0.4.6.tar.gz
Resolving downloads.sourceforge.net (downloads.sourceforge.net)... 216.34.181.59
Connecting to downloads.sourceforge.net (downloads.sourceforge.net)|216.34.181.59|:80... connected.
HTTP request sent, awaiting response... 302 Found
Location: http://softlayer-dal.dl.sourceforge.net/project/savonet/ocaml-ssl/0.4.6/ocaml-ssl-0.4.6.tar.gz [following]
--2013-11-20 21:09:00--  http://softlayer-dal.dl.sourceforge.net/project/savonet/ocaml-ssl/0.4.6/ocaml-ssl-0.4.6.tar.gz
Resolving softlayer-dal.dl.sourceforge.net (softlayer-dal.dl.sourceforge.net)... 67.228.157.232
Connecting to softlayer-dal.dl.sourceforge.net (softlayer-dal.dl.sourceforge.net)|67.228.157.232|:80... connected.
HTTP request sent, awaiting response... 200 OK
Length: 118798 (116K) [application/x-gzip]
Saving to: `ocaml-ssl-0.4.6.tar.gz'

     0K .......... .......... .......... .......... .......... 43%  376K 0s
    50K .......... .......... .......... .......... .......... 86% 1.32M 0s
   100K .......... ......                                     100%  445K=0.2s

2013-11-20 21:09:01 (564 KB/s) - `ocaml-ssl-0.4.6.tar.gz' saved [118798/118798]

Copying ~/.opam/repo/default/packages/ssl.0.4.6/files/pkgconfigure to ~/.opam/4.02.0dev+module-aliases/build/ssl.0.4.6/
Building ssl.0.4.6:
  ./configure --prefix /home/opam/.opam/4.02.0dev+module-aliases
  make
  make install
configuring ocaml-ssl 0.4.6
checking for gcc... gcc
checking whether the C compiler works... yes
checking for C compiler default output file name... a.out
checking for suffix of executables... 
checking whether we are cross compiling... no
checking for suffix of object files... o
checking whether we are using the GNU C compiler... yes
checking whether gcc accepts -g... yes
checking for gcc option to accept ISO C89... none needed
checking for pthread_create in -lpthread... yes
checking for ocamlc... /home/opam/.opam/4.02.0dev+module-aliases/bin/ocamlc
ocaml version is 4.02.0+dev2-2013-09-12
ocaml library path is /home/opam/.opam/4.02.0dev+module-aliases/lib/ocaml
checking for ocamlopt... /home/opam/.opam/4.02.0dev+module-aliases/bin/ocamlopt
checking ocamlopt version... ok
checking for ocamlc.opt... /home/opam/.opam/4.02.0dev+module-aliases/bin/ocamlc.opt
checking ocamlc.opt version... ok
checking for ocamlopt.opt... /home/opam/.opam/4.02.0dev+module-aliases/bin/ocamlopt.opt
checking ocamlc.opt version... ok
checking for ocamldep... /home/opam/.opam/4.02.0dev+module-aliases/bin/ocamldep
checking for ocamllex... /home/opam/.opam/4.02.0dev+module-aliases/bin/ocamllex
checking for ocamlyacc... /home/opam/.opam/4.02.0dev+module-aliases/bin/ocamlyacc
checking for ocamldoc... /home/opam/.opam/4.02.0dev+module-aliases/bin/ocamldoc
checking for ocamlmktop... /home/opam/.opam/4.02.0dev+module-aliases/bin/ocamlmktop
checking for gcc... (cached) gcc
checking whether we are using the GNU C compiler... (cached) yes
checking whether gcc accepts -g... (cached) yes
checking for gcc option to accept ISO C89... (cached) none needed
checking for SSL_new in -lssl... yes
checking how to run the C preprocessor... gcc -E
checking for grep that handles long lines and -e... /bin/grep
checking for egrep... /bin/grep -E
checking for ANSI C header files... yes
checking for sys/types.h... yes
checking for sys/stat.h... yes
checking for stdlib.h... yes
checking for string.h... yes
checking for memory.h... yes
checking for strings.h... yes
checking for inttypes.h... yes
checking for stdint.h... yes
checking for unistd.h... yes
checking openssl/ssl.h usability... yes
checking openssl/ssl.h presence... yes
checking for openssl/ssl.h... yes
checking for ocamlfind... /home/opam/.opam/4.02.0dev+module-aliases/bin/ocamlfind
checking for ocamlcp... /home/opam/.opam/4.02.0dev+module-aliases/bin/ocamlcp
checking for latex... no
checking for dvips... no
checking for ps2pdf... no
configure: creating ./config.status
config.status: creating src/Makefile
config.status: creating src/META
make -C src all
make[1]: Entering directory `/home/opam/.opam/4.02.0dev+module-aliases/build/ssl.0.4.6/src'
make[2]: Entering directory `/home/opam/.opam/4.02.0dev+module-aliases/build/ssl.0.4.6/src'
make[3]: Entering directory `/home/opam/.opam/4.02.0dev+module-aliases/build/ssl.0.4.6/src'
make[4]: Entering directory `/home/opam/.opam/4.02.0dev+module-aliases/build/ssl.0.4.6/src'
making ._bcdi/ssl.di from ssl.mli
making ._d/ssl.d from ssl.ml
make[4]: Leaving directory `/home/opam/.opam/4.02.0dev+module-aliases/build/ssl.0.4.6/src'
make[4]: Entering directory `/home/opam/.opam/4.02.0dev+module-aliases/build/ssl.0.4.6/src'
ocamlc -c -cc "gcc" -ccopt "-fPIC -g -O2 -ansi -DCAML_NAME_SPACE -Wall \
				-DPIC   \
				    -o ssl_stubs.o " ssl_stubs.c 
ar rcs libssl_stubs.a  ssl_stubs.o
ocamlc -c -thread ssl.mli
ocamlc -c -thread ssl.ml
ocamlmklib                     \
				-o ssl_stubs  ssl_stubs.o -lcrypto -lssl \
				
ocamlc -a -thread -dllib dllssl_stubs.so              \
				-cclib -lssl_stubs -cclib -lcrypto -cclib -lssl  -o ssl.cma  ssl.cmo
make[4]: Leaving directory `/home/opam/.opam/4.02.0dev+module-aliases/build/ssl.0.4.6/src'
make[3]: Leaving directory `/home/opam/.opam/4.02.0dev+module-aliases/build/ssl.0.4.6/src'
make[3]: Entering directory `/home/opam/.opam/4.02.0dev+module-aliases/build/ssl.0.4.6/src'
make[4]: Entering directory `/home/opam/.opam/4.02.0dev+module-aliases/build/ssl.0.4.6/src'
making ._d/ssl_threads.d from ssl_threads.ml
make[4]: Leaving directory `/home/opam/.opam/4.02.0dev+module-aliases/build/ssl.0.4.6/src'
make[4]: Entering directory `/home/opam/.opam/4.02.0dev+module-aliases/build/ssl.0.4.6/src'
ar rcs libssl_threads_stubs.a  ssl_stubs.o
ocamlc -c -thread ssl_threads.mli
ocamlc -c -thread ssl_threads.ml
ocamlmklib                     \
				-o ssl_threads_stubs  ssl_stubs.o -lcrypto -lssl \
				
ocamlc -a -thread -dllib dllssl_threads_stubs.so              \
				-cclib -lssl_threads_stubs -cclib -lcrypto -cclib -lssl  -o ssl_threads.cma  ssl.cmo ssl_threads.cmo
make[4]: Leaving directory `/home/opam/.opam/4.02.0dev+module-aliases/build/ssl.0.4.6/src'
make[3]: Leaving directory `/home/opam/.opam/4.02.0dev+module-aliases/build/ssl.0.4.6/src'
make[2]: Leaving directory `/home/opam/.opam/4.02.0dev+module-aliases/build/ssl.0.4.6/src'
make[2]: Entering directory `/home/opam/.opam/4.02.0dev+module-aliases/build/ssl.0.4.6/src'
make[3]: Entering directory `/home/opam/.opam/4.02.0dev+module-aliases/build/ssl.0.4.6/src'
make[4]: Entering directory `/home/opam/.opam/4.02.0dev+module-aliases/build/ssl.0.4.6/src'
making ._ncdi/ssl.di from ssl.mli
make[4]: Leaving directory `/home/opam/.opam/4.02.0dev+module-aliases/build/ssl.0.4.6/src'
make[4]: Entering directory `/home/opam/.opam/4.02.0dev+module-aliases/build/ssl.0.4.6/src'
make[4]: `libssl_stubs.a' is up to date.
ocamlopt -c -thread ssl.ml
ocamlopt -a -thread              -cclib -lssl_stubs -cclib -lcrypto -cclib -lssl  \
				 -o ssl.cmxa ssl.cmx
make[4]: Leaving directory `/home/opam/.opam/4.02.0dev+module-aliases/build/ssl.0.4.6/src'
make[3]: Leaving directory `/home/opam/.opam/4.02.0dev+module-aliases/build/ssl.0.4.6/src'
make[3]: Entering directory `/home/opam/.opam/4.02.0dev+module-aliases/build/ssl.0.4.6/src'
make[4]: Entering directory `/home/opam/.opam/4.02.0dev+module-aliases/build/ssl.0.4.6/src'
make[4]: `libssl_threads_stubs.a' is up to date.
ocamlopt -c -thread ssl_threads.ml
ocamlopt -a -thread              -cclib -lssl_threads_stubs -cclib -lcrypto -cclib -lssl  \
				 -o ssl_threads.cmxa ssl.cmx ssl_threads.cmx
make[4]: Leaving directory `/home/opam/.opam/4.02.0dev+module-aliases/build/ssl.0.4.6/src'
make[3]: Leaving directory `/home/opam/.opam/4.02.0dev+module-aliases/build/ssl.0.4.6/src'
make[2]: Leaving directory `/home/opam/.opam/4.02.0dev+module-aliases/build/ssl.0.4.6/src'
make[2]: Entering directory `/home/opam/.opam/4.02.0dev+module-aliases/build/ssl.0.4.6/src'
make[2]: Leaving directory `/home/opam/.opam/4.02.0dev+module-aliases/build/ssl.0.4.6/src'
make[1]: Leaving directory `/home/opam/.opam/4.02.0dev+module-aliases/build/ssl.0.4.6/src'
make -C src install
make[1]: Entering directory `/home/opam/.opam/4.02.0dev+module-aliases/build/ssl.0.4.6/src'
/home/opam/.opam/4.02.0dev+module-aliases/bin/ocamlfind install  ssl META ssl.mli ssl_threads.mli ssl.cmi ssl_threads.cmi ssl.cma ssl_threads.cma ssl.cmxa ssl_threads.cmxa ssl.cmx ssl_threads.cmx libssl_stubs.a libssl_threads_stubs.a ssl.a ssl_threads.a dllssl_stubs.so dllssl_threads_stubs.so
Installed /home/opam/.opam/4.02.0dev+module-aliases/lib/ssl/ssl_threads.a
Installed /home/opam/.opam/4.02.0dev+module-aliases/lib/ssl/ssl.a
Installed /home/opam/.opam/4.02.0dev+module-aliases/lib/ssl/libssl_threads_stubs.a
Installed /home/opam/.opam/4.02.0dev+module-aliases/lib/ssl/libssl_stubs.a
Installed /home/opam/.opam/4.02.0dev+module-aliases/lib/ssl/ssl_threads.cmx
Installed /home/opam/.opam/4.02.0dev+module-aliases/lib/ssl/ssl.cmx
Installed /home/opam/.opam/4.02.0dev+module-aliases/lib/ssl/ssl_threads.cmxa
Installed /home/opam/.opam/4.02.0dev+module-aliases/lib/ssl/ssl.cmxa
Installed /home/opam/.opam/4.02.0dev+module-aliases/lib/ssl/ssl_threads.cma
Installed /home/opam/.opam/4.02.0dev+module-aliases/lib/ssl/ssl.cma
Installed /home/opam/.opam/4.02.0dev+module-aliases/lib/ssl/ssl_threads.cmi
Installed /home/opam/.opam/4.02.0dev+module-aliases/lib/ssl/ssl.cmi
Installed /home/opam/.opam/4.02.0dev+module-aliases/lib/ssl/ssl_threads.mli
Installed /home/opam/.opam/4.02.0dev+module-aliases/lib/ssl/ssl.mli
Installed /home/opam/.opam/4.02.0dev+module-aliases/lib/ssl/META
Installed /home/opam/.opam/4.02.0dev+module-aliases/lib/stublibs/dllssl_threads_stubs.so
Installed /home/opam/.opam/4.02.0dev+module-aliases/lib/stublibs/dllssl_threads_stubs.so.owner
Installed /home/opam/.opam/4.02.0dev+module-aliases/lib/stublibs/dllssl_stubs.so
Installed /home/opam/.opam/4.02.0dev+module-aliases/lib/stublibs/dllssl_stubs.so.owner
ocamlfind: [WARNING] You have installed DLLs but the directory /home/opam/.opam/4.02.0dev+module-aliases/lib/stublibs is not mentioned in ld.conf
make[1]: Leaving directory `/home/opam/.opam/4.02.0dev+module-aliases/build/ssl.0.4.6/src'
Installing ssl.0.4.6.

=-=-= Installing lwt.2.4.4 =-=-=
lwt.2.4.4  Downloading https://github.com/ocsigen/lwt/archive/2.4.4.tar.gz
--2013-11-20 21:09:06--  https://github.com/ocsigen/lwt/archive/2.4.4.tar.gz
Resolving github.com (github.com)... 192.30.252.131
Connecting to github.com (github.com)|192.30.252.131|:443... connected.
HTTP request sent, awaiting response... 302 Found
Location: https://codeload.github.com/ocsigen/lwt/tar.gz/2.4.4 [following]
--2013-11-20 21:09:06--  https://codeload.github.com/ocsigen/lwt/tar.gz/2.4.4
Resolving codeload.github.com (codeload.github.com)... 192.30.252.147
Connecting to codeload.github.com (codeload.github.com)|192.30.252.147|:443... connected.
HTTP request sent, awaiting response... 200 OK
Length: 294161 (287K) [application/x-gzip]
Saving to: `lwt-2.4.4.tar.gz'

     0K .......... .......... .......... .......... .......... 17%  975K 0s
    50K .......... .......... .......... .......... .......... 34% 2.74M 0s
   100K .......... .......... .......... .......... .......... 52% 1.42M 0s
   150K .......... .......... .......... .......... .......... 69% 2.76M 0s
   200K .......... .......... .......... .......... .......... 87% 2.84M 0s
   250K .......... .......... .......... .......              100% 2.09M=0.2s

2013-11-20 21:09:06 (1.80 MB/s) - `lwt-2.4.4.tar.gz' saved [294161/294161]

Building lwt.2.4.4:
  ./configure --disable-libev --disable-react --enable-ssl --enable-unix --enable-extra --enable-preemptive --disable-glib
  make build
  make install
not checking for pkg-config
not checking for libev
testing for pthread: ........................... available
not checking for glib
testing for eventfd: ........................... available
testing for fd passing: ........................ available
testing for sched_getcpu: ...................... available
testing for affinity getting/setting: .......... available
testing for credentials getting (Linux): ....... available
testing for credentials getting (NetBSD): ...... unavailable
testing for credentials getting (OpenBSD): ..... unavailable
testing for credentials getting (FreeBSD): ..... unavailable
testing for credentials getting (getpeereid): .. unavailable
testing for fdatasync: ......................... available
testing for netdb_reentrant: ................... available
Generating C stubs...

Configuration: 
ocamlfind: ........................................... /home/opam/.opam/4.02.0dev+module-aliases/bin/ocamlfind
ocamlc: .............................................. /home/opam/.opam/4.02.0dev+module-aliases/bin/ocamlc.opt
ocamlopt: ............................................ /home/opam/.opam/4.02.0dev+module-aliases/bin/ocamlopt.opt
ocamlbuild: .......................................... /home/opam/.opam/4.02.0dev+module-aliases/bin/ocamlbuild
Package name: ........................................ lwt
Package version: ..................................... 2.4.4
os_type: ............................................. Unix
system: .............................................. linux
architecture: ........................................ amd64
ccomp_type: .......................................... cc
ocaml_version: ....................................... 4.02.0
standard_library_default: ............................ /home/opam/.opam/4.02.0dev+module-aliases/lib/ocaml
standard_library: .................................... /home/opam/.opam/4.02.0dev+module-aliases/lib/ocaml
standard_runtime: .................................... /home/opam/.opam/4.02.0dev+module-aliases/bin/ocamlrun
bytecomp_c_compiler: ................................. gcc -fno-defer-pop -Wall -D_FILE_OFFSET_BITS=64 -D_REENTRANT -fPIC
native_c_compiler: ................................... gcc -Wall -D_FILE_OFFSET_BITS=64 -D_REENTRANT
model: ............................................... default
ext_obj: ............................................. .o
ext_asm: ............................................. .s
ext_lib: ............................................. .a
ext_dll: ............................................. .so
default_executable_name: ............................. a.out
systhread_supported: ................................. true
Install architecture-independent files dir: .......... /usr/local
Install architecture-dependent files in dir: ......... $prefix
User executables: .................................... $exec_prefix/bin
System admin executables: ............................ $exec_prefix/sbin
Program executables: ................................. $exec_prefix/libexec
Read-only single-machine data: ....................... $prefix/etc
Modifiable architecture-independent data: ............ $prefix/com
Modifiable single-machine data: ...................... $prefix/var
Object code libraries: ............................... $exec_prefix/lib
Read-only arch-independent data root: ................ $prefix/share
Read-only architecture-independent data: ............. $datarootdir
Info documentation: .................................. $datarootdir/info
Locale-dependent data: ............................... $datarootdir/locale
Man documentation: ................................... $datarootdir/man
Documentation root: .................................. $datarootdir/doc/$pkg_name
HTML documentation: .................................. $docdir
DVI documentation: ................................... $docdir
PDF documentation: ................................... $docdir
PS documentation: .................................... $docdir
findlib_version: ..................................... 1.4
is_native: ........................................... true
suffix_program: ...................................... 
Remove a file.: ...................................... rm -f
Remove a directory.: ................................. rm -rf
Turn ocaml debug flag on: ............................ true
Turn ocaml profile flag on: .......................... false
Compiler support generation of .cmxs.: ............... true
OCamlbuild additional flags: ......................... 
Compiles for Android: ................................ false
build and install everything: ........................ false
Build the syntax extension: .......................... true
Unix support: ........................................ true
React helpers: ....................................... false
Glib integration: .................................... false
SSL support: ......................................... true
Text mode utilities (deprecated): .................... false
Preemptive threads support: .......................... true
Asynchronous unix functions: ......................... true
Enhanced toplevel: ................................... false
Compile with libev support: .......................... false
Use the libev backend by default: .................... true
Use pthread: ......................................... true
Create documentations: ............................... true
Compile tests executable and library and run them: ... false
pkg_camlp4: .......................................... /home/opam/.opam/4.02.0dev+module-aliases/lib/ocaml/camlp4
pkg_camlp4_quotations_o: ............................. /home/opam/.opam/4.02.0dev+module-aliases/lib/ocaml/camlp4
pkg_unix: ............................................ /home/opam/.opam/4.02.0dev+module-aliases/lib/ocaml
pkg_bigarray: ........................................ /home/opam/.opam/4.02.0dev+module-aliases/lib/ocaml
pkg_threads: ......................................... /home/opam/.opam/4.02.0dev+module-aliases/lib/ocaml
pkg_ssl: ............................................. /home/opam/.opam/4.02.0dev+module-aliases/lib/ssl
pkg_camlp4_extend: ................................... /home/opam/.opam/4.02.0dev+module-aliases/lib/ocaml/camlp4
ocamldoc: ............................................ /home/opam/.opam/4.02.0dev+module-aliases/bin/ocamldoc

ocamlopt.opt -o setup.exe setup.ml || ocamlopt -o setup.exe setup.ml || ocamlc -o setup.exe setup.ml
rm -f setup.cmx setup.cmi setup.o setup.obj setup.cmo
./setup.exe -configure 
not checking for pkg-config
not checking for libev
testing for pthread: ........................... available
not checking for glib
testing for eventfd: ........................... available
testing for fd passing: ........................ available
testing for sched_getcpu: ...................... available
testing for affinity getting/setting: .......... available
testing for credentials getting (Linux): ....... available
testing for credentials getting (NetBSD): ...... unavailable
testing for credentials getting (OpenBSD): ..... unavailable
testing for credentials getting (FreeBSD): ..... unavailable
testing for credentials getting (getpeereid): .. unavailable
testing for fdatasync: ......................... available
testing for netdb_reentrant: ................... available
Generating C stubs...

Configuration: 
ocamlfind: ........................................... /home/opam/.opam/4.02.0dev+module-aliases/bin/ocamlfind
ocamlc: .............................................. /home/opam/.opam/4.02.0dev+module-aliases/bin/ocamlc.opt
ocamlopt: ............................................ /home/opam/.opam/4.02.0dev+module-aliases/bin/ocamlopt.opt
ocamlbuild: .......................................... /home/opam/.opam/4.02.0dev+module-aliases/bin/ocamlbuild
Package name: ........................................ lwt
Package version: ..................................... 2.4.4
os_type: ............................................. Unix
system: .............................................. linux
architecture: ........................................ amd64
ccomp_type: .......................................... cc
ocaml_version: ....................................... 4.02.0
standard_library_default: ............................ /home/opam/.opam/4.02.0dev+module-aliases/lib/ocaml
standard_library: .................................... /home/opam/.opam/4.02.0dev+module-aliases/lib/ocaml
standard_runtime: .................................... /home/opam/.opam/4.02.0dev+module-aliases/bin/ocamlrun
bytecomp_c_compiler: ................................. gcc -fno-defer-pop -Wall -D_FILE_OFFSET_BITS=64 -D_REENTRANT -fPIC
native_c_compiler: ................................... gcc -Wall -D_FILE_OFFSET_BITS=64 -D_REENTRANT
model: ............................................... default
ext_obj: ............................................. .o
ext_asm: ............................................. .s
ext_lib: ............................................. .a
ext_dll: ............................................. .so
default_executable_name: ............................. a.out
systhread_supported: ................................. true
Install architecture-independent files dir: .......... /usr/local
Install architecture-dependent files in dir: ......... $prefix
User executables: .................................... $exec_prefix/bin
System admin executables: ............................ $exec_prefix/sbin
Program executables: ................................. $exec_prefix/libexec
Read-only single-machine data: ....................... $prefix/etc
Modifiable architecture-independent data: ............ $prefix/com
Modifiable single-machine data: ...................... $prefix/var
Object code libraries: ............................... $exec_prefix/lib
Read-only arch-independent data root: ................ $prefix/share
Read-only architecture-independent data: ............. $datarootdir
Info documentation: .................................. $datarootdir/info
Locale-dependent data: ............................... $datarootdir/locale
Man documentation: ................................... $datarootdir/man
Documentation root: .................................. $datarootdir/doc/$pkg_name
HTML documentation: .................................. $docdir
DVI documentation: ................................... $docdir
PDF documentation: ................................... $docdir
PS documentation: .................................... $docdir
findlib_version: ..................................... 1.4
is_native: ........................................... true
suffix_program: ...................................... 
Remove a file.: ...................................... rm -f
Remove a directory.: ................................. rm -rf
Turn ocaml debug flag on: ............................ true
Turn ocaml profile flag on: .......................... false
Compiler support generation of .cmxs.: ............... true
OCamlbuild additional flags: ......................... 
Compiles for Android: ................................ false
build and install everything: ........................ false
Build the syntax extension: .......................... true
Unix support: ........................................ true
React helpers: ....................................... false
Glib integration: .................................... false
SSL support: ......................................... true
Text mode utilities (deprecated): .................... false
Preemptive threads support: .......................... true
Asynchronous unix functions: ......................... true
Enhanced toplevel: ................................... false
Compile with libev support: .......................... false
Use the libev backend by default: .................... true
Use pthread: ......................................... true
Create documentations: ............................... true
Compile tests executable and library and run them: ... false
pkg_camlp4: .......................................... /home/opam/.opam/4.02.0dev+module-aliases/lib/ocaml/camlp4
pkg_camlp4_quotations_o: ............................. /home/opam/.opam/4.02.0dev+module-aliases/lib/ocaml/camlp4
pkg_unix: ............................................ /home/opam/.opam/4.02.0dev+module-aliases/lib/ocaml
pkg_bigarray: ........................................ /home/opam/.opam/4.02.0dev+module-aliases/lib/ocaml
pkg_threads: ......................................... /home/opam/.opam/4.02.0dev+module-aliases/lib/ocaml
pkg_ssl: ............................................. /home/opam/.opam/4.02.0dev+module-aliases/lib/ssl
pkg_camlp4_extend: ................................... /home/opam/.opam/4.02.0dev+module-aliases/lib/ocaml/camlp4
ocamldoc: ............................................ /home/opam/.opam/4.02.0dev+module-aliases/bin/ocamldoc

./setup.exe -build 
ocamlfind ocamlopt unix.cmxa -I /home/opam/.opam/4.02.0dev+module-aliases/lib/ocaml/ocamlbuild /home/opam/.opam/4.02.0dev+module-aliases/lib/ocaml/ocamlbuild/ocamlbuildlib.cmxa -linkpkg myocamlbuild.ml /home/opam/.opam/4.02.0dev+module-aliases/lib/ocaml/ocamlbuild/ocamlbuild.cmx -o myocamlbuild
ocamlfind: Package `wikidoc' not found
File "_tags", line 13, characters 116-125:
Warning: the tag "pkg_react" is not used in any flag declaration, so it will have no effect; it may be a typo. Otherwise use `mark_tag_used` in your myocamlbuild.ml to disable this warning.
File "_tags", line 13, characters 84-101:
Warning: the tag "pkg_text.bigarray" is not used in any flag declaration, so it will have no effect; it may be a typo. Otherwise use `mark_tag_used` in your myocamlbuild.ml to disable this warning.
File "_tags", line 13, characters 74-82:
Warning: the tag "pkg_text" is not used in any flag declaration, so it will have no effect; it may be a typo. Otherwise use `mark_tag_used` in your myocamlbuild.ml to disable this warning.
File "_tags", line 18, characters 14-25:
Warning: the tag "use_C_libev" is not used in any flag declaration, so it will have no effect; it may be a typo. Otherwise use `mark_tag_used` in your myocamlbuild.ml to disable this warning.
File "_tags", line 19, characters 14-24:
Warning: the tag "use_C_glib" is not used in any flag declaration, so it will have no effect; it may be a typo. Otherwise use `mark_tag_used` in your myocamlbuild.ml to disable this warning.
File "_tags", line 176, characters 22-31:
Warning: the tag "pkg_react" is not used in any flag declaration, so it will have no effect; it may be a typo. Otherwise use `mark_tag_used` in your myocamlbuild.ml to disable this warning.
File "_tags", line 223, characters 21-30:
Warning: the tag "pkg_react" is not used in any flag declaration, so it will have no effect; it may be a typo. Otherwise use `mark_tag_used` in your myocamlbuild.ml to disable this warning.
File "_tags", line 224, characters 21-29:
Warning: the tag "pkg_text" is not used in any flag declaration, so it will have no effect; it may be a typo. Otherwise use `mark_tag_used` in your myocamlbuild.ml to disable this warning.
File "_tags", line 225, characters 21-38:
Warning: the tag "pkg_text.bigarray" is not used in any flag declaration, so it will have no effect; it may be a typo. Otherwise use `mark_tag_used` in your myocamlbuild.ml to disable this warning.
File "_tags", line 232, characters 29-38:
Warning: the tag "pkg_react" is not used in any flag declaration, so it will have no effect; it may be a typo. Otherwise use `mark_tag_used` in your myocamlbuild.ml to disable this warning.
File "_tags", line 233, characters 29-37:
Warning: the tag "pkg_text" is not used in any flag declaration, so it will have no effect; it may be a typo. Otherwise use `mark_tag_used` in your myocamlbuild.ml to disable this warning.
File "_tags", line 234, characters 29-46:
Warning: the tag "pkg_text.bigarray" is not used in any flag declaration, so it will have no effect; it may be a typo. Otherwise use `mark_tag_used` in your myocamlbuild.ml to disable this warning.
File "_tags", line 255, characters 29-38:
Warning: the tag "pkg_react" is not used in any flag declaration, so it will have no effect; it may be a typo. Otherwise use `mark_tag_used` in your myocamlbuild.ml to disable this warning.
File "_tags", line 256, characters 29-37:
Warning: the tag "pkg_text" is not used in any flag declaration, so it will have no effect; it may be a typo. Otherwise use `mark_tag_used` in your myocamlbuild.ml to disable this warning.
File "_tags", line 258, characters 29-46:
Warning: the tag "pkg_text.bigarray" is not used in any flag declaration, so it will have no effect; it may be a typo. Otherwise use `mark_tag_used` in your myocamlbuild.ml to disable this warning.
File "_tags", line 267, characters 20-29:
Warning: the tag "pkg_react" is not used in any flag declaration, so it will have no effect; it may be a typo. Otherwise use `mark_tag_used` in your myocamlbuild.ml to disable this warning.
File "_tags", line 268, characters 20-28:
Warning: the tag "pkg_text" is not used in any flag declaration, so it will have no effect; it may be a typo. Otherwise use `mark_tag_used` in your myocamlbuild.ml to disable this warning.
File "_tags", line 270, characters 20-37:
Warning: the tag "pkg_text.bigarray" is not used in any flag declaration, so it will have no effect; it may be a typo. Otherwise use `mark_tag_used` in your myocamlbuild.ml to disable this warning.
File "_tags", line 351, characters 34-43:
Warning: the tag "pkg_react" is not used in any flag declaration, so it will have no effect; it may be a typo. Otherwise use `mark_tag_used` in your myocamlbuild.ml to disable this warning.
File "_tags", line 359, characters 24-33:
Warning: the tag "pkg_react" is not used in any flag declaration, so it will have no effect; it may be a typo. Otherwise use `mark_tag_used` in your myocamlbuild.ml to disable this warning.
ocamlfind ocamldep -package camlp4.quotations.o -package camlp4.extend -package camlp4 -syntax camlp4o -modules syntax/pa_optcomp.ml > syntax/pa_optcomp.ml.depends
+ ocamlfind ocamldep -package camlp4.quotations.o -package camlp4.extend -package camlp4 -syntax camlp4o -modules syntax/pa_optcomp.ml > syntax/pa_optcomp.ml.depends
Command exited with code 2.
E: Failure("Command ''/home/opam/.opam/4.02.0dev+module-aliases/bin/ocamlbuild' syntax/optcomp.cma syntax/optcomp.cmxa syntax/optcomp.a syntax/optcomp.cmxs src/core/lwt.cma src/core/lwt.cmxa src/core/lwt.a src/core/lwt.cmxs src/logger/lwt-log.cma src/logger/lwt-log.cmxa src/logger/lwt-log.a src/logger/lwt-log.cmxs src/unix/liblwt-unix_stubs.a src/unix/dlllwt-unix_stubs.so src/unix/lwt-unix.cma src/unix/lwt-unix.cmxa src/unix/lwt-unix.a src/unix/lwt-unix.cmxs src/simple_top/lwt-simple-top.cma src/simple_top/lwt-simple-top.cmxa src/simple_top/lwt-simple-top.a src/simple_top/lwt-simple-top.cmxs src/preemptive/lwt-preemptive.cma src/preemptive/lwt-preemptive.cmxa src/preemptive/lwt-preemptive.a src/preemptive/lwt-preemptive.cmxs src/extra/lwt-extra.cma src/extra/lwt-extra.cmxa src/extra/lwt-extra.a src/extra/lwt-extra.cmxs src/ssl/lwt-ssl.cma src/ssl/lwt-ssl.cmxa src/ssl/lwt-ssl.a src/ssl/lwt-ssl.cmxs syntax/lwt-syntax.cma syntax/lwt-syntax.cmxa syntax/lwt-syntax.a syntax/lwt-syntax.cmxs syntax/lwt-syntax-options.cma syntax/lwt-syntax-options.cmxa syntax/lwt-syntax-options.a syntax/lwt-syntax-options.cmxs syntax/lwt-syntax-log.cma syntax/lwt-syntax-log.cmxa syntax/lwt-syntax-log.a syntax/lwt-syntax-log.cmxs examples/unix/logging.native examples/unix/relay.native examples/unix/parallelize.native -tag debug' terminated with error code 10")
make: *** [build] Error 1
[ERROR] The compilation of lwt.2.4.4 failed.
Removing lwt.2.4.4.
  ocamlfind remove lwt
ocamlfind: [WARNING] No such directory: /home/opam/.opam/4.02.0dev+module-aliases/lib/lwt

=-=-= Installing uri.1.3.11 =-=-=
uri.1.3.11 Downloading https://github.com/mirage/ocaml-uri/archive/v1.3.11.tar.gz
--2013-11-20 21:09:14--  https://github.com/mirage/ocaml-uri/archive/v1.3.11.tar.gz
Resolving github.com (github.com)... 192.30.252.131
Connecting to github.com (github.com)|192.30.252.131|:443... connected.
HTTP request sent, awaiting response... 302 Found
Location: https://codeload.github.com/mirage/ocaml-uri/tar.gz/v1.3.11 [following]
--2013-11-20 21:09:14--  https://codeload.github.com/mirage/ocaml-uri/tar.gz/v1.3.11
Resolving codeload.github.com (codeload.github.com)... 192.30.252.146
Connecting to codeload.github.com (codeload.github.com)|192.30.252.146|:443... connected.
HTTP request sent, awaiting response... 200 OK
Length: 244667 (239K) [application/x-gzip]
Saving to: `ocaml-uri-1.3.11.tar.gz'

     0K .......... .......... .......... .......... .......... 20% 1.45M 0s
    50K .......... .......... .......... .......... .......... 41% 1.42M 0s
   100K .......... .......... .......... .......... .......... 62% 1.32M 0s
   150K .......... .......... .......... .......... .......... 83% 1.55M 0s
   200K .......... .......... .......... ........             100% 2.17M=0.2s

2013-11-20 21:09:15 (1.52 MB/s) - `ocaml-uri-1.3.11.tar.gz' saved [244667/244667]

Building uri.1.3.11:
  ocaml setup.ml -configure --prefix /home/opam/.opam/4.02.0dev+module-aliases
  ocaml setup.ml -build
  ocaml setup.ml -install

Configuration: 
ocamlfind: ........................................... /home/opam/.opam/4.02.0dev+module-aliases/bin/ocamlfind
ocamlc: .............................................. /home/opam/.opam/4.02.0dev+module-aliases/bin/ocamlc.opt
ocamlopt: ............................................ /home/opam/.opam/4.02.0dev+module-aliases/bin/ocamlopt.opt
ocamlbuild: .......................................... /home/opam/.opam/4.02.0dev+module-aliases/bin/ocamlbuild
Package name: ........................................ uri
Package version: ..................................... 1.3.11
os_type: ............................................. Unix
system: .............................................. linux
architecture: ........................................ amd64
ccomp_type: .......................................... cc
ocaml_version: ....................................... 4.02.0
standard_library_default: ............................ /home/opam/.opam/4.02.0dev+module-aliases/lib/ocaml
standard_library: .................................... /home/opam/.opam/4.02.0dev+module-aliases/lib/ocaml
standard_runtime: .................................... /home/opam/.opam/4.02.0dev+module-aliases/bin/ocamlrun
bytecomp_c_compiler: ................................. gcc -fno-defer-pop -Wall -D_FILE_OFFSET_BITS=64 -D_REENTRANT -fPIC
native_c_compiler: ................................... gcc -Wall -D_FILE_OFFSET_BITS=64 -D_REENTRANT
model: ............................................... default
ext_obj: ............................................. .o
ext_asm: ............................................. .s
ext_lib: ............................................. .a
ext_dll: ............................................. .so
default_executable_name: ............................. a.out
systhread_supported: ................................. true
Install architecture-independent files dir: .......... /home/opam/.opam/4.02.0dev+module-aliases
Install architecture-dependent files in dir: ......... $prefix
User executables: .................................... $exec_prefix/bin
System admin executables: ............................ $exec_prefix/sbin
Program executables: ................................. $exec_prefix/libexec
Read-only single-machine data: ....................... $prefix/etc
Modifiable architecture-independent data: ............ $prefix/com
Modifiable single-machine data: ...................... $prefix/var
Object code libraries: ............................... $exec_prefix/lib
Read-only arch-independent data root: ................ $prefix/share
Read-only architecture-independent data: ............. $datarootdir
Info documentation: .................................. $datarootdir/info
Locale-dependent data: ............................... $datarootdir/locale
Man documentation: ................................... $datarootdir/man
Documentation root: .................................. $datarootdir/doc/$pkg_name
HTML documentation: .................................. $docdir
DVI documentation: ................................... $docdir
PDF documentation: ................................... $docdir
PS documentation: .................................... $docdir
findlib_version: ..................................... 1.4
is_native: ........................................... true
suffix_program: ...................................... 
Remove a file.: ...................................... rm -f
Remove a directory.: ................................. rm -rf
Turn ocaml debug flag on: ............................ true
Turn ocaml profile flag on: .......................... false
Compiler support generation of .cmxs.: ............... true
OCamlbuild additional flags: ......................... 
build the full services library: ..................... false
Create documentations: ............................... true
Compile tests executable and library and run them: ... false
pkg_re_posix: ........................................ /home/opam/.opam/4.02.0dev+module-aliases/lib/re
pkg_re_str: .......................................... /home/opam/.opam/4.02.0dev+module-aliases/lib/re
ocamldoc: ............................................ /home/opam/.opam/4.02.0dev+module-aliases/bin/ocamldoc

ocamlfind ocamlopt unix.cmxa -I /home/opam/.opam/4.02.0dev+module-aliases/lib/ocaml/ocamlbuild /home/opam/.opam/4.02.0dev+module-aliases/lib/ocaml/ocamlbuild/ocamlbuildlib.cmxa -linkpkg myocamlbuild.ml /home/opam/.opam/4.02.0dev+module-aliases/lib/ocaml/ocamlbuild/ocamlbuild.cmx -o myocamlbuild
ocamlfind ocamldep -package re.str -package re.posix -modules lib/uri.mli > lib/uri.mli.depends
ocamlfind ocamlc -c -g -annot -I lib -package re.str -package re.posix -I lib -o lib/uri.cmi lib/uri.mli
ocamlfind ocamldep -package re.str -package re.posix -modules lib/uri.ml > lib/uri.ml.depends
ocamlfind ocamldep -package re.str -package re.posix -modules lib/uri_re.mli > lib/uri_re.mli.depends
ocamlfind ocamlc -c -g -annot -I lib -package re.str -package re.posix -I lib -o lib/uri_re.cmi lib/uri_re.mli
ocamlfind ocamldep -package re.str -package re.posix -modules lib/uri_re.ml > lib/uri_re.ml.depends
ocamlfind ocamldep -package re.str -package re.posix -modules lib/Uri_IP.mli > lib/Uri_IP.mli.depends
ocamlfind ocamlc -c -g -annot -I lib -package re.str -package re.posix -I lib -o lib/Uri_IP.cmi lib/Uri_IP.mli
ocamlfind ocamldep -package re.str -package re.posix -modules lib/Uri_IP.ml > lib/Uri_IP.ml.depends
ocamlfind ocamlc -c -g -annot -I lib -package re.str -package re.posix -I lib -o lib/uri.cmo lib/uri.ml
ocamlfind ocamlc -c -g -annot -I lib -package re.str -package re.posix -I lib -o lib/uri_re.cmo lib/uri_re.ml
ocamlfind ocamlc -c -g -annot -I lib -package re.str -package re.posix -I lib -o lib/Uri_IP.cmo lib/Uri_IP.ml
ocamlfind ocamlc -a lib/uri_re.cmo lib/uri.cmo lib/Uri_IP.cmo -o lib/uri.cma
ocamlfind ocamlopt -c -g -annot -I lib -package re.str -package re.posix -I lib -o lib/uri_re.cmx lib/uri_re.ml
ocamlfind ocamlopt -c -g -annot -I lib -package re.str -package re.posix -I lib -o lib/uri.cmx lib/uri.ml
ocamlfind ocamlopt -c -g -annot -I lib -package re.str -package re.posix -I lib -o lib/Uri_IP.cmx lib/Uri_IP.ml
ocamlfind ocamlopt -a lib/uri_re.cmx lib/uri.cmx lib/Uri_IP.cmx -o lib/uri.cmxa
ocamlfind ocamlopt -shared lib/uri.cmx -o lib/uri.cmxs
ocamlfind ocamldep -package re.str -package re.posix -modules lib/Uri_services.mli > lib/Uri_services.mli.depends
ocamlfind ocamlc -c -g -annot -I lib -package re.str -package re.posix -I lib -o lib/Uri_services.cmi lib/Uri_services.mli
ocamlfind ocamldep -package re.str -package re.posix -modules lib/Uri_services.ml > lib/Uri_services.ml.depends
ocamlfind ocamlc -c -g -annot -I lib -package re.str -package re.posix -I lib -o lib/Uri_services.cmo lib/Uri_services.ml
ocamlfind ocamlc -a lib/Uri_services.cmo -o lib/services.cma
ocamlfind ocamlopt -c -g -annot -I lib -package re.str -package re.posix -I lib -o lib/Uri_services.cmx lib/Uri_services.ml
ocamlfind ocamlopt -a lib/Uri_services.cmx -o lib/services.cmxa
ocamlfind ocamlopt -shared -linkall lib/services.cmxa -o lib/services.cmxs
ocamlfind ocamldep -modules top/uri_top.ml > top/uri_top.ml.depends
ocamlfind ocamlc -c -g -annot -I +compiler-libs -I top -o top/uri_top.cmo top/uri_top.ml
+ ocamlfind ocamlc -c -g -annot -I +compiler-libs -I top -o top/uri_top.cmo top/uri_top.ml
findlib: [WARNING] Interface topdirs.cmi occurs in several directories: /home/opam/.opam/4.02.0dev+module-aliases/lib/ocaml, /home/opam/.opam/4.02.0dev+module-aliases/lib/ocaml/compiler-libs
ocamlfind ocamlc -a top/uri_top.cmo -o top/uri_top.cma
ocamlfind ocamlopt -c -g -annot -I +compiler-libs -I top -o top/uri_top.cmx top/uri_top.ml
+ ocamlfind ocamlopt -c -g -annot -I +compiler-libs -I top -o top/uri_top.cmx top/uri_top.ml
findlib: [WARNING] Interface topdirs.cmi occurs in several directories: /home/opam/.opam/4.02.0dev+module-aliases/lib/ocaml, /home/opam/.opam/4.02.0dev+module-aliases/lib/ocaml/compiler-libs
ocamlfind ocamlopt -a top/uri_top.cmx -o top/uri_top.cmxa
ocamlfind ocamlopt -shared top/uri_top.cmx -o top/uri_top.cmxs
Installed /home/opam/.opam/4.02.0dev+module-aliases/lib/uri/uri.mli
Installed /home/opam/.opam/4.02.0dev+module-aliases/lib/uri/uri_re.mli
Installed /home/opam/.opam/4.02.0dev+module-aliases/lib/uri/Uri_IP.mli
Installed /home/opam/.opam/4.02.0dev+module-aliases/lib/uri/uri.cma
Installed /home/opam/.opam/4.02.0dev+module-aliases/lib/uri/uri.cmxa
Installed /home/opam/.opam/4.02.0dev+module-aliases/lib/uri/uri.a
Installed /home/opam/.opam/4.02.0dev+module-aliases/lib/uri/uri.cmxs
Installed /home/opam/.opam/4.02.0dev+module-aliases/lib/uri/uri.cmi
Installed /home/opam/.opam/4.02.0dev+module-aliases/lib/uri/uri_re.cmi
Installed /home/opam/.opam/4.02.0dev+module-aliases/lib/uri/Uri_IP.cmi
Installed /home/opam/.opam/4.02.0dev+module-aliases/lib/uri/uri.cmx
Installed /home/opam/.opam/4.02.0dev+module-aliases/lib/uri/uri_re.cmx
Installed /home/opam/.opam/4.02.0dev+module-aliases/lib/uri/Uri_IP.cmx
Installed /home/opam/.opam/4.02.0dev+module-aliases/lib/uri/uri_top.ml
Installed /home/opam/.opam/4.02.0dev+module-aliases/lib/uri/uri_top.cma
Installed /home/opam/.opam/4.02.0dev+module-aliases/lib/uri/uri_top.cmxa
Installed /home/opam/.opam/4.02.0dev+module-aliases/lib/uri/uri_top.a
Installed /home/opam/.opam/4.02.0dev+module-aliases/lib/uri/uri_top.cmxs
Installed /home/opam/.opam/4.02.0dev+module-aliases/lib/uri/uri_top.cmi
Installed /home/opam/.opam/4.02.0dev+module-aliases/lib/uri/uri_top.cmx
Installed /home/opam/.opam/4.02.0dev+module-aliases/lib/uri/Uri_services.mli
Installed /home/opam/.opam/4.02.0dev+module-aliases/lib/uri/services.cma
Installed /home/opam/.opam/4.02.0dev+module-aliases/lib/uri/services.cmxa
Installed /home/opam/.opam/4.02.0dev+module-aliases/lib/uri/services.a
Installed /home/opam/.opam/4.02.0dev+module-aliases/lib/uri/services.cmxs
Installed /home/opam/.opam/4.02.0dev+module-aliases/lib/uri/Uri_services.cmi
Installed /home/opam/.opam/4.02.0dev+module-aliases/lib/uri/Uri_services.cmx
Installed /home/opam/.opam/4.02.0dev+module-aliases/lib/uri/META
Installing uri.1.3.11.

[ERROR] Due to some errors while processing { lwt.2.4.4, optcomp.1.4 }, the following actions will NOT proceed:
 - install cohttp.0.9.11
 - install ocplib-endian.0.4
 - install websocket.0.6
 - install cstruct.0.8.1

===== ERROR while installing lwt.2.4.4 =====
# opam-version         1.1.0
# os                   linux
# command              make build
# path                 /home/opam/.opam/4.02.0dev+module-aliases/build/lwt.2.4.4
# compiler             4.02.0dev+module-aliases
# exit-code            2
# env-file             /home/opam/.opam/4.02.0dev+module-aliases/build/lwt.2.4.4/lwt-2464-0a5907.env
# stdout-file          /home/opam/.opam/4.02.0dev+module-aliases/build/lwt.2.4.4/lwt-2464-0a5907.out
# stderr-file          /home/opam/.opam/4.02.0dev+module-aliases/build/lwt.2.4.4/lwt-2464-0a5907.err
### stdout ###
# ...[truncated]
# Warning: the tag "pkg_text" is not used in any flag declaration, so it will have no effect; it may be a typo. Otherwise use `mark_tag_used` in your myocamlbuild.ml to disable this warning.
# File "_tags", line 270, characters 20-37:
# Warning: the tag "pkg_text.bigarray" is not used in any flag declaration, so it will have no effect; it may be a typo. Otherwise use `mark_tag_used` in your myocamlbuild.ml to disable this warning.
# File "_tags", line 351, characters 34-43:
# Warning: the tag "pkg_react" is not used in any flag declaration, so it will have no effect; it may be a typo. Otherwise use `mark_tag_used` in your myocamlbuild.ml to disable this warning.
# File "_tags", line 359, characters 24-33:
# Warning: the tag "pkg_react" is not used in any flag declaration, so it will have no effect; it may be a typo. Otherwise use `mark_tag_used` in your myocamlbuild.ml to disable this warning.
# ocamlfind ocamldep -package camlp4.quotations.o -package camlp4.extend -package camlp4 -syntax camlp4o -modules syntax/pa_optcomp.ml > syntax/pa_optcomp.ml.depends
# + ocamlfind ocamldep -package camlp4.quotations.o -package camlp4.extend -package camlp4 -syntax camlp4o -modules syntax/pa_optcomp.ml > syntax/pa_optcomp.ml.depends
# Command exited with code 2.
### stderr ###
# ocamlfind: Package `wikidoc' not found
# E: Failure("Command ''/home/opam/.opam/4.02.0dev+module-aliases/bin/ocamlbuild' syntax/optcomp.cma syntax/optcomp.cmxa syntax/optcomp.a syntax/optcomp.cmxs src/core/lwt.cma src/core/lwt.cmxa src/core/lwt.a src/core/lwt.cmxs src/logger/lwt-log.cma src/logger/lwt-log.cmxa src/logger/lwt-log.a src/logger/lwt-log.cmxs src/unix/liblwt-unix_stubs.a src/unix/dlllwt-unix_stubs.so src/unix/lwt-unix.cma src...[truncated]
# make: *** [build] Error 1


===== ERROR while installing optcomp.1.4 =====
# opam-version         1.1.0
# os                   linux
# command              make
# path                 /home/opam/.opam/4.02.0dev+module-aliases/build/optcomp.1.4
# compiler             4.02.0dev+module-aliases
# exit-code            2
# env-file             /home/opam/.opam/4.02.0dev+module-aliases/build/optcomp.1.4/optcomp-406-ad8886.env
# stdout-file          /home/opam/.opam/4.02.0dev+module-aliases/build/optcomp.1.4/optcomp-406-ad8886.out
# stderr-file          /home/opam/.opam/4.02.0dev+module-aliases/build/optcomp.1.4/optcomp-406-ad8886.err
### stdout ###
# ...[truncated]
# ocamldoc: ............................................ /home/opam/.opam/4.02.0dev+module-aliases/bin/ocamldoc
# 
# ocaml setup.ml -build 
# ocamlfind ocamlopt unix.cmxa -I /home/opam/.opam/4.02.0dev+module-aliases/lib/ocaml/ocamlbuild /home/opam/.opam/4.02.0dev+module-aliases/lib/ocaml/ocamlbuild/ocamlbuildlib.cmxa -linkpkg myocamlbuild.ml /home/opam/.opam/4.02.0dev+module-aliases/lib/ocaml/ocamlbuild/ocamlbuild.cmx -o myocamlbuild
# ocamlfind ocamldep -package camlp4 -package camlp4.lib -package camlp4.quotations.o -modules src/pa_optcomp.mli > src/pa_optcomp.mli.depends
# ocamlfind ocamlc -c -g -I src -package camlp4 -package camlp4.lib -package camlp4.quotations.o -I src -o src/pa_optcomp.cmi src/pa_optcomp.mli
# + ocamlfind ocamlc -c -g -I src -package camlp4 -package camlp4.lib -package camlp4.quotations.o -I src -o src/pa_optcomp.cmi src/pa_optcomp.mli
# File "src/pa_optcomp.mli", line 12, characters 0-19:
# Error: Unbound module Camlp4
# Command exited with code 2.
### stderr ###
# E: Failure("Command ''/home/opam/.opam/4.02.0dev+module-aliases/bin/ocamlbuild' src/optcomp.cma src/optcomp.cmxa src/optcomp.a src/optcomp.cmxs src/optcomp_o.native src/optcomp_r.native -tag debug' terminated with error code 10")
# make: *** [build] Error 1

The former state can be restored with opam switch import -f "/home/opam/.opam/4.02.0dev+module-aliases/backup/state-20131020210819.export"
'opam install websocket' failed.
