++ opam install ocaml-buddy -e ubuntu
+ depext=
+ echo Ubuntu depexts:
Ubuntu depexts:
+ '[' '' '!=' '' ']'
++ opam install -e source,linux
+ srcext=
+ echo Ubuntu srcexts:
+ '[' '' '!=' '' ']'
+ opam install ocaml-buddy
Ubuntu srcexts:
The following actions will be performed:
 - install ocaml-buddy.0.6.1
1 to install | 0 to reinstall | 0 to upgrade | 0 to downgrade | 0 to remove

=-=-= Installing ocaml-buddy.0.6.1 =-=-=
default    Downloading https://opam.ocaml.org/archives/ocaml-buddy.0.6.1+opam.tar.gz
Downloading https://opam.ocaml.org/archives/ocaml-buddy.0.6.1+opam.tar.gz
--2014-05-13 02:26:10--  https://opam.ocaml.org/archives/ocaml-buddy.0.6.1+opam.tar.gz
Resolving opam.ocaml.org (opam.ocaml.org)... 192.237.250.17, 2001:4801:7823:76:bb74:1f8e:ff10:627
Connecting to opam.ocaml.org (opam.ocaml.org)|192.237.250.17|:443... connected.
HTTP request sent, awaiting response... 200 OK
Length: 15504 (15K) [application/octet-stream]
Saving to: 'ocaml-buddy.0.6.1+opam.tar.gz'

     0K .......... .....                                      100%  191M=0s

2014-05-13 02:26:11 (191 MB/s) - 'ocaml-buddy.0.6.1+opam.tar.gz' saved [15504/15504]

Building ocaml-buddy.0.6.1:
  make all
  make opt
  make install
ocamlbuild -classic-display -use-ocamlfind buddy.cma
ocamlfind ocamlopt unix.cmxa -I /usr/lib/ocaml/ocamlbuild /usr/lib/ocaml/ocamlbuild/ocamlbuildlib.cmxa -linkpkg myocamlbuild.ml /usr/lib/ocaml/ocamlbuild/ocamlbuild.cmx -o myocamlbuild
ocamlfind ocamlc -cc gcc -ccopt -fPIC -c libbuddy_stubs.c
+ ocamlfind ocamlc -cc gcc -ccopt -fPIC -c libbuddy_stubs.c
libbuddy_stubs.c:22:17: fatal error: bdd.h: No such file or directory
 #include <bdd.h>
                 ^
compilation terminated.
Command exited with code 2.
make: *** [_build/buddy.cma] Error 10
[ERROR] The compilation of ocaml-buddy.0.6.1 failed.
Removing ocaml-buddy.0.6.1.
  make uninstall
ocamlfind remove buddy
ocamlfind: [WARNING] No such directory: /home/opam/.opam/system/lib/buddy


===== ERROR while installing ocaml-buddy.0.6.1 =====
# opam-version         1.1.1
# os                   linux
# command              make all
# path                 /home/opam/.opam/system/build/ocaml-buddy.0.6.1
# compiler             system (4.01.0)
# exit-code            2
# env-file             /home/opam/.opam/system/build/ocaml-buddy.0.6.1/ocaml-buddy-31-a71bb4.env
# stdout-file          /home/opam/.opam/system/build/ocaml-buddy.0.6.1/ocaml-buddy-31-a71bb4.out
# stderr-file          /home/opam/.opam/system/build/ocaml-buddy.0.6.1/ocaml-buddy-31-a71bb4.err
### stdout ###
# ocamlbuild -classic-display -use-ocamlfind buddy.cma
# ocamlfind ocamlopt unix.cmxa -I /usr/lib/ocaml/ocamlbuild /usr/lib/ocaml/ocamlbuild/ocamlbuildlib.cmxa -linkpkg myocamlbuild.ml /usr/lib/ocaml/ocamlbuild/ocamlbuild.cmx -o myocamlbuild
# ocamlfind ocamlc -cc gcc -ccopt -fPIC -c libbuddy_stubs.c
# + ocamlfind ocamlc -cc gcc -ccopt -fPIC -c libbuddy_stubs.c
# libbuddy_stubs.c:22:17: fatal error: bdd.h: No such file or directory
#  #include <bdd.h>
#                  ^
# compilation terminated.
# Command exited with code 2.
### stderr ###
# make: *** [_build/buddy.cma] Error 10

'opam install ocaml-buddy' failed.
