++ opam install async_extended -e centos,centos-7
+ depext=
CentOS 7 depexts:
+ echo CentOS 7 depexts:
+ '[' '' '!=' '' ']'
+ opam install async_extended
The following actions will be performed:
 - install   herelib.109.35.02                     [required by async_unix, async_kernel]
 - install   type_conv.111.13.00                   [required by bin_prot]
 - install   pipebang.110.01.00                    [required by core_extended]
 - install   ounit.2.0.0                           [required by pa_ounit]
 - install   camlzip.1.05                          [required by async_extended]
 - install   variantslib.109.15.03                 [required by core]
 - install   sexplib.111.25.00                     [required by async_extended]
 - install   fieldslib.109.20.03                   [required by core_extended]
 - install   enumerate.111.08.00                   [required by core]
 - install   comparelib.109.60.00                  [required by core_extended]
 - install   bin_prot.111.03.00                    [required by async_extended]
 - install   pa_ounit.111.28.00                    [required by core_extended]
 - install   pa_test.111.08.00                     [required by core_extended]
 - install   typerep.111.17.00                     [required by core_kernel]
 - install   pa_bench.111.28.00                    [required by core]
 - install   custom_printf.111.25.00               [required by core_extended]
 - install   core_kernel.111.28.00                 [required by core]
 - install   core.111.28.01                        [required by async_extended]
 - install   textutils.111.28.00                   [required by async_extended]
 - install   re2.111.08.00                         [required by core_extended]
 - install   async_kernel.111.28.00                [required by async]
 - install   core_extended.111.28.00               [required by async_extended]
 - install   async_unix.111.28.00                  [required by async]
 - install   async_extra.111.28.00                 [required by async]
 - install   async.111.25.00                       [required by async_extended]
 - install   async_extended.111.28.00
=== 26 to install ===

=-=- Synchronizing package archives -=-=-=-=-=-=-=-=-=-=-=-=-=-=-=-=-=-=-=-=-=-=
[async.111.25.00] Downloading https://ocaml.janestreet.com/ocaml-core/111.25.00/individual/async-111.25.00.tar.gz
[async_extended.111.28.00] Downloading https://ocaml.janestreet.com/ocaml-core/111.28.00/individual/async_extended-111.28.00.tar.gz
[async_extra.111.28.00] Downloading https://ocaml.janestreet.com/ocaml-core/111.28.00/individual/async_extra-111.28.00.tar.gz
[async_kernel.111.28.00] Downloading https://ocaml.janestreet.com/ocaml-core/111.28.00/individual/async_kernel-111.28.00.tar.gz
[async_unix.111.28.00] Downloading https://ocaml.janestreet.com/ocaml-core/111.28.00/individual/async_unix-111.28.00.tar.gz
[bin_prot.111.03.00] Downloading https://ocaml.janestreet.com/ocaml-core/111.03.00/individual/bin_prot-111.03.00.tar.gz
[camlzip.1.05] Downloading http://forge.ocamlcore.org/frs/download.php/1037/camlzip-1.05.tar.gz
[comparelib.109.60.00] Downloading https://ocaml.janestreet.com/ocaml-core/109.60.00/individual/comparelib-109.60.00.tar.gz
[core.111.28.01] Downloading https://ocaml.janestreet.com/ocaml-core/111.28.00/individual/core-111.28.01.tar.gz
[core_extended.111.28.00] Downloading https://ocaml.janestreet.com/ocaml-core/111.28.00/individual/core_extended-111.28.00.tar.gz
[core_kernel.111.28.00] Downloading https://ocaml.janestreet.com/ocaml-core/111.28.00/individual/core_kernel-111.28.00.tar.gz
[custom_printf.111.25.00] Downloading https://ocaml.janestreet.com/ocaml-core/111.25.00/individual/custom_printf-111.25.00.tar.gz
[enumerate.111.08.00] Downloading https://ocaml.janestreet.com/ocaml-core/111.08.00/individual/enumerate-111.08.00.tar.gz
[fieldslib.109.20.03] Downloading https://ocaml.janestreet.com/ocaml-core/109.20.00/individual/fieldslib-109.20.03.tar.gz
[herelib.109.35.02] Downloading https://ocaml.janestreet.com/ocaml-core/109.35.00/individual/herelib-109.35.02.tar.gz
[ounit.2.0.0] Downloading http://forge.ocamlcore.org/frs/download.php/1258/ounit-2.0.0.tar.gz
[pa_bench.111.28.00] Downloading https://ocaml.janestreet.com/ocaml-core/111.28.00/individual/pa_bench-111.28.00.tar.gz
[pa_ounit.111.28.00] Downloading https://ocaml.janestreet.com/ocaml-core/111.28.00/individual/pa_ounit-111.28.00.tar.gz
[pa_test.111.08.00] Downloading https://ocaml.janestreet.com/ocaml-core/111.08.00/individual/pa_test-111.08.00.tar.gz
[pipebang.110.01.00] Downloading https://ocaml.janestreet.com/ocaml-core/110.01.00/individual/pipebang-110.01.00.tar.gz
[re2.111.08.00] Downloading https://ocaml.janestreet.com/ocaml-core/111.08.00/individual/re2-111.08.00.tar.gz
[sexplib.111.25.00] Downloading https://ocaml.janestreet.com/ocaml-core/111.25.00/individual/sexplib-111.25.00.tar.gz
[textutils.111.28.00] Downloading https://ocaml.janestreet.com/ocaml-core/111.28.00/individual/textutils-111.28.00.tar.gz
[type_conv.111.13.00] Downloading https://ocaml.janestreet.com/ocaml-core/111.13.00/individual/type_conv-111.13.00.tar.gz
[typerep.111.17.00] Downloading https://ocaml.janestreet.com/ocaml-core/111.17.00/individual/typerep-111.17.00.tar.gz
[variantslib.109.15.03] Downloading https://ocaml.janestreet.com/ocaml-core/109.15.00/individual/variantslib-109.15.03.tar.gz

=-=- Installing packages =-=-=-=-=-=-=-=-=-=-=-=-=-=-=-=-=-=-=-=-=-=-=-=-=-=-=-=
Copying ~/.opam/repo/default/packages/camlzip/camlzip.1.05/files/fix-install.patch to ~/.opam/4.01.0/build/camlzip.1.05/
Applying fix-install.patch.
Building camlzip.1.05:
  make all
  make allopt
  make install-findlib
[ERROR] The compilation of camlzip.1.05 failed.
Removing camlzip.1.05.
  ocamlfind remove zip
  ocamlfind remove camlzip
Building herelib.109.35.02:
  make
  make install
Installing herelib.109.35.02.
Building ounit.2.0.0:
  make build
  make install
Installing ounit.2.0.0.
Building pipebang.110.01.00:
  make
  make install
Installing pipebang.110.01.00.
Building type_conv.111.13.00:
  make
  make install
Installing type_conv.111.13.00.
Building bin_prot.111.03.00:
  make
  make install
Installing bin_prot.111.03.00.
Building comparelib.109.60.00:
  make
  make install
Installing comparelib.109.60.00.
Building enumerate.111.08.00:
  ocaml setup.ml -configure --prefix /home/opam/.opam/4.01.0
  make
  make install
Installing enumerate.111.08.00.
Building fieldslib.109.20.03:
  make
  make install
Installing fieldslib.109.20.03.
Building pa_ounit.111.28.00:
  make
  make install
Installing pa_ounit.111.28.00.
Building sexplib.111.25.00:
  ./configure --enable-syntax
  make
  make install
Installing sexplib.111.25.00.
Building variantslib.109.15.03:
  make
  make install
Installing variantslib.109.15.03.
Building custom_printf.111.25.00:
  make
  make install
Installing custom_printf.111.25.00.
Building pa_bench.111.28.00:
  make
  make install
Installing pa_bench.111.28.00.
Building pa_test.111.08.00:
  make
  make install
Installing pa_test.111.08.00.
Building typerep.111.17.00:
  ocaml setup.ml -configure --prefix /home/opam/.opam/4.01.0
  make
  make install
Installing typerep.111.17.00.
Building core_kernel.111.28.00:
  make
  make install
Installing core_kernel.111.28.00.
Copying ~/.opam/repo/default/packages/core/core.111.28.01/files/core.install to ~/.opam/4.01.0/build/core.111.28.01/
Building core.111.28.01:
  ocaml setup.ml -configure --prefix /home/opam/.opam/4.01.0
  make
  make install
Installing core.111.28.01.
Building async_kernel.111.28.00:
  make
  make install
Installing async_kernel.111.28.00.
Building re2.111.08.00:
  make
  make install
Installing re2.111.08.00.
Building textutils.111.28.00:
  make
  make install
Installing textutils.111.28.00.
Building async_unix.111.28.00:
  make
  make install
Installing async_unix.111.28.00.
Building core_extended.111.28.00:
  make
  make install
Installing core_extended.111.28.00.
Building async_extra.111.28.00:
  make
  make install
Installing async_extra.111.28.00.
Building async.111.25.00:
  make
  make install
Installing async.111.25.00.


=-=- Error report -=-=-=-=-=-=-=-=-=-=-=-=-=-=-=-=-=-=-=-=-=-=-=-=-=-=-=-=-=-=-=
These actions have been completed successfully
 - install   core_kernel.111.28.00
 - install   sexplib.111.25.00
 - install   async.111.25.00
 - install   pa_test.111.08.00
 - install   enumerate.111.08.00
 - install   custom_printf.111.25.00
 - install   ounit.2.0.0
 - install   async_kernel.111.28.00
 - install   comparelib.109.60.00
 - install   pa_ounit.111.28.00
 - install   core_extended.111.28.00
 - install   core.111.28.01
 - install   re2.111.08.00
 - install   variantslib.109.15.03
 - install   pipebang.110.01.00
 - install   typerep.111.17.00
 - install   async_unix.111.28.00
 - install   type_conv.111.13.00
 - install   herelib.109.35.02
 - install   async_extra.111.28.00
 - install   pa_bench.111.28.00
 - install   fieldslib.109.20.03
 - install   textutils.111.28.00
 - install   bin_prot.111.03.00
The following failed
 - install   camlzip.1.05
Due to the errors, the following have been cancelled
 - install   async_extended.111.28.00

#=== ERROR while installing camlzip.1.05 ======================================#
# opam-version         1.2.0
# os                   linux
# command              make all
# path                 /home/opam/.opam/4.01.0/build/camlzip.1.05
# compiler             4.01.0
# exit-code            2
# env-file             /home/opam/.opam/4.01.0/build/camlzip.1.05/camlzip-275-03b1a4.env
# stdout-file          /home/opam/.opam/4.01.0/build/camlzip.1.05/camlzip-275-03b1a4.out
# stderr-file          /home/opam/.opam/4.01.0/build/camlzip.1.05/camlzip-275-03b1a4.err
### stdout ###
# ocamlc -g -c -ccopt -g -ccopt -I/usr/local/include zlibstubs.c
### stderr ###
# zlibstubs.c:18:18: fatal error: zlib.h: No such file or directory
#  #include <zlib.h>
#                   ^
# compilation terminated.
# make: *** [zlibstubs.o] Error 2


The former state can be restored with opam switch import "/home/opam/.opam/4.01.0/backup/state-20141107120303.export"
