++ opam install facebook-sdk -e centos,centos-7
+ depext=openssl-devel
+ echo CentOS 7 depexts: openssl-devel
+ '[' openssl-devel '!=' '' ']'
+ sudo yum install -y openssl-devel
CentOS 7 depexts: openssl-devel
Loaded plugins: fastestmirror
Loading mirror speeds from cached hostfile
 * base: mirrors.clouvider.net
 * extras: anorien.csc.warwick.ac.uk
 * updates: mirrors.clouvider.net
Resolving Dependencies
--> Running transaction check
---> Package openssl-devel.x86_64 1:1.0.1e-34.el7_0.6 will be installed
--> Processing Dependency: zlib-devel(x86-64) for package: 1:openssl-devel-1.0.1e-34.el7_0.6.x86_64
--> Processing Dependency: krb5-devel(x86-64) for package: 1:openssl-devel-1.0.1e-34.el7_0.6.x86_64
--> Running transaction check
---> Package krb5-devel.x86_64 0:1.11.3-49.el7 will be installed
--> Processing Dependency: libverto-devel for package: krb5-devel-1.11.3-49.el7.x86_64
--> Processing Dependency: libselinux-devel for package: krb5-devel-1.11.3-49.el7.x86_64
--> Processing Dependency: libcom_err-devel for package: krb5-devel-1.11.3-49.el7.x86_64
--> Processing Dependency: keyutils-libs-devel for package: krb5-devel-1.11.3-49.el7.x86_64
---> Package zlib-devel.x86_64 0:1.2.7-13.el7 will be installed
--> Running transaction check
---> Package keyutils-libs-devel.x86_64 0:1.5.8-3.el7 will be installed
---> Package libcom_err-devel.x86_64 0:1.42.9-4.el7 will be installed
---> Package libselinux-devel.x86_64 0:2.2.2-6.el7 will be installed
--> Processing Dependency: libsepol-devel >= 2.1.9-1 for package: libselinux-devel-2.2.2-6.el7.x86_64
--> Processing Dependency: pkgconfig(libsepol) for package: libselinux-devel-2.2.2-6.el7.x86_64
--> Processing Dependency: pkgconfig(libpcre) for package: libselinux-devel-2.2.2-6.el7.x86_64
---> Package libverto-devel.x86_64 0:0.2.5-4.el7 will be installed
--> Running transaction check
---> Package libsepol-devel.x86_64 0:2.1.9-3.el7 will be installed
---> Package pcre-devel.x86_64 0:8.32-12.el7 will be installed
--> Finished Dependency Resolution

Dependencies Resolved

================================================================================
 Package                 Arch       Version                   Repository   Size
================================================================================
Installing:
 openssl-devel           x86_64     1:1.0.1e-34.el7_0.6       updates     1.2 M
Installing for dependencies:
 keyutils-libs-devel     x86_64     1.5.8-3.el7               base         37 k
 krb5-devel              x86_64     1.11.3-49.el7             base        611 k
 libcom_err-devel        x86_64     1.42.9-4.el7              base         30 k
 libselinux-devel        x86_64     2.2.2-6.el7               base        174 k
 libsepol-devel          x86_64     2.1.9-3.el7               base         71 k
 libverto-devel          x86_64     0.2.5-4.el7               base         12 k
 pcre-devel              x86_64     8.32-12.el7               base        477 k
 zlib-devel              x86_64     1.2.7-13.el7              base         49 k

Transaction Summary
================================================================================
Install  1 Package (+8 Dependent packages)

Total download size: 2.6 M
Installed size: 5.7 M
Downloading packages:
--------------------------------------------------------------------------------
Total                                              892 kB/s | 2.6 MB  00:02     
Running transaction check
Running transaction test
Transaction test succeeded
Running transaction
  Installing : keyutils-libs-devel-1.5.8-3.el7.x86_64                       1/9 
  Installing : pcre-devel-8.32-12.el7.x86_64                                2/9 
  Installing : zlib-devel-1.2.7-13.el7.x86_64                               3/9 
  Installing : libsepol-devel-2.1.9-3.el7.x86_64                            4/9 
  Installing : libselinux-devel-2.2.2-6.el7.x86_64                          5/9 
  Installing : libverto-devel-0.2.5-4.el7.x86_64                            6/9 
  Installing : libcom_err-devel-1.42.9-4.el7.x86_64                         7/9 
  Installing : krb5-devel-1.11.3-49.el7.x86_64                              8/9 
  Installing : 1:openssl-devel-1.0.1e-34.el7_0.6.x86_64                     9/9 
  Verifying  : libcom_err-devel-1.42.9-4.el7.x86_64                         1/9 
  Verifying  : libselinux-devel-2.2.2-6.el7.x86_64                          2/9 
  Verifying  : libverto-devel-0.2.5-4.el7.x86_64                            3/9 
  Verifying  : 1:openssl-devel-1.0.1e-34.el7_0.6.x86_64                     4/9 
  Verifying  : libsepol-devel-2.1.9-3.el7.x86_64                            5/9 
  Verifying  : krb5-devel-1.11.3-49.el7.x86_64                              6/9 
  Verifying  : zlib-devel-1.2.7-13.el7.x86_64                               7/9 
  Verifying  : pcre-devel-8.32-12.el7.x86_64                                8/9 
  Verifying  : keyutils-libs-devel-1.5.8-3.el7.x86_64                       9/9 

Installed:
  openssl-devel.x86_64 1:1.0.1e-34.el7_0.6                                      

Dependency Installed:
  keyutils-libs-devel.x86_64 0:1.5.8-3.el7                                      
  krb5-devel.x86_64 0:1.11.3-49.el7                                             
  libcom_err-devel.x86_64 0:1.42.9-4.el7                                        
  libselinux-devel.x86_64 0:2.2.2-6.el7                                         
  libsepol-devel.x86_64 0:2.1.9-3.el7                                           
  libverto-devel.x86_64 0:0.2.5-4.el7                                           
  pcre-devel.x86_64 0:8.32-12.el7                                               
  zlib-devel.x86_64 0:1.2.7-13.el7                                              

Complete!
+ opam install facebook-sdk
The following actions will be performed:
 - install   omake.0.9.8.6-0.rc1                   [required by tiny_json_conv, meta_conv, tiny_json]
 - install   re.1.2.2                              [required by cohttp]
 - install   ocamlify.0.0.1                        [required by oasis]
 - install   res.4.0.6                             [required by core]
 - install   ounit.2.0.0                           [required by cohttp]
 - install   csv.1.3.4                             [required by facebook-sdk]
 - install   calendar.2.03.2                       [required by facebook-sdk]
 - install   ssl.0.4.7                             [required by facebook-sdk]
 - install   herelib.109.35.00                     [required by core]
 - install   type_conv.109.53.00                   [required by meta_conv]
 - install   pipebang.109.28.00                    [required by core]
 - install   ocamlmod.0.0.7                        [required by oasis]
 - install   tiny_json.1.1.2                       [required by facebook-sdk]
 - install   lwt.2.4.5                             [required by facebook-sdk]
 - install   variantslib.109.15.00                 [required by core]
 - install   sexplib.109.53.00                     [required by core, cohttp]
 - install   pa_ounit.109.53.00                    [required by core]
 - install   ocaml-data-notation.0.0.11            [required by oasis]
 - install   meta_conv.1.1.4                       [required by facebook-sdk]
 - install   fieldslib.109.20.00                   [required by core, cohttp]
 - install   comparelib.109.27.00                  [required by core]
 - install   bin_prot.109.53.00                    [required by core]
 - install   uri.1.4.0                             [required by facebook-sdk]
 - install   custom_printf.109.27.00               [required by core]
 - install   oasis.0.4.5                           [required by facebook-sdk]
 - install   tiny_json_conv.1.4.1                  [required by facebook-sdk]
 - install   core_kernel.109.53.00                 [required by core]
 - install   cohttp.0.10.0                         [required by facebook-sdk]
 - install   pa_test.109.53.00                     [required by core]
 - install   core.109.53.01                        [required by facebook-sdk]
 - install   facebook-sdk.0.3.5
=== 31 to install ===

=-=- Synchronizing package archives -=-=-=-=-=-=-=-=-=-=-=-=-=-=-=-=-=-=-=-=-=-=
[bin_prot.109.53.00] Downloading https://ocaml.janestreet.com/ocaml-core/109.53.00/individual/bin_prot-109.53.00.tar.gz
[calendar.2.03.2] Downloading http://forge.ocamlcore.org/frs/download.php/915/calendar-2.03.2.tar.gz
[cohttp.0.10.0] Downloading https://github.com/mirage/ocaml-cohttp/archive/v0.10.0.tar.gz
[comparelib.109.27.00] Downloading https://ocaml.janestreet.com/ocaml-core/109.27.00/individual/comparelib-109.27.00.tar.gz
[core.109.53.01] Downloading https://github.com/janestreet/core/archive/109.53.01.tar.gz
[core_kernel.109.53.00] Downloading https://ocaml.janestreet.com/ocaml-core/109.53.00/individual/core_kernel-109.53.00.tar.gz
[csv.1.3.4] Downloading https://github.com/Chris00/ocaml-csv/releases/download/1.3.3/csv-1.3.4.tar.gz
[custom_printf.109.27.00] Downloading https://ocaml.janestreet.com/ocaml-core/109.27.00/individual/custom_printf-109.27.00.tar.gz
[facebook-sdk.0.3.5] Downloading https://github.com/dominicjprice/facebook-sdk/archive/v0.3.5.tar.gz
[fieldslib.109.20.00] Downloading https://ocaml.janestreet.com/ocaml-core/109.20.00/individual/fieldslib-109.20.00.tar.gz
[herelib.109.35.00] Downloading https://ocaml.janestreet.com/ocaml-core/109.35.00/individual/herelib-109.35.00.tar.gz
[lwt.2.4.5] Downloading https://github.com/ocsigen/lwt/archive/2.4.5.tar.gz
[ERROR] Wrong checksum for /home/opam/.opam/packages.dev/facebook-sdk.0.3.5/v0.3.5.tar.gz:
  - c49517462152b54a949422c6d760d38b [expected result]
  - fbcf85e3c64b681c170474cbcedac055 [actual result]
This is surely due to outdated package descriptions and should be fixed by running `opam update`.
In case an update does not fix that problem, you can use the `--no-checksums` command-line option
to /bypass checking for invalid checksums.
[ERROR] https://github.com/dominicjprice/facebook-sdk/archive/v0.3.5.tar.gz is not available
[meta_conv.1.1.4] Downloading https://bitbucket.org/camlspotter/meta_conv/get/1.1.4.tar.gz
[oasis.0.4.5] Downloading https://forge.ocamlcore.org/frs/download.php/1475/oasis-0.4.5.tar.gz
[ocaml-data-notation.0.0.11] Downloading https://forge.ocamlcore.org/frs/download.php/1310/ocaml-data-notation-0.0.11.tar.gz
[ocamlify.0.0.1] Downloading http://forge.ocamlcore.org/frs/download.php/379/ocamlify-0.0.1.tar.gz
[ocamlmod.0.0.7] Downloading https://forge.ocamlcore.org/frs/download.php/1350/ocamlmod-0.0.7.tar.gz
[omake.0.9.8.6-0.rc1] Downloading http://omake.metaprl.org/downloads/omake-0.9.8.6-0.rc1.tar.gz
[ounit.2.0.0] Downloading http://forge.ocamlcore.org/frs/download.php/1258/ounit-2.0.0.tar.gz
[pa_ounit.109.53.00] Downloading https://ocaml.janestreet.com/ocaml-core/109.53.00/individual/pa_ounit-109.53.00.tar.gz
[pa_test.109.53.00] Downloading https://ocaml.janestreet.com/ocaml-core/109.53.00/individual/pa_test-109.53.00.tar.gz
[pipebang.109.28.00] Downloading https://ocaml.janestreet.com/ocaml-core/109.28.00/individual/pipebang-109.28.00.tar.gz
[re.1.2.2] Downloading https://github.com/ocaml/ocaml-re/archive/ocaml-re-1.2.2.tar.gz
[res.4.0.6] Downloading https://github.com/mmottl/res/releases/download/v4.0.6/res-4.0.6.tar.gz
[sexplib.109.53.00] Downloading https://ocaml.janestreet.com/ocaml-core/109.53.00/individual/sexplib-109.53.00.tar.gz
[ssl.0.4.7] Downloading http://downloads.sourceforge.net/project/savonet/ocaml-ssl/0.4.7/ocaml-ssl-0.4.7.tar.gz
[ERROR] curl: code 404 while downloading http://downloads.sourceforge.net/project/savonet/ocaml-ssl/0.4.7/ocaml-ssl-0.4.7.tar.gz
[ERROR] http://downloads.sourceforge.net/project/savonet/ocaml-ssl/0.4.7/ocaml-ssl-0.4.7.tar.gz is not available
[tiny_json.1.1.2] Downloading https://bitbucket.org/camlspotter/tiny_json/get/1.1.2.tar.gz
[tiny_json_conv.1.4.1] Downloading https://bitbucket.org/camlspotter/tiny_json_conv/get/1.4.1.tar.gz
[type_conv.109.53.00] Downloading https://ocaml.janestreet.com/ocaml-core/109.53.00/individual/type_conv-109.53.00.tar.gz
[uri.1.4.0] Downloading https://github.com/mirage/ocaml-uri/archive/v1.4.0.tar.gz
[variantslib.109.15.00] Downloading https://ocaml.janestreet.com/ocaml-core/109.15.00/individual/variantslib-109.15.00.tar.gz

[ERROR] Could not download archives of facebook-sdk.0.3.5 and ssl.0.4.7
