++ opam install lzo -e centos,centos-7
+ depext=
+ echo CentOS 7 depexts:
CentOS 7 depexts:
+ '[' '' '!=' '' ']'
+ opam install lzo
The following actions will be performed:
 - install   lzo.0.0.1
=== 1 to install ===

=-=- Synchronizing package archives -=-=-=-=-=-=-=-=-=-=-=-=-=-=-=-=-=-=-=-=-=-=
[lzo.0.0.1] Downloading https://forge.ocamlcore.org/frs/download.php/866/ocaml-lzo-0.0.1.tar.gz

=-=- Installing packages =-=-=-=-=-=-=-=-=-=-=-=-=-=-=-=-=-=-=-=-=-=-=-=-=-=-=-=
Building lzo.0.0.1:
  ocaml setup.ml -configure --prefix /home/opam/.opam/4.01.0
  ocaml setup.ml -build
  ocaml setup.ml -install
[ERROR] The compilation of lzo.0.0.1 failed.
Removing lzo.0.0.1.
  ocamlfind remove lzo


#=== ERROR while installing lzo.0.0.1 =========================================#
# opam-version         1.2.0
# os                   linux
# command              ocaml setup.ml -build
# path                 /home/opam/.opam/4.01.0/build/lzo.0.0.1
# compiler             4.01.0
# exit-code            1
# env-file             /home/opam/.opam/4.01.0/build/lzo.0.0.1/lzo-29-5f1023.env
# stdout-file          /home/opam/.opam/4.01.0/build/lzo.0.0.1/lzo-29-5f1023.out
# stderr-file          /home/opam/.opam/4.01.0/build/lzo.0.0.1/lzo-29-5f1023.err
### stdout ###
# ...[truncated]
# ocamldoc: ...................................... /home/opam/.opam/4.01.0/bin/ocamldoc
# 
# /home/opam/.opam/4.01.0/bin/ocamlopt.opt unix.cmxa -I /home/opam/.opam/4.01.0/lib/ocaml/ocamlbuild /home/opam/.opam/4.01.0/lib/ocaml/ocamlbuild/ocamlbuildlib.cmxa myocamlbuild.ml /home/opam/.opam/4.01.0/lib/ocaml/ocamlbuild/ocamlbuild.cmx -o myocamlbuild
# ocamlfind ocamlc -c src/lzo_stubs.c
# + ocamlfind ocamlc -c src/lzo_stubs.c
# src/lzo_stubs.c:2:23: fatal error: lzo/lzo1x.h: No such file or directory
#  #include <lzo/lzo1x.h>
#                        ^
# compilation terminated.
# Command exited with code 2.
### stderr ###
# E: Failure("Command '/home/opam/.opam/4.01.0/bin/ocamlbuild src/liblzo_stubs.a src/dlllzo_stubs.so src/lzo.cma src/lzo.cmxs src/lzo.cmxa src/lzo.a test.native -tag debug' terminated with error code 10")

