++ opam install melt -e centos,centos-7
+ depext=
+ echo CentOS 7 depexts:
+ '[' '' '!=' '' ']'
CentOS 7 depexts:
+ opam install melt
The following actions will be performed:
 - install   lablgtk.2.18.3                        [required by cairo]
 - install   bitstring.2.0.4                       [required by mlpost]
 - install   cairo.1.2.0                           [required by melt]
 - install   mlpost.0.8.1                          [required by melt]
 - install   melt.1.4.0
=== 5 to install ===

=-=- Synchronizing package archives -=-=-=-=-=-=-=-=-=-=-=-=-=-=-=-=-=-=-=-=-=-=
[bitstring.2.0.4] Downloading http://bitstring.googlecode.com/files/ocaml-bitstring-2.0.4.tar.gz
[lablgtk.2.18.3] Downloading https://forge.ocamlcore.org/frs/download.php/1479/lablgtk-2.18.3.tar.gz
[cairo.1.2.0] Downloading http://cgit.freedesktop.org/cairo-ocaml/snapshot/cairo-ocaml-1.2.0.tar.gz
[melt.1.4.0] Downloading https://forge.ocamlcore.org/frs/download.php/727/melt-1.4.0.tgz
[mlpost.0.8.1] Downloading http://mlpost.lri.fr/download/mlpost-0.8.1.tar.gz

=-=- Installing packages =-=-=-=-=-=-=-=-=-=-=-=-=-=-=-=-=-=-=-=-=-=-=-=-=-=-=-=
Building bitstring.2.0.4:
  ./configure --prefix /home/opam/.opam/4.01.0
  make srcdir=./
  make install
[ERROR] The compilation of bitstring.2.0.4 failed.
Removing bitstring.2.0.4.
  ocamlfind remove bitstring
Copying ~/.opam/repo/default/packages/lablgtk/lablgtk.2.18.3/files/lablgtk.install to ~/.opam/4.01.0/build/lablgtk.2.18.3/
Copying ~/.opam/repo/default/packages/lablgtk/lablgtk.2.18.3/files/lablgldir.patch to ~/.opam/4.01.0/build/lablgtk.2.18.3/
Applying lablgldir.patch.
Building lablgtk.2.18.3:
  ./configure --prefix /home/opam/.opam/4.01.0 LABLGLDIR=/home/opam/.opam/4.01.0/lib/lablgl
  make world
  make install
[ERROR] The compilation of lablgtk.2.18.3 failed.
Removing lablgtk.2.18.3.
  ocamlfind remove lablgtk2


=-=- Error report -=-=-=-=-=-=-=-=-=-=-=-=-=-=-=-=-=-=-=-=-=-=-=-=-=-=-=-=-=-=-=
The following failed
 - install   bitstring.2.0.4
 - install   lablgtk.2.18.3
Due to the errors, the following have been cancelled
 - install   melt.1.4.0
 - install   cairo.1.2.0
 - install   mlpost.0.8.1

#=== ERROR while installing bitstring.2.0.4 ===================================#
# opam-version         1.2.0
# os                   linux
# command              ./configure --prefix /home/opam/.opam/4.01.0
# path                 /home/opam/.opam/4.01.0/build/bitstring.2.0.4
# compiler             4.01.0
# exit-code            1
# env-file             /home/opam/.opam/4.01.0/build/bitstring.2.0.4/bitstring-65-1872ec.env
# stdout-file          /home/opam/.opam/4.01.0/build/bitstring.2.0.4/bitstring-65-1872ec.out
# stderr-file          /home/opam/.opam/4.01.0/build/bitstring.2.0.4/bitstring-65-1872ec.err
### stdout ###
# ...[truncated]
# checking for ocamldep... ocamldep
# checking for ocamlmktop... ocamlmktop
# checking for ocamlmklib... ocamlmklib
# checking for ocamldoc... ocamldoc
# checking for ocamlbuild... ocamlbuild
# checking for ocamlfind... ocamlfind
# checking for camlp4of.opt... camlp4of.opt
# checking for OCaml findlib package extlib... not found
# checking for OCaml findlib package cil... not found
# checking for time... no
### stderr ###
# configure: error: 'time' command not found


=-=- lablgtk.2.18.3 troubleshooting -=-=-=-=-=-=-=-=-=-=-=-=-=-=-=-=-=-=-=-=-=-=

#=== ERROR while installing lablgtk.2.18.3 ====================================#
# opam-version         1.2.0
# os                   linux
# command              ./configure --prefix /home/opam/.opam/4.01.0 LABLGLDIR=/home/opam/.opam/4.01.0/lib/lablgl
# path                 /home/opam/.opam/4.01.0/build/lablgtk.2.18.3
# compiler             4.01.0
# exit-code            1
# env-file             /home/opam/.opam/4.01.0/build/lablgtk.2.18.3/lablgtk-559-6cc03f.env
# stdout-file          /home/opam/.opam/4.01.0/build/lablgtk.2.18.3/lablgtk-559-6cc03f.out
# stderr-file          /home/opam/.opam/4.01.0/build/lablgtk.2.18.3/lablgtk-559-6cc03f.err
### stdout ###
# ...[truncated]
# checking for suffix of object files... o
# checking whether we are using the GNU C compiler... yes
# checking whether gcc accepts -g... yes
# checking for gcc option to accept ISO C89... none needed
# checking platform... Unix
# checking native dynlink... checking for pkg-config... /usr/bin/pkg-config
# checking for GTK+ - version >= 2.0.0... no
# *** Could not run GTK+ test program, checking why...
# *** The test program failed to compile or link. See the file config.log for the
# *** exact error that occured. This usually means GTK+ is incorrectly installed.
### stderr ###
# configure: error: GTK+ is required

=> This package requires gtk+ 2.0 development packages installed on your system
