++ opam install mindstorm -e centos,centos-7
+ depext=
+ echo CentOS 7 depexts:
+ '[' '' '!=' '' ']'
+ opam install mindstorm
CentOS 7 depexts:
The following actions will be performed:
 - install   base-bytes.legacy                     [required by mindstorm]
 - install   mindstorm.0.5.4
=== 2 to install ===

=-=- Synchronizing package archives -=-=-=-=-=-=-=-=-=-=-=-=-=-=-=-=-=-=-=-=-=-=
[mindstorm.0.5.4] Downloading https://github.com/Chris00/ocaml-mindstorm/releases/download/0.5.4/mindstorm-0.5.4.tar.gz

=-=- Installing packages =-=-=-=-=-=-=-=-=-=-=-=-=-=-=-=-=-=-=-=-=-=-=-=-=-=-=-=
Installing base-bytes.legacy.
Building mindstorm.0.5.4:
  ocaml setup.ml -configure --prefix /home/opam/.opam/4.01.0
  ocaml setup.ml -build
  ocaml setup.ml -install
[ERROR] The compilation of mindstorm.0.5.4 failed.
Removing mindstorm.0.5.4.
  ocamlfind remove mindstorm


#=== ERROR while installing mindstorm.0.5.4 ===================================#
# opam-version         1.2.0
# os                   linux
# command              ocaml setup.ml -build
# path                 /home/opam/.opam/4.01.0/build/mindstorm.0.5.4
# compiler             4.01.0
# exit-code            1
# env-file             /home/opam/.opam/4.01.0/build/mindstorm.0.5.4/mindstorm-31-ffb3fd.env
# stdout-file          /home/opam/.opam/4.01.0/build/mindstorm.0.5.4/mindstorm-31-ffb3fd.out
# stderr-file          /home/opam/.opam/4.01.0/build/mindstorm.0.5.4/mindstorm-31-ffb3fd.err
### stdout ###
# ...[truncated]
# 
# /home/opam/.opam/4.01.0/bin/ocamlopt.opt unix.cmxa -I /home/opam/.opam/4.01.0/lib/ocaml/ocamlbuild /home/opam/.opam/4.01.0/lib/ocaml/ocamlbuild/ocamlbuildlib.cmxa myocamlbuild.ml /home/opam/.opam/4.01.0/lib/ocaml/ocamlbuild/ocamlbuild.cmx -o myocamlbuild
# /home/opam/.opam/4.01.0/bin/ocamlfind ocamlc -ccopt -DARCH64 -c src/mindstorm_stubs.c
# + /home/opam/.opam/4.01.0/bin/ocamlfind ocamlc -ccopt -DARCH64 -c src/mindstorm_stubs.c
# In file included from src/mindstorm_stubs.c:19:0:
# src/mindstorm_unix.c:22:33: fatal error: bluetooth/bluetooth.h: No such file or directory
#  #include <bluetooth/bluetooth.h>
#                                  ^
# compilation terminated.
# Command exited with code 2.
### stderr ###
# E: Failure("Command ''/home/opam/.opam/4.01.0/bin/ocamlbuild' src/libmindstorm_stubs.a src/dllmindstorm_stubs.so src/mindstorm.cma src/mindstorm.cmxa src/mindstorm.a src/mindstorm.cmxs examples/roam.native examples/run_push.native examples/test_speed.native examples/test_threads.native examples/wander.native -tag debug' terminated with error code 10")


=-=- Error report -=-=-=-=-=-=-=-=-=-=-=-=-=-=-=-=-=-=-=-=-=-=-=-=-=-=-=-=-=-=-=
These actions have been completed successfully
 - install   base-bytes.legacy
The following failed
 - install   mindstorm.0.5.4

The former state can be restored with opam switch import "/home/opam/.opam/4.01.0/backup/state-20141107143415.export"
