++ opam install snappy -e centos,centos-7
+ depext=
+ echo CentOS 7 depexts:
+ '[' '' '!=' '' ']'
+ opam install snappy
CentOS 7 depexts:
The following actions will be performed:
 - install   snappy.0.1.0
=== 1 to install ===

=-=- Synchronizing package archives -=-=-=-=-=-=-=-=-=-=-=-=-=-=-=-=-=-=-=-=-=-=
[snappy.0.1.0] Downloading https://forge.ocamlcore.org/frs/download.php/1280/ocaml-snappy-0.1.0.tar.gz

=-=- Installing packages =-=-=-=-=-=-=-=-=-=-=-=-=-=-=-=-=-=-=-=-=-=-=-=-=-=-=-=
Building snappy.0.1.0:
  ocaml setup.ml -configure --prefix /home/opam/.opam/4.01.0
  ocaml setup.ml -build
  ocaml setup.ml -install
[ERROR] The compilation of snappy.0.1.0 failed.
Removing snappy.0.1.0.
  ocamlfind remove snappy


#=== ERROR while installing snappy.0.1.0 ======================================#
# opam-version         1.2.0
# os                   linux
# command              ocaml setup.ml -build
# path                 /home/opam/.opam/4.01.0/build/snappy.0.1.0
# compiler             4.01.0
# exit-code            1
# env-file             /home/opam/.opam/4.01.0/build/snappy.0.1.0/snappy-29-5f1023.env
# stdout-file          /home/opam/.opam/4.01.0/build/snappy.0.1.0/snappy-29-5f1023.out
# stderr-file          /home/opam/.opam/4.01.0/build/snappy.0.1.0/snappy-29-5f1023.err
### stdout ###
# ...[truncated]
# ocamldoc: ...................................... /home/opam/.opam/4.01.0/bin/ocamldoc
# 
# /home/opam/.opam/4.01.0/bin/ocamlopt.opt unix.cmxa -I /home/opam/.opam/4.01.0/lib/ocaml/ocamlbuild /home/opam/.opam/4.01.0/lib/ocaml/ocamlbuild/ocamlbuildlib.cmxa myocamlbuild.ml /home/opam/.opam/4.01.0/lib/ocaml/ocamlbuild/ocamlbuild.cmx -o myocamlbuild
# ocamlfind ocamlc -ccopt -x -ccopt c++ -c src/snappy_stubs.c
# + ocamlfind ocamlc -ccopt -x -ccopt c++ -c src/snappy_stubs.c
# src/snappy_stubs.c:4:20: fatal error: snappy.h: No such file or directory
#  #include <snappy.h>
#                     ^
# compilation terminated.
# Command exited with code 2.
### stderr ###
# E: Failure("Command ''/home/opam/.opam/4.01.0/bin/ocamlbuild' src/libsnappy_stubs.a src/dllsnappy_stubs.so src/snappy.cma src/snappy.cmxa src/snappy.a src/snappy.cmxs test.native -tag debug' terminated with error code 10")

