++ opam install coccinelle -e ubuntu
+ depext='libpcre3-dev pkg-config'
+ echo Ubuntu depexts: libpcre3-dev pkg-config
Ubuntu depexts: libpcre3-dev pkg-config
+ '[' 'libpcre3-dev pkg-config' '!=' '' ']'
+ sudo apt-get install -qq -y build-essential m4
+ sudo apt-get install -qq -y libpcre3-dev pkg-config
debconf: unable to initialize frontend: Dialog
debconf: (Dialog frontend will not work on a dumb terminal, an emacs shell buffer, or without a controlling terminal.)
debconf: falling back to frontend: Readline
debconf: unable to initialize frontend: Readline
debconf: (This frontend requires a controlling tty.)
debconf: falling back to frontend: Teletype
dpkg-preconfigure: unable to re-open stdin: 
Selecting previously unselected package libpcrecpp0:amd64.
(Reading database ... 23151 files and directories currently installed.)
Preparing to unpack .../libpcrecpp0_1%3a8.31-2ubuntu2_amd64.deb ...
Unpacking libpcrecpp0:amd64 (1:8.31-2ubuntu2) ...
Selecting previously unselected package libpcre3-dev:amd64.
Preparing to unpack .../libpcre3-dev_1%3a8.31-2ubuntu2_amd64.deb ...
Unpacking libpcre3-dev:amd64 (1:8.31-2ubuntu2) ...
Setting up libpcrecpp0:amd64 (1:8.31-2ubuntu2) ...
Setting up libpcre3-dev:amd64 (1:8.31-2ubuntu2) ...
Processing triggers for libc-bin (2.19-0ubuntu6.4) ...
++ opam install coccinelle -e source,linux
+ srcext=
+ echo Ubuntu srcexts:
Ubuntu srcexts:
+ '[' '' '!=' '' ']'
+ opam install coccinelle
The following actions will be performed:
 - install   conf-pkg-config.1.0                   [required by coccinelle]
 - install   conf-python-2-7.1.0                   [required by coccinelle]
 - install   menhir.20140422                       [required by coccinelle]
 - install   conf-libpcre.1                        [required by pcre]
 - install   conf-python-2-7-dev.1.0               [required by coccinelle]
 - install   pcre.6.2.5                            [required by coccinelle]
 - install   coccinelle.1.0.0-rc22
=== 7 to install ===

=-=- Synchronizing package archives -=-=-=-=-=-=-=-=-=-=-=-=-=-=-=-=-=-=-=-=-=-=
[coccinelle.1.0.0-rc22] Downloading http://coccinelle.lip6.fr/distrib/coccinelle-1.0.0-rc22.tgz
[menhir.20140422] Downloading http://cristal.inria.fr/~fpottier/menhir/menhir-20140422.tar.gz
[pcre.6.2.5] Downloading https://github.com/mmottl/pcre-ocaml/archive/v6.2.5.tar.gz

=-=- Installing packages =-=-=-=-=-=-=-=-=-=-=-=-=-=-=-=-=-=-=-=-=-=-=-=-=-=-=-=
Building conf-libpcre.1:
  pkg-config libpcre
Installing conf-libpcre.1.
Building conf-pkg-config.1.0:
  pkg-config --help
Installing conf-pkg-config.1.0.
Building conf-python-2-7.1.0:
  python2.7 -c print 'python2.7 is installed'
Installing conf-python-2-7.1.0.
Copying ~/.opam/repo/default/packages/conf-python-2-7-dev/conf-python-2-7-dev.1.0/files/test.c to ~/.opam/4.01.0/build/conf-python-2-7-dev.1.0/
Building conf-python-2-7-dev.1.0:
  cc test.c
[ERROR] The compilation of conf-python-2-7-dev.1.0 failed.
Removing conf-python-2-7-dev.1.0.
  Nothing to do.
Copying ~/.opam/repo/default/packages/menhir/menhir.20140422/files/menhir.install to ~/.opam/4.01.0/build/menhir.20140422/
Building menhir.20140422:
  make PREFIX=/home/opam/.opam/4.01.0 docdir=/home/opam/.opam/4.01.0/doc/menhir libdir=/home/opam/.opam/4.01.0/lib/menhir mandir=/home/opam/.opam/4.01.0/man/man1
  make install PREFIX=/home/opam/.opam/4.01.0 docdir=/home/opam/.opam/4.01.0/doc/menhir libdir=/home/opam/.opam/4.01.0/lib/menhir mandir=/home/opam/.opam/4.01.0/man/man1
Installing menhir.20140422.
Building pcre.6.2.5:
  make
  make install
Installing pcre.6.2.5.


=-=- Error report -=-=-=-=-=-=-=-=-=-=-=-=-=-=-=-=-=-=-=-=-=-=-=-=-=-=-=-=-=-=-=
These actions have been completed successfully
 - install   pcre.6.2.5
 - install   conf-libpcre.1
 - install   menhir.20140422
 - install   conf-python-2-7.1.0
 - install   conf-pkg-config.1.0
The following failed
 - install   conf-python-2-7-dev.1.0
Due to the errors, the following have been cancelled
 - install   coccinelle.1.0.0-rc22

#=== ERROR while installing conf-python-2-7-dev.1.0 ===========================#
# opam-version         1.2.0 (cbe460bcb01aef4150084e627701bd16681bf7cb)
# os                   linux
# command              cc test.c
# path                 /home/opam/.opam/4.01.0/build/conf-python-2-7-dev.1.0
# compiler             4.01.0
# exit-code            1
# env-file             /home/opam/.opam/4.01.0/build/conf-python-2-7-dev.1.0/conf-python-2-7-dev-223-a71bb4.env
# stdout-file          /home/opam/.opam/4.01.0/build/conf-python-2-7-dev.1.0/conf-python-2-7-dev-223-a71bb4.out
# stderr-file          /home/opam/.opam/4.01.0/build/conf-python-2-7-dev.1.0/conf-python-2-7-dev-223-a71bb4.err
### stderr ###
# test.c:1:30: fatal error: python2.7/Python.h: No such file or directory
#  #include "python2.7/Python.h"
#                               ^
# compilation terminated.


The former state can be restored with opam switch import "/home/opam/.opam/4.01.0/backup/state-20141107061754.export"
