++ opam install lambda-term -e ubuntu
+ depext=
+ echo Ubuntu depexts:
+ '[' '' '!=' '' ']'
Ubuntu depexts:
++ opam install -e source,linux
+ srcext=
Ubuntu srcexts:
+ echo Ubuntu srcexts:
+ '[' '' '!=' '' ']'
+ opam install lambda-term
The following actions will be performed:
 - install camomile.0.8.5 [required by lambda-term]
 - install react.1.1.0 [required by lambda-term]
 - install zed.1.3 [required by lambda-term]
 - install lwt.2.4.5 [required by lambda-term]
 - install lambda-term.1.6
5 to install | 0 to reinstall | 0 to upgrade | 0 to downgrade | 0 to remove

=-=-= Installing camomile.0.8.5 =-=-=
default    Downloading https://opam.ocaml.org/archives/camomile.0.8.5+opam.tar.gz
Downloading https://opam.ocaml.org/archives/camomile.0.8.5+opam.tar.gz
--2014-05-09 15:40:50--  https://opam.ocaml.org/archives/camomile.0.8.5+opam.tar.gz
Resolving opam.ocaml.org (opam.ocaml.org)... 192.237.250.17, 2001:4801:7823:76:bb74:1f8e:ff10:627
Connecting to opam.ocaml.org (opam.ocaml.org)|192.237.250.17|:443... connected.
HTTP request sent, awaiting response... 200 OK
Length: 3709743 (3.5M) [application/octet-stream]
Saving to: 'camomile.0.8.5+opam.tar.gz'

     0K .......... .......... .......... .......... ..........  1%  248K 14s
    50K .......... .......... .......... .......... ..........  2%  251K 14s
   100K .......... .......... .......... .......... ..........  4%  492K 12s
   150K .......... .......... .......... .......... ..........  5%  491K 10s
   200K .......... .......... .......... .......... ..........  6%  364K 10s
   250K .......... .......... .......... .......... ..........  8%  496K 9s
   300K .......... .......... .......... .......... ..........  9%  499K 9s
   350K .......... .......... .......... .......... .......... 11%  475K 8s
   400K .......... .......... .......... .......... .......... 12%  496K 8s
   450K .......... .......... .......... .......... .......... 13%  496K 8s
   500K .......... .......... .......... .......... .......... 15%  821K 7s
   550K .......... .......... .......... .......... .......... 16%  498K 7s
   600K .......... .......... .......... .......... .......... 17%  498K 7s
   650K .......... .......... .......... .......... .......... 19% 1.27M 6s
   700K .......... .......... .......... .......... .......... 20%  766K 6s
   750K .......... .......... .......... .......... .......... 22%  498K 6s
   800K .......... .......... .......... .......... .......... 23%  667K 6s
   850K .......... .......... .......... .......... .......... 24%  808K 6s
   900K .......... .......... .......... .......... .......... 26%  507K 5s
   950K .......... .......... .......... .......... .......... 27% 1.18M 5s
  1000K .......... .......... .......... .......... .......... 28%  843K 5s
  1050K .......... .......... .......... .......... .......... 30%  793K 5s
  1100K .......... .......... .......... .......... .......... 31% 1.30M 5s
  1150K .......... .......... .......... .......... .......... 33%  761K 4s
  1200K .......... .......... .......... .......... .......... 34%  673K 4s
  1250K .......... .......... .......... .......... .......... 35% 1.81M 4s
  1300K .......... .......... .......... .......... .......... 37%  689K 4s
  1350K .......... .......... .......... .......... .......... 38% 1.69M 4s
  1400K .......... .......... .......... .......... .......... 40% 1.45M 4s
  1450K .......... .......... .......... .......... .......... 41%  750K 4s
  1500K .......... .......... .......... .......... .......... 42% 1.41M 3s
  1550K .......... .......... .......... .......... .......... 44%  752K 3s
  1600K .......... .......... .......... .......... .......... 45%  702K 3s
  1650K .......... .......... .......... .......... .......... 46% 11.7M 3s
  1700K .......... .......... .......... .......... .......... 48% 1.70M 3s
  1750K .......... .......... .......... .......... .......... 49%  693K 3s
  1800K .......... .......... .......... .......... .......... 51% 2.01M 3s
  1850K .......... .......... .......... .......... .......... 52% 1.17M 3s
  1900K .......... .......... .......... .......... .......... 53% 1.30M 2s
  1950K .......... .......... .......... .......... .......... 55% 1.71M 2s
  2000K .......... .......... .......... .......... .......... 56%  747K 2s
  2050K .......... .......... .......... .......... .......... 57% 2.42M 2s
  2100K .......... .......... .......... .......... .......... 59% 1.03M 2s
  2150K .......... .......... .......... .......... .......... 60% 1.44M 2s
  2200K .......... .......... .......... .......... .......... 62% 2.02M 2s
  2250K .......... .......... .......... .......... .......... 63% 1.14M 2s
  2300K .......... .......... .......... .......... .......... 64%  973K 2s
  2350K .......... .......... .......... .......... .......... 66% 5.96M 2s
  2400K .......... .......... .......... .......... .......... 67% 1.17M 2s
  2450K .......... .......... .......... .......... .......... 69%  949K 1s
  2500K .......... .......... .......... .......... .......... 70% 6.58M 1s
  2550K .......... .......... .......... .......... .......... 71% 1.25M 1s
  2600K .......... .......... .......... .......... .......... 73%  963K 1s
  2650K .......... .......... .......... .......... .......... 74% 4.54M 1s
  2700K .......... .......... .......... .......... .......... 75% 1.24M 1s
  2750K .......... .......... .......... .......... .......... 77%  979K 1s
  2800K .......... .......... .......... .......... .......... 78% 1.02M 1s
  2850K .......... .......... .......... .......... .......... 80% 12.0M 1s
  2900K .......... .......... .......... .......... .......... 81% 1.62M 1s
  2950K .......... .......... .......... .......... .......... 82% 1.86M 1s
  3000K .......... .......... .......... .......... .......... 84% 1.09M 1s
  3050K .......... .......... .......... .......... .......... 85% 11.9M 1s
  3100K .......... .......... .......... .......... .......... 86% 1.65M 1s
  3150K .......... .......... .......... .......... .......... 88% 1.85M 0s
  3200K .......... .......... .......... .......... .......... 89% 1.10M 0s
  3250K .......... .......... .......... .......... .......... 91% 2.17M 0s
  3300K .......... .......... .......... .......... .......... 92% 5.36M 0s
  3350K .......... .......... .......... .......... .......... 93% 1.92M 0s
  3400K .......... .......... .......... .......... .......... 95% 1.14M 0s
  3450K .......... .......... .......... .......... .......... 96% 2.10M 0s
  3500K .......... .......... .......... .......... .......... 97% 5.50M 0s
  3550K .......... .......... .......... .......... .......... 99% 1.97M 0s
  3600K .......... .......... ..                              100%  660K=4.0s

2014-05-09 15:40:54 (913 KB/s) - 'camomile.0.8.5+opam.tar.gz' saved [3709743/3709743]

Building camomile.0.8.5:
  ./configure --prefix /home/opam/.opam/4.02.0dev+trunk
  make
  make install
checking for cppo... false
checking for grep that handles long lines and -e... /bin/grep
checking for fgrep... /bin/grep -F
checking for ocamlc... ocamlc
ocaml version is 4.02.0+dev5-2014-04-29
ocaml library path is /home/opam/.opam/4.02.0dev+trunk/lib/ocaml
checking for ocamlopt... ocamlopt
checking ocamlopt version... ok
checking for ocamlc.opt... ocamlc.opt
checking ocamlc.opt version... ok
checking for ocamlopt.opt... ocamlopt.opt
checking ocamlc.opt version... ok
checking for ocamldep... ocamldep
checking for ocamllex... ocamllex
checking for ocamllex.opt... ocamllex.opt
checking for ocamlyacc... ocamlyacc
checking for ocamlweb... true
checking for camlp4o... camlp4o
checking for ocamlfind... install-with-ocamlfind
checking for ocamldoc... ocamldoc
configure: creating ./config.status
config.status: creating Makefile
config.status: WARNING:  'Makefile.in' seems to ignore the --datarootdir setting
config.status: creating META
echo '(* This file is automatically generated *)' > camomileDefaultConfig.ml
echo 'let datadir = Filename.concat (Filename.concat "/home/opam/.opam/4.02.0dev+trunk/share" "camomile") "database"' >> camomileDefaultConfig.ml
echo 'let localedir = Filename.concat (Filename.concat "/home/opam/.opam/4.02.0dev+trunk/share" "camomile") "locales"' >> camomileDefaultConfig.ml
echo 'let charmapdir = Filename.concat (Filename.concat "/home/opam/.opam/4.02.0dev+trunk/share" "camomile") "charmaps"' >> camomileDefaultConfig.ml
echo 'let unimapdir = Filename.concat (Filename.concat "/home/opam/.opam/4.02.0dev+trunk/share" "camomile") "mappings"' >> camomileDefaultConfig.ml
ocamldep -slash -I internal -I public -I toolslib -I . *.ml *.mli \
	internal/*.ml internal/*.mli \
	public/*.ml public/*.mli \
	mappings/*.ml mappings/*.mli \
	toolslib/*.ml toolslib/*.mli \
	> .depend
ocamldep -slash -pp "camlp4o -I /home/opam/.opam/4.02.0dev+trunk/lib/ocaml" -I internal -I public -I toolslib -I . \
	tools/tools/parse_unidata.ml tools/parse_uniset.ml tools/camomilecharmap.ml tools/parse_specialcasing.ml tools/parse_casefolding.ml tools/parse_scripts.ml tools/parse_allkeys.ml mappings/gen_mappings.ml tools/parse_age.ml tools/camomilelocaledef.ml tools/camomilestringprep.ml >> .depend
Segmentation fault
make: *** [.depend] Error 139
[ERROR] The compilation of camomile.0.8.5 failed.
Removing camomile.0.8.5.
  ocamlfind remove camomile
ocamlfind: [WARNING] No such directory: /home/opam/.opam/4.02.0dev+trunk/lib/camomile

=-=-= Installing react.1.1.0 =-=-=
default    Downloading https://opam.ocaml.org/archives/react.1.1.0+opam.tar.gz
Downloading https://opam.ocaml.org/archives/react.1.1.0+opam.tar.gz
--2014-05-09 15:41:02--  https://opam.ocaml.org/archives/react.1.1.0+opam.tar.gz
Resolving opam.ocaml.org (opam.ocaml.org)... 192.237.250.17, 2001:4801:7823:76:bb74:1f8e:ff10:627
Connecting to opam.ocaml.org (opam.ocaml.org)|192.237.250.17|:443... connected.
HTTP request sent, awaiting response... 200 OK
Length: 91011 (89K) [application/octet-stream]
Saving to: 'react.1.1.0+opam.tar.gz'

     0K .......... .......... .......... .......... .......... 56%  241K 0s
    50K .......... .......... .......... ........             100%  378K=0.3s

2014-05-09 15:41:03 (286 KB/s) - 'react.1.1.0+opam.tar.gz' saved [91011/91011]

Building react.1.1.0:
  ocaml pkg/git.ml
  ocaml pkg/build.ml native=true native-dynlink=true
File "pkg/topkg-ext.ml", line 42, characters 12-25:
Warning 3: deprecated feature: String.create
ocamlfind ocamldep -modules src/react.ml > src/react.ml.depends
ocamlfind ocamldep -modules src/react.mli > src/react.mli.depends
ocamlfind ocamlc -c -annot -bin-annot -I src -I test -o src/react.cmi src/react.mli
ocamlfind ocamlopt -c -annot -bin-annot -I src -I test -o src/react.cmx src/react.ml
ocamlfind ocamlopt -a src/react.cmx -o src/react.cmxa
ocamlfind ocamlc -c -annot -bin-annot -I src -I test -o src/react.cmo src/react.ml
ocamlfind ocamlc -a src/react.cmo -o src/react.cma
ocamlfind ocamlopt -shared src/react.cmx -o src/react.cmxs
Installing react.1.1.0.

=-=-= Installing lwt.2.4.5 =-=-=
lwt.2.4.5  Downloading https://github.com/ocsigen/lwt/archive/2.4.5.tar.gz
--2014-05-09 15:41:12--  https://github.com/ocsigen/lwt/archive/2.4.5.tar.gz
Resolving github.com (github.com)... 192.30.252.131
Connecting to github.com (github.com)|192.30.252.131|:443... connected.
HTTP request sent, awaiting response... 302 Found
Location: https://codeload.github.com/ocsigen/lwt/tar.gz/2.4.5 [following]
--2014-05-09 15:41:12--  https://codeload.github.com/ocsigen/lwt/tar.gz/2.4.5
Resolving codeload.github.com (codeload.github.com)... 192.30.252.144
Connecting to codeload.github.com (codeload.github.com)|192.30.252.144|:443... connected.
HTTP request sent, awaiting response... 200 OK
Length: 298612 (292K) [application/x-gzip]
Saving to: 'lwt-2.4.5.tar.gz'

     0K .......... .......... .......... .......... .......... 17%  283K 1s
    50K .......... .......... .......... .......... .......... 34%  398K 1s
   100K .......... .......... .......... .......... .......... 51%  946K 0s
   150K .......... .......... .......... .......... .......... 68%  575K 0s
   200K .......... .......... .......... .......... .......... 85% 1.35M 0s
   250K .......... .......... .......... .......... .         100%  831K=0.5s

2014-05-09 15:41:13 (552 KB/s) - 'lwt-2.4.5.tar.gz' saved [298612/298612]

Building lwt.2.4.5:
  ./configure --disable-libev --enable-react --disable-ssl --enable-unix --enable-extra --enable-preemptive --disable-glib --disable-text
  make build
  make install
File "setup.ml", line 254, characters 8-26:
Warning 3: deprecated feature: String.set
W: Field 'pkg_camlp4' is not set: When looking for findlib package camlp4, directory /home/opam/.opam/4.02.0dev+trunk/lib/ocaml/camlp4 return doesn't exist
W: Field 'pkg_camlp4_quotations_o' is not set: When looking for findlib package camlp4.quotations.o, directory /home/opam/.opam/4.02.0dev+trunk/lib/ocaml/camlp4 return doesn't exist
W: Failure("When looking for findlib package camlp4, directory /home/opam/.opam/4.02.0dev+trunk/lib/ocaml/camlp4 return doesn't exist")
W: Failure("When looking for findlib package camlp4.quotations.o, directory /home/opam/.opam/4.02.0dev+trunk/lib/ocaml/camlp4 return doesn't exist")
W: Field 'pkg_camlp4_extend' is not set: When looking for findlib package camlp4.extend, directory /home/opam/.opam/4.02.0dev+trunk/lib/ocaml/camlp4 return doesn't exist
W: Failure("When looking for findlib package camlp4, directory /home/opam/.opam/4.02.0dev+trunk/lib/ocaml/camlp4 return doesn't exist")
W: Failure("When looking for findlib package camlp4, directory /home/opam/.opam/4.02.0dev+trunk/lib/ocaml/camlp4 return doesn't exist")
W: Failure("When looking for findlib package camlp4.quotations.o, directory /home/opam/.opam/4.02.0dev+trunk/lib/ocaml/camlp4 return doesn't exist")
E: Cannot find findlib package camlp4
E: Cannot find findlib package camlp4.extend
E: Cannot find findlib package camlp4.quotations.o
E: Failure("3 configuration errors")
[ERROR] The compilation of lwt.2.4.5 failed.
Removing lwt.2.4.5.
  ocamlfind remove lwt
ocamlfind: [WARNING] No such directory: /home/opam/.opam/4.02.0dev+trunk/lib/lwt

[ERROR] Due to some errors while processing { camomile.0.8.5, lwt.2.4.5 }, the following actions will NOT proceed:
 - install lambda-term.1.6
 - install zed.1.3

===== ERROR while installing camomile.0.8.5 =====
# opam-version         1.1.1
# os                   linux
# command              make
# path                 /home/opam/.opam/4.02.0dev+trunk/build/camomile.0.8.5
# compiler             4.02.0dev+trunk
# exit-code            2
# env-file             /home/opam/.opam/4.02.0dev+trunk/build/camomile.0.8.5/camomile-24-ad8886.env
# stdout-file          /home/opam/.opam/4.02.0dev+trunk/build/camomile.0.8.5/camomile-24-ad8886.out
# stderr-file          /home/opam/.opam/4.02.0dev+trunk/build/camomile.0.8.5/camomile-24-ad8886.err
### stdout ###
# ...[truncated]
# echo 'let charmapdir = Filename.concat (Filename.concat "/home/opam/.opam/4.02.0dev+trunk/share" "camomile") "charmaps"' >> camomileDefaultConfig.ml
# echo 'let unimapdir = Filename.concat (Filename.concat "/home/opam/.opam/4.02.0dev+trunk/share" "camomile") "mappings"' >> camomileDefaultConfig.ml
# ocamldep -slash -I internal -I public -I toolslib -I . *.ml *.mli \
# 	internal/*.ml internal/*.mli \
# 	public/*.ml public/*.mli \
# 	mappings/*.ml mappings/*.mli \
# 	toolslib/*.ml toolslib/*.mli \
# 	> .depend
# ocamldep -slash -pp "camlp4o -I /home/opam/.opam/4.02.0dev+trunk/lib/ocaml" -I internal -I public -I toolslib -I . \
# 	tools/tools/parse_unidata.ml tools/parse_uniset.ml tools/camomilecharmap.ml tools/parse_specialcasing.ml tools/parse_casefolding.ml tools/parse_scripts.ml tools/parse_allkeys.ml mappings/gen_mappings.ml tools/parse_age.ml tools/camomilelocaledef.ml tools/camomilestringprep.ml >> .depend
### stderr ###
# config.status: WARNING:  'Makefile.in' seems to ignore the --datarootdir setting
# Segmentation fault
# make: *** [.depend] Error 139


===== ERROR while installing lwt.2.4.5 =====
# opam-version         1.1.1
# os                   linux
# command              ./configure --disable-libev --enable-react --disable-ssl --enable-unix --enable-extra --enable-preemptive --disable-glib --disable-text
# path                 /home/opam/.opam/4.02.0dev+trunk/build/lwt.2.4.5
# compiler             4.02.0dev+trunk
# exit-code            1
# env-file             /home/opam/.opam/4.02.0dev+trunk/build/lwt.2.4.5/lwt-570-ad8886.env
# stdout-file          /home/opam/.opam/4.02.0dev+trunk/build/lwt.2.4.5/lwt-570-ad8886.out
# stderr-file          /home/opam/.opam/4.02.0dev+trunk/build/lwt.2.4.5/lwt-570-ad8886.err
### stderr ###
# ...[truncated]
# W: Failure("When looking for findlib package camlp4, directory /home/opam/.opam/4.02.0dev+trunk/lib/ocaml/camlp4 return doesn't exist")
# W: Failure("When looking for findlib package camlp4.quotations.o, directory /home/opam/.opam/4.02.0dev+trunk/lib/ocaml/camlp4 return doesn't exist")
# W: Field 'pkg_camlp4_extend' is not set: When looking for findlib package camlp4.extend, directory /home/opam/.opam/4.02.0dev+trunk/lib/ocaml/camlp4 return doesn't exist
# W: Failure("When looking for findlib package camlp4, directory /home/opam/.opam/4.02.0dev+trunk/lib/ocaml/camlp4 return doesn't exist")
# W: Failure("When looking for findlib package camlp4, directory /home/opam/.opam/4.02.0dev+trunk/lib/ocaml/camlp4 return doesn't exist")
# W: Failure("When looking for findlib package camlp4.quotations.o, directory /home/opam/.opam/4.02.0dev+trunk/lib/ocaml/camlp4 return doesn't exist")
# E: Cannot find findlib package camlp4
# E: Cannot find findlib package camlp4.extend
# E: Cannot find findlib package camlp4.quotations.o
# E: Failure("3 configuration errors")


The former state can be restored with opam switch import -f "/home/opam/.opam/4.02.0dev+trunk/backup/state-20140409154038.export"
'opam install lambda-term' failed.
