++ opam install release -e ubuntu
+ depext=
Ubuntu depexts:
+ echo Ubuntu depexts:
+ '[' '' '!=' '' ']'
++ opam install -e source,linux
+ srcext=
+ echo Ubuntu srcexts:
+ '[' '' '!=' '' ']'
+ opam install release
Ubuntu srcexts:
The following actions will be performed:
 - install ospec.0.3.2 [required by release]
 - install lwt.2.4.5 [required by release]
 - install uint.1.1.1 [required by release]
 - install release.1.1.0
4 to install | 0 to reinstall | 0 to upgrade | 0 to downgrade | 0 to remove

=-=-= Installing lwt.2.4.5 =-=-=
lwt.2.4.5  Downloading https://github.com/ocsigen/lwt/archive/2.4.5.tar.gz
--2014-05-09 19:49:09--  https://github.com/ocsigen/lwt/archive/2.4.5.tar.gz
Resolving github.com (github.com)... 192.30.252.130
Connecting to github.com (github.com)|192.30.252.130|:443... connected.
HTTP request sent, awaiting response... 302 Found
Location: https://codeload.github.com/ocsigen/lwt/tar.gz/2.4.5 [following]
--2014-05-09 19:49:09--  https://codeload.github.com/ocsigen/lwt/tar.gz/2.4.5
Resolving codeload.github.com (codeload.github.com)... 192.30.252.145
Connecting to codeload.github.com (codeload.github.com)|192.30.252.145|:443... connected.
HTTP request sent, awaiting response... 200 OK
Length: 298612 (292K) [application/x-gzip]
Saving to: 'lwt-2.4.5.tar.gz'

     0K .......... .......... .......... .......... .......... 17%  284K 1s
    50K .......... .......... .......... .......... .......... 34%  564K 1s
   100K .......... .......... .......... .......... .......... 51%  585K 0s
   150K .......... .......... .......... .......... .......... 68% 10.8M 0s
   200K .......... .......... .......... .......... .......... 85% 11.0M 0s
   250K .......... .......... .......... .......... .         100%  519K=0.4s

2014-05-09 19:49:10 (664 KB/s) - 'lwt-2.4.5.tar.gz' saved [298612/298612]

Building lwt.2.4.5:
  ./configure --disable-libev --disable-react --disable-ssl --enable-unix --enable-extra --enable-preemptive --disable-glib
  make build
  make install
File "setup.ml", line 254, characters 8-26:
Warning 3: deprecated feature: String.set
W: Field 'pkg_camlp4' is not set: When looking for findlib package camlp4, directory /home/opam/.opam/4.02.0dev+trunk/lib/ocaml/camlp4 return doesn't exist
W: Field 'pkg_camlp4_quotations_o' is not set: When looking for findlib package camlp4.quotations.o, directory /home/opam/.opam/4.02.0dev+trunk/lib/ocaml/camlp4 return doesn't exist
W: Failure("When looking for findlib package camlp4, directory /home/opam/.opam/4.02.0dev+trunk/lib/ocaml/camlp4 return doesn't exist")
W: Failure("When looking for findlib package camlp4.quotations.o, directory /home/opam/.opam/4.02.0dev+trunk/lib/ocaml/camlp4 return doesn't exist")
W: Field 'pkg_camlp4_extend' is not set: When looking for findlib package camlp4.extend, directory /home/opam/.opam/4.02.0dev+trunk/lib/ocaml/camlp4 return doesn't exist
W: Failure("When looking for findlib package camlp4, directory /home/opam/.opam/4.02.0dev+trunk/lib/ocaml/camlp4 return doesn't exist")
W: Failure("When looking for findlib package camlp4, directory /home/opam/.opam/4.02.0dev+trunk/lib/ocaml/camlp4 return doesn't exist")
W: Failure("When looking for findlib package camlp4.quotations.o, directory /home/opam/.opam/4.02.0dev+trunk/lib/ocaml/camlp4 return doesn't exist")
E: Cannot find findlib package camlp4
E: Cannot find findlib package camlp4.extend
E: Cannot find findlib package camlp4.quotations.o
E: Failure("3 configuration errors")
[ERROR] The compilation of lwt.2.4.5 failed.
Removing lwt.2.4.5.
  ocamlfind remove lwt
ocamlfind: [WARNING] No such directory: /home/opam/.opam/4.02.0dev+trunk/lib/lwt

=-=-= Installing ospec.0.3.2 =-=-=
default    Downloading https://opam.ocaml.org/archives/ospec.0.3.2+opam.tar.gz
Downloading https://opam.ocaml.org/archives/ospec.0.3.2+opam.tar.gz
--2014-05-09 19:49:18--  https://opam.ocaml.org/archives/ospec.0.3.2+opam.tar.gz
Resolving opam.ocaml.org (opam.ocaml.org)... 192.237.250.17, 2001:4801:7823:76:bb74:1f8e:ff10:627
Connecting to opam.ocaml.org (opam.ocaml.org)|192.237.250.17|:443... connected.
HTTP request sent, awaiting response... 200 OK
Length: 49599 (48K) [application/octet-stream]
Saving to: 'ospec.0.3.2+opam.tar.gz'

     0K .......... .......... .......... .......... ........  100%  244K=0.2s

2014-05-09 19:49:19 (244 KB/s) - 'ospec.0.3.2+opam.tar.gz' saved [49599/49599]

Building ospec.0.3.2:
  ocaml setup.ml -configure --prefix /home/opam/.opam/4.02.0dev+trunk
  ocaml setup.ml -build
  ocaml setup.ml -install
File "setup.ml", line 213, characters 8-26:
Warning 3: deprecated feature: String.set

Configuration: 
ocamlfind: ........................................... /home/opam/.opam/4.02.0dev+trunk/bin/ocamlfind
ocamlc: .............................................. /home/opam/.opam/4.02.0dev+trunk/bin/ocamlc.opt
ocamlopt: ............................................ /home/opam/.opam/4.02.0dev+trunk/bin/ocamlopt.opt
ocamlbuild: .......................................... /home/opam/.opam/4.02.0dev+trunk/bin/ocamlbuild
Package name: ........................................ ospec
Package version: ..................................... 0.3.2
os_type: ............................................. Unix
system: .............................................. linux
architecture: ........................................ amd64
ccomp_type: .......................................... cc
ocaml_version: ....................................... 4.02.0
standard_library_default: ............................ /home/opam/.opam/4.02.0dev+trunk/lib/ocaml
standard_library: .................................... /home/opam/.opam/4.02.0dev+trunk/lib/ocaml
standard_runtime: .................................... /home/opam/.opam/4.02.0dev+trunk/bin/ocamlrun
bytecomp_c_compiler: ................................. gcc -fno-defer-pop -Wall -D_FILE_OFFSET_BITS=64 -D_REENTRANT -fPIC
native_c_compiler: ................................... gcc -Wall -D_FILE_OFFSET_BITS=64 -D_REENTRANT
model: ............................................... default
ext_obj: ............................................. .o
ext_asm: ............................................. .s
ext_lib: ............................................. .a
ext_dll: ............................................. .so
default_executable_name: ............................. a.out
systhread_supported: ................................. true
Install architecture-independent files dir: .......... /home/opam/.opam/4.02.0dev+trunk
Install architecture-dependent files in dir: ......... $prefix
User executables: .................................... $exec_prefix/bin
System admin executables: ............................ $exec_prefix/sbin
Program executables: ................................. $exec_prefix/libexec
Read-only single-machine data: ....................... $prefix/etc
Modifiable architecture-independent data: ............ $prefix/com
Modifiable single-machine data: ...................... $prefix/var
Object code libraries: ............................... $exec_prefix/lib
Read-only arch-independent data root: ................ $prefix/share
Read-only architecture-independent data: ............. $datarootdir
Info documentation: .................................. $datarootdir/info
Locale-dependent data: ............................... $datarootdir/locale
Man documentation: ................................... $datarootdir/man
Documentation root: .................................. $datarootdir/doc/$pkg_name
HTML documentation: .................................. $docdir
DVI documentation: ................................... $docdir
PDF documentation: ................................... $docdir
PS documentation: .................................... $docdir
findlib_version: ..................................... 1.4
is_native: ........................................... true
suffix_program: ...................................... 
Remove a file.: ...................................... rm -f
Remove a directory.: ................................. rm -rf
Turn ocaml debug flag on: ............................ true
Turn ocaml profile flag on: .......................... false
Compiler support generation of .cmxs.: ............... true
OCamlbuild additional flags: ......................... 
Create documentations: ............................... true
Compile tests executable and library and run them: ... false

File "setup.ml", line 213, characters 8-26:
Warning 3: deprecated feature: String.set
ocamlfind ocamlopt unix.cmxa -I /home/opam/.opam/4.02.0dev+trunk/lib/ocaml/ocamlbuild /home/opam/.opam/4.02.0dev+trunk/lib/ocaml/ocamlbuild/ocamlbuildlib.cmxa -linkpkg myocamlbuild.ml /home/opam/.opam/4.02.0dev+trunk/lib/ocaml/ocamlbuild/ocamlbuild.cmx -o myocamlbuild
ocamlfind ocamldep -modules src/helpers.ml > src/helpers.ml.depends
ocamlfind ocamldep -modules src/prop.mli > src/prop.mli.depends
ocamlfind ocamldep -modules src/gen.ml > src/gen.ml.depends
ocamlfind ocamlc -c -g -I src -I src -o src/gen.cmo src/gen.ml
+ ocamlfind ocamlc -c -g -I src -I src -o src/gen.cmo src/gen.ml
File "src/gen.ml", line 62, characters 10-23:
Warning 3: deprecated feature: String.create
File "src/gen.ml", line 64, characters 4-19:
Warning 3: deprecated feature: String.set
ocamlfind ocamlc -c -g -I src -I src -o src/prop.cmi src/prop.mli
ocamlfind ocamldep -modules src/prop.ml > src/prop.ml.depends
ocamlfind ocamldep -modules src/spec.mli > src/spec.mli.depends
ocamlfind ocamlc -c -g -I src -I src -o src/spec.cmi src/spec.mli
ocamlfind ocamldep -modules src/spec.ml > src/spec.ml.depends
ocamlfind ocamldep -package camlp4.quotations -package camlp4.extend -syntax camlp4o -modules src/pa_spec.ml > src/pa_spec.ml.depends
+ ocamlfind ocamldep -package camlp4.quotations -package camlp4.extend -syntax camlp4o -modules src/pa_spec.ml > src/pa_spec.ml.depends
Command exited with code 2.
E: Failure("Command ''/home/opam/.opam/4.02.0dev+trunk/bin/ocamlbuild' src/ospec.cma src/ospec.byte -tag debug' terminated with error code 10")
[ERROR] The compilation of ospec.0.3.2 failed.
Removing ospec.0.3.2.
  ocamlfind remove ospec
ocamlfind: [WARNING] No such directory: /home/opam/.opam/4.02.0dev+trunk/lib/ospec

[ERROR] Due to some errors while processing { lwt.2.4.5, ospec.0.3.2 }, the following actions will NOT proceed:
 - install release.1.1.0
 - install uint.1.1.1

===== ERROR while installing lwt.2.4.5 =====
# opam-version         1.1.1
# os                   linux
# command              ./configure --disable-libev --disable-react --disable-ssl --enable-unix --enable-extra --enable-preemptive --disable-glib
# path                 /home/opam/.opam/4.02.0dev+trunk/build/lwt.2.4.5
# compiler             4.02.0dev+trunk
# exit-code            1
# env-file             /home/opam/.opam/4.02.0dev+trunk/build/lwt.2.4.5/lwt-23-c61e7b.env
# stdout-file          /home/opam/.opam/4.02.0dev+trunk/build/lwt.2.4.5/lwt-23-c61e7b.out
# stderr-file          /home/opam/.opam/4.02.0dev+trunk/build/lwt.2.4.5/lwt-23-c61e7b.err
### stderr ###
# ...[truncated]
# W: Failure("When looking for findlib package camlp4, directory /home/opam/.opam/4.02.0dev+trunk/lib/ocaml/camlp4 return doesn't exist")
# W: Failure("When looking for findlib package camlp4.quotations.o, directory /home/opam/.opam/4.02.0dev+trunk/lib/ocaml/camlp4 return doesn't exist")
# W: Field 'pkg_camlp4_extend' is not set: When looking for findlib package camlp4.extend, directory /home/opam/.opam/4.02.0dev+trunk/lib/ocaml/camlp4 return doesn't exist
# W: Failure("When looking for findlib package camlp4, directory /home/opam/.opam/4.02.0dev+trunk/lib/ocaml/camlp4 return doesn't exist")
# W: Failure("When looking for findlib package camlp4, directory /home/opam/.opam/4.02.0dev+trunk/lib/ocaml/camlp4 return doesn't exist")
# W: Failure("When looking for findlib package camlp4.quotations.o, directory /home/opam/.opam/4.02.0dev+trunk/lib/ocaml/camlp4 return doesn't exist")
# E: Cannot find findlib package camlp4
# E: Cannot find findlib package camlp4.extend
# E: Cannot find findlib package camlp4.quotations.o
# E: Failure("3 configuration errors")


===== ERROR while installing ospec.0.3.2 =====
# opam-version         1.1.1
# os                   linux
# command              ocaml setup.ml -build
# path                 /home/opam/.opam/4.02.0dev+trunk/build/ospec.0.3.2
# compiler             4.02.0dev+trunk
# exit-code            1
# env-file             /home/opam/.opam/4.02.0dev+trunk/build/ospec.0.3.2/ospec-108-d8a4ae.env
# stdout-file          /home/opam/.opam/4.02.0dev+trunk/build/ospec.0.3.2/ospec-108-d8a4ae.out
# stderr-file          /home/opam/.opam/4.02.0dev+trunk/build/ospec.0.3.2/ospec-108-d8a4ae.err
### stdout ###
# ...[truncated]
# File "src/gen.ml", line 64, characters 4-19:
# Warning 3: deprecated feature: String.set
# ocamlfind ocamlc -c -g -I src -I src -o src/prop.cmi src/prop.mli
# ocamlfind ocamldep -modules src/prop.ml > src/prop.ml.depends
# ocamlfind ocamldep -modules src/spec.mli > src/spec.mli.depends
# ocamlfind ocamlc -c -g -I src -I src -o src/spec.cmi src/spec.mli
# ocamlfind ocamldep -modules src/spec.ml > src/spec.ml.depends
# ocamlfind ocamldep -package camlp4.quotations -package camlp4.extend -syntax camlp4o -modules src/pa_spec.ml > src/pa_spec.ml.depends
# + ocamlfind ocamldep -package camlp4.quotations -package camlp4.extend -syntax camlp4o -modules src/pa_spec.ml > src/pa_spec.ml.depends
# Command exited with code 2.
### stderr ###
# File "setup.ml", line 213, characters 8-26:
# Warning 3: deprecated feature: String.set
# File "setup.ml", line 213, characters 8-26:
# Warning 3: deprecated feature: String.set
# E: Failure("Command ''/home/opam/.opam/4.02.0dev+trunk/bin/ocamlbuild' src/ospec.cma src/ospec.byte -tag debug' terminated with error code 10")

'opam install release' failed.
