++ opam install lablgtk-extras -e ubuntu
+ depext='libgtk2.0-dev libgtksourceview2.0-dev'
+ echo Ubuntu depexts: libgtk2.0-dev libgtksourceview2.0-dev
+ '[' 'libgtk2.0-dev libgtksourceview2.0-dev' '!=' '' ']'
+ sudo apt-get install -qq -y build-essential m4
Ubuntu depexts: libgtk2.0-dev libgtksourceview2.0-dev
+ sudo apt-get install -qq -y libgtk2.0-dev libgtksourceview2.0-dev
E: Unable to locate package libgtksourceview2.0-dev
E: Couldn't find any package by regex 'libgtksourceview2.0-dev'
+ opam install lablgtk-extras
The following actions will be performed:
 - install config-file.1.1 [required by lablgtk-extras]
 - install conf-gtksourceview.2 [required by lablgtk-extras]
 - install xmlm.1.2.0 [required by lablgtk-extras]
 - install lablgtk.2.16.0 [required by lablgtk-extras]
 - install lablgtk-extras.1.4
5 to install | 0 to reinstall | 0 to upgrade | 0 to downgrade | 0 to remove

=-=-= Installing conf-gtksourceview.2 =-=-=
Building conf-gtksourceview.2:
  pkg-config gtksourceview-2.0
[ERROR] The compilation of conf-gtksourceview.2 failed.
Removing conf-gtksourceview.2.

=-=-= Installing config-file.1.1 =-=-=
default    Downloading https://opam.ocaml.org/archives/config-file.1.1+opam.tar.gz
Downloading https://opam.ocaml.org/archives/config-file.1.1+opam.tar.gz
--2013-11-25 17:33:58--  https://opam.ocaml.org/archives/config-file.1.1+opam.tar.gz
Resolving opam.ocaml.org (opam.ocaml.org)... 192.237.250.17, 2001:4801:7823:76:bb74:1f8e:ff10:627
Connecting to opam.ocaml.org (opam.ocaml.org)|192.237.250.17|:443... connected.
HTTP request sent, awaiting response... 200 OK
Length: 49858 (49K) [application/octet-stream]
Saving to: `config-file.1.1+opam.tar.gz'

     0K .......... .......... .......... .......... ........  100% 40.6M=0.001s

2013-11-25 17:33:58 (40.6 MB/s) - `config-file.1.1+opam.tar.gz' saved [49858/49858]

Building config-file.1.1:
  ./configure --prefix /home/opam/.opam/4.02.0dev+module-aliases
  make all
  make install
checking for ocamlfind... /home/opam/.opam/4.02.0dev+module-aliases/bin/ocamlfind
checking for camlp4... /home/opam/.opam/4.02.0dev+module-aliases/bin/camlp4
configure: creating ./config.status
config.status: creating master.Makefile
/home/opam/.opam/4.02.0dev+module-aliases/bin/ocamlfind ocamlc   -c config_file.mli
/home/opam/.opam/4.02.0dev+module-aliases/bin/ocamlfind ocamlc   -c config_file.ml
/home/opam/.opam/4.02.0dev+module-aliases/bin/ocamlfind ocamlopt   -c config_file.ml
Installed /home/opam/.opam/4.02.0dev+module-aliases/lib/config-file/config_file.o
Installed /home/opam/.opam/4.02.0dev+module-aliases/lib/config-file/config_file.cmx
Installed /home/opam/.opam/4.02.0dev+module-aliases/lib/config-file/config_file.cmo
Installed /home/opam/.opam/4.02.0dev+module-aliases/lib/config-file/config_file.cmi
Installed /home/opam/.opam/4.02.0dev+module-aliases/lib/config-file/config_file.mli
Installed /home/opam/.opam/4.02.0dev+module-aliases/lib/config-file/META
Installing config-file.1.1.

=-=-= Installing xmlm.1.2.0 =-=-=
default    Downloading https://opam.ocaml.org/archives/xmlm.1.2.0+opam.tar.gz
Downloading https://opam.ocaml.org/archives/xmlm.1.2.0+opam.tar.gz
--2013-11-25 17:34:06--  https://opam.ocaml.org/archives/xmlm.1.2.0+opam.tar.gz
Resolving opam.ocaml.org (opam.ocaml.org)... 192.237.250.17, 2001:4801:7823:76:bb74:1f8e:ff10:627
Connecting to opam.ocaml.org (opam.ocaml.org)|192.237.250.17|:443... connected.
HTTP request sent, awaiting response... 200 OK
Length: 51637 (50K) [application/octet-stream]
Saving to: `xmlm.1.2.0+opam.tar.gz'

     0K .......... .......... .......... .......... .......... 99% 36.6M 0s
    50K                                                       100%  814G=0.001s

2013-11-25 17:34:06 (36.9 MB/s) - `xmlm.1.2.0+opam.tar.gz' saved [51637/51637]

Building xmlm.1.2.0:
  ./pkg/pkg-git
  ./pkg/build true
ocamlfind ocamldep -modules src/xmlm.mli > src/xmlm.mli.depends
ocamlfind ocamlc -c -I src -I test -o src/xmlm.cmi src/xmlm.mli
ocamlfind ocamldep -modules src/xmlm.ml > src/xmlm.ml.depends
ocamlfind ocamlopt -c -annot -bin-annot -I src -I test -o src/xmlm.cmx src/xmlm.ml
ocamlfind ocamlc -c -annot -bin-annot -I src -I test -o src/xmlm.cmo src/xmlm.ml
ocamlfind ocamlc -a src/xmlm.cmo -o src/xmlm.cma
ocamlfind ocamlopt -a src/xmlm.cmx -o src/xmlm.cmxa
ocamlfind ocamlopt -shared src/xmlm.cmx -o src/xmlm.cmxs
ocamlfind ocamldep -modules test/xmltrip.ml > test/xmltrip.ml.depends
ocamlfind ocamldep -modules test/xhtml.ml > test/xhtml.ml.depends
ocamlfind ocamlc -c -annot -bin-annot -I test -I src -o test/xhtml.cmo test/xhtml.ml
ocamlfind ocamlc -c -annot -bin-annot -I test -I src -o test/xmltrip.cmo test/xmltrip.ml
ocamlfind ocamlopt -c -annot -bin-annot -I test -I src -o test/xhtml.cmx test/xhtml.ml
ocamlfind ocamlopt -c -annot -bin-annot -I test -I src -o test/xmltrip.cmx test/xmltrip.ml
ocamlfind ocamlopt -linkpkg src/xmlm.cmx test/xhtml.cmx test/xmltrip.cmx -o test/xmltrip.native
Installing xmlm.1.2.0.
[WARNING] unknown fields in /home/opam/.opam/4.02.0dev+module-aliases/build/xmlm.1.2.0/xmlm.install: is your OPAM up-to-date ?


=-=-= conf-gtksourceview.2 troobleshooting =-=-=
This package requires gtksourceview 2.0 development packages installed on your system.
[ERROR] Due to some errors while processing conf-gtksourceview.2, the following actions will NOT proceed:
 - install lablgtk-extras.1.4
 - install lablgtk.2.16.0

===== ERROR while installing conf-gtksourceview.2 =====
# opam-version         1.1.0
# os                   linux
# command              pkg-config gtksourceview-2.0
# path                 /home/opam/.opam/4.02.0dev+module-aliases/build/conf-gtksourceview.2
# compiler             4.02.0dev+module-aliases
# exit-code            1
# env-file             /home/opam/.opam/4.02.0dev+module-aliases/build/conf-gtksourceview.2/conf-gtksourceview-29-dd682e.env
# stdout-file          /home/opam/.opam/4.02.0dev+module-aliases/build/conf-gtksourceview.2/conf-gtksourceview-29-dd682e.out
# stderr-file          /home/opam/.opam/4.02.0dev+module-aliases/build/conf-gtksourceview.2/conf-gtksourceview-29-dd682e.err

The former state can be restored with opam switch import -f "/home/opam/.opam/4.02.0dev+module-aliases/backup/state-20131025173342.export"
'opam install lablgtk-extras' failed.
