++ opam install snappy -e ubuntu
+ depext=libsnappy-dev
+ echo Ubuntu depexts: libsnappy-dev
+ '[' libsnappy-dev '!=' '' ']'
+ sudo apt-get install -qq -y build-essential m4
Ubuntu depexts: libsnappy-dev
+ sudo apt-get install -qq -y libsnappy-dev
E: Unable to locate package libsnappy-dev
+ opam install snappy
The following actions will be performed:
 - install snappy.0.1.0
1 to install | 0 to reinstall | 0 to upgrade | 0 to downgrade | 0 to remove

=-=-= Installing snappy.0.1.0 =-=-=
default    Downloading https://opam.ocaml.org/archives/snappy.0.1.0+opam.tar.gz
Downloading https://opam.ocaml.org/archives/snappy.0.1.0+opam.tar.gz
--2013-11-25 23:38:24--  https://opam.ocaml.org/archives/snappy.0.1.0+opam.tar.gz
Resolving opam.ocaml.org (opam.ocaml.org)... 192.237.250.17, 2001:4801:7823:76:bb74:1f8e:ff10:627
Connecting to opam.ocaml.org (opam.ocaml.org)|192.237.250.17|:443... connected.
HTTP request sent, awaiting response... 200 OK
Length: 41955 (41K) [application/octet-stream]
Saving to: `snappy.0.1.0+opam.tar.gz'

     0K .......... .......... .......... ..........           100% 53.9M=0.001s

2013-11-25 23:38:24 (53.9 MB/s) - `snappy.0.1.0+opam.tar.gz' saved [41955/41955]

Building snappy.0.1.0:
  ocaml setup.ml -configure --prefix /home/opam/.opam/4.02.0dev+module-aliases
  ocaml setup.ml -build
  ocaml setup.ml -install

Configuration: 
ocamlfind: ..................................... /home/opam/.opam/4.02.0dev+module-aliases/bin/ocamlfind
ocamlc: ........................................ /home/opam/.opam/4.02.0dev+module-aliases/bin/ocamlc.opt
ocamlopt: ...................................... /home/opam/.opam/4.02.0dev+module-aliases/bin/ocamlopt.opt
ocamlbuild: .................................... /home/opam/.opam/4.02.0dev+module-aliases/bin/ocamlbuild
Package name: .................................. snappy
Package version: ............................... 0.1.0
os_type: ....................................... Unix
system: ........................................ linux
architecture: .................................. amd64
ccomp_type: .................................... cc
ocaml_version: ................................. 4.02.0
standard_library_default: ...................... /home/opam/.opam/4.02.0dev+module-aliases/lib/ocaml
standard_library: .............................. /home/opam/.opam/4.02.0dev+module-aliases/lib/ocaml
standard_runtime: .............................. /home/opam/.opam/4.02.0dev+module-aliases/bin/ocamlrun
bytecomp_c_compiler: ........................... gcc -fno-defer-pop -Wall -D_FILE_OFFSET_BITS=64 -D_REENTRANT -fPIC
native_c_compiler: ............................. gcc -Wall -D_FILE_OFFSET_BITS=64 -D_REENTRANT
model: ......................................... default
ext_obj: ....................................... .o
ext_asm: ....................................... .s
ext_lib: ....................................... .a
ext_dll: ....................................... .so
default_executable_name: ....................... a.out
systhread_supported: ........................... true
Install architecture-independent files dir: .... /home/opam/.opam/4.02.0dev+module-aliases
Install architecture-dependent files in dir: ... $prefix
User executables: .............................. $exec_prefix/bin
System admin executables: ...................... $exec_prefix/sbin
Program executables: ........................... $exec_prefix/libexec
Read-only single-machine data: ................. $prefix/etc
Modifiable architecture-independent data: ...... $prefix/com
Modifiable single-machine data: ................ $prefix/var
Object code libraries: ......................... $exec_prefix/lib
Read-only arch-independent data root: .......... $prefix/share
Read-only architecture-independent data: ....... $datarootdir
Info documentation: ............................ $datarootdir/info
Locale-dependent data: ......................... $datarootdir/locale
Man documentation: ............................. $datarootdir/man
Documentation root: ............................ $datarootdir/doc/$pkg_name
HTML documentation: ............................ $docdir
DVI documentation: ............................. $docdir
PDF documentation: ............................. $docdir
PS documentation: .............................. $docdir
findlib_version: ............................... 1.4
is_native: ..................................... true
suffix_program: ................................ 
Remove a file.: ................................ rm -f
Remove a directory.: ........................... rm -rf
Turn ocaml debug flag on: ...................... true
Turn ocaml profile flag on: .................... false
Compiler support generation of .cmxs.: ......... true
OCamlbuild additional flags: ................... 
ocamldoc: ...................................... /home/opam/.opam/4.02.0dev+module-aliases/bin/ocamldoc

ocamlfind ocamlopt unix.cmxa -I /home/opam/.opam/4.02.0dev+module-aliases/lib/ocaml/ocamlbuild /home/opam/.opam/4.02.0dev+module-aliases/lib/ocaml/ocamlbuild/ocamlbuildlib.cmxa -linkpkg myocamlbuild.ml /home/opam/.opam/4.02.0dev+module-aliases/lib/ocaml/ocamlbuild/ocamlbuild.cmx -o myocamlbuild
ocamlfind ocamlc -ccopt -x -ccopt c++ -c src/snappy_stubs.c
+ ocamlfind ocamlc -ccopt -x -ccopt c++ -c src/snappy_stubs.c
src/snappy_stubs.c:4:20: fatal error: snappy.h: No such file or directory
compilation terminated.
Command exited with code 2.
E: Failure("Command ''/home/opam/.opam/4.02.0dev+module-aliases/bin/ocamlbuild' src/libsnappy_stubs.a src/dllsnappy_stubs.so src/snappy.cma src/snappy.cmxa src/snappy.a src/snappy.cmxs test.native -tag debug' terminated with error code 10")
[ERROR] The compilation of snappy.0.1.0 failed.
Removing snappy.0.1.0.
  ocamlfind remove snappy
ocamlfind: [WARNING] No such directory: /home/opam/.opam/4.02.0dev+module-aliases/lib/snappy


===== ERROR while installing snappy.0.1.0 =====
# opam-version         1.1.0
# os                   linux
# command              ocaml setup.ml -build
# path                 /home/opam/.opam/4.02.0dev+module-aliases/build/snappy.0.1.0
# compiler             4.02.0dev+module-aliases
# exit-code            1
# env-file             /home/opam/.opam/4.02.0dev+module-aliases/build/snappy.0.1.0/snappy-30-d8a4ae.env
# stdout-file          /home/opam/.opam/4.02.0dev+module-aliases/build/snappy.0.1.0/snappy-30-d8a4ae.out
# stderr-file          /home/opam/.opam/4.02.0dev+module-aliases/build/snappy.0.1.0/snappy-30-d8a4ae.err
### stdout ###
# ...[truncated]
# Compiler support generation of .cmxs.: ......... true
# OCamlbuild additional flags: ................... 
# ocamldoc: ...................................... /home/opam/.opam/4.02.0dev+module-aliases/bin/ocamldoc
# 
# ocamlfind ocamlopt unix.cmxa -I /home/opam/.opam/4.02.0dev+module-aliases/lib/ocaml/ocamlbuild /home/opam/.opam/4.02.0dev+module-aliases/lib/ocaml/ocamlbuild/ocamlbuildlib.cmxa -linkpkg myocamlbuild.ml /home/opam/.opam/4.02.0dev+module-aliases/lib/ocaml/ocamlbuild/ocamlbuild.cmx -o myocamlbuild
# ocamlfind ocamlc -ccopt -x -ccopt c++ -c src/snappy_stubs.c
# + ocamlfind ocamlc -ccopt -x -ccopt c++ -c src/snappy_stubs.c
# src/snappy_stubs.c:4:20: fatal error: snappy.h: No such file or directory
# compilation terminated.
# Command exited with code 2.
### stderr ###
# E: Failure("Command ''/home/opam/.opam/4.02.0dev+module-aliases/bin/ocamlbuild' src/libsnappy_stubs.a src/dllsnappy_stubs.so src/snappy.cma src/snappy.cmxa src/snappy.a src/snappy.cmxs test.native -tag debug' terminated with error code 10")

'opam install snappy' failed.
