++ opam install eliom -e centos,centos-7
+ depext=openssl-devel
+ echo CentOS 7 depexts: openssl-devel
CentOS 7 depexts: openssl-devel
+ '[' openssl-devel '!=' '' ']'
+ sudo yum install -y openssl-devel
Loaded plugins: fastestmirror
Loading mirror speeds from cached hostfile
 * base: mirrors.melbourne.co.uk
 * extras: mirrors.coreix.net
 * updates: mirrors.coreix.net
Resolving Dependencies
--> Running transaction check
---> Package openssl-devel.x86_64 1:1.0.1e-34.el7_0.6 will be installed
--> Processing Dependency: zlib-devel(x86-64) for package: 1:openssl-devel-1.0.1e-34.el7_0.6.x86_64
--> Processing Dependency: krb5-devel(x86-64) for package: 1:openssl-devel-1.0.1e-34.el7_0.6.x86_64
--> Running transaction check
---> Package krb5-devel.x86_64 0:1.11.3-49.el7 will be installed
--> Processing Dependency: libverto-devel for package: krb5-devel-1.11.3-49.el7.x86_64
--> Processing Dependency: libselinux-devel for package: krb5-devel-1.11.3-49.el7.x86_64
--> Processing Dependency: libcom_err-devel for package: krb5-devel-1.11.3-49.el7.x86_64
--> Processing Dependency: keyutils-libs-devel for package: krb5-devel-1.11.3-49.el7.x86_64
---> Package zlib-devel.x86_64 0:1.2.7-13.el7 will be installed
--> Running transaction check
---> Package keyutils-libs-devel.x86_64 0:1.5.8-3.el7 will be installed
---> Package libcom_err-devel.x86_64 0:1.42.9-4.el7 will be installed
---> Package libselinux-devel.x86_64 0:2.2.2-6.el7 will be installed
--> Processing Dependency: libsepol-devel >= 2.1.9-1 for package: libselinux-devel-2.2.2-6.el7.x86_64
--> Processing Dependency: pkgconfig(libsepol) for package: libselinux-devel-2.2.2-6.el7.x86_64
--> Processing Dependency: pkgconfig(libpcre) for package: libselinux-devel-2.2.2-6.el7.x86_64
---> Package libverto-devel.x86_64 0:0.2.5-4.el7 will be installed
--> Running transaction check
---> Package libsepol-devel.x86_64 0:2.1.9-3.el7 will be installed
---> Package pcre-devel.x86_64 0:8.32-12.el7 will be installed
--> Finished Dependency Resolution

Dependencies Resolved

================================================================================
 Package                 Arch       Version                   Repository   Size
================================================================================
Installing:
 openssl-devel           x86_64     1:1.0.1e-34.el7_0.6       updates     1.2 M
Installing for dependencies:
 keyutils-libs-devel     x86_64     1.5.8-3.el7               base         37 k
 krb5-devel              x86_64     1.11.3-49.el7             base        611 k
 libcom_err-devel        x86_64     1.42.9-4.el7              base         30 k
 libselinux-devel        x86_64     2.2.2-6.el7               base        174 k
 libsepol-devel          x86_64     2.1.9-3.el7               base         71 k
 libverto-devel          x86_64     0.2.5-4.el7               base         12 k
 pcre-devel              x86_64     8.32-12.el7               base        477 k
 zlib-devel              x86_64     1.2.7-13.el7              base         49 k

Transaction Summary
================================================================================
Install  1 Package (+8 Dependent packages)

Total download size: 2.6 M
Installed size: 5.7 M
Downloading packages:
--------------------------------------------------------------------------------
Total                                              1.5 MB/s | 2.6 MB  00:01     
Running transaction check
Running transaction test
Transaction test succeeded
Running transaction
  Installing : keyutils-libs-devel-1.5.8-3.el7.x86_64                       1/9 
  Installing : pcre-devel-8.32-12.el7.x86_64                                2/9 
  Installing : zlib-devel-1.2.7-13.el7.x86_64                               3/9 
  Installing : libsepol-devel-2.1.9-3.el7.x86_64                            4/9 
  Installing : libselinux-devel-2.2.2-6.el7.x86_64                          5/9 
  Installing : libverto-devel-0.2.5-4.el7.x86_64                            6/9 
  Installing : libcom_err-devel-1.42.9-4.el7.x86_64                         7/9 
  Installing : krb5-devel-1.11.3-49.el7.x86_64                              8/9 
  Installing : 1:openssl-devel-1.0.1e-34.el7_0.6.x86_64                     9/9 
  Verifying  : libcom_err-devel-1.42.9-4.el7.x86_64                         1/9 
  Verifying  : libselinux-devel-2.2.2-6.el7.x86_64                          2/9 
  Verifying  : libverto-devel-0.2.5-4.el7.x86_64                            3/9 
  Verifying  : 1:openssl-devel-1.0.1e-34.el7_0.6.x86_64                     4/9 
  Verifying  : libsepol-devel-2.1.9-3.el7.x86_64                            5/9 
  Verifying  : krb5-devel-1.11.3-49.el7.x86_64                              6/9 
  Verifying  : zlib-devel-1.2.7-13.el7.x86_64                               7/9 
  Verifying  : pcre-devel-8.32-12.el7.x86_64                                8/9 
  Verifying  : keyutils-libs-devel-1.5.8-3.el7.x86_64                       9/9 

Installed:
  openssl-devel.x86_64 1:1.0.1e-34.el7_0.6                                      

Dependency Installed:
  keyutils-libs-devel.x86_64 0:1.5.8-3.el7                                      
  krb5-devel.x86_64 0:1.11.3-49.el7                                             
  libcom_err-devel.x86_64 0:1.42.9-4.el7                                        
  libselinux-devel.x86_64 0:2.2.2-6.el7                                         
  libsepol-devel.x86_64 0:2.1.9-3.el7                                           
  libverto-devel.x86_64 0:0.2.5-4.el7                                           
  pcre-devel.x86_64 0:8.32-12.el7                                               
  zlib-devel.x86_64 0:1.2.7-13.el7                                              

Complete!
+ opam install eliom
The following actions will be performed:
 - install   base-bytes.base                       [required by deriving]
 - install   optcomp.1.6                           [required by deriving]
 - install   conf-libpcre.1                        [required by pcre]
 - install   cryptokit.1.9                         [required by ocsigenserver]
 - install   calendar.2.03.2                       [required by eliom]
 - install   ssl.0.4.7                             [required by ocsigenserver]
 - install   cmdliner.0.9.6                        [required by js_of_ocaml]
 - install   menhir.20140422                       [required by js_of_ocaml]
 - install   sqlite3.2.0.7                         [required by ocsigenserver]
 - install   react.1.2.0                           [required by ocsigenserver]
 - install   type_conv.112.01.00                   [required by deriving]
 - install   uutf.0.9.3                            [required by tyxml]
 - install   pcre.7.1.3                            [required by ocsigenserver]
 - install   reactiveData.0.1                      [required by eliom]
 - install   lwt.2.4.5                             [required by ocsigenserver, js_of_ocaml]
 - install   sexplib.112.01.00                     [required by ipaddr]
 - install   deriving.0.7                          [required by eliom]
 - install   tyxml.3.3.0                           [required by eliom]
 - install   ocamlnet.3.7.7                        [required by ocsigenserver]
 - install   ipaddr.2.5.0                          [required by eliom]
 - install   js_of_ocaml.2.5                       [required by eliom]
 - install   ocsigenserver.2.5                     [required by eliom]
 - install   eliom.4.1.0
=== 23 to install ===

=-=- Synchronizing package archives -=-=-=-=-=-=-=-=-=-=-=-=-=-=-=-=-=-=-=-=-=-=
[calendar.2.03.2] Downloading http://forge.ocamlcore.org/frs/download.php/915/calendar-2.03.2.tar.gz
[cmdliner.0.9.6] Downloading http://erratique.ch/software/cmdliner/releases/cmdliner-0.9.6.tbz
[cryptokit.1.9] Downloading https://forge.ocamlcore.org/frs/download.php/1229/cryptokit-1.9.tar.gz
[deriving.0.7] Downloading http://ocsigen.org/download/deriving-0.7.tar.gz
[eliom.4.1.0] Downloading https://github.com/ocsigen/eliom/archive/4.1.0.tar.gz
[ipaddr.2.5.0] Downloading https://github.com/mirage/ocaml-ipaddr/archive/2.5.0.tar.gz
[js_of_ocaml.2.5] Downloading https://github.com/ocsigen/js_of_ocaml/archive/2.5.tar.gz
[lwt.2.4.5] Downloading https://github.com/ocsigen/lwt/archive/2.4.5.tar.gz
[menhir.20140422] Downloading http://cristal.inria.fr/~fpottier/menhir/menhir-20140422.tar.gz
[ocamlnet.3.7.7] Downloading http://download.camlcity.org/download/ocamlnet-3.7.7.tar.gz
[ocsigenserver.2.5] Downloading https://github.com/ocsigen/ocsigenserver/archive/2.5.tar.gz
[optcomp.1.6] Downloading https://github.com/diml/optcomp/archive/1.6.tar.gz
[pcre.7.1.3] Downloading https://github.com/mmottl/pcre-ocaml/releases/download/v7.1.3/pcre-ocaml-7.1.3.tar.gz
[react.1.2.0] Downloading http://erratique.ch/software/react/releases/react-1.2.0.tbz
[reactiveData.0.1] Downloading https://github.com/hhugo/reactiveData/archive/0.1.tar.gz
[sexplib.112.01.00] Downloading https://ocaml.janestreet.com/ocaml-core/112.01.00/individual/sexplib-112.01.00.tar.gz
[sqlite3.2.0.7] Downloading https://github.com/mmottl/sqlite3-ocaml/releases/download/v2.0.7/sqlite3-ocaml-2.0.7.tar.gz
[ssl.0.4.7] Downloading http://downloads.sourceforge.net/project/savonet/ocaml-ssl/0.4.7/ocaml-ssl-0.4.7.tar.gz
[type_conv.112.01.00] Downloading https://ocaml.janestreet.com/ocaml-core/112.01.00/individual/type_conv-112.01.00.tar.gz
[tyxml.3.3.0] Downloading https://github.com/ocsigen/tyxml/archive/3.3.0.tar.gz
[uutf.0.9.3] Downloading http://erratique.ch/software/uutf/releases/uutf-0.9.3.tbz

=-=- Installing packages =-=-=-=-=-=-=-=-=-=-=-=-=-=-=-=-=-=-=-=-=-=-=-=-=-=-=-=
Installing base-bytes.base.
Building calendar.2.03.2:
  ./configure
  make
  make install
Installing calendar.2.03.2.
Building cmdliner.0.9.6:
  ocaml pkg/git.ml
  ocaml pkg/build.ml native=false native-dynlink=false
Installing cmdliner.0.9.6.
Building conf-libpcre.1:
  pkg-config libpcre
Installing conf-libpcre.1.
Building cryptokit.1.9:
  make
  make install
Installing cryptokit.1.9.
Copying ~/.opam/repo/default/packages/menhir/menhir.20140422/files/menhir.install to ~/.opam/4.02.1/build/menhir.20140422/
Building menhir.20140422:
  make PREFIX=/home/opam/.opam/4.02.1 docdir=/home/opam/.opam/4.02.1/doc/menhir libdir=/home/opam/.opam/4.02.1/lib/menhir mandir=/home/opam/.opam/4.02.1/man/man1
  make install PREFIX=/home/opam/.opam/4.02.1 docdir=/home/opam/.opam/4.02.1/doc/menhir libdir=/home/opam/.opam/4.02.1/lib/menhir mandir=/home/opam/.opam/4.02.1/man/man1
Installing menhir.20140422.
Building optcomp.1.6:
  ./configure --prefix /home/opam/.opam/4.02.1
  make
  make install
Installing optcomp.1.6.
Building react.1.2.0:
  ocaml pkg/git.ml
  ocaml pkg/build.ml native=true native-dynlink=true
Installing react.1.2.0.
Building sqlite3.2.0.7:
  ocaml setup.ml -configure --prefix /home/opam/.opam/4.02.1
  ocaml setup.ml -build
  ocaml setup.ml -install
[ERROR] The compilation of sqlite3.2.0.7 failed.
Removing sqlite3.2.0.7.
  ocamlfind remove sqlite3
Copying ~/.opam/repo/default/packages/ssl/ssl.0.4.7/files/pkgconfigure to ~/.opam/4.02.1/build/ssl.0.4.7/
Building ssl.0.4.7:
  ./configure --prefix /home/opam/.opam/4.02.1
  make
  make install
Installing ssl.0.4.7.
Building type_conv.112.01.00:
  make
  make install
Installing type_conv.112.01.00.
Building uutf.0.9.3:
  ./pkg/pkg-git
  ./pkg/build true
Installing uutf.0.9.3.
Building deriving.0.7:
  ocaml setup.ml -configure --prefix /home/opam/.opam/4.02.1 --enable-tc
  make
  make install
Installing deriving.0.7.
Building lwt.2.4.5:
  ./configure --disable-libev --enable-react --enable-ssl --enable-unix --enable-extra --enable-preemptive --disable-glib --disable-text
  make build
  make install
Installing lwt.2.4.5.
Building pcre.7.1.3:
  ocaml setup.ml -configure --prefix /home/opam/.opam/4.02.1
  ocaml setup.ml -build
  ocaml setup.ml -install
Installing pcre.7.1.3.
Building reactiveData.0.1:
  ocaml pkg/build.ml native=true native-dynlink=true
Installing reactiveData.0.1.
Building sexplib.112.01.00:
  ./configure --enable-syntax
  make
  make install
Installing sexplib.112.01.00.
Building tyxml.3.3.0:
  ./configure --enable-syntax --prefix /home/opam/.opam/4.02.1
  make
  make install
Installing tyxml.3.3.0.
Building ipaddr.2.5.0:
  ocaml setup.ml -configure --prefix /home/opam/.opam/4.02.1
  make build
  make install
Installing ipaddr.2.5.0.
Building js_of_ocaml.2.5:
  make build
  make install-lib BINDIR=/home/opam/.opam/4.02.1/bin
[ERROR] The compilation of js_of_ocaml.2.5 failed.
Removing js_of_ocaml.2.5.
  ocamlfind remove js_of_ocaml
Copying ~/.opam/repo/default/packages/ocamlnet/ocamlnet.3.7.7/files/robust-host.patch to ~/.opam/4.02.1/build/ocamlnet.3.7.7/
Copying ~/.opam/repo/default/packages/ocamlnet/ocamlnet.3.7.7/files/ocamlnet.install to ~/.opam/4.02.1/build/ocamlnet.3.7.7/
Applying robust-host.patch.
Building ocamlnet.3.7.7:
  ./configure -bindir /home/opam/.opam/4.02.1/bin -enable-pcre -disable-gtk2 -enable-ssl -disable-zip -enable-crypto -with-nethttpd
  make all
  make opt
  make install
Installing ocamlnet.3.7.7.


=-=- Error report -=-=-=-=-=-=-=-=-=-=-=-=-=-=-=-=-=-=-=-=-=-=-=-=-=-=-=-=-=-=-=
These actions have been completed successfully
 - install   sexplib.112.01.00
 - install   uutf.0.9.3
 - install   type_conv.112.01.00
 - install   react.1.2.0
 - install   menhir.20140422
 - install   cmdliner.0.9.6
 - install   ipaddr.2.5.0
 - install   ssl.0.4.7
 - install   calendar.2.03.2
 - install   cryptokit.1.9
 - install   deriving.0.7
 - install   ocamlnet.3.7.7
 - install   reactiveData.0.1
 - install   lwt.2.4.5
 - install   conf-libpcre.1
 - install   optcomp.1.6
 - install   tyxml.3.3.0
 - install   pcre.7.1.3
 - install   base-bytes.base
The following failed
 - install   js_of_ocaml.2.5
 - install   sqlite3.2.0.7
Due to the errors, the following have been cancelled
 - install   eliom.4.1.0
 - install   ocsigenserver.2.5

#=== ERROR while installing js_of_ocaml.2.5 ===================================#
# opam-version         1.2.0
# os                   linux
# command              make build
# path                 /home/opam/.opam/4.02.1/build/js_of_ocaml.2.5
# compiler             4.02.1
# exit-code            2
# env-file             /home/opam/.opam/4.02.1/build/js_of_ocaml.2.5/js_of_ocaml-6813-9088e2.env
# stdout-file          /home/opam/.opam/4.02.1/build/js_of_ocaml.2.5/js_of_ocaml-6813-9088e2.out
# stderr-file          /home/opam/.opam/4.02.1/build/js_of_ocaml.2.5/js_of_ocaml-6813-9088e2.err
### stdout ###
# ...[truncated]
# ocamlfind ocamlopt -safe-string -package findlib,cmdliner -for-pack Compiler -g -c driver.ml
# ocamlfind ocamlc -safe-string -package findlib,cmdliner -c pseudoFs.mli
# ocamlfind ocamlopt -safe-string -package findlib,cmdliner -for-pack Compiler -g -c pseudoFs.ml
# ocamlfind ocamlc -safe-string -package findlib,cmdliner -c commonArg.mli
# ocamlfind ocamlopt -safe-string -package findlib,cmdliner -for-pack Compiler -g -c commonArg.ml
# ocamlfind ocamlc -safe-string -package findlib,cmdliner -c compileArg.mli
# ocamlfind ocamlopt -safe-string -package findlib,cmdliner -for-pack Compiler -g -c compileArg.ml
# ocamlfind ocamlopt -safe-string -package findlib,cmdliner -for-pack Compiler -g -c compile.ml
# ocamlfind ocamlopt -safe-string -package findlib,cmdliner -linkpkg -g -o compile.opt compiler_version.cmx util.cmx pretty_print.cmx option.cmx reserved.cmx varPrinter.cmx dgraph.cmx code.cmx javascript.cmx vlq64.cmx source_map.cmx js_output.cmx js_simpl.cmx parse_info.cmx js_token.cmx js_parser.cmx js_lexer.cmx parse_js.cmx primitive.cmx annot_parser.cmx annot_lexer.cmx instr.cmx subst.cmx pure_fun.cmx deadcode.cmx flow.cmx specialize.cmx specialize_js.cmx eval.cmx inline.cmx tailcall.cmx freevars.cmx phisimpl.cmx js_traverse.cmx js_assign.cmx js_tailcall.cmx linker.cmx parse_bytecode.cmx generate.cmx driver.cmx pseudoFs.cmx commonArg.cmx compileArg.cmx compile.cmx
# make[1]: Leaving directory `/home/opam/.opam/4.02.1/build/js_of_ocaml.2.5/compiler'
### stderr ###
# Warning: 12 states have shift/reduce conflicts.
# Warning: 47 shift/reduce conflicts were arbitrarily resolved.
# File "_none_", line 1:
# Error: Cannot find file /home/opam/.opam/4.02.1/lib/cmdliner/cmdliner.cmxa
# make[1]: *** [compile.opt] Error 2
# make: *** [compiler] Error 2


#=== ERROR while installing sqlite3.2.0.7 =====================================#
# opam-version         1.2.0
# os                   linux
# command              ocaml setup.ml -build
# path                 /home/opam/.opam/4.02.1/build/sqlite3.2.0.7
# compiler             4.02.1
# exit-code            1
# env-file             /home/opam/.opam/4.02.1/build/sqlite3.2.0.7/sqlite3-2470-48c407.env
# stdout-file          /home/opam/.opam/4.02.1/build/sqlite3.2.0.7/sqlite3-2470-48c407.out
# stderr-file          /home/opam/.opam/4.02.1/build/sqlite3.2.0.7/sqlite3-2470-48c407.err
### stdout ###
# ...[truncated]
# Turn ocaml profile flag on: .......................... false
# Compiler support generation of .cmxs.: ............... true
# OCamlbuild additional flags: ......................... 
# Strict compile-time checks: .......................... true
# Create documentations: ............................... true
# Compile tests executable and library and run them: ... false
# ocamldoc: ............................................ /home/opam/.opam/4.02.1/bin/ocamldoc
# 
# /home/opam/.opam/4.02.1/bin/ocamlopt.opt unix.cmxa -I /home/opam/.opam/4.02.1/lib/ocaml/ocamlbuild /home/opam/.opam/4.02.1/lib/ocaml/ocamlbuild/ocamlbuildlib.cmxa myocamlbuild.ml /home/opam/.opam/4.02.1/lib/ocaml/ocamlbuild/ocamlbuild.cmx -o myocamlbuild
# Failure: pkg-config failed for cflags.
### stderr ###
# ...[truncated]
# Warning 3: deprecated: String.set
# Use Bytes.set instead.
# File "setup.ml", line 2502, characters 6-24:
# Warning 3: deprecated: Lazy.lazy_from_fun
# Use Lazy.from_fun instead.
# Package sqlite3 was not found in the pkg-config search path.
# Perhaps you should add the directory containing `sqlite3.pc'
# to the PKG_CONFIG_PATH environment variable
# No package 'sqlite3' found
# E: Failure("Command ''/home/opam/.opam/4.02.1/bin/ocamlbuild' lib/libsqlite3_stubs.a lib/dllsqlite3_stubs.so lib/sqlite3.cma lib/sqlite3.cmxa lib/sqlite3.a lib/sqlite3.cmxs -tag debug' terminated with error code 2")


The former state can be restored with opam switch import "/home/opam/.opam/4.02.1/backup/state-20141108061421.export"
