++ opam install genet -e centos,centos-7
+ depext=
CentOS 7 depexts:
+ echo CentOS 7 depexts:
+ '[' '' '!=' '' ']'
+ opam install genet
The following actions will be performed:
 - install   config-file.1.2                       [required by genet]
 - install   conf-libpcre.1                        [required by pcre]
 - install   mysql.1.1.3                           [required by genet]
 - install   conf-gnomecanvas.2                    [required by genet]
 - install   cryptokit.1.9                         [required by rdf, ocamlnet]
 - install   conf-glade.2                          [required by genet]
 - install   xmlm.1.2.0                            [required by xtmpl, lablgtk-extras, rdf]
 - install   conf-gtksourceview.2                  [required by lablgtk-extras, lablgtk]
 - install   ulex.1.1                              [required by rdf]
 - install   menhir.20140422                       [required by genet]
 - install   uuidm.0.9.5                           [required by rdf]
 - install   pcre.7.1.3                            [required by genet]
 - install   xtmpl.0.10                            [required by genet]
 - install   lablgtk.2.18.3                        [required by genet]
 - install   ocamlnet.3.7.7                        [required by genet]
 - install   ocamldot.1.0                          [required by genet]
 - install   lablgtk-extras.1.5                    [required by genet]
 - install   rdf.0.8.0                             [required by genet]
 - install   genet.0.6
=== 19 to install ===

=-=- Synchronizing package archives -=-=-=-=-=-=-=-=-=-=-=-=-=-=-=-=-=-=-=-=-=-=
[config-file.1.2] Downloading https://forge.ocamlcore.org/frs/download.php/1387/config-file-1.2.tar.gz
[cryptokit.1.9] Downloading https://forge.ocamlcore.org/frs/download.php/1229/cryptokit-1.9.tar.gz
[genet.0.6] Downloading http://zoggy.github.io/genet/genet-0.6.tar.gz
[lablgtk.2.18.3] Downloading https://forge.ocamlcore.org/frs/download.php/1479/lablgtk-2.18.3.tar.gz
[lablgtk-extras.1.5] Downloading https://forge.ocamlcore.org/frs/download.php/1453/lablgtkextras-1.5.tar.gz
[menhir.20140422] Downloading http://cristal.inria.fr/~fpottier/menhir/menhir-20140422.tar.gz
[mysql.1.1.3] Downloading https://forge.ocamlcore.org/frs/download.php/1472/ocaml-mysql-1.1.3.tar.gz
[ocamldot.1.0] Downloading http://zoggy.github.com/ocamldot/ocamldot-1.0.tar.gz
[ocamlnet.3.7.7] Downloading http://download.camlcity.org/download/ocamlnet-3.7.7.tar.gz
[pcre.7.1.3] Downloading https://github.com/mmottl/pcre-ocaml/releases/download/v7.1.3/pcre-ocaml-7.1.3.tar.gz
[rdf.0.8.0] Downloading http://zoggy.github.io/ocaml-rdf/ocaml-rdf-0.8.0.tar.gz
[ulex.1.1] Downloading http://ftp.de.debian.org/debian/pool/main/u/ulex/ulex_1.1.orig.tar.gz
[uuidm.0.9.5] Downloading http://erratique.ch/software/uuidm/releases/uuidm-0.9.5.tbz
[xmlm.1.2.0] Downloading http://erratique.ch/software/xmlm/releases/xmlm-1.2.0.tbz
[xtmpl.0.10] Downloading http://zoggy.github.com/xtmpl/xtmpl-0.10.tar.gz

=-=- Installing packages =-=-=-=-=-=-=-=-=-=-=-=-=-=-=-=-=-=-=-=-=-=-=-=-=-=-=-=
Building conf-glade.2:
  pkg-config libglade-2.0
[ERROR] The compilation of conf-glade.2 failed.
Removing conf-glade.2.
  Nothing to do.
Building conf-gnomecanvas.2:
  pkg-config libgnomecanvas-2.0
[ERROR] The compilation of conf-gnomecanvas.2 failed.
Removing conf-gnomecanvas.2.
  Nothing to do.
Building conf-gtksourceview.2:
  pkg-config gtksourceview-2.0
[ERROR] The compilation of conf-gtksourceview.2 failed.
Removing conf-gtksourceview.2.
  Nothing to do.
Building conf-libpcre.1:
  pkg-config libpcre
[ERROR] The compilation of conf-libpcre.1 failed.
Removing conf-libpcre.1.
  Nothing to do.
Building config-file.1.2:
  ./configure --prefix /home/opam/.opam/4.02.1
  make all
  make install
Installing config-file.1.2.
Building cryptokit.1.9:
  make
  make install
[ERROR] The compilation of cryptokit.1.9 failed.
Removing cryptokit.1.9.
  ocamlfind remove cryptokit
Copying ~/.opam/repo/default/packages/menhir/menhir.20140422/files/menhir.install to ~/.opam/4.02.1/build/menhir.20140422/
Building menhir.20140422:
  make PREFIX=/home/opam/.opam/4.02.1 docdir=/home/opam/.opam/4.02.1/doc/menhir libdir=/home/opam/.opam/4.02.1/lib/menhir mandir=/home/opam/.opam/4.02.1/man/man1
  make install PREFIX=/home/opam/.opam/4.02.1 docdir=/home/opam/.opam/4.02.1/doc/menhir libdir=/home/opam/.opam/4.02.1/lib/menhir mandir=/home/opam/.opam/4.02.1/man/man1
Installing menhir.20140422.
Building mysql.1.1.3:
  ./configure --prefix /home/opam/.opam/4.02.1
  make
  make install
[ERROR] The compilation of mysql.1.1.3 failed.
Removing mysql.1.1.3.
  ocamlfind remove mysql
Building ulex.1.1:
  make
  make all.opt
  make install
Installing ulex.1.1.
Copying ~/.opam/repo/default/packages/uuidm/uuidm.0.9.5/files/uuidm.install to ~/.opam/4.02.1/build/uuidm.0.9.5/
Building uuidm.0.9.5:
  ocaml setup.ml -configure --prefix /home/opam/.opam/4.02.1
  ocaml setup.ml -build
  ocaml setup.ml -install
Installing uuidm.0.9.5.
Building xmlm.1.2.0:
  ./pkg/pkg-git
  ./pkg/build true
Installing xmlm.1.2.0.
Building xtmpl.0.10:
  make all
  make install
Installing xtmpl.0.10.


=-=- Error report -=-=-=-=-=-=-=-=-=-=-=-=-=-=-=-=-=-=-=-=-=-=-=-=-=-=-=-=-=-=-=
These actions have been completed successfully
 - install   uuidm.0.9.5
 - install   menhir.20140422
 - install   xtmpl.0.10
 - install   ulex.1.1
 - install   xmlm.1.2.0
 - install   config-file.1.2
The following failed
 - install   conf-glade.2
 - install   conf-gnomecanvas.2
 - install   conf-gtksourceview.2
 - install   conf-libpcre.1
 - install   cryptokit.1.9
 - install   mysql.1.1.3
Due to the errors, the following have been cancelled
 - install   lablgtk-extras.1.5
 - install   pcre.7.1.3
 - install   lablgtk.2.18.3
 - install   ocamlnet.3.7.7
 - install   genet.0.6
 - install   ocamldot.1.0
 - install   rdf.0.8.0

=-=- conf-gtksourceview.2 troubleshooting -=-=-=-=-=-=-=-=-=-=-=-=-=-=-=-=-=-=-=
=> This package requires gtksourceview 2.0 development packages installed on your system

#=== ERROR while installing conf-glade.2 ======================================#
# opam-version         1.2.0
# os                   linux
# command              pkg-config libglade-2.0
# path                 /home/opam/.opam/4.02.1/build/conf-glade.2
# compiler             4.02.1
# exit-code            1
# env-file             /home/opam/.opam/4.02.1/build/conf-glade.2/conf-glade-173-a00279.env
# stdout-file          /home/opam/.opam/4.02.1/build/conf-glade.2/conf-glade-173-a00279.out
# stderr-file          /home/opam/.opam/4.02.1/build/conf-glade.2/conf-glade-173-a00279.err


#=== ERROR while installing conf-gnomecanvas.2 ================================#
# opam-version         1.2.0
# os                   linux
# command              pkg-config libgnomecanvas-2.0
# path                 /home/opam/.opam/4.02.1/build/conf-gnomecanvas.2
# compiler             4.02.1
# exit-code            1
# env-file             /home/opam/.opam/4.02.1/build/conf-gnomecanvas.2/conf-gnomecanvas-176-d0f245.env
# stdout-file          /home/opam/.opam/4.02.1/build/conf-gnomecanvas.2/conf-gnomecanvas-176-d0f245.out
# stderr-file          /home/opam/.opam/4.02.1/build/conf-gnomecanvas.2/conf-gnomecanvas-176-d0f245.err


#=== ERROR while installing conf-gtksourceview.2 ==============================#
# opam-version         1.2.0
# os                   linux
# command              pkg-config gtksourceview-2.0
# path                 /home/opam/.opam/4.02.1/build/conf-gtksourceview.2
# compiler             4.02.1
# exit-code            1
# env-file             /home/opam/.opam/4.02.1/build/conf-gtksourceview.2/conf-gtksourceview-179-6cc03f.env
# stdout-file          /home/opam/.opam/4.02.1/build/conf-gtksourceview.2/conf-gtksourceview-179-6cc03f.out
# stderr-file          /home/opam/.opam/4.02.1/build/conf-gtksourceview.2/conf-gtksourceview-179-6cc03f.err


#=== ERROR while installing conf-libpcre.1 ====================================#
# opam-version         1.2.0
# os                   linux
# command              pkg-config libpcre
# path                 /home/opam/.opam/4.02.1/build/conf-libpcre.1
# compiler             4.02.1
# exit-code            1
# env-file             /home/opam/.opam/4.02.1/build/conf-libpcre.1/conf-libpcre-182-865888.env
# stdout-file          /home/opam/.opam/4.02.1/build/conf-libpcre.1/conf-libpcre-182-865888.out
# stderr-file          /home/opam/.opam/4.02.1/build/conf-libpcre.1/conf-libpcre-182-865888.err


#=== ERROR while installing cryptokit.1.9 =====================================#
# opam-version         1.2.0
# os                   linux
# command              make
# path                 /home/opam/.opam/4.02.1/build/cryptokit.1.9
# compiler             4.02.1
# exit-code            2
# env-file             /home/opam/.opam/4.02.1/build/cryptokit.1.9/cryptokit-433-b76d46.env
# stdout-file          /home/opam/.opam/4.02.1/build/cryptokit.1.9/cryptokit-433-b76d46.out
# stderr-file          /home/opam/.opam/4.02.1/build/cryptokit.1.9/cryptokit-433-b76d46.err
### stdout ###
# ...[truncated]
# mv stubs-misc.o src/stubs-misc.o
# ocamlfind ocamlc -ccopt -O -ccopt -DHAVE_ZLIB -c src/stubs-rng.c
# mv stubs-rng.o src/stubs-rng.o
# ocamlfind ocamlc -ccopt -O -ccopt -DHAVE_ZLIB -c src/stubs-zlib.c
# + ocamlfind ocamlc -ccopt -O -ccopt -DHAVE_ZLIB -c src/stubs-zlib.c
# src/stubs-zlib.c:19:18: fatal error: zlib.h: No such file or directory
#  #include <zlib.h>
#                   ^
# compilation terminated.
# Command exited with code 2.
### stderr ###
# ...[truncated]
# Warning 3: deprecated: Lazy.lazy_from_fun
# Use Lazy.from_fun instead.
# File "/home/gildor/programmation/oasis/src/oasis/OASISString.ml", line 118, characters 8-26:
# Warning 3: deprecated: String.set
# Use Bytes.set instead.
# File "/home/gildor/programmation/oasis/src/oasis/OASISFindlib.ml", line 256, characters 6-24:
# Warning 3: deprecated: Lazy.lazy_from_fun
# Use Lazy.from_fun instead.
# E: Failure("Command ''/home/opam/.opam/4.02.1/bin/ocamlbuild' src/libcryptokit_stubs.a src/dllcryptokit_stubs.so src/cryptokit.cma src/cryptokit.cmxa src/cryptokit.a src/cryptokit.cmxs -tag debug -classic-display' terminated with error code 10")
# make: *** [build] Error 1


#=== ERROR while installing mysql.1.1.3 =======================================#
# opam-version         1.2.0
# os                   linux
# command              ./configure --prefix /home/opam/.opam/4.02.1
# path                 /home/opam/.opam/4.02.1/build/mysql.1.1.3
# compiler             4.02.1
# exit-code            1
# env-file             /home/opam/.opam/4.02.1/build/mysql.1.1.3/mysql-1889-8b8a2d.env
# stdout-file          /home/opam/.opam/4.02.1/build/mysql.1.1.3/mysql-1889-8b8a2d.out
# stderr-file          /home/opam/.opam/4.02.1/build/mysql.1.1.3/mysql-1889-8b8a2d.err
### stdout ###
# ...[truncated]
# checking whether gcc accepts -g... yes
# checking for gcc option to accept ISO C89... none needed
# configure: checking for C header files...
# checking how to run the C preprocessor... gcc -E
# checking for grep that handles long lines and -e... /usr/bin/grep
# checking for egrep... /usr/bin/grep -E
# checking for ANSI C header files... yes
# configure: checking libraries...
# configure: checking for MySQL library...
# checking for mysql_real_connect in -lmysqlclient... no
### stderr ###
# configure: error: MySQL client library not found


The former state can be restored with opam switch import "/home/opam/.opam/4.02.1/backup/state-20141108062909.export"
