++ opam install gsasl -e centos,centos-7
+ depext=libffi-devel
+ echo CentOS 7 depexts: libffi-devel
CentOS 7 depexts: libffi-devel
+ '[' libffi-devel '!=' '' ']'
+ sudo yum install -y libffi-devel
Loaded plugins: fastestmirror
Loading mirror speeds from cached hostfile
 * base: mirror.sov.uk.goscomb.net
 * extras: mirror.sov.uk.goscomb.net
 * updates: mirrors.coreix.net
Resolving Dependencies
--> Running transaction check
---> Package libffi-devel.x86_64 0:3.0.13-11.el7 will be installed
--> Finished Dependency Resolution

Dependencies Resolved

================================================================================
 Package              Arch           Version                 Repository    Size
================================================================================
Installing:
 libffi-devel         x86_64         3.0.13-11.el7           base          22 k

Transaction Summary
================================================================================
Install  1 Package

Total download size: 22 k
Installed size: 27 k
Downloading packages:
Running transaction check
Running transaction test
Transaction test succeeded
Running transaction
  Installing : libffi-devel-3.0.13-11.el7.x86_64                            1/1 
install-info: No such file or directory for /usr/share/info/libffi.info.gz
warning: %post(libffi-devel-3.0.13-11.el7.x86_64) scriptlet failed, exit status 1
Non-fatal POSTIN scriptlet failure in rpm package libffi-devel-3.0.13-11.el7.x86_64
  Verifying  : libffi-devel-3.0.13-11.el7.x86_64                            1/1 

Installed:
  libffi-devel.x86_64 0:3.0.13-11.el7                                           

Complete!
+ opam install gsasl
The following actions will be performed:
 - install   conf-libgsasl.1                       [required by gsasl]
 - install   ctypes.0.3                            [required by gsasl]
 - install   gsasl.0.10.0
=== 3 to install ===

=-=- Synchronizing package archives -=-=-=-=-=-=-=-=-=-=-=-=-=-=-=-=-=-=-=-=-=-=
[ctypes.0.3] Downloading https://github.com/ocamllabs/ocaml-ctypes/archive/0.3.tar.gz
[gsasl.0.10.0] Downloading https://github.com/nojb/ocaml-gsasl/archive/v0.10.0.tar.gz

=-=- Installing packages =-=-=-=-=-=-=-=-=-=-=-=-=-=-=-=-=-=-=-=-=-=-=-=-=-=-=-=
Copying ~/.opam/repo/default/packages/conf-libgsasl/conf-libgsasl.1/files/test.c to ~/.opam/4.02.1/build/conf-libgsasl.1/
Building conf-libgsasl.1:
  cc -c test.c
[ERROR] The compilation of conf-libgsasl.1 failed.
Removing conf-libgsasl.1.
  Nothing to do.
Building ctypes.0.3:
  make
  make install
Installing ctypes.0.3.


#=== ERROR while installing conf-libgsasl.1 ===================================#
# opam-version         1.2.0
# os                   linux
# command              cc -c test.c
# path                 /home/opam/.opam/4.02.1/build/conf-libgsasl.1
# compiler             4.02.1
# exit-code            1
# env-file             /home/opam/.opam/4.02.1/build/conf-libgsasl.1/conf-libgsasl-72-7afd23.env
# stdout-file          /home/opam/.opam/4.02.1/build/conf-libgsasl.1/conf-libgsasl-72-7afd23.out
# stderr-file          /home/opam/.opam/4.02.1/build/conf-libgsasl.1/conf-libgsasl-72-7afd23.err
### stderr ###
# test.c:1:19: fatal error: gsasl.h: No such file or directory
#  #include <gsasl.h>
#                    ^
# compilation terminated.


=-=- Error report -=-=-=-=-=-=-=-=-=-=-=-=-=-=-=-=-=-=-=-=-=-=-=-=-=-=-=-=-=-=-=
These actions have been completed successfully
 - install   ctypes.0.3
The following failed
 - install   conf-libgsasl.1
Due to the errors, the following have been cancelled
 - install   gsasl.0.10.0

The former state can be restored with opam switch import "/home/opam/.opam/4.02.1/backup/state-20141108063412.export"
