++ opam install riakc_ppx -e centos,centos-7
+ depext=
+ echo CentOS 7 depexts:
CentOS 7 depexts:
+ '[' '' '!=' '' ']'
+ opam install riakc_ppx
The following actions will be performed:
 - install   omake.0.9.8.6-0.rc1                   [required by riakc_ppx]
 - install   herelib.109.35.02                     [required by async_unix, async_kernel]
 - install   pipebang.110.01.00                    [required by async_extra]
 - install   ppx_tools.0.99.2                      [required by ppx_deriving]
 - install   ounit.2.0.0                           [required by pa_ounit]
 - install   type_conv.112.01.00                   [required by bin_prot]
 - install   bitstring.2.0.4                       [required by riakc_ppx]
 - install   ppx_deriving.1.0                      [required by ppx_deriving_protobuf]
 - install   variantslib.109.15.03                 [required by core]
 - install   sexplib.112.01.00                     [required by async_extra]
 - install   pa_ounit.111.28.00                    [required by async_extra]
 - install   fieldslib.109.20.03                   [required by async_extra]
 - install   enumerate.111.08.00                   [required by core]
 - install   comparelib.109.60.00                  [required by async_unix]
 - install   bin_prot.112.01.00                    [required by async_extra]
 - install   ppx_deriving_protobuf.2.0             [required by riakc_ppx]
 - install   pa_bench.111.28.00                    [required by core]
 - install   custom_printf.112.01.00               [required by core]
 - install   pa_test.111.08.00                     [required by async_unix, async_kernel]
 - install   typerep.111.17.00                     [required by core_kernel]
 - install   core_kernel.112.01.00                 [required by core]
 - install   core.112.01.01                        [required by riakc_ppx]
 - install   async_kernel.112.01.00                [required by async]
 - install   async_unix.112.01.00                  [required by async]
 - install   async_extra.112.01.00                 [required by async]
 - install   async.112.01.00                       [required by riakc_ppx]
 - install   riakc_ppx.3.1.0
=== 27 to install ===

=-=- Synchronizing package archives -=-=-=-=-=-=-=-=-=-=-=-=-=-=-=-=-=-=-=-=-=-=
[async.112.01.00] Downloading https://ocaml.janestreet.com/ocaml-core/112.01.00/individual/async-112.01.00.tar.gz
[async_extra.112.01.00] Downloading https://ocaml.janestreet.com/ocaml-core/112.01.00/individual/async_extra-112.01.00.tar.gz
[async_kernel.112.01.00] Downloading https://ocaml.janestreet.com/ocaml-core/112.01.00/individual/async_kernel-112.01.00.tar.gz
[async_unix.112.01.00] Downloading https://ocaml.janestreet.com/ocaml-core/112.01.00/individual/async_unix-112.01.00.tar.gz
[bin_prot.112.01.00] Downloading https://ocaml.janestreet.com/ocaml-core/112.01.00/individual/bin_prot-112.01.00.tar.gz
[bitstring.2.0.4] Downloading http://bitstring.googlecode.com/files/ocaml-bitstring-2.0.4.tar.gz
[comparelib.109.60.00] Downloading https://ocaml.janestreet.com/ocaml-core/109.60.00/individual/comparelib-109.60.00.tar.gz
[core.112.01.01] Downloading https://ocaml.janestreet.com/ocaml-core/112.01.00/individual/core-112.01.01.tar.gz
[core_kernel.112.01.00] Downloading https://ocaml.janestreet.com/ocaml-core/112.01.00/individual/core_kernel-112.01.00.tar.gz
[custom_printf.112.01.00] Downloading https://ocaml.janestreet.com/ocaml-core/112.01.00/individual/custom_printf-112.01.00.tar.gz
[enumerate.111.08.00] Downloading https://ocaml.janestreet.com/ocaml-core/111.08.00/individual/enumerate-111.08.00.tar.gz
[fieldslib.109.20.03] Downloading https://ocaml.janestreet.com/ocaml-core/109.20.00/individual/fieldslib-109.20.03.tar.gz
[herelib.109.35.02] Downloading https://ocaml.janestreet.com/ocaml-core/109.35.00/individual/herelib-109.35.02.tar.gz
[omake.0.9.8.6-0.rc1] Downloading http://omake.metaprl.org/downloads/omake-0.9.8.6-0.rc1.tar.gz
[ounit.2.0.0] Downloading http://forge.ocamlcore.org/frs/download.php/1258/ounit-2.0.0.tar.gz
[pa_bench.111.28.00] Downloading https://ocaml.janestreet.com/ocaml-core/111.28.00/individual/pa_bench-111.28.00.tar.gz
[pa_ounit.111.28.00] Downloading https://ocaml.janestreet.com/ocaml-core/111.28.00/individual/pa_ounit-111.28.00.tar.gz
[pa_test.111.08.00] Downloading https://ocaml.janestreet.com/ocaml-core/111.08.00/individual/pa_test-111.08.00.tar.gz
[pipebang.110.01.00] Downloading https://ocaml.janestreet.com/ocaml-core/110.01.00/individual/pipebang-110.01.00.tar.gz
[ppx_deriving.1.0] Downloading https://github.com/whitequark/ppx_deriving/archive/v1.0.tar.gz
[ppx_deriving_protobuf.2.0] Downloading https://github.com/whitequark/ppx_deriving_protobuf/archive/v2.0.tar.gz
[ppx_tools.0.99.2] Downloading http://github.com/alainfrisch/ppx_tools/archive/ppx_tools_0.99.2.tar.gz
[riakc_ppx.3.1.0] Downloading https://github.com/struktured/riakc_ppx/archive/3.1.0.zip
[sexplib.112.01.00] Downloading https://ocaml.janestreet.com/ocaml-core/112.01.00/individual/sexplib-112.01.00.tar.gz
[type_conv.112.01.00] Downloading https://ocaml.janestreet.com/ocaml-core/112.01.00/individual/type_conv-112.01.00.tar.gz
[typerep.111.17.00] Downloading https://ocaml.janestreet.com/ocaml-core/111.17.00/individual/typerep-111.17.00.tar.gz
[variantslib.109.15.03] Downloading https://ocaml.janestreet.com/ocaml-core/109.15.00/individual/variantslib-109.15.03.tar.gz

=-=- Installing packages =-=-=-=-=-=-=-=-=-=-=-=-=-=-=-=-=-=-=-=-=-=-=-=-=-=-=-=
Building bitstring.2.0.4:
  ./configure --prefix /home/opam/.opam/4.02.1
  make srcdir=./
  make install
[ERROR] The compilation of bitstring.2.0.4 failed.
Removing bitstring.2.0.4.
  ocamlfind remove bitstring
Building herelib.109.35.02:
  make
  make install
Installing herelib.109.35.02.
Copying ~/.opam/repo/default/packages/omake/omake.0.9.8.6-0.rc1/files/readline.patch to ~/.opam/4.02.1/build/omake.0.9.8.6-0.rc1/
Copying ~/.opam/repo/default/packages/omake/omake.0.9.8.6-0.rc1/files/opam.patch to ~/.opam/4.02.1/build/omake.0.9.8.6-0.rc1/
Copying ~/.opam/repo/default/packages/omake/omake.0.9.8.6-0.rc1/files/omake.install to ~/.opam/4.02.1/build/omake.0.9.8.6-0.rc1/
Copying ~/.opam/repo/default/packages/omake/omake.0.9.8.6-0.rc1/files/fam.patch to ~/.opam/4.02.1/build/omake.0.9.8.6-0.rc1/
Applying opam.patch.
Applying fam.patch.
Applying readline.patch.
Building omake.0.9.8.6-0.rc1:
  make bootstrap PREFIX=/home/opam/.opam/4.02.1
  make all PREFIX=/home/opam/.opam/4.02.1
  make install PREFIX=/home/opam/.opam/4.02.1
Installing omake.0.9.8.6-0.rc1.
Building ounit.2.0.0:
  make build
  make install
Installing ounit.2.0.0.
Building pipebang.110.01.00:
  make
  make install
Installing pipebang.110.01.00.
Building ppx_tools.0.99.2:
  make all
  make install
Installing ppx_tools.0.99.2.
Building type_conv.112.01.00:
  make
  make install
Installing type_conv.112.01.00.
Building bin_prot.112.01.00:
  make
  make install
Installing bin_prot.112.01.00.
Building comparelib.109.60.00:
  make
  make install
Installing comparelib.109.60.00.
Building enumerate.111.08.00:
  ocaml setup.ml -configure --prefix /home/opam/.opam/4.02.1
  make
  make install
Installing enumerate.111.08.00.
Building fieldslib.109.20.03:
  make
  make install
Installing fieldslib.109.20.03.
Building pa_ounit.111.28.00:
  make
  make install
Installing pa_ounit.111.28.00.
Building ppx_deriving.1.0:
  ocaml pkg/build.ml native=false native-dynlink=false
Installing ppx_deriving.1.0.
Building sexplib.112.01.00:
  ./configure --enable-syntax
  make
  make install
Installing sexplib.112.01.00.
Building variantslib.109.15.03:
  make
  make install
Installing variantslib.109.15.03.
Building custom_printf.112.01.00:
  make
  make install
Installing custom_printf.112.01.00.
Building pa_bench.111.28.00:
  make
  make install
Installing pa_bench.111.28.00.
Building pa_test.111.08.00:
  make
  make install
Installing pa_test.111.08.00.
Building ppx_deriving_protobuf.2.0:
  ocaml pkg/build.ml native=false native-dynlink=false
Installing ppx_deriving_protobuf.2.0.
Building typerep.111.17.00:
  ocaml setup.ml -configure --prefix /home/opam/.opam/4.02.1
  make
  make install
Installing typerep.111.17.00.
Building core_kernel.112.01.00:
  make
  make install
Installing core_kernel.112.01.00.
Copying ~/.opam/repo/default/packages/core/core.112.01.01/files/core.install to ~/.opam/4.02.1/build/core.112.01.01/
Building core.112.01.01:
  ocaml setup.ml -configure --prefix /home/opam/.opam/4.02.1
  make
  make install
Installing core.112.01.01.
Building async_kernel.112.01.00:
  make
  make install
Installing async_kernel.112.01.00.
Building async_unix.112.01.00:
  make
  make install
Installing async_unix.112.01.00.
Building async_extra.112.01.00:
  make
  make install
Installing async_extra.112.01.00.
Building async.112.01.00:
  make
  make install
Installing async.112.01.00.


=-=- Error report -=-=-=-=-=-=-=-=-=-=-=-=-=-=-=-=-=-=-=-=-=-=-=-=-=-=-=-=-=-=-=
These actions have been completed successfully
 - install   sexplib.112.01.00
 - install   async_unix.112.01.00
 - install   core_kernel.112.01.00
 - install   async.112.01.00
 - install   type_conv.112.01.00
 - install   async_kernel.112.01.00
 - install   bin_prot.112.01.00
 - install   async_extra.112.01.00
 - install   pa_test.111.08.00
 - install   core.112.01.01
 - install   enumerate.111.08.00
 - install   ounit.2.0.0
 - install   comparelib.109.60.00
 - install   ppx_tools.0.99.2
 - install   pa_ounit.111.28.00
 - install   variantslib.109.15.03
 - install   ppx_deriving.1.0
 - install   pipebang.110.01.00
 - install   typerep.111.17.00
 - install   ppx_deriving_protobuf.2.0
 - install   herelib.109.35.02
 - install   pa_bench.111.28.00
 - install   fieldslib.109.20.03
 - install   custom_printf.112.01.00
 - install   omake.0.9.8.6-0.rc1
The following failed
 - install   bitstring.2.0.4
Due to the errors, the following have been cancelled
 - install   riakc_ppx.3.1.0

#=== ERROR while installing bitstring.2.0.4 ===================================#
# opam-version         1.2.0
# os                   linux
# command              ./configure --prefix /home/opam/.opam/4.02.1
# path                 /home/opam/.opam/4.02.1/build/bitstring.2.0.4
# compiler             4.02.1
# exit-code            1
# env-file             /home/opam/.opam/4.02.1/build/bitstring.2.0.4/bitstring-291-548b09.env
# stdout-file          /home/opam/.opam/4.02.1/build/bitstring.2.0.4/bitstring-291-548b09.out
# stderr-file          /home/opam/.opam/4.02.1/build/bitstring.2.0.4/bitstring-291-548b09.err
### stdout ###
# ...[truncated]
# checking for ocamldep... ocamldep
# checking for ocamlmktop... ocamlmktop
# checking for ocamlmklib... ocamlmklib
# checking for ocamldoc... ocamldoc
# checking for ocamlbuild... ocamlbuild
# checking for ocamlfind... ocamlfind
# checking for camlp4of.opt... camlp4of.opt
# checking for OCaml findlib package extlib... not found
# checking for OCaml findlib package cil... not found
# checking for time... no
### stderr ###
# configure: error: 'time' command not found


The former state can be restored with opam switch import "/home/opam/.opam/4.02.1/backup/state-20141108081618.export"
