++ opam install sodium -e centos,centos-7
+ depext=libffi-devel
+ echo CentOS 7 depexts: libffi-devel
+ '[' libffi-devel '!=' '' ']'
+ sudo yum install -y libffi-devel
CentOS 7 depexts: libffi-devel
Loaded plugins: fastestmirror
Loading mirror speeds from cached hostfile
 * base: anorien.csc.warwick.ac.uk
 * extras: anorien.csc.warwick.ac.uk
 * updates: mirror.sov.uk.goscomb.net
Resolving Dependencies
--> Running transaction check
---> Package libffi-devel.x86_64 0:3.0.13-11.el7 will be installed
--> Finished Dependency Resolution

Dependencies Resolved

================================================================================
 Package              Arch           Version                 Repository    Size
================================================================================
Installing:
 libffi-devel         x86_64         3.0.13-11.el7           base          22 k

Transaction Summary
================================================================================
Install  1 Package

Total download size: 22 k
Installed size: 27 k
Downloading packages:
Running transaction check
Running transaction test
Transaction test succeeded
Running transaction
  Installing : libffi-devel-3.0.13-11.el7.x86_64                            1/1 
install-info: No such file or directory for /usr/share/info/libffi.info.gz
warning: %post(libffi-devel-3.0.13-11.el7.x86_64) scriptlet failed, exit status 1
Non-fatal POSTIN scriptlet failure in rpm package libffi-devel-3.0.13-11.el7.x86_64
  Verifying  : libffi-devel-3.0.13-11.el7.x86_64                            1/1 

Installed:
  libffi-devel.x86_64 0:3.0.13-11.el7                                           

Complete!
+ opam install sodium
The following actions will be performed:
 - install   base-bytes.base                       [required by sodium]
 - install   ctypes.0.3.3                          [required by sodium]
 - install   sodium.0.3.0
=== 3 to install ===

=-=- Synchronizing package archives -=-=-=-=-=-=-=-=-=-=-=-=-=-=-=-=-=-=-=-=-=-=
[ctypes.0.3.3] Downloading https://github.com/ocamllabs/ocaml-ctypes/archive/0.3.3.tar.gz
[sodium.0.3.0] Downloading https://github.com/dsheets/ocaml-sodium/archive/0.3.0.tar.gz

=-=- Installing packages =-=-=-=-=-=-=-=-=-=-=-=-=-=-=-=-=-=-=-=-=-=-=-=-=-=-=-=
Installing base-bytes.base.
Building ctypes.0.3.3:
  make
  make install
Installing ctypes.0.3.3.
Building sodium.0.3.0:
  make
  make PREFIX=/home/opam/.opam/4.02.1 install
[ERROR] The compilation of sodium.0.3.0 failed.
Removing sodium.0.3.0.
  ocamlfind remove sodium


#=== ERROR while installing sodium.0.3.0 ======================================#
# opam-version         1.2.0
# os                   linux
# command              make
# path                 /home/opam/.opam/4.02.1/build/sodium.0.3.0
# compiler             4.02.1
# exit-code            2
# env-file             /home/opam/.opam/4.02.1/build/sodium.0.3.0/sodium-823-1872ec.env
# stdout-file          /home/opam/.opam/4.02.1/build/sodium.0.3.0/sodium-823-1872ec.out
# stderr-file          /home/opam/.opam/4.02.1/build/sodium.0.3.0/sodium-823-1872ec.err
### stdout ###
# ...[truncated]
# ocamlfind ocamlc -c -bin-annot -safe-string -package ctypes.stubs -w @5@8@10@11@12@14@23@24@26@29 -I lib_gen -I lib -o lib_gen/sodium_bindgen.cmo lib_gen/sodium_bindgen.ml
# ocamlfind ocamlc -linkpkg -package ctypes.stubs lib/sodium_storage.cmo lib_gen/sodium_bindings.cmo lib_gen/sodium_bindgen.cmo -o lib_gen/sodium_bindgen.byte
# lib_gen/sodium_bindgen.byte
# ocamlfind ocamlc -I /home/opam/.opam/4.02.1/lib/ctypes/.. -ccopt '--std=c99 -Wall -pedantic -Werror -Wno-pointer-sign' -c lib/sodium_stubs.c
# + ocamlfind ocamlc -I /home/opam/.opam/4.02.1/lib/ctypes/.. -ccopt '--std=c99 -Wall -pedantic -Werror -Wno-pointer-sign' -c lib/sodium_stubs.c
# lib/sodium_stubs.c:1:20: fatal error: sodium.h: No such file or directory
#  #include <sodium.h>
#                     ^
# compilation terminated.
# Command exited with code 2.
### stderr ###
# make: *** [all] Error 10


=-=- Error report -=-=-=-=-=-=-=-=-=-=-=-=-=-=-=-=-=-=-=-=-=-=-=-=-=-=-=-=-=-=-=
These actions have been completed successfully
 - install   ctypes.0.3.3
 - install   base-bytes.base
The following failed
 - install   sodium.0.3.0

The former state can be restored with opam switch import "/home/opam/.opam/4.02.1/backup/state-20141108083300.export"
