++ opam install obigstore -e ubuntu
+ depext='libleveldb-dev libsnappy-dev zlib1g-dev'
Ubuntu depexts: libleveldb-dev libsnappy-dev zlib1g-dev
+ echo Ubuntu depexts: libleveldb-dev libsnappy-dev zlib1g-dev
+ '[' 'libleveldb-dev libsnappy-dev zlib1g-dev' '!=' '' ']'
+ sudo apt-get install -qq -y build-essential m4
+ sudo apt-get install -qq -y libleveldb-dev libsnappy-dev zlib1g-dev
debconf: unable to initialize frontend: Dialog
debconf: (Dialog frontend will not work on a dumb terminal, an emacs shell buffer, or without a controlling terminal.)
debconf: falling back to frontend: Readline
debconf: unable to initialize frontend: Readline
debconf: (This frontend requires a controlling tty.)
debconf: falling back to frontend: Teletype
dpkg-preconfigure: unable to re-open stdin: 
Selecting previously unselected package libsnappy1.
(Reading database ... 23151 files and directories currently installed.)
Preparing to unpack .../libsnappy1_1.1.0-1ubuntu1_amd64.deb ...
Unpacking libsnappy1 (1.1.0-1ubuntu1) ...
Selecting previously unselected package libleveldb1:amd64.
Preparing to unpack .../libleveldb1_1.15.0-2_amd64.deb ...
Unpacking libleveldb1:amd64 (1.15.0-2) ...
Selecting previously unselected package libleveldb-dev:amd64.
Preparing to unpack .../libleveldb-dev_1.15.0-2_amd64.deb ...
Unpacking libleveldb-dev:amd64 (1.15.0-2) ...
Selecting previously unselected package zlib1g-dev:amd64.
Preparing to unpack .../zlib1g-dev_1%3a1.2.8.dfsg-1ubuntu1_amd64.deb ...
Unpacking zlib1g-dev:amd64 (1:1.2.8.dfsg-1ubuntu1) ...
Selecting previously unselected package libsnappy-dev.
Preparing to unpack .../libsnappy-dev_1.1.0-1ubuntu1_amd64.deb ...
Unpacking libsnappy-dev (1.1.0-1ubuntu1) ...
Setting up libsnappy1 (1.1.0-1ubuntu1) ...
Setting up libleveldb1:amd64 (1.15.0-2) ...
Setting up libleveldb-dev:amd64 (1.15.0-2) ...
Setting up zlib1g-dev:amd64 (1:1.2.8.dfsg-1ubuntu1) ...
Setting up libsnappy-dev (1.1.0-1ubuntu1) ...
Processing triggers for libc-bin (2.19-0ubuntu6.3) ...
++ opam install obigstore -e source,linux
+ srcext=
+ echo Ubuntu srcexts:
Ubuntu srcexts:
+ '[' '' '!=' '' ']'
+ opam install obigstore
The following actions will be performed:
 - install   ppx_tools.0.99.2                      [required by lwt]
 - install   cryptokit.1.9                         [required by obigstore]
 - install   omake.0.9.8.6-0.rc1                   [required by obigstore]
 - install   ounit.2.0.0                           [required by leveldb]
 - install   batteries.2.3.1                       [required by obigstore]
 - install   extlib-compat.1.6.1                   [required by extprot]
 - install   type_conv.112.01.00                   [required by sexplib]
 - install   conf-leveldb.1                        [required by leveldb]
 - install   lwt.2.4.6                             [required by obigstore]
 - install   sexplib.112.01.00                     [required by extprot]
 - install   leveldb.1.0.3                         [required by obigstore]
 - install   extprot.1.1.1                         [required by obigstore]
 - install   obigstore.0.9.1
=== 13 to install ===

=-=- Synchronizing package archives -=-=-=-=-=-=-=-=-=-=-=-=-=-=-=-=-=-=-=-=-=-=
[batteries.2.3.1] Downloading https://github.com/ocaml-batteries-team/batteries-included/archive/v2.3.1.tar.gz
[cryptokit.1.9] Downloading https://forge.ocamlcore.org/frs/download.php/1229/cryptokit-1.9.tar.gz
[extlib-compat.1.6.1] Downloading http://ocaml-extlib.googlecode.com/files/extlib-1.6.1.tar.gz
[extprot.1.1.1] Downloading https://github.com/mfp/extprot/archive/v1.1.1.tar.gz
[leveldb.1.0.3] Downloading https://github.com/mfp/ocaml-leveldb/archive/ocaml-leveldb-1.0.3.tar.gz
[lwt.2.4.6] Downloading https://github.com/ocsigen/lwt/archive/2.4.6.tar.gz
[obigstore.0.9.1] Downloading https://github.com/mfp/obigstore/archive/obigstore-0.9.1.tar.gz
[omake.0.9.8.6-0.rc1] Downloading http://omake.metaprl.org/downloads/omake-0.9.8.6-0.rc1.tar.gz
[ounit.2.0.0] Downloading http://forge.ocamlcore.org/frs/download.php/1258/ounit-2.0.0.tar.gz
[ppx_tools.0.99.2] Downloading http://github.com/alainfrisch/ppx_tools/archive/ppx_tools_0.99.2.tar.gz
[sexplib.112.01.00] Downloading https://ocaml.janestreet.com/ocaml-core/112.01.00/individual/sexplib-112.01.00.tar.gz
[type_conv.112.01.00] Downloading https://ocaml.janestreet.com/ocaml-core/112.01.00/individual/type_conv-112.01.00.tar.gz

=-=- Installing packages =-=-=-=-=-=-=-=-=-=-=-=-=-=-=-=-=-=-=-=-=-=-=-=-=-=-=-=
Building batteries.2.3.1:
  ocaml setup.ml -configure --prefix /home/opam/.opam/4.02.1
  make all
  make install
Installing batteries.2.3.1.
Copying ~/.opam/repo/default/packages/conf-leveldb/conf-leveldb.1/files/test.cc to ~/.opam/4.02.1/build/conf-leveldb.1/
Building conf-leveldb.1:
  cc -c test.cc
Installing conf-leveldb.1.
Building cryptokit.1.9:
  make
  make install
Installing cryptokit.1.9.
Building extlib-compat.1.6.1:
  make build install
Installing extlib-compat.1.6.1.
Copying ~/.opam/repo/default/packages/omake/omake.0.9.8.6-0.rc1/files/readline.patch to ~/.opam/4.02.1/build/omake.0.9.8.6-0.rc1/
Copying ~/.opam/repo/default/packages/omake/omake.0.9.8.6-0.rc1/files/opam.patch to ~/.opam/4.02.1/build/omake.0.9.8.6-0.rc1/
Copying ~/.opam/repo/default/packages/omake/omake.0.9.8.6-0.rc1/files/omake.install to ~/.opam/4.02.1/build/omake.0.9.8.6-0.rc1/
Copying ~/.opam/repo/default/packages/omake/omake.0.9.8.6-0.rc1/files/fam.patch to ~/.opam/4.02.1/build/omake.0.9.8.6-0.rc1/
Applying opam.patch.
Applying fam.patch.
Applying readline.patch.
Building omake.0.9.8.6-0.rc1:
  make bootstrap PREFIX=/home/opam/.opam/4.02.1
  make all PREFIX=/home/opam/.opam/4.02.1
  make install PREFIX=/home/opam/.opam/4.02.1
Installing omake.0.9.8.6-0.rc1.
Building ounit.2.0.0:
  make build
  make install
Installing ounit.2.0.0.
Building ppx_tools.0.99.2:
  make all
  make install
Installing ppx_tools.0.99.2.
Building type_conv.112.01.00:
  make
  make install
Installing type_conv.112.01.00.
Copying ~/.opam/repo/default/packages/leveldb/leveldb.1.0.3/files/fix_snappy_link_issue.patch to ~/.opam/4.02.1/build/leveldb.1.0.3/
Applying fix_snappy_link_issue.patch.
Building leveldb.1.0.3:
  omake -j9
  omake install prefix=/home/opam/.opam/4.02.1
[ERROR] The compilation of leveldb.1.0.3 failed.
Removing leveldb.1.0.3.
  ocamlfind remove leveldb
Building lwt.2.4.6:
  ./configure --prefix /home/opam/.opam/4.02.1 --disable-libev --disable-react --disable-ssl --enable-unix --enable-extra --enable-preemptive --disable-glib --enable-ppx
  make build
  make install
Installing lwt.2.4.6.
Building sexplib.112.01.00:
  ./configure --enable-syntax
  make
  make install
Installing sexplib.112.01.00.
Copying ~/.opam/repo/default/packages/extprot/extprot.1.1.1/files/no_bin_annot.patch to ~/.opam/4.02.1/build/extprot.1.1.1/
Building extprot.1.1.1:
  omake
  omake install prefix=/home/opam/.opam/4.02.1
[ERROR] The compilation of extprot.1.1.1 failed.
Removing extprot.1.1.1.
  ocamlfind remove extprot
  rm -f /home/opam/.opam/4.02.1/bin/extprotc /home/opam/.opam/4.02.1/bin/extprotc.exe


#=== ERROR while installing extprot.1.1.1 =====================================#
# opam-version         1.2.0 (cbe460bcb01aef4150084e627701bd16681bf7cb)
# os                   linux
# command              omake
# path                 /home/opam/.opam/4.02.1/build/extprot.1.1.1
# compiler             4.02.1
# exit-code            2
# env-file             /home/opam/.opam/4.02.1/build/extprot.1.1.1/extprot-8163-6aa130.env
# stdout-file          /home/opam/.opam/4.02.1/build/extprot.1.1.1/extprot-8163-6aa130.out
# stderr-file          /home/opam/.opam/4.02.1/build/extprot.1.1.1/extprot-8163-6aa130.err
### stdout ###
# ...[truncated]
# *** omake: finished reading OMakefiles (0.05 sec)
# --- Checking if ocamldep understands -modules... (yes)
# --- Checking for ocamlfind... (found /home/opam/.opam/4.02.1/bin/ocamlfind)
# --- Checking for ocamlc.opt... (found /home/opam/.opam/4.02.1/bin/ocamlc.opt)
# --- Checking for ocamlopt.opt... (found /home/opam/.opam/4.02.1/bin/ocamlopt.opt)
# --- Checking whether ocamlc understands the "z" warnings... (yes)
# - build runtime random_gen.cmo
# + ocamlfind ocamlc -package dynlink,camlp4,extlib,camlp4.macro -bin-annot -w +a-4-6-9-27..29-32..99 -warn-error +a-4-6-7-9-18-27..29-32..99 -syntax camlp4o -ppopt -DLITTLE_ENDIAN -for-pack Extprot -g -g -I . -c random_gen.ml
# *** omake: 65/156 targets are up to date
# *** omake: failed (2.37 sec, 11/11 scans, 8/20 rules, 45/167 digests)
### stderr ###
# ...[truncated]
# Error: Some fatal warnings were triggered (2 occurrences)
# *** omake: targets were not rebuilt because of errors:
#    runtime/random_gen.cmi
#       depends on: runtime/random_gen.ml
#    runtime/random_gen.cmo
#       depends on: runtime/random_gen.ml
#    runtime/random_gen.cmx
#       depends on: runtime/random_gen.ml
#    runtime/random_gen.o
#       depends on: runtime/random_gen.ml


#=== ERROR while installing leveldb.1.0.3 =====================================#
# opam-version         1.2.0 (cbe460bcb01aef4150084e627701bd16681bf7cb)
# os                   linux
# command              omake -j9
# path                 /home/opam/.opam/4.02.1/build/leveldb.1.0.3
# compiler             4.02.1
# exit-code            2
# env-file             /home/opam/.opam/4.02.1/build/leveldb.1.0.3/leveldb-5843-d6d332.env
# stdout-file          /home/opam/.opam/4.02.1/build/leveldb.1.0.3/leveldb-5843-d6d332.out
# stderr-file          /home/opam/.opam/4.02.1/build/leveldb.1.0.3/leveldb-5843-d6d332.err
### stdout ###
# ...[truncated]
# --- Checking for ocamlopt.opt... (found /home/opam/.opam/4.02.1/bin/ocamlopt.opt)
# --- Checking whether ocamlc understands the "z" warnings... (yes)
# *** omake: finished reading OMakefiles (0.07 sec)
# --- Checking if ocamldep understands -modules... (yes)
# --- Checking for gcc... (found /usr/bin/gcc)
# --- Checking for g++... (found /usr/bin/g++)
# - build test test_00util.o
# + ocamlfind ocamlc -package unix,threads,oUnit -w +a-4-6-9-27-28-30..99 -warn-error +a-4-6-9-18-27-28-30..99 -annot -thread -g -I . -I ../src -c test_00util.ml
# *** omake: 34/71 targets are up to date
# *** omake: failed (0.23 sec, 6/6 scans, 2/2 rules, 18/104 digests)
### stderr ###
# ...[truncated]
# Error: Some fatal warnings were triggered (2 occurrences)
# *** omake: targets were not rebuilt because of errors:
#    test/test_00util.cmi
#       depends on: test/test_00util.ml
#    test/test_00util.cmo
#       depends on: test/test_00util.ml
#    test/test_00util.cmx
#       depends on: test/test_00util.ml
#    test/test_00util.o
#       depends on: test/test_00util.ml


=-=- Error report -=-=-=-=-=-=-=-=-=-=-=-=-=-=-=-=-=-=-=-=-=-=-=-=-=-=-=-=-=-=-=
These actions have been completed successfully
 - install   conf-leveldb.1
 - install   sexplib.112.01.00
 - install   type_conv.112.01.00
 - install   extlib-compat.1.6.1
 - install   batteries.2.3.1
 - install   lwt.2.4.6
 - install   ounit.2.0.0
 - install   omake.0.9.8.6-0.rc1
 - install   cryptokit.1.9
 - install   ppx_tools.0.99.2
The following failed
 - install   extprot.1.1.1
 - install   leveldb.1.0.3
Due to the errors, the following have been cancelled
 - install   obigstore.0.9.1

The former state can be restored with opam switch import "/home/opam/.opam/4.02.1/backup/state-20141108022419.export"
