++ opam install wget -e ubuntu
+ depext=
+ echo Ubuntu depexts:
+ '[' '' '!=' '' ']'
Ubuntu depexts:
++ opam install wget -e source,linux
+ srcext=
+ echo Ubuntu srcexts:
Ubuntu srcexts:
+ '[' '' '!=' '' ']'
+ opam install wget
The following actions will be performed:
 - install   ocp-build.1.99.8-beta                 [required by wget]
 - install   wget.0.1.0
=== 2 to install ===

=-=- Synchronizing package archives -=-=-=-=-=-=-=-=-=-=-=-=-=-=-=-=-=-=-=-=-=-=
[ocp-build.1.99.8-beta] Downloading https://github.com/OCamlPro/ocp-build/tarball/ocp-build.1.99.8-beta
[wget.0.1.0] Downloading https://github.com/samoht/ocaml-wget/tarball/0.1.0

=-=- Installing packages =-=-=-=-=-=-=-=-=-=-=-=-=-=-=-=-=-=-=-=-=-=-=-=-=-=-=-=
Building ocp-build.1.99.8-beta:
  ./configure --prefix /home/opam/.opam/4.02.1
  make
  make install
[ERROR] The compilation of ocp-build.1.99.8-beta failed.
Removing ocp-build.1.99.8-beta.
  rm -f /home/opam/.opam/4.02.1/bin/ocp-build
  rm -f /home/opam/.opam/4.02.1/bin/ocp-build.byte
  rm -f /home/opam/.opam/4.02.1/lib/META.ocp-build-bundle
  rm -rf /home/opam/.opam/4.02.1/lib/ocaml/typerex/ocp-build-bundle
  rm -f /home/opam/.opam/4.02.1/lib/META.ocp-build-win32
  rm -rf /home/opam/.opam/4.02.1/lib/ocaml/typerex/ocp-build-win32
  rm -f /home/opam/.opam/4.02.1/lib/META.ocp-build-misc
  rm -rf /home/opam/.opam/4.02.1/lib/ocaml/typerex/ocp-build-misc
  rm -f /home/opam/.opam/4.02.1/lib/META.ocp-build
  rm -rf /home/opam/.opam/4.02.1/lib/ocaml/typerex/ocp-build


#=== ERROR while installing ocp-build.1.99.8-beta =============================#
# opam-version         1.2.0 (cbe460bcb01aef4150084e627701bd16681bf7cb)
# os                   linux
# command              make
# path                 /home/opam/.opam/4.02.1/build/ocp-build.1.99.8-beta
# compiler             4.02.1
# exit-code            2
# env-file             /home/opam/.opam/4.02.1/build/ocp-build.1.99.8-beta/ocp-build-138-e7966f.env
# stdout-file          /home/opam/.opam/4.02.1/build/ocp-build.1.99.8-beta/ocp-build-138-e7966f.out
# stderr-file          /home/opam/.opam/4.02.1/build/ocp-build.1.99.8-beta/ocp-build-138-e7966f.err
### stdout ###
# ...[truncated]
# gcc -Wl,-E -o ocamlrun \
# 		  prims.o libbyterun402.a -lm  -ldl -lcurses -lpthread
# echo "/usr/local/lib/ocaml/stublibs" > ld.conf
# echo "/usr/local/lib/ocaml" >> ld.conf
# make[2]: Leaving directory `/home/opam/.opam/4.02.1/build/ocp-build.1.99.8-beta/boot/ocamlrun-4.02/byterun'
# ocamlc -o ocp-build.run -custom -make-runtime win32_c.c primitives.ml unix.cma -cclib -lunix -I ocamlrun-4.02/byterun -cclib -lbyterun402
# cat ocp-build.run ocp-build.boot > ocp-build
# chmod +x ocp-build
# ./ocp-build -help >/dev/null 2>&1
# make[1]: Leaving directory `/home/opam/.opam/4.02.1/build/ocp-build.1.99.8-beta/boot'
### stderr ###
# config.status: WARNING:  '../src/ocp-build-bundle.ocp.in' seems to ignore the --datarootdir setting
# make[1]: *** [ocp-build] Error 2
# make: *** [boot/ocp-build] Error 2


=-=- Error report -=-=-=-=-=-=-=-=-=-=-=-=-=-=-=-=-=-=-=-=-=-=-=-=-=-=-=-=-=-=-=
The following failed
 - install   ocp-build.1.99.8-beta
Due to the errors, the following have been cancelled
 - install   wget.0.1.0
