++ opam install gammu -e ubuntu
+ depext=
+ echo Ubuntu depexts:
+ '[' '' '!=' '' ']'
+ opam install gammu
Ubuntu depexts:
The following actions will be performed:
 - install gammu.0.9.2
1 to install | 0 to reinstall | 0 to upgrade | 0 to downgrade | 0 to remove

=-=-= Installing gammu.0.9.2 =-=-=
default    Downloading https://opam.ocaml.org/archives/gammu.0.9.2+opam.tar.gz
Downloading https://opam.ocaml.org/archives/gammu.0.9.2+opam.tar.gz
--2013-12-20 12:30:44--  https://opam.ocaml.org/archives/gammu.0.9.2+opam.tar.gz
Resolving opam.ocaml.org (opam.ocaml.org)... 192.237.250.17, 2001:4801:7823:76:bb74:1f8e:ff10:627
Connecting to opam.ocaml.org (opam.ocaml.org)|192.237.250.17|:443... connected.
HTTP request sent, awaiting response... 200 OK
Length: 94293 (92K) [application/octet-stream]
Saving to: `gammu.0.9.2+opam.tar.gz'

     0K .......... .......... .......... .......... .......... 54% 31.3M 0s
    50K .......... .......... .......... .......... ..        100% 36.9M=0.003s

2013-12-20 12:30:44 (33.6 MB/s) - `gammu.0.9.2+opam.tar.gz' saved [94293/94293]

Building gammu.0.9.2:
  ocaml setup.ml -configure --prefix /home/opam/.opam/system
  ocaml setup.ml -build
  ocaml setup.ml -install
Package gammu was not found in the pkg-config search path.
Perhaps you should add the directory containing `gammu.pc'
to the PKG_CONFIG_PATH environment variable
No package 'gammu' found
Exception: End_of_file.
E: Failure("Command 'ocaml config.ml' terminated with error code 2")
[ERROR] The compilation of gammu.0.9.2 failed.
Removing gammu.0.9.2.
  ocamlfind remove gammu
ocamlfind: [WARNING] No such directory: /home/opam/.opam/system/lib/gammu


===== ERROR while installing gammu.0.9.2 =====
# opam-version         1.1.0
# os                   linux
# command              ocaml setup.ml -configure --prefix /home/opam/.opam/system
# path                 /home/opam/.opam/system/build/gammu.0.9.2
# compiler             system (4.01.0)
# exit-code            1
# env-file             /home/opam/.opam/system/build/gammu.0.9.2/gammu-23-a00279.env
# stdout-file          /home/opam/.opam/system/build/gammu.0.9.2/gammu-23-a00279.out
# stderr-file          /home/opam/.opam/system/build/gammu.0.9.2/gammu-23-a00279.err
### stderr ###
# Package gammu was not found in the pkg-config search path.
# Perhaps you should add the directory containing `gammu.pc'
# to the PKG_CONFIG_PATH environment variable
# No package 'gammu' found
# Exception: End_of_file.
# E: Failure("Command 'ocaml config.ml' terminated with error code 2")

'opam install gammu' failed.
